2025-05-01 03:59:18,043 - INFO - Application starting...
2025-05-01 03:59:18,072 - ERROR - Unexpected error loading markets (Attempt 1/3): string indices must be integers, not 'str'
Traceback (most recent call last):
  File "/data/data/com.termux/files/home/worldguide/neonta_v3.py", line 396, in initialize_markets
    self.markets = await self.exchange.load_markets()
                   ^^^^^^^^^^^^^^^^^^^^^^^^^^^^^^^^^^
  File "/data/data/com.termux/files/usr/lib/python3.12/site-packages/ccxt/async_support/base/exchange.py", line 293, in load_markets
    raise e
  File "/data/data/com.termux/files/usr/lib/python3.12/site-packages/ccxt/async_support/base/exchange.py", line 285, in load_markets
    result = await self.markets_loading
             ^^^^^^^^^^^^^^^^^^^^^^^^^^
  File "/data/data/com.termux/files/usr/lib/python3.12/site-packages/ccxt/async_support/base/exchange.py", line 274, in load_markets_helper
    currencies = await self.fetch_currencies()
                 ^^^^^^^^^^^^^^^^^^^^^^^^^^^^^
  File "/data/data/com.termux/files/usr/lib/python3.12/site-packages/ccxt/async_support/bybit.py", line 1600, in fetch_currencies
    response = await self.privateGetV5AssetCoinQueryInfo(params)
               ^^^^^^^^^^^^^^^^^^^^^^^^^^^^^^^^^^^^^^^^^^^^^^^^^
  File "/data/data/com.termux/files/usr/lib/python3.12/site-packages/ccxt/async_support/base/exchange.py", line 901, in request
    return await self.fetch2(path, api, method, params, headers, body, config)
           ^^^^^^^^^^^^^^^^^^^^^^^^^^^^^^^^^^^^^^^^^^^^^^^^^^^^^^^^^^^^^^^^^^^
  File "/data/data/com.termux/files/usr/lib/python3.12/site-packages/ccxt/async_support/base/exchange.py", line 876, in fetch2
    request = self.sign(path, api, method, params, headers, body)
              ^^^^^^^^^^^^^^^^^^^^^^^^^^^^^^^^^^^^^^^^^^^^^^^^^^^
  File "/data/data/com.termux/files/usr/lib/python3.12/site-packages/ccxt/async_support/bybit.py", line 8713, in sign
    url = self.implode_hostname(self.urls['api'][api]) + '/' + path
                                ~~~~~~~~~~~~~~~~^^^^^
TypeError: string indices must be integers, not 'str'
2025-05-01 03:59:23,852 - ERROR - Unexpected error loading markets (Attempt 2/3): string indices must be integers, not 'str'
Traceback (most recent call last):
  File "/data/data/com.termux/files/home/worldguide/neonta_v3.py", line 396, in initialize_markets
    self.markets = await self.exchange.load_markets()
                   ^^^^^^^^^^^^^^^^^^^^^^^^^^^^^^^^^^
  File "/data/data/com.termux/files/usr/lib/python3.12/site-packages/ccxt/async_support/base/exchange.py", line 293, in load_markets
    raise e
  File "/data/data/com.termux/files/usr/lib/python3.12/site-packages/ccxt/async_support/base/exchange.py", line 285, in load_markets
    result = await self.markets_loading
             ^^^^^^^^^^^^^^^^^^^^^^^^^^
  File "/data/data/com.termux/files/usr/lib/python3.12/site-packages/ccxt/async_support/base/exchange.py", line 274, in load_markets_helper
    currencies = await self.fetch_currencies()
                 ^^^^^^^^^^^^^^^^^^^^^^^^^^^^^
  File "/data/data/com.termux/files/usr/lib/python3.12/site-packages/ccxt/async_support/bybit.py", line 1600, in fetch_currencies
    response = await self.privateGetV5AssetCoinQueryInfo(params)
               ^^^^^^^^^^^^^^^^^^^^^^^^^^^^^^^^^^^^^^^^^^^^^^^^^
  File "/data/data/com.termux/files/usr/lib/python3.12/site-packages/ccxt/async_support/base/exchange.py", line 901, in request
    return await self.fetch2(path, api, method, params, headers, body, config)
           ^^^^^^^^^^^^^^^^^^^^^^^^^^^^^^^^^^^^^^^^^^^^^^^^^^^^^^^^^^^^^^^^^^^
  File "/data/data/com.termux/files/usr/lib/python3.12/site-packages/ccxt/async_support/base/exchange.py", line 876, in fetch2
    request = self.sign(path, api, method, params, headers, body)
              ^^^^^^^^^^^^^^^^^^^^^^^^^^^^^^^^^^^^^^^^^^^^^^^^^^^
  File "/data/data/com.termux/files/usr/lib/python3.12/site-packages/ccxt/async_support/bybit.py", line 8713, in sign
    url = self.implode_hostname(self.urls['api'][api]) + '/' + path
                                ~~~~~~~~~~~~~~~~^^^^^
TypeError: string indices must be integers, not 'str'
2025-05-01 03:59:32,414 - ERROR - Unexpected error loading markets (Attempt 3/3): string indices must be integers, not 'str'
Traceback (most recent call last):
  File "/data/data/com.termux/files/home/worldguide/neonta_v3.py", line 396, in initialize_markets
    self.markets = await self.exchange.load_markets()
                   ^^^^^^^^^^^^^^^^^^^^^^^^^^^^^^^^^^
  File "/data/data/com.termux/files/usr/lib/python3.12/site-packages/ccxt/async_support/base/exchange.py", line 293, in load_markets
    raise e
  File "/data/data/com.termux/files/usr/lib/python3.12/site-packages/ccxt/async_support/base/exchange.py", line 285, in load_markets
    result = await self.markets_loading
             ^^^^^^^^^^^^^^^^^^^^^^^^^^
  File "/data/data/com.termux/files/usr/lib/python3.12/site-packages/ccxt/async_support/base/exchange.py", line 274, in load_markets_helper
    currencies = await self.fetch_currencies()
                 ^^^^^^^^^^^^^^^^^^^^^^^^^^^^^
  File "/data/data/com.termux/files/usr/lib/python3.12/site-packages/ccxt/async_support/bybit.py", line 1600, in fetch_currencies
    response = await self.privateGetV5AssetCoinQueryInfo(params)
               ^^^^^^^^^^^^^^^^^^^^^^^^^^^^^^^^^^^^^^^^^^^^^^^^^
  File "/data/data/com.termux/files/usr/lib/python3.12/site-packages/ccxt/async_support/base/exchange.py", line 901, in request
    return await self.fetch2(path, api, method, params, headers, body, config)
           ^^^^^^^^^^^^^^^^^^^^^^^^^^^^^^^^^^^^^^^^^^^^^^^^^^^^^^^^^^^^^^^^^^^
  File "/data/data/com.termux/files/usr/lib/python3.12/site-packages/ccxt/async_support/base/exchange.py", line 876, in fetch2
    request = self.sign(path, api, method, params, headers, body)
              ^^^^^^^^^^^^^^^^^^^^^^^^^^^^^^^^^^^^^^^^^^^^^^^^^^^
  File "/data/data/com.termux/files/usr/lib/python3.12/site-packages/ccxt/async_support/bybit.py", line 8713, in sign
    url = self.implode_hostname(self.urls['api'][api]) + '/' + path
                                ~~~~~~~~~~~~~~~~^^^^^
TypeError: string indices must be integers, not 'str'
2025-05-01 03:59:32,424 - ERROR - Max retries reached for loading markets.
2025-05-01 03:59:32,426 - CRITICAL - Failed to load markets. Cannot proceed. Exiting.
2025-05-01 03:59:32,678 - INFO - Closed ccxt exchange connection.
