2025-04-01 07:54:43 [INFO] [92m[1m--- Neonta Analysis Bot Starting ---[0m
2025-04-01 07:54:43 [INFO] Symbol: TRUMPUSDT, Interval: 3
2025-04-01 07:54:43 [INFO] Using config: config.json
2025-04-01 07:54:43 [INFO] [36m--- Starting Analysis Cycle at 2025-04-01 07:54:43 CDT ---[0m
2025-04-01 07:54:48 [INFO] [36m# Calculating indicators for TRUMPUSDT (3)...[0m
2025-04-01 07:54:49 [INFO] [92mIndicators calculated successfully.[0m
2025-04-01 07:54:53 [ERROR] [91m[1mccxt Error fetching orderbook:[0m InvalidNonce: bybit {"retCode":10002,"retMsg":"invalid request, please check your server timestamp or recv_window param. req_timestamp[1743512089482],server_timestamp[1743512094845],recv_window[5000]","result":{},"retExtInfo":{},"time":1743512094845}; You might also need to ensure the address is whitelisted. Attempt 1/4. Retrying in 5s...[0m
2025-04-01 07:55:30 [INFO] Analysis completed for TRUMPUSDT at 2025-04-01 07:54:43 CDT. Price: 10.1970, RSI: 48.33
2025-04-01 07:55:30 [INFO] Analysis cycle took 46.79s. Waiting 0.00s for next cycle.
2025-04-01 07:55:30 [INFO] [36m--- Starting Analysis Cycle at 2025-04-01 07:55:30 CDT ---[0m
2025-04-01 07:55:34 [INFO] [36m# Calculating indicators for TRUMPUSDT (3)...[0m
2025-04-01 07:55:34 [INFO] [92mIndicators calculated successfully.[0m
2025-04-01 07:55:43 [ERROR] [91m[1mccxt Error fetching orderbook:[0m InvalidNonce: bybit {"retCode":10002,"retMsg":"invalid request, please check your server timestamp or recv_window param. req_timestamp[1743512134737],server_timestamp[1743512144012],recv_window[5000]","result":{},"retExtInfo":{},"time":1743512144012}; You might also need to ensure the address is whitelisted. Attempt 1/4. Retrying in 5s...[0m
2025-04-01 07:56:26 [INFO] Analysis completed for TRUMPUSDT at 2025-04-01 07:55:30 CDT. Price: 10.1900, RSI: 46.36
2025-04-01 07:56:26 [INFO] Analysis cycle took 55.25s. Waiting 0.00s for next cycle.
2025-04-01 07:56:26 [INFO] [36m--- Starting Analysis Cycle at 2025-04-01 07:56:26 CDT ---[0m
2025-04-01 07:56:28 [INFO] [36m# Calculating indicators for TRUMPUSDT (3)...[0m
2025-04-01 07:56:29 [INFO] [92mIndicators calculated successfully.[0m
2025-04-01 07:56:39 [ERROR] [91m[1mccxt Error fetching orderbook:[0m InvalidNonce: bybit {"retCode":10002,"retMsg":"invalid request, please check your server timestamp or recv_window param. req_timestamp[1743512189259],server_timestamp[1743512200379],recv_window[5000]","result":{},"retExtInfo":{},"time":1743512200379}; You might also need to ensure the address is whitelisted. Attempt 1/4. Retrying in 5s...[0m
2025-04-01 07:57:20 [INFO] Analysis completed for TRUMPUSDT at 2025-04-01 07:56:26 CDT. Price: 10.1880, RSI: 45.84
2025-04-01 07:57:20 [INFO] Analysis cycle took 54.28s. Waiting 0.00s for next cycle.
2025-04-01 07:57:20 [INFO] [36m--- Starting Analysis Cycle at 2025-04-01 07:57:20 CDT ---[0m
2025-04-01 07:57:22 [INFO] [36m# Calculating indicators for TRUMPUSDT (3)...[0m
2025-04-01 07:57:22 [INFO] [92mIndicators calculated successfully.[0m
2025-04-01 07:58:27 [INFO] Analysis completed for TRUMPUSDT at 2025-04-01 07:57:20 CDT. Price: 10.1930, RSI: 47.46
2025-04-01 07:58:27 [INFO] Analysis cycle took 67.30s. Waiting 0.00s for next cycle.
2025-04-01 07:58:27 [INFO] [36m--- Starting Analysis Cycle at 2025-04-01 07:58:27 CDT ---[0m
2025-04-01 07:58:30 [INFO] [36m# Calculating indicators for TRUMPUSDT (3)...[0m
2025-04-01 07:58:30 [INFO] [92mIndicators calculated successfully.[0m
2025-04-01 07:58:36 [ERROR] [91m[1mccxt Error fetching orderbook:[0m InvalidNonce: bybit {"retCode":10002,"retMsg":"invalid request, please check your server timestamp or recv_window param. req_timestamp[1743512310873],server_timestamp[1743512317675],recv_window[5000]","result":{},"retExtInfo":{},"time":1743512317675}; You might also need to ensure the address is whitelisted. Attempt 1/4. Retrying in 5s...[0m
2025-04-01 07:59:06 [INFO] Analysis completed for TRUMPUSDT at 2025-04-01 07:58:27 CDT. Price: 10.1810, RSI: 44.02
2025-04-01 07:59:06 [INFO] Analysis cycle took 38.74s. Waiting 0.00s for next cycle.
2025-04-01 07:59:06 [INFO] [36m--- Starting Analysis Cycle at 2025-04-01 07:59:06 CDT ---[0m
2025-04-01 07:59:08 [INFO] [36m# Calculating indicators for TRUMPUSDT (3)...[0m
2025-04-01 07:59:08 [INFO] [92mIndicators calculated successfully.[0m
2025-04-01 07:59:15 [ERROR] [91m[1mccxt Error fetching orderbook:[0m InvalidNonce: bybit {"retCode":10002,"retMsg":"invalid request, please check your server timestamp or recv_window param. req_timestamp[1743512348794],server_timestamp[1743512355967],recv_window[5000]","result":{},"retExtInfo":{},"time":1743512355967}; You might also need to ensure the address is whitelisted. Attempt 1/4. Retrying in 5s...[0m
2025-04-01 07:59:56 [INFO] Analysis completed for TRUMPUSDT at 2025-04-01 07:59:06 CDT. Price: 10.1880, RSI: 45.91
2025-04-01 07:59:56 [INFO] Analysis cycle took 50.16s. Waiting 0.00s for next cycle.
2025-04-01 07:59:56 [INFO] [36m--- Starting Analysis Cycle at 2025-04-01 07:59:56 CDT ---[0m
2025-04-01 07:59:58 [INFO] [36m# Calculating indicators for TRUMPUSDT (3)...[0m
2025-04-01 07:59:58 [INFO] [92mIndicators calculated successfully.[0m
2025-04-01 08:00:44 [INFO] Analysis completed for TRUMPUSDT at 2025-04-01 07:59:56 CDT. Price: 10.1900, RSI: 46.54
2025-04-01 08:00:44 [INFO] Analysis cycle took 47.99s. Waiting 0.00s for next cycle.
2025-04-01 08:00:44 [INFO] [36m--- Starting Analysis Cycle at 2025-04-01 08:00:44 CDT ---[0m
2025-04-01 08:00:47 [INFO] [36m# Calculating indicators for TRUMPUSDT (3)...[0m
2025-04-01 08:00:48 [INFO] [92mIndicators calculated successfully.[0m
2025-04-01 08:01:20 [INFO] Analysis completed for TRUMPUSDT at 2025-04-01 08:00:44 CDT. Price: 10.1980, RSI: 49.10
2025-04-01 08:01:20 [INFO] Analysis cycle took 35.70s. Waiting 0.00s for next cycle.
2025-04-01 08:01:20 [INFO] [36m--- Starting Analysis Cycle at 2025-04-01 08:01:20 CDT ---[0m
2025-04-01 08:01:21 [INFO] [36m# Calculating indicators for TRUMPUSDT (3)...[0m
2025-04-01 08:01:22 [INFO] [92mIndicators calculated successfully.[0m
2025-04-01 08:01:27 [ERROR] [91m[1mccxt Error fetching orderbook:[0m InvalidNonce: bybit {"retCode":10002,"retMsg":"invalid request, please check your server timestamp or recv_window param. req_timestamp[1743512482530],server_timestamp[1743512488079],recv_window[5000]","result":{},"retExtInfo":{},"time":1743512488079}; You might also need to ensure the address is whitelisted. Attempt 1/4. Retrying in 5s...[0m
2025-04-01 08:01:56 [INFO] Analysis completed for TRUMPUSDT at 2025-04-01 08:01:20 CDT. Price: 10.1970, RSI: 48.79
2025-04-01 08:01:56 [INFO] Analysis cycle took 35.89s. Waiting 0.00s for next cycle.
2025-04-01 08:01:56 [INFO] [36m--- Starting Analysis Cycle at 2025-04-01 08:01:56 CDT ---[0m
2025-04-01 08:01:58 [INFO] [36m# Calculating indicators for TRUMPUSDT (3)...[0m
2025-04-01 08:01:58 [INFO] [92mIndicators calculated successfully.[0m
2025-04-01 08:02:06 [ERROR] [91m[1mccxt Error fetching orderbook:[0m InvalidNonce: bybit {"retCode":10002,"retMsg":"invalid request, please check your server timestamp or recv_window param. req_timestamp[1743512518572],server_timestamp[1743512527395],recv_window[5000]","result":{},"retExtInfo":{},"time":1743512527395}; You might also need to ensure the address is whitelisted. Attempt 1/4. Retrying in 5s...[0m
2025-04-01 08:02:31 [INFO] Analysis completed for TRUMPUSDT at 2025-04-01 08:01:56 CDT. Price: 10.1960, RSI: 48.48
2025-04-01 08:02:31 [INFO] Analysis cycle took 35.51s. Waiting 0.00s for next cycle.
2025-04-01 08:02:31 [INFO] [36m--- Starting Analysis Cycle at 2025-04-01 08:02:31 CDT ---[0m
2025-04-01 08:02:33 [INFO] [36m# Calculating indicators for TRUMPUSDT (3)...[0m
2025-04-01 08:02:33 [INFO] [92mIndicators calculated successfully.[0m
2025-04-01 08:02:44 [ERROR] [91m[1mccxt Error fetching orderbook:[0m InvalidNonce: bybit {"retCode":10002,"retMsg":"invalid request, please check your server timestamp or recv_window param. req_timestamp[1743512554052],server_timestamp[1743512565287],recv_window[5000]","result":{},"retExtInfo":{},"time":1743512565287}; You might also need to ensure the address is whitelisted. Attempt 1/4. Retrying in 5s...[0m
