2025-04-18 12:37:02,322 - INFO - Analyzing TRUMPUSDT with interval: 5
2025-04-18 12:37:32,813 - INFO - 
[36m--- Scalping Analysis for TRUMPUSDT (5) ---[0m
Current Price: [92m7.685[0m - 2025-04-18 12:37:32
Signal: [92mHOLD[0m
Entry: [33m7.6850[0m
Take Profit: [92m7.6637[0m
Stop Loss: [91m7.7398[0m
Confidence: [36m75.00%[0m
Indicators:
  ATR: [33m0.0304[0m
  EMA9: [33m7.4900[0m
  EMA21: [33m7.4871[0m
  Momentum: [33m0.5227[0m
  RSI: [33m50.7853[0m
  StochRSI_K: [33m0.4903[0m
  StochRSI_D: [33m0.4630[0m
  CCI: [33m131.9161[0m
  Williams_R: [33m-22.6087[0m
  PSAR: [33m7.4159[0m
  SMA10: [33m7.4839[0m
  VWAP: [33m7.6119[0m
  MFI: [33m22.8419[0m
  BB_Upper: [33m7.5142[0m
  BB_Middle: [33m7.4844[0m
  BB_Lower: [33m7.4547[0m
Fibonacci Levels:
  Fib_0.0%: [35m7.5680[0m
  Fib_23.6%: [35m7.5309[0m
  Fib_38.2%: [35m7.5080[0m
  Fib_50.0%: [35m7.4895[0m
  Fib_61.8%: [35m7.4710[0m
2025-04-18 12:37:43,104 - INFO - Analyzing TRUMPUSDT with interval: 5
2025-04-18 12:37:53,836 - INFO - 
[36m--- Scalping Analysis for TRUMPUSDT (5) ---[0m
Current Price: [92m7.682[0m - 2025-04-18 12:37:53
Signal: [92mHOLD[0m
Entry: [33m7.6820[0m
Take Profit: [92m7.6607[0m
Stop Loss: [91m7.7368[0m
Confidence: [36m75.00%[0m
Indicators:
  ATR: [33m0.0304[0m
  EMA9: [33m7.4900[0m
  EMA21: [33m7.4871[0m
  Momentum: [33m0.5227[0m
  RSI: [33m50.7853[0m
  StochRSI_K: [33m0.4903[0m
  StochRSI_D: [33m0.4630[0m
  CCI: [33m131.9161[0m
  Williams_R: [33m-22.6087[0m
  PSAR: [33m7.4159[0m
  SMA10: [33m7.4839[0m
  VWAP: [33m7.6119[0m
  MFI: [33m22.8419[0m
  BB_Upper: [33m7.5142[0m
  BB_Middle: [33m7.4844[0m
  BB_Lower: [33m7.4547[0m
Fibonacci Levels:
  Fib_0.0%: [35m7.5680[0m
  Fib_23.6%: [35m7.5309[0m
  Fib_38.2%: [35m7.5080[0m
  Fib_50.0%: [35m7.4895[0m
  Fib_61.8%: [35m7.4710[0m
2025-04-18 12:38:03,855 - INFO - Analyzing TRUMPUSDT with interval: 5
2025-04-18 12:38:16,767 - INFO - 
[36m--- Scalping Analysis for TRUMPUSDT (5) ---[0m
Current Price: [92m7.684[0m - 2025-04-18 12:38:16
Signal: [92mHOLD[0m
Entry: [33m7.6840[0m
Take Profit: [92m7.6627[0m
Stop Loss: [91m7.7388[0m
Confidence: [36m75.00%[0m
Indicators:
  ATR: [33m0.0304[0m
  EMA9: [33m7.4900[0m
  EMA21: [33m7.4871[0m
  Momentum: [33m0.5227[0m
  RSI: [33m50.7853[0m
  StochRSI_K: [33m0.4903[0m
  StochRSI_D: [33m0.4630[0m
  CCI: [33m131.9161[0m
  Williams_R: [33m-22.6087[0m
  PSAR: [33m7.4159[0m
  SMA10: [33m7.4839[0m
  VWAP: [33m7.6119[0m
  MFI: [33m22.8419[0m
  BB_Upper: [33m7.5142[0m
  BB_Middle: [33m7.4844[0m
  BB_Lower: [33m7.4547[0m
Fibonacci Levels:
  Fib_0.0%: [35m7.5680[0m
  Fib_23.6%: [35m7.5309[0m
  Fib_38.2%: [35m7.5080[0m
  Fib_50.0%: [35m7.4895[0m
  Fib_61.8%: [35m7.4710[0m
2025-04-18 12:38:26,791 - INFO - Analyzing TRUMPUSDT with interval: 5
2025-04-18 12:38:42,640 - INFO - 
[36m--- Scalping Analysis for TRUMPUSDT (5) ---[0m
Current Price: [92m7.694[0m - 2025-04-18 12:38:42
Signal: [92mHOLD[0m
Entry: [33m7.6940[0m
Take Profit: [92m7.6727[0m
Stop Loss: [91m7.7488[0m
Confidence: [36m75.00%[0m
Indicators:
  ATR: [33m0.0304[0m
  EMA9: [33m7.4900[0m
  EMA21: [33m7.4871[0m
  Momentum: [33m0.5227[0m
  RSI: [33m50.7853[0m
  StochRSI_K: [33m0.4903[0m
  StochRSI_D: [33m0.4630[0m
  CCI: [33m131.9161[0m
  Williams_R: [33m-22.6087[0m
  PSAR: [33m7.4159[0m
  SMA10: [33m7.4839[0m
  VWAP: [33m7.6119[0m
  MFI: [33m22.8419[0m
  BB_Upper: [33m7.5142[0m
  BB_Middle: [33m7.4845[0m
  BB_Lower: [33m7.4547[0m
Fibonacci Levels:
  Fib_0.0%: [35m7.5680[0m
  Fib_23.6%: [35m7.5309[0m
  Fib_38.2%: [35m7.5080[0m
  Fib_50.0%: [35m7.4895[0m
  Fib_61.8%: [35m7.4710[0m
2025-04-18 12:38:52,860 - INFO - Analyzing TRUMPUSDT with interval: 5
2025-04-18 12:39:03,975 - INFO - 
[36m--- Scalping Analysis for TRUMPUSDT (5) ---[0m
Current Price: [92m7.692[0m - 2025-04-18 12:39:03
Signal: [92mHOLD[0m
Entry: [33m7.6920[0m
Take Profit: [92m7.6707[0m
Stop Loss: [91m7.7468[0m
Confidence: [36m75.00%[0m
Indicators:
  ATR: [33m0.0304[0m
  EMA9: [33m7.4900[0m
  EMA21: [33m7.4871[0m
  Momentum: [33m0.5227[0m
  RSI: [33m50.7853[0m
  StochRSI_K: [33m0.4903[0m
  StochRSI_D: [33m0.4630[0m
  CCI: [33m131.9161[0m
  Williams_R: [33m-22.6087[0m
  PSAR: [33m7.4159[0m
  SMA10: [33m7.4839[0m
  VWAP: [33m7.6120[0m
  MFI: [33m22.8419[0m
  BB_Upper: [33m7.5142[0m
  BB_Middle: [33m7.4844[0m
  BB_Lower: [33m7.4547[0m
Fibonacci Levels:
  Fib_0.0%: [35m7.5680[0m
  Fib_23.6%: [35m7.5309[0m
  Fib_38.2%: [35m7.5080[0m
  Fib_50.0%: [35m7.4895[0m
  Fib_61.8%: [35m7.4710[0m
2025-04-18 12:39:14,003 - INFO - Analyzing TRUMPUSDT with interval: 5
2025-04-18 12:39:33,389 - INFO - 
[36m--- Scalping Analysis for TRUMPUSDT (5) ---[0m
Current Price: [92m7.690[0m - 2025-04-18 12:39:33
Signal: [92mHOLD[0m
Entry: [33m7.6900[0m
Take Profit: [92m7.6687[0m
Stop Loss: [91m7.7448[0m
Confidence: [36m75.00%[0m
Indicators:
  ATR: [33m0.0304[0m
  EMA9: [33m7.4900[0m
  EMA21: [33m7.4871[0m
  Momentum: [33m0.5227[0m
  RSI: [33m50.7853[0m
  StochRSI_K: [33m0.4903[0m
  StochRSI_D: [33m0.4630[0m
  CCI: [33m131.9161[0m
  Williams_R: [33m-22.6087[0m
  PSAR: [33m7.4159[0m
  SMA10: [33m7.4839[0m
  VWAP: [33m7.6120[0m
  MFI: [33m22.8419[0m
  BB_Upper: [33m7.5142[0m
  BB_Middle: [33m7.4844[0m
  BB_Lower: [33m7.4547[0m
Fibonacci Levels:
  Fib_0.0%: [35m7.5680[0m
  Fib_23.6%: [35m7.5309[0m
  Fib_38.2%: [35m7.5080[0m
  Fib_50.0%: [35m7.4895[0m
  Fib_61.8%: [35m7.4710[0m
2025-04-18 12:39:43,408 - INFO - Analyzing TRUMPUSDT with interval: 5
2025-04-18 12:39:55,343 - INFO - 
[36m--- Scalping Analysis for TRUMPUSDT (5) ---[0m
Current Price: [92m7.690[0m - 2025-04-18 12:39:55
Signal: [92mHOLD[0m
Entry: [33m7.6900[0m
Take Profit: [92m7.6687[0m
Stop Loss: [91m7.7448[0m
Confidence: [36m75.00%[0m
Indicators:
  ATR: [33m0.0304[0m
  EMA9: [33m7.4900[0m
  EMA21: [33m7.4871[0m
  Momentum: [33m0.5227[0m
  RSI: [33m50.7853[0m
  StochRSI_K: [33m0.4903[0m
  StochRSI_D: [33m0.4630[0m
  CCI: [33m131.9161[0m
  Williams_R: [33m-22.6087[0m
  PSAR: [33m7.4159[0m
  SMA10: [33m7.4839[0m
  VWAP: [33m7.6120[0m
  MFI: [33m22.8419[0m
  BB_Upper: [33m7.5142[0m
  BB_Middle: [33m7.4844[0m
  BB_Lower: [33m7.4547[0m
Fibonacci Levels:
  Fib_0.0%: [35m7.5680[0m
  Fib_23.6%: [35m7.5309[0m
  Fib_38.2%: [35m7.5080[0m
  Fib_50.0%: [35m7.4895[0m
  Fib_61.8%: [35m7.4710[0m
2025-04-18 12:40:05,371 - INFO - Analyzing TRUMPUSDT with interval: 5
