2025-04-18 12:39:43,408 - INFO - Analyzing TRUMPUSDT with interval: 5
2025-04-18 12:39:55,343 - INFO - 
[36m--- Scalping Analysis for TRUMPUSDT (5) ---[0m
Current Price: [92m7.690[0m - 2025-04-18 12:39:55
Signal: [92mHOLD[0m
Entry: [33m7.6900[0m
Take Profit: [92m7.6687[0m
Stop Loss: [91m7.7448[0m
Confidence: [36m75.00%[0m
Indicators:
  ATR: [33m0.0304[0m
  EMA9: [33m7.4900[0m
  EMA21: [33m7.4871[0m
  Momentum: [33m0.5227[0m
  RSI: [33m50.7853[0m
  StochRSI_K: [33m0.4903[0m
  StochRSI_D: [33m0.4630[0m
  CCI: [33m131.9161[0m
  Williams_R: [33m-22.6087[0m
  PSAR: [33m7.4159[0m
  SMA10: [33m7.4839[0m
  VWAP: [33m7.6120[0m
  MFI: [33m22.8419[0m
  BB_Upper: [33m7.5142[0m
  BB_Middle: [33m7.4844[0m
  BB_Lower: [33m7.4547[0m
Fibonacci Levels:
  Fib_0.0%: [35m7.5680[0m
  Fib_23.6%: [35m7.5309[0m
  Fib_38.2%: [35m7.5080[0m
  Fib_50.0%: [35m7.4895[0m
  Fib_61.8%: [35m7.4710[0m
2025-04-18 12:40:05,371 - INFO - Analyzing TRUMPUSDT with interval: 5
