2025-05-02 01:12:30 - PyrmethusVolumaticBotCCXT - INFO - Logging to file: /data/data/com.termux/files/home/worldguide/pyrmethus_volumatic_bot_ccxt/bot_log_20250502_011230.log
2025-05-02 01:12:30 - PyrmethusVolumaticBotCCXT - INFO - Logging configured.
2025-05-02 01:12:30 - PyrmethusVolumaticBotCCXT - INFO - API Key found (ending with ...rKZ1)
2025-05-02 01:12:30 - PyrmethusVolumaticBotCCXT - INFO - Connecting to CCXT exchange 'bybit' (Account: unified, Testnet: False)...
2025-05-02 01:12:30 - PyrmethusVolumaticBotCCXT - INFO - Loading markets to test connection...
2025-05-02 01:12:30 - PyrmethusVolumaticBotCCXT - CRITICAL - CRITICAL: CCXT Network Error connecting to exchange: bybit GET https://api.bybit.com/v5/asset/coin/query-info? 403 Forbidden <!DOCTYPE HTML PUBLIC "-//W3C//DTD HTML 4.01 Transitional//EN" "http://www.w3.org/TR/html4/loose.dtd">
<HTML><HEAD><META HTTP-EQUIV="Content-Type" CONTENT="text/html; charset=iso-8859-1">
<TITLE>ERROR: The request could not be satisfied</TITLE>
</HEAD><BODY>
<H1>403 ERROR</H1>
<H2>The request could not be satisfied.</H2>
<HR noshade size="1px">
The Amazon CloudFront distribution is configured to block access from your country.
We can't connect to the server for this app or website at this time. There might be too much traffic or a configuration error. Try again later, or contact the app or website owner.
<BR clear="all">
If you provide content to customers through CloudFront, you can find steps to troubleshoot and help prevent this error by reviewing the CloudFront documentation.
<BR clear="all">
<HR noshade size="1px">
<PRE>
Generated by cloudfront (CloudFront)
Request ID: PrEPXdx71a1_Ih8PP9usvAf0rQMK2aNHYnP7giyY8EqCKcSz83MQFg==
</PRE>
<ADDRESS>
</ADDRESS>
</BODY></HTML>. Check internet connection and firewall.
2025-05-02 01:12:30 - PyrmethusVolumaticBotCCXT - CRITICAL - Failed to connect to exchange. Exiting.
2025-05-02 01:12:30 - PyrmethusVolumaticBotCCXT - INFO - Entering final cleanup phase...
2025-05-02 01:12:30 - PyrmethusVolumaticBotCCXT - WARNING - Event loop unavailable, cannot perform final task cleanup.
2025-05-02 01:12:30 - PyrmethusVolumaticBotCCXT - INFO - Closing asyncio event loop.
2025-05-02 01:12:30 - PyrmethusVolumaticBotCCXT - INFO - [35m~~~ Pyrmethus Volumatic+OB Trading Bot Finished ~~~[0m
