2025-04-27 13:31:03,480 - __main__ - INFO - Initialized pybit HTTP session
2025-04-27 13:31:03,700 - __main__ - ERROR - Failed to initialize ccxt exchange: bybit GET https://api-testnet.bybit.com/v5/asset/coin/query-info? 403 Forbidden <!DOCTYPE HTML PUBLIC "-//W3C//DTD HTML 4.01 Transitional//EN" "http://www.w3.org/TR/html4/loose.dtd">
<HTML><HEAD><META HTTP-EQUIV="Content-Type" CONTENT="text/html; charset=iso-8859-1">
<TITLE>ERROR: The request could not be satisfied</TITLE>
</HEAD><BODY>
<H1>403 ERROR</H1>
<H2>The request could not be satisfied.</H2>
<HR noshade size="1px">
The Amazon CloudFront distribution is configured to block access from your country.
We can't connect to the server for this app or website at this time. There might be too much traffic or a configuration error. Try again later, or contact the app or website owner.
<BR clear="all">
If you provide content to customers through CloudFront, you can find steps to troubleshoot and help prevent this error by reviewing the CloudFront documentation.
<BR clear="all">
<HR noshade size="1px">
<PRE>
Generated by cloudfront (CloudFront)
Request ID: 0K3DQCzBB65kKVg0AubRgkawYW9YDqzgXTWlMDzo58oHMT3XX1fAQQ==
</PRE>
<ADDRESS>
</ADDRESS>
</BODY></HTML>
Traceback (most recent call last):
  File "/data/data/com.termux/files/usr/lib/python3.12/site-packages/ccxt/base/exchange.py", line 577, in fetch
    response.raise_for_status()
  File "/data/data/com.termux/files/usr/lib/python3.12/site-packages/requests/models.py", line 1024, in raise_for_status
    raise HTTPError(http_error_msg, response=self)
requests.exceptions.HTTPError: 403 Client Error: Forbidden for url: https://api-testnet.bybit.com/v5/asset/coin/query-info

During handling of the above exception, another exception occurred:

Traceback (most recent call last):
  File "/data/data/com.termux/files/home/worldguide/pyrmbot/bybit_trading_enhanced.py", line 150, in __init__
    self.exchange.load_markets()
  File "/data/data/com.termux/files/usr/lib/python3.12/site-packages/ccxt/base/exchange.py", line 1512, in load_markets
    currencies = self.fetch_currencies()
                 ^^^^^^^^^^^^^^^^^^^^^^^
  File "/data/data/com.termux/files/usr/lib/python3.12/site-packages/ccxt/bybit.py", line 1599, in fetch_currencies
    response = self.privateGetV5AssetCoinQueryInfo(params)
               ^^^^^^^^^^^^^^^^^^^^^^^^^^^^^^^^^^^^^^^^^^^
  File "/data/data/com.termux/files/usr/lib/python3.12/site-packages/ccxt/base/types.py", line 35, in unbound_method
    return _self.request(self.path, self.api, self.method, params, config=self.config)
           ^^^^^^^^^^^^^^^^^^^^^^^^^^^^^^^^^^^^^^^^^^^^^^^^^^^^^^^^^^^^^^^^^^^^^^^^^^^
  File "/data/data/com.termux/files/usr/lib/python3.12/site-packages/ccxt/base/exchange.py", line 4394, in request
    return self.fetch2(path, api, method, params, headers, body, config)
           ^^^^^^^^^^^^^^^^^^^^^^^^^^^^^^^^^^^^^^^^^^^^^^^^^^^^^^^^^^^^^
  File "/data/data/com.termux/files/usr/lib/python3.12/site-packages/ccxt/base/exchange.py", line 4388, in fetch2
    raise e
  File "/data/data/com.termux/files/usr/lib/python3.12/site-packages/ccxt/base/exchange.py", line 4379, in fetch2
    return self.fetch(request['url'], request['method'], request['headers'], request['body'])
           ^^^^^^^^^^^^^^^^^^^^^^^^^^^^^^^^^^^^^^^^^^^^^^^^^^^^^^^^^^^^^^^^^^^^^^^^^^^^^^^^^^
  File "/data/data/com.termux/files/usr/lib/python3.12/site-packages/ccxt/base/exchange.py", line 595, in fetch
    self.handle_http_status_code(http_status_code, http_status_text, url, method, http_response)
  File "/data/data/com.termux/files/usr/lib/python3.12/site-packages/ccxt/base/exchange.py", line 1691, in handle_http_status_code
    raise ErrorClass(self.id + ' ' + method + ' ' + url + ' ' + codeAsString + ' ' + reason + ' ' + body)
ccxt.base.errors.RateLimitExceeded: bybit GET https://api-testnet.bybit.com/v5/asset/coin/query-info? 403 Forbidden <!DOCTYPE HTML PUBLIC "-//W3C//DTD HTML 4.01 Transitional//EN" "http://www.w3.org/TR/html4/loose.dtd">
<HTML><HEAD><META HTTP-EQUIV="Content-Type" CONTENT="text/html; charset=iso-8859-1">
<TITLE>ERROR: The request could not be satisfied</TITLE>
</HEAD><BODY>
<H1>403 ERROR</H1>
<H2>The request could not be satisfied.</H2>
<HR noshade size="1px">
The Amazon CloudFront distribution is configured to block access from your country.
We can't connect to the server for this app or website at this time. There might be too much traffic or a configuration error. Try again later, or contact the app or website owner.
<BR clear="all">
If you provide content to customers through CloudFront, you can find steps to troubleshoot and help prevent this error by reviewing the CloudFront documentation.
<BR clear="all">
<HR noshade size="1px">
<PRE>
Generated by cloudfront (CloudFront)
Request ID: 0K3DQCzBB65kKVg0AubRgkawYW9YDqzgXTWlMDzo58oHMT3XX1fAQQ==
</PRE>
<ADDRESS>
</ADDRESS>
</BODY></HTML>
2025-04-27 13:31:58,576 - __main__ - INFO - Initialized pybit HTTP session
2025-04-27 13:32:01,136 - __main__ - ERROR - Failed to initialize ccxt exchange: bybit {"retCode":10003,"retMsg":"API key is invalid.","result":{},"retExtInfo":{},"time":1745778721638}
Traceback (most recent call last):
  File "/data/data/com.termux/files/home/worldguide/pyrmbot/bybit_trading_enhanced.py", line 150, in __init__
    self.exchange.load_markets()
  File "/data/data/com.termux/files/usr/lib/python3.12/site-packages/ccxt/base/exchange.py", line 1512, in load_markets
    currencies = self.fetch_currencies()
                 ^^^^^^^^^^^^^^^^^^^^^^^
  File "/data/data/com.termux/files/usr/lib/python3.12/site-packages/ccxt/bybit.py", line 1599, in fetch_currencies
    response = self.privateGetV5AssetCoinQueryInfo(params)
               ^^^^^^^^^^^^^^^^^^^^^^^^^^^^^^^^^^^^^^^^^^^
  File "/data/data/com.termux/files/usr/lib/python3.12/site-packages/ccxt/base/types.py", line 35, in unbound_method
    return _self.request(self.path, self.api, self.method, params, config=self.config)
           ^^^^^^^^^^^^^^^^^^^^^^^^^^^^^^^^^^^^^^^^^^^^^^^^^^^^^^^^^^^^^^^^^^^^^^^^^^^
  File "/data/data/com.termux/files/usr/lib/python3.12/site-packages/ccxt/base/exchange.py", line 4394, in request
    return self.fetch2(path, api, method, params, headers, body, config)
           ^^^^^^^^^^^^^^^^^^^^^^^^^^^^^^^^^^^^^^^^^^^^^^^^^^^^^^^^^^^^^
  File "/data/data/com.termux/files/usr/lib/python3.12/site-packages/ccxt/base/exchange.py", line 4390, in fetch2
    raise e
  File "/data/data/com.termux/files/usr/lib/python3.12/site-packages/ccxt/base/exchange.py", line 4379, in fetch2
    return self.fetch(request['url'], request['method'], request['headers'], request['body'])
           ^^^^^^^^^^^^^^^^^^^^^^^^^^^^^^^^^^^^^^^^^^^^^^^^^^^^^^^^^^^^^^^^^^^^^^^^^^^^^^^^^^
  File "/data/data/com.termux/files/usr/lib/python3.12/site-packages/ccxt/base/exchange.py", line 621, in fetch
    self.handle_errors(http_status_code, http_status_text, url, method, headers, http_response, json_response, request_headers, request_body)
  File "/data/data/com.termux/files/usr/lib/python3.12/site-packages/ccxt/bybit.py", line 8838, in handle_errors
    self.throw_exactly_matched_exception(self.exceptions['exact'], errorCode, feedback)
  File "/data/data/com.termux/files/usr/lib/python3.12/site-packages/ccxt/base/exchange.py", line 4783, in throw_exactly_matched_exception
    raise exact[string](message)
ccxt.base.errors.AuthenticationError: bybit {"retCode":10003,"retMsg":"API key is invalid.","result":{},"retExtInfo":{},"time":1745778721638}
2025-04-27 13:34:02,534 - __main__ - INFO - Initialized pybit HTTP session
2025-04-27 13:34:16,803 - __main__ - INFO - Initialized ccxt exchange
2025-04-27 13:34:16,807 - __main__ - ERROR - Failed to initialize WebSocket: WebSocket.__init__() missing 1 required positional argument: 'channel_type'
Traceback (most recent call last):
  File "/data/data/com.termux/files/home/worldguide/pyrmbot/bybit_trading_enhanced.py", line 164, in _initialize_websocket
    self.ws = WebSocket(
              ^^^^^^^^^^
TypeError: WebSocket.__init__() missing 1 required positional argument: 'channel_type'
