2025-05-09 23:38:08 [[36mINFO[0m] ConfigModule                   [35m[1m--- Summoning Configuration Runes v2.8.2 ---[0m
2025-05-09 23:38:08 [[36mINFO[0m] ConfigModule._validate         [32m[1mAll configuration runes appear potent and well-formed.[0m
2025-05-09 23:38:08 [[36mINFO[0m] ConfigModule                   [35m[1m--- Configuration Runes v2.8.2 Summoned and Verified ---[0m
2025-05-09 23:38:08 [[36mINFO[0m] Strategy.DualSupertrendMomentumStrategy [35mStrategy Form 'DualSupertrendMomentumStrategy' materializing...[0m
2025-05-09 23:38:08 [[32m[1mSUCCESS[0m] PyrmethusCore                  [32m[1mStrategy '[35mDUAL_SUPERTREND_MOMENTUM[32m[1m' invoked.[0m
2025-05-09 23:38:08 [[36mINFO[0m] TradeMetrics                   [36mTradeMetrics Ledger opened, ready to chronicle deeds.[0m
2025-05-09 23:38:08 [[36mINFO[0m] PyrmethusCore                  [36m[2m# Pyrmethus prepares to connect to the exchange realm...[0m
2025-05-09 23:38:17 [[32m[1mSUCCESS[0m] PyrmethusCore                  [32m[1mMarket info for TRUMP/USDT:USDT loaded. Precision: Price 0.001, Amount 0.1[0m
2025-05-09 23:38:17 [[36mINFO[0m] PyrmethusCore                  Deduced category for TRUMP/USDT:USDT as 'linear' for leverage setting.
2025-05-09 23:38:17 [[33m[1mWARNING[0m] PyrmethusCore                  [33m[1mCould not set leverage for TRUMP/USDT:USDT (may already be set, or an issue): 'bybit' object has no attribute 'Î´ÏÎ¿_directional_margin'[0m
2025-05-09 23:38:19 [[36mINFO[0m] TermuxNotify                   [32m[1mTermux notification 'Pyrmethus Leverage Warn' sent successfully.[0m
2025-05-09 23:38:19 [[32m[1mSUCCESS[0m] PyrmethusCore                  [32m[1mSuccessfully connected to exchange: bybit[0m
2025-05-09 23:38:20 [[36mINFO[0m] TermuxNotify                   [32m[1mTermux notification 'Pyrmethus Online' sent successfully.[0m
2025-05-09 23:38:20 [[36mINFO[0m] PyrmethusCore                  [35m[1m=== Pyrmethus Spell v2.8.2 Awakening on bybit ===[0m
2025-05-09 23:38:20 [[36mINFO[0m] PyrmethusCore                  [36m[2m# Listening to whispers for TRUMP/USDT:USDT on 1m...[0m
2025-05-09 23:38:20 [[36mINFO[0m] PyrmethusCore                  [36m[2m# Phoenix Feather seeks past memories...[0m
2025-05-09 23:38:20 [[36mINFO[0m] TradeMetrics                   [36mTradeMetrics: Re-inked 0 trades.[0m
2025-05-09 23:38:20 [[32m[1mSUCCESS[0m] PyrmethusCore                  [32m[1mPhoenix Feather: Memories reawakened! Active Parts: 0[0m
2025-05-09 23:38:20 [[32m[1mSUCCESS[0m] PyrmethusCore                  [32m[1mSuccessfully reawakened from Phoenix scroll.[0m
2025-05-09 23:38:22 [[36mINFO[0m] PyrmethusCore                  [36mCurrent USDT Balance: [93m[1m6.85[0m
2025-05-09 23:38:22 [[36mINFO[0m] TradeMetrics                   [36mInitial Session Equity rune inscribed: [93m[1m6.85 USDT[0m
2025-05-09 23:38:22 [[36mINFO[0m] PyrmethusCore                  [36mCurrent USDT Balance: [93m[1m6.85[0m
2025-05-09 23:38:23 [[36mINFO[0m] Strategy.DualSupertrendMomentumStrategy [33m[1mDualST+Mom: EXIT LONG - Primary ST Flipped Short[0m
2025-05-09 23:38:33 [[36mINFO[0m] PyrmethusCore                  [36mCurrent USDT Balance: [93m[1m6.85[0m
2025-05-09 23:38:34 [[36mINFO[0m] Strategy.DualSupertrendMomentumStrategy [33m[1mDualST+Mom: EXIT LONG - Primary ST Flipped Short[0m
2025-05-09 23:38:45 [[36mINFO[0m] PyrmethusCore                  [36mCurrent USDT Balance: [93m[1m6.85[0m
2025-05-09 23:38:45 [[36mINFO[0m] Strategy.DualSupertrendMomentumStrategy [33m[1mDualST+Mom: EXIT LONG - Primary ST Flipped Short[0m
2025-05-09 23:38:56 [[36mINFO[0m] PyrmethusCore                  [36mCurrent USDT Balance: [93m[1m6.85[0m
2025-05-09 23:39:07 [[36mINFO[0m] PyrmethusCore                  [36mCurrent USDT Balance: [93m[1m6.85[0m
2025-05-09 23:39:08 [[36mINFO[0m] Strategy.DualSupertrendMomentumStrategy [33m[1mDualST+Mom: EXIT LONG - Primary ST Flipped Short[0m
2025-05-09 23:39:18 [[36mINFO[0m] PyrmethusCore                  [36mCurrent USDT Balance: [93m[1m6.85[0m
2025-05-09 23:39:29 [[36mINFO[0m] PyrmethusCore                  [36mCurrent USDT Balance: [93m[1m6.85[0m
2025-05-09 23:39:40 [[36mINFO[0m] PyrmethusCore                  [36mCurrent USDT Balance: [93m[1m6.85[0m
2025-05-09 23:39:51 [[36mINFO[0m] PyrmethusCore                  [36mCurrent USDT Balance: [93m[1m6.85[0m
2025-05-09 23:40:03 [[36mINFO[0m] PyrmethusCore                  [36mCurrent USDT Balance: [93m[1m6.85[0m
2025-05-09 23:40:14 [[36mINFO[0m] PyrmethusCore                  [36mCurrent USDT Balance: [93m[1m6.83[0m
2025-05-09 23:40:25 [[36mINFO[0m] PyrmethusCore                  [36mCurrent USDT Balance: [93m[1m6.83[0m
2025-05-09 23:40:36 [[36mINFO[0m] PyrmethusCore                  [36mCurrent USDT Balance: [93m[1m6.83[0m
2025-05-09 23:40:47 [[36mINFO[0m] PyrmethusCore                  [36mCurrent USDT Balance: [93m[1m6.83[0m
2025-05-09 23:40:58 [[36mINFO[0m] PyrmethusCore                  [36mCurrent USDT Balance: [93m[1m6.83[0m
2025-05-09 23:41:10 [[36mINFO[0m] PyrmethusCore                  [36mCurrent USDT Balance: [93m[1m6.83[0m
2025-05-09 23:41:21 [[36mINFO[0m] PyrmethusCore                  [36mCurrent USDT Balance: [93m[1m6.83[0m
2025-05-09 23:41:32 [[36mINFO[0m] PyrmethusCore                  [36mCurrent USDT Balance: [93m[1m6.83[0m
2025-05-09 23:41:43 [[36mINFO[0m] PyrmethusCore                  [36mCurrent USDT Balance: [93m[1m6.83[0m
2025-05-09 23:41:54 [[36mINFO[0m] PyrmethusCore                  [36mCurrent USDT Balance: [93m[1m6.83[0m
2025-05-09 23:42:05 [[36mINFO[0m] PyrmethusCore                  [36mCurrent USDT Balance: [93m[1m6.83[0m
2025-05-09 23:42:16 [[36mINFO[0m] PyrmethusCore                  [36mCurrent USDT Balance: [93m[1m6.83[0m
2025-05-09 23:42:27 [[36mINFO[0m] PyrmethusCore                  [36mCurrent USDT Balance: [93m[1m6.83[0m
2025-05-09 23:42:38 [[36mINFO[0m] PyrmethusCore                  [36mCurrent USDT Balance: [93m[1m6.83[0m
2025-05-09 23:42:49 [[36mINFO[0m] PyrmethusCore                  [36mCurrent USDT Balance: [93m[1m6.83[0m
2025-05-09 23:43:00 [[36mINFO[0m] PyrmethusCore                  [36mCurrent USDT Balance: [93m[1m6.83[0m
2025-05-09 23:43:12 [[36mINFO[0m] PyrmethusCore                  [36mCurrent USDT Balance: [93m[1m6.83[0m
2025-05-09 23:43:23 [[36mINFO[0m] PyrmethusCore                  [36mCurrent USDT Balance: [93m[1m6.83[0m
2025-05-09 23:43:34 [[36mINFO[0m] PyrmethusCore                  [36mCurrent USDT Balance: [93m[1m6.83[0m
2025-05-09 23:43:45 [[36mINFO[0m] PyrmethusCore                  [36mCurrent USDT Balance: [93m[1m6.83[0m
2025-05-09 23:43:56 [[36mINFO[0m] PyrmethusCore                  [36mCurrent USDT Balance: [93m[1m6.83[0m
2025-05-09 23:44:07 [[36mINFO[0m] PyrmethusCore                  [36mCurrent USDT Balance: [93m[1m6.83[0m
2025-05-09 23:44:18 [[36mINFO[0m] PyrmethusCore                  [36mCurrent USDT Balance: [93m[1m6.83[0m
2025-05-09 23:44:29 [[36mINFO[0m] PyrmethusCore                  [36mCurrent USDT Balance: [93m[1m6.83[0m
2025-05-09 23:44:41 [[36mINFO[0m] PyrmethusCore                  [36mCurrent USDT Balance: [93m[1m6.83[0m
2025-05-09 23:44:52 [[36mINFO[0m] PyrmethusCore                  [36mCurrent USDT Balance: [93m[1m6.83[0m
2025-05-09 23:45:03 [[36mINFO[0m] PyrmethusCore                  [36mCurrent USDT Balance: [93m[1m6.83[0m
2025-05-09 23:45:14 [[36mINFO[0m] PyrmethusCore                  [36mCurrent USDT Balance: [93m[1m6.83[0m
2025-05-09 23:45:26 [[36mINFO[0m] PyrmethusCore                  [36mCurrent USDT Balance: [93m[1m6.83[0m
2025-05-09 23:45:37 [[36mINFO[0m] PyrmethusCore                  [36mCurrent USDT Balance: [93m[1m6.83[0m
2025-05-09 23:45:48 [[36mINFO[0m] PyrmethusCore                  [36mCurrent USDT Balance: [93m[1m6.83[0m
2025-05-09 23:45:59 [[36mINFO[0m] PyrmethusCore                  [36mCurrent USDT Balance: [93m[1m6.83[0m
2025-05-09 23:46:10 [[36mINFO[0m] PyrmethusCore                  [36mCurrent USDT Balance: [93m[1m6.83[0m
2025-05-09 23:46:21 [[36mINFO[0m] PyrmethusCore                  [36mCurrent USDT Balance: [93m[1m6.83[0m
2025-05-09 23:46:32 [[36mINFO[0m] PyrmethusCore                  [36mCurrent USDT Balance: [93m[1m6.83[0m
2025-05-09 23:46:43 [[36mINFO[0m] PyrmethusCore                  [36mCurrent USDT Balance: [93m[1m6.83[0m
2025-05-09 23:46:54 [[36mINFO[0m] PyrmethusCore                  [36mCurrent USDT Balance: [93m[1m6.83[0m
2025-05-09 23:47:05 [[36mINFO[0m] PyrmethusCore                  [36mCurrent USDT Balance: [93m[1m6.83[0m
2025-05-09 23:47:17 [[36mINFO[0m] PyrmethusCore                  [36mCurrent USDT Balance: [93m[1m6.83[0m
2025-05-09 23:47:28 [[36mINFO[0m] PyrmethusCore                  [36mCurrent USDT Balance: [93m[1m6.83[0m
2025-05-09 23:47:39 [[36mINFO[0m] PyrmethusCore                  [36mCurrent USDT Balance: [93m[1m6.83[0m
2025-05-09 23:47:50 [[36mINFO[0m] PyrmethusCore                  [36mCurrent USDT Balance: [93m[1m6.83[0m
2025-05-09 23:48:01 [[36mINFO[0m] PyrmethusCore                  [36mCurrent USDT Balance: [93m[1m6.83[0m
2025-05-09 23:48:12 [[36mINFO[0m] PyrmethusCore                  [36mCurrent USDT Balance: [93m[1m6.83[0m
2025-05-09 23:48:23 [[36mINFO[0m] PyrmethusCore                  [36mCurrent USDT Balance: [93m[1m6.83[0m
2025-05-09 23:48:35 [[36mINFO[0m] PyrmethusCore                  [36mCurrent USDT Balance: [93m[1m6.83[0m
2025-05-09 23:48:46 [[36mINFO[0m] PyrmethusCore                  [36mCurrent USDT Balance: [93m[1m6.83[0m
2025-05-09 23:48:46 [[36mINFO[0m] Strategy.DualSupertrendMomentumStrategy [33m[1mDualST+Mom: EXIT SHORT - Primary ST Flipped Long[0m
2025-05-09 23:48:57 [[36mINFO[0m] PyrmethusCore                  [36mCurrent USDT Balance: [93m[1m6.83[0m
2025-05-09 23:48:57 [[36mINFO[0m] Strategy.DualSupertrendMomentumStrategy [33m[1mDualST+Mom: EXIT SHORT - Primary ST Flipped Long[0m
2025-05-09 23:49:08 [[36mINFO[0m] PyrmethusCore                  [36mCurrent USDT Balance: [93m[1m6.83[0m
2025-05-09 23:49:19 [[36mINFO[0m] PyrmethusCore                  [36mCurrent USDT Balance: [93m[1m6.83[0m
2025-05-09 23:49:30 [[36mINFO[0m] PyrmethusCore                  [36mCurrent USDT Balance: [93m[1m6.83[0m
2025-05-09 23:49:41 [[36mINFO[0m] PyrmethusCore                  [36mCurrent USDT Balance: [93m[1m6.83[0m
2025-05-09 23:49:52 [[36mINFO[0m] PyrmethusCore                  [36mCurrent USDT Balance: [93m[1m6.83[0m
2025-05-09 23:50:03 [[36mINFO[0m] PyrmethusCore                  [36mCurrent USDT Balance: [93m[1m6.83[0m
2025-05-09 23:50:15 [[36mINFO[0m] PyrmethusCore                  [36mCurrent USDT Balance: [93m[1m6.83[0m
2025-05-09 23:50:26 [[36mINFO[0m] PyrmethusCore                  [36mCurrent USDT Balance: [93m[1m6.83[0m
2025-05-09 23:50:37 [[36mINFO[0m] PyrmethusCore                  [36mCurrent USDT Balance: [93m[1m6.83[0m
2025-05-09 23:50:48 [[36mINFO[0m] PyrmethusCore                  [36mCurrent USDT Balance: [93m[1m6.83[0m
2025-05-09 23:50:59 [[36mINFO[0m] PyrmethusCore                  [36mCurrent USDT Balance: [93m[1m6.83[0m
2025-05-09 23:51:11 [[36mINFO[0m] PyrmethusCore                  [36mCurrent USDT Balance: [93m[1m6.83[0m
2025-05-09 23:51:22 [[36mINFO[0m] PyrmethusCore                  [36mCurrent USDT Balance: [93m[1m6.83[0m
2025-05-09 23:51:33 [[36mINFO[0m] PyrmethusCore                  [36mCurrent USDT Balance: [93m[1m6.83[0m
2025-05-09 23:51:44 [[36mINFO[0m] PyrmethusCore                  [36mCurrent USDT Balance: [93m[1m6.83[0m
2025-05-09 23:51:55 [[36mINFO[0m] PyrmethusCore                  [36mCurrent USDT Balance: [93m[1m6.83[0m
2025-05-09 23:52:07 [[36mINFO[0m] PyrmethusCore                  [36mCurrent USDT Balance: [93m[1m6.83[0m
2025-05-09 23:52:18 [[36mINFO[0m] PyrmethusCore                  [36mCurrent USDT Balance: [93m[1m6.83[0m
2025-05-09 23:52:29 [[36mINFO[0m] PyrmethusCore                  [36mCurrent USDT Balance: [93m[1m6.83[0m
2025-05-09 23:52:40 [[36mINFO[0m] PyrmethusCore                  [36mCurrent USDT Balance: [93m[1m6.83[0m
2025-05-09 23:52:51 [[36mINFO[0m] PyrmethusCore                  [36mCurrent USDT Balance: [93m[1m6.83[0m
2025-05-09 23:53:03 [[36mINFO[0m] PyrmethusCore                  [36mCurrent USDT Balance: [93m[1m6.83[0m
2025-05-09 23:53:14 [[36mINFO[0m] PyrmethusCore                  [36mCurrent USDT Balance: [93m[1m6.83[0m
2025-05-09 23:53:25 [[36mINFO[0m] PyrmethusCore                  [36mCurrent USDT Balance: [93m[1m6.83[0m
2025-05-09 23:53:36 [[36mINFO[0m] PyrmethusCore                  [36mCurrent USDT Balance: [93m[1m6.83[0m
2025-05-09 23:53:47 [[36mINFO[0m] PyrmethusCore                  [36mCurrent USDT Balance: [93m[1m6.83[0m
2025-05-09 23:53:59 [[36mINFO[0m] PyrmethusCore                  [36mCurrent USDT Balance: [93m[1m6.83[0m
2025-05-09 23:54:10 [[36mINFO[0m] PyrmethusCore                  [36mCurrent USDT Balance: [93m[1m6.83[0m
2025-05-09 23:54:21 [[36mINFO[0m] PyrmethusCore                  [36mCurrent USDT Balance: [93m[1m6.83[0m
2025-05-09 23:54:33 [[36mINFO[0m] PyrmethusCore                  [36mCurrent USDT Balance: [93m[1m6.83[0m
2025-05-09 23:54:44 [[36mINFO[0m] PyrmethusCore                  [36mCurrent USDT Balance: [93m[1m6.83[0m
2025-05-09 23:54:55 [[36mINFO[0m] PyrmethusCore                  [36mCurrent USDT Balance: [93m[1m6.83[0m
2025-05-09 23:55:06 [[36mINFO[0m] PyrmethusCore                  [36mCurrent USDT Balance: [93m[1m6.83[0m
2025-05-09 23:55:17 [[36mINFO[0m] PyrmethusCore                  [36mCurrent USDT Balance: [93m[1m6.83[0m
2025-05-09 23:55:29 [[36mINFO[0m] PyrmethusCore                  [36mCurrent USDT Balance: [93m[1m6.83[0m
2025-05-09 23:55:40 [[36mINFO[0m] PyrmethusCore                  [36mCurrent USDT Balance: [93m[1m6.83[0m
2025-05-09 23:55:51 [[36mINFO[0m] PyrmethusCore                  [36mCurrent USDT Balance: [93m[1m6.83[0m
2025-05-09 23:56:02 [[36mINFO[0m] PyrmethusCore                  [36mCurrent USDT Balance: [93m[1m6.83[0m
2025-05-09 23:56:14 [[36mINFO[0m] PyrmethusCore                  [36mCurrent USDT Balance: [93m[1m6.83[0m
2025-05-09 23:56:25 [[36mINFO[0m] PyrmethusCore                  [36mCurrent USDT Balance: [93m[1m6.83[0m
2025-05-09 23:56:36 [[36mINFO[0m] PyrmethusCore                  [36mCurrent USDT Balance: [93m[1m6.83[0m
2025-05-09 23:56:47 [[36mINFO[0m] PyrmethusCore                  [36mCurrent USDT Balance: [93m[1m6.83[0m
2025-05-09 23:56:58 [[36mINFO[0m] PyrmethusCore                  [36mCurrent USDT Balance: [93m[1m6.83[0m
2025-05-09 23:57:09 [[36mINFO[0m] PyrmethusCore                  [36mCurrent USDT Balance: [93m[1m6.83[0m
2025-05-09 23:57:20 [[36mINFO[0m] PyrmethusCore                  [36mCurrent USDT Balance: [93m[1m6.83[0m
2025-05-09 23:57:31 [[36mINFO[0m] PyrmethusCore                  [36mCurrent USDT Balance: [93m[1m6.83[0m
2025-05-09 23:57:42 [[36mINFO[0m] PyrmethusCore                  [36mCurrent USDT Balance: [93m[1m6.83[0m
2025-05-09 23:57:54 [[36mINFO[0m] PyrmethusCore                  [36mCurrent USDT Balance: [93m[1m6.83[0m
2025-05-09 23:58:05 [[36mINFO[0m] PyrmethusCore                  [36mCurrent USDT Balance: [93m[1m6.83[0m
2025-05-09 23:58:16 [[36mINFO[0m] PyrmethusCore                  [36mCurrent USDT Balance: [93m[1m6.83[0m
2025-05-09 23:58:27 [[36mINFO[0m] PyrmethusCore                  [36mCurrent USDT Balance: [93m[1m6.83[0m
2025-05-09 23:58:38 [[36mINFO[0m] PyrmethusCore                  [36mCurrent USDT Balance: [93m[1m6.83[0m
2025-05-09 23:58:49 [[36mINFO[0m] PyrmethusCore                  [36mCurrent USDT Balance: [93m[1m6.83[0m
2025-05-09 23:59:01 [[36mINFO[0m] PyrmethusCore                  [36mCurrent USDT Balance: [93m[1m6.83[0m
2025-05-09 23:59:12 [[36mINFO[0m] PyrmethusCore                  [36mCurrent USDT Balance: [93m[1m6.83[0m
2025-05-09 23:59:23 [[36mINFO[0m] PyrmethusCore                  [36mCurrent USDT Balance: [93m[1m6.83[0m
2025-05-09 23:59:34 [[36mINFO[0m] PyrmethusCore                  [36mCurrent USDT Balance: [93m[1m6.83[0m
2025-05-09 23:59:45 [[36mINFO[0m] PyrmethusCore                  [36mCurrent USDT Balance: [93m[1m6.83[0m
2025-05-09 23:59:56 [[36mINFO[0m] PyrmethusCore                  [36mCurrent USDT Balance: [93m[1m6.83[0m
2025-05-10 00:00:07 [[36mINFO[0m] PyrmethusCore                  [36mCurrent USDT Balance: [93m[1m6.83[0m
2025-05-10 00:00:18 [[36mINFO[0m] PyrmethusCore                  [36mCurrent USDT Balance: [93m[1m6.83[0m
2025-05-10 00:00:29 [[36mINFO[0m] PyrmethusCore                  [36mCurrent USDT Balance: [93m[1m6.83[0m
2025-05-10 00:00:41 [[36mINFO[0m] PyrmethusCore                  [36mCurrent USDT Balance: [93m[1m6.83[0m
2025-05-10 00:00:52 [[36mINFO[0m] PyrmethusCore                  [36mCurrent USDT Balance: [93m[1m6.83[0m
2025-05-10 00:01:03 [[36mINFO[0m] PyrmethusCore                  [36mCurrent USDT Balance: [93m[1m6.83[0m
2025-05-10 00:01:14 [[36mINFO[0m] PyrmethusCore                  [36mCurrent USDT Balance: [93m[1m6.83[0m
2025-05-10 00:01:25 [[36mINFO[0m] PyrmethusCore                  [36mCurrent USDT Balance: [93m[1m6.83[0m
2025-05-10 00:01:36 [[36mINFO[0m] PyrmethusCore                  [36mCurrent USDT Balance: [93m[1m6.83[0m
2025-05-10 00:01:47 [[36mINFO[0m] PyrmethusCore                  [36mCurrent USDT Balance: [93m[1m6.83[0m
2025-05-10 00:01:58 [[36mINFO[0m] PyrmethusCore                  [36mCurrent USDT Balance: [93m[1m6.83[0m
2025-05-10 00:02:09 [[36mINFO[0m] PyrmethusCore                  [36mCurrent USDT Balance: [93m[1m6.83[0m
2025-05-10 00:02:20 [[36mINFO[0m] PyrmethusCore                  [36mCurrent USDT Balance: [93m[1m6.83[0m
2025-05-10 00:02:32 [[36mINFO[0m] PyrmethusCore                  [36mCurrent USDT Balance: [93m[1m6.83[0m
2025-05-10 00:02:43 [[36mINFO[0m] PyrmethusCore                  [36mCurrent USDT Balance: [93m[1m6.83[0m
2025-05-10 00:02:54 [[36mINFO[0m] PyrmethusCore                  [36mCurrent USDT Balance: [93m[1m6.51[0m
2025-05-10 00:02:54 [[33m[1mWARNING[0m] TradeMetrics                   [33m[1mMax daily drawdown ward breached ([31m[1m5.06%[0m >= [93m[1m5.00%[0m). Trading must halt for the day to conserve essence.[0m
2025-05-10 00:02:56 [[36mINFO[0m] TermuxNotify                   [32m[1mTermux notification 'Pyrmethus: Max Drawdown Hit!' sent successfully.[0m
2025-05-10 00:02:56 [[41m[37m[1mCRITICAL[0m] PyrmethusCore                  [41m[37m[1mMax drawdown! Max daily drawdown ward breached ([31m[1m5.06%[0m >= [93m[1m5.00%[0m). Pyrmethus must rest.[0m
2025-05-10 00:02:56 [[33m[1mWARNING[0m] PyrmethusCore                  [33m[1mClosing all positions for TRUMP/USDT:USDT due to: Max Drawdown Reached[0m
2025-05-10 00:02:57 [[36mINFO[0m] PyrmethusCore                  [33m[1mCancelling all open orders for TRUMP/USDT:USDT...[0m
2025-05-10 00:02:58 [[32m[1mSUCCESS[0m] PyrmethusCore                  [32m[1mAll open orders for TRUMP/USDT:USDT cancelled.[0m
