2025-05-09 22:31:25 [[36mINFO    [0m] ConfigModule                   [35m[1m--- Summoning Configuration Runes v2.8.2 ---[0m
2025-05-09 22:31:25 [[36mINFO    [0m] ConfigModule                   [36m[2m# Pyrmethus attunes to the environment's whispers...[0m
2025-05-09 22:31:25 [[36mINFO    [0m] ConfigModule                   [35m[1m--- Configuration Runes v2.8.2 Summoned and Verified ---[0m
2025-05-09 22:31:25 [[36mINFO    [0m] ConfigModule                   [36m[2m# The chosen path: [35mDUAL_SUPERTREND_MOMENTUM[0m
2025-05-09 22:31:25 [[36mINFO    [0m] Strategy.DualSupertrendMomentumStrategy [35mStrategy Form 'DualSupertrendMomentumStrategy' materializing...[0m
2025-05-09 22:31:25 [[32m[1mSUCCESS [0m] PyrmethusCore                  [32m[1mStrategy '[35mDUAL_SUPERTREND_MOMENTUM[32m[1m' invoked.[0m
2025-05-09 22:31:25 [[36mINFO    [0m] TradeMetrics                   [36mTradeMetrics Ledger opened, ready to chronicle deeds.[0m
2025-05-09 22:31:25 [[36mINFO    [0m] PyrmethusCore                  [36m[2m# Pyrmethus prepares to breach the veil to the exchange realm...[0m
2025-05-09 22:31:25 [[36mINFO    [0m] PyrmethusCore                  Attempting to connect to exchange realm: bybit (Version: 4.4.72)
2025-05-09 22:31:34 [[32m[1mSUCCESS [0m] PyrmethusCore                  [32m[1mMarket runes for TRUMP/USDT:USDT loaded. Price Precision (step): 0.001 (approx 3 dec places), Amount Precision (step): 0.1 (approx 1 dec places)[0m
2025-05-09 22:31:34 [[36mINFO    [0m] PyrmethusCore                  Attempting to set leverage to 25x for TRUMP/USDT:USDT (Category: linear)...
2025-05-09 22:31:35 [[33m[1mWARNING [0m] PyrmethusCore                  [33m[1mCould not set leverage for TRUMP/USDT:USDT (may already be set, or an issue with category/symbol format for leverage call): bybit {"retCode":110043,"retMsg":"leverage not modified","result":{},"retExtInfo":{},"time":1746847895665}[0m
2025-05-09 22:31:37 [[36mINFO    [0m] TermuxNotification             [32m[1mTermux notification 'Pyrmethus Leverage Warn' sent successfully.[0m
2025-05-09 22:31:37 [[32m[1mSUCCESS [0m] PyrmethusCore                  [32m[1mSuccessfully connected to the exchange realm: bybit for symbol TRUMP/USDT:USDT.[0m
2025-05-09 22:31:38 [[36mINFO    [0m] TermuxNotification             [32m[1mTermux notification 'Pyrmethus Online' sent successfully.[0m
2025-05-09 22:31:38 [[36mINFO    [0m] PyrmethusCore                  [35m[1m=== Pyrmethus Spell v2.8.2 Awakening on bybit ===[0m
2025-05-09 22:31:38 [[36mINFO    [0m] PyrmethusCore                  [36m[2m# Listening to whispers for TRUMP/USDT:USDT on 1m...[0m
2025-05-09 22:31:38 [[36mINFO    [0m] PyrmethusCore                  [36m[2m# Phoenix Feather seeks past memories from '/data/data/com.termux/files/home/worldguide/supert/pyrmethus_phoenix_state_v282.json'...[0m
2025-05-09 22:31:38 [[36mINFO    [0m] TradeMetrics                   [36mTradeMetrics: Re-inked [93m[1m0[36m trade sagas from the Phoenix scroll.[0m
2025-05-09 22:31:38 [[32m[1mSUCCESS [0m] PyrmethusCore                  [32m[1mPhoenix Feather: Memories reawakened! Active Parts: 0, Chronicled Trades: 0[0m
2025-05-09 22:31:38 [[32m[1mSUCCESS [0m] PyrmethusCore                  [32m[1mSuccessfully reawakened from Phoenix scroll. Current active parts: 0.[0m
2025-05-09 22:31:40 [[36mINFO    [0m] PyrmethusCore                  [36mCurrent USDT Treasury (Total Equity): [93m[1m6.85[0m
2025-05-09 22:31:40 [[36mINFO    [0m] TradeMetrics                   [36mInitial Session Equity rune inscribed: [93m[1m6.85 USDT[0m
2025-05-09 22:31:40 [[36mINFO    [0m] PyrmethusCore                  [36mCurrent USDT Treasury (Total Equity): [93m[1m6.85[0m
2025-05-09 22:31:51 [[36mINFO    [0m] PyrmethusCore                  [32m[1mPhoenix Feather: State memories scribed to 'pyrmethus_phoenix_state_v282.json'. Active parts: 0.[0m
2025-05-09 22:31:51 [[36mINFO    [0m] PyrmethusCore                  [36m[2m# The digital energies settle. Until the next conjuring.[0m
2025-05-09 22:31:52 [[36mINFO    [0m] TermuxNotification             [32m[1mTermux notification 'Pyrmethus Offline' sent successfully.[0m
2025-05-09 22:31:53 [[36mINFO    [0m] PyrmethusCore                  [36mCurrent USDT Treasury (Total Equity): [93m[1m6.85[0m
2025-05-09 22:32:03 [[36mINFO    [0m] PyrmethusCore                  [32m[1mPhoenix Feather: State memories scribed to 'pyrmethus_phoenix_state_v282.json'. Active parts: 0.[0m
2025-05-09 22:32:03 [[36mINFO    [0m] PyrmethusCore                  [36m[2m# The digital energies settle. Until the next conjuring.[0m
2025-05-09 22:32:05 [[36mINFO    [0m] TermuxNotification             [32m[1mTermux notification 'Pyrmethus Offline' sent successfully.[0m
2025-05-09 22:32:05 [[36mINFO    [0m] PyrmethusCore                  [36mCurrent USDT Treasury (Total Equity): [93m[1m6.85[0m
2025-05-09 22:32:16 [[36mINFO    [0m] PyrmethusCore                  [32m[1mPhoenix Feather: State memories scribed to 'pyrmethus_phoenix_state_v282.json'. Active parts: 0.[0m
2025-05-09 22:32:16 [[36mINFO    [0m] PyrmethusCore                  [36m[2m# The digital energies settle. Until the next conjuring.[0m
2025-05-09 22:32:17 [[36mINFO    [0m] TermuxNotification             [32m[1mTermux notification 'Pyrmethus Offline' sent successfully.[0m
2025-05-09 22:32:18 [[36mINFO    [0m] PyrmethusCore                  [36mCurrent USDT Treasury (Total Equity): [93m[1m6.85[0m
2025-05-09 22:32:28 [[36mINFO    [0m] PyrmethusCore                  [32m[1mPhoenix Feather: State memories scribed to 'pyrmethus_phoenix_state_v282.json'. Active parts: 0.[0m
2025-05-09 22:32:28 [[36mINFO    [0m] PyrmethusCore                  [36m[2m# The digital energies settle. Until the next conjuring.[0m
2025-05-09 22:32:31 [[36mINFO    [0m] TermuxNotification             [32m[1mTermux notification 'Pyrmethus Offline' sent successfully.[0m
2025-05-09 22:32:31 [[36mINFO    [0m] PyrmethusCore                  [36mCurrent USDT Treasury (Total Equity): [93m[1m6.85[0m
2025-05-09 22:32:42 [[36mINFO    [0m] PyrmethusCore                  [32m[1mPhoenix Feather: State memories scribed to 'pyrmethus_phoenix_state_v282.json'. Active parts: 0.[0m
2025-05-09 22:32:42 [[36mINFO    [0m] PyrmethusCore                  [36m[2m# The digital energies settle. Until the next conjuring.[0m
2025-05-09 22:32:44 [[36mINFO    [0m] TermuxNotification             [32m[1mTermux notification 'Pyrmethus Offline' sent successfully.[0m
2025-05-09 22:32:45 [[36mINFO    [0m] PyrmethusCore                  [36mCurrent USDT Treasury (Total Equity): [93m[1m6.85[0m
2025-05-09 22:32:55 [[36mINFO    [0m] PyrmethusCore                  [32m[1mPhoenix Feather: State memories scribed to 'pyrmethus_phoenix_state_v282.json'. Active parts: 0.[0m
2025-05-09 22:32:55 [[36mINFO    [0m] PyrmethusCore                  [36m[2m# The digital energies settle. Until the next conjuring.[0m
2025-05-09 22:32:57 [[36mINFO    [0m] TermuxNotification             [32m[1mTermux notification 'Pyrmethus Offline' sent successfully.[0m
2025-05-09 22:32:58 [[36mINFO    [0m] PyrmethusCore                  [36mCurrent USDT Treasury (Total Equity): [93m[1m6.85[0m
2025-05-09 22:33:08 [[36mINFO    [0m] PyrmethusCore                  [32m[1mPhoenix Feather: State memories scribed to 'pyrmethus_phoenix_state_v282.json'. Active parts: 0.[0m
2025-05-09 22:33:08 [[36mINFO    [0m] PyrmethusCore                  [36m[2m# The digital energies settle. Until the next conjuring.[0m
2025-05-09 22:33:11 [[36mINFO    [0m] TermuxNotification             [32m[1mTermux notification 'Pyrmethus Offline' sent successfully.[0m
2025-05-09 22:33:11 [[36mINFO    [0m] PyrmethusCore                  [36mCurrent USDT Treasury (Total Equity): [93m[1m6.85[0m
2025-05-09 22:33:22 [[36mINFO    [0m] PyrmethusCore                  [32m[1mPhoenix Feather: State memories scribed to 'pyrmethus_phoenix_state_v282.json'. Active parts: 0.[0m
2025-05-09 22:33:22 [[36mINFO    [0m] PyrmethusCore                  [36m[2m# The digital energies settle. Until the next conjuring.[0m
2025-05-09 22:33:24 [[36mINFO    [0m] TermuxNotification             [32m[1mTermux notification 'Pyrmethus Offline' sent successfully.[0m
2025-05-09 22:33:25 [[36mINFO    [0m] PyrmethusCore                  [36mCurrent USDT Treasury (Total Equity): [93m[1m6.85[0m
2025-05-09 22:33:35 [[36mINFO    [0m] PyrmethusCore                  [32m[1mPhoenix Feather: State memories scribed to 'pyrmethus_phoenix_state_v282.json'. Active parts: 0.[0m
2025-05-09 22:33:35 [[36mINFO    [0m] PyrmethusCore                  [36m[2m# The digital energies settle. Until the next conjuring.[0m
2025-05-09 22:33:37 [[36mINFO    [0m] TermuxNotification             [32m[1mTermux notification 'Pyrmethus Offline' sent successfully.[0m
2025-05-09 22:33:38 [[36mINFO    [0m] PyrmethusCore                  [36mCurrent USDT Treasury (Total Equity): [93m[1m6.85[0m
2025-05-09 22:33:49 [[36mINFO    [0m] PyrmethusCore                  [32m[1mPhoenix Feather: State memories scribed to 'pyrmethus_phoenix_state_v282.json'. Active parts: 0.[0m
2025-05-09 22:33:49 [[36mINFO    [0m] PyrmethusCore                  [36m[2m# The digital energies settle. Until the next conjuring.[0m
2025-05-09 22:33:50 [[36mINFO    [0m] TermuxNotification             [32m[1mTermux notification 'Pyrmethus Offline' sent successfully.[0m
2025-05-09 22:33:51 [[36mINFO    [0m] PyrmethusCore                  [36mCurrent USDT Treasury (Total Equity): [93m[1m6.85[0m
2025-05-09 22:34:01 [[36mINFO    [0m] PyrmethusCore                  [32m[1mPhoenix Feather: State memories scribed to 'pyrmethus_phoenix_state_v282.json'. Active parts: 0.[0m
2025-05-09 22:34:01 [[36mINFO    [0m] PyrmethusCore                  [36m[2m# The digital energies settle. Until the next conjuring.[0m
2025-05-09 22:34:03 [[36mINFO    [0m] TermuxNotification             [32m[1mTermux notification 'Pyrmethus Offline' sent successfully.[0m
2025-05-09 22:34:04 [[36mINFO    [0m] PyrmethusCore                  [36mCurrent USDT Treasury (Total Equity): [93m[1m6.85[0m
2025-05-09 22:34:14 [[36mINFO    [0m] PyrmethusCore                  [32m[1mPhoenix Feather: State memories scribed to 'pyrmethus_phoenix_state_v282.json'. Active parts: 0.[0m
2025-05-09 22:34:14 [[36mINFO    [0m] PyrmethusCore                  [36m[2m# The digital energies settle. Until the next conjuring.[0m
2025-05-09 22:34:17 [[36mINFO    [0m] TermuxNotification             [32m[1mTermux notification 'Pyrmethus Offline' sent successfully.[0m
2025-05-09 22:34:17 [[36mINFO    [0m] PyrmethusCore                  [36mCurrent USDT Treasury (Total Equity): [93m[1m6.85[0m
2025-05-09 22:34:28 [[36mINFO    [0m] PyrmethusCore                  [32m[1mPhoenix Feather: State memories scribed to 'pyrmethus_phoenix_state_v282.json'. Active parts: 0.[0m
2025-05-09 22:34:28 [[36mINFO    [0m] PyrmethusCore                  [36m[2m# The digital energies settle. Until the next conjuring.[0m
2025-05-09 22:34:29 [[36mINFO    [0m] TermuxNotification             [32m[1mTermux notification 'Pyrmethus Offline' sent successfully.[0m
2025-05-09 22:34:30 [[36mINFO    [0m] PyrmethusCore                  [36mCurrent USDT Treasury (Total Equity): [93m[1m6.85[0m
2025-05-09 22:34:40 [[36mINFO    [0m] PyrmethusCore                  [32m[1mPhoenix Feather: State memories scribed to 'pyrmethus_phoenix_state_v282.json'. Active parts: 0.[0m
2025-05-09 22:34:40 [[36mINFO    [0m] PyrmethusCore                  [36m[2m# The digital energies settle. Until the next conjuring.[0m
2025-05-09 22:34:42 [[36mINFO    [0m] TermuxNotification             [32m[1mTermux notification 'Pyrmethus Offline' sent successfully.[0m
2025-05-09 22:34:42 [[36mINFO    [0m] PyrmethusCore                  [36mCurrent USDT Treasury (Total Equity): [93m[1m6.85[0m
2025-05-09 22:34:53 [[36mINFO    [0m] PyrmethusCore                  [32m[1mPhoenix Feather: State memories scribed to 'pyrmethus_phoenix_state_v282.json'. Active parts: 0.[0m
2025-05-09 22:34:53 [[36mINFO    [0m] PyrmethusCore                  [36m[2m# The digital energies settle. Until the next conjuring.[0m
2025-05-09 22:34:55 [[36mINFO    [0m] TermuxNotification             [32m[1mTermux notification 'Pyrmethus Offline' sent successfully.[0m
2025-05-09 22:34:55 [[36mINFO    [0m] PyrmethusCore                  [36mCurrent USDT Treasury (Total Equity): [93m[1m6.85[0m
2025-05-09 22:35:06 [[36mINFO    [0m] PyrmethusCore                  [32m[1mPhoenix Feather: State memories scribed to 'pyrmethus_phoenix_state_v282.json'. Active parts: 0.[0m
2025-05-09 22:35:06 [[36mINFO    [0m] PyrmethusCore                  [36m[2m# The digital energies settle. Until the next conjuring.[0m
2025-05-09 22:35:08 [[36mINFO    [0m] TermuxNotification             [32m[1mTermux notification 'Pyrmethus Offline' sent successfully.[0m
2025-05-09 22:35:09 [[36mINFO    [0m] PyrmethusCore                  [36mCurrent USDT Treasury (Total Equity): [93m[1m6.85[0m
2025-05-09 22:35:19 [[36mINFO    [0m] PyrmethusCore                  [32m[1mPhoenix Feather: State memories scribed to 'pyrmethus_phoenix_state_v282.json'. Active parts: 0.[0m
2025-05-09 22:35:19 [[36mINFO    [0m] PyrmethusCore                  [36m[2m# The digital energies settle. Until the next conjuring.[0m
2025-05-09 22:35:21 [[36mINFO    [0m] TermuxNotification             [32m[1mTermux notification 'Pyrmethus Offline' sent successfully.[0m
2025-05-09 22:35:21 [[36mINFO    [0m] PyrmethusCore                  [36mCurrent USDT Treasury (Total Equity): [93m[1m6.85[0m
2025-05-09 22:35:30 [[33m[1mWARNING [0m] PyrmethusCore                  
[33m[1mSorcerer's intervention (Ctrl+C)! Pyrmethus prepares for slumber...[0m
2025-05-09 22:35:31 [[36mINFO    [0m] TermuxNotification             [32m[1mTermux notification 'Pyrmethus Shutdown' sent successfully.[0m
