2025-05-09 22:47:03 [[36mINFO[0m] ConfigModule                   [35m[1m--- Summoning Configuration Runes v2.8.2 ---[0m
2025-05-09 22:47:03 [[36mINFO[0m] ConfigModule._validate         [32m[1mAll configuration runes appear potent and well-formed.[0m
2025-05-09 22:47:03 [[36mINFO[0m] ConfigModule                   [35m[1m--- Configuration Runes v2.8.2 Summoned and Verified ---[0m
2025-05-09 22:47:03 [[36mINFO[0m] Strategy.DualSupertrendMomentumStrategy [35mStrategy Form 'DualSupertrendMomentumStrategy' materializing...[0m
2025-05-09 22:47:03 [[32m[1mSUCCESS[0m] PyrmethusCore                  [32m[1mStrategy '[35mDUAL_SUPERTREND_MOMENTUM[32m[1m' invoked.[0m
2025-05-09 22:47:03 [[36mINFO[0m] TradeMetrics                   [36mTradeMetrics Ledger opened, ready to chronicle deeds.[0m
2025-05-09 22:47:03 [[36mINFO[0m] PyrmethusCore                  [36m[2m# Pyrmethus prepares to connect to the exchange realm...[0m
2025-05-09 22:47:13 [[32m[1mSUCCESS[0m] PyrmethusCore                  [32m[1mMarket info for TRUMP/USDT:USDT loaded. Precision: Price 0.001, Amount 0.1[0m
2025-05-09 22:47:13 [[36mINFO[0m] PyrmethusCore                  Deduced category for TRUMP/USDT:USDT as 'linear' for leverage setting.
2025-05-09 22:47:13 [[33m[1mWARNING[0m] PyrmethusCore                  [33m[1mCould not set leverage for TRUMP/USDT:USDT (may already be set, or an issue): 'bybit' object has no attribute 'δύο_directional_margin'[0m
2025-05-09 22:47:16 [[36mINFO[0m] TermuxNotify                   [32m[1mTermux notification 'Pyrmethus Leverage Warn' sent successfully.[0m
2025-05-09 22:47:16 [[32m[1mSUCCESS[0m] PyrmethusCore                  [32m[1mSuccessfully connected to exchange: bybit[0m
2025-05-09 22:47:17 [[36mINFO[0m] TermuxNotify                   [32m[1mTermux notification 'Pyrmethus Online' sent successfully.[0m
2025-05-09 22:47:17 [[36mINFO[0m] PyrmethusCore                  [35m[1m=== Pyrmethus Spell v2.8.2 Awakening on bybit ===[0m
2025-05-09 22:47:17 [[36mINFO[0m] PyrmethusCore                  [36m[2m# Listening to whispers for TRUMP/USDT:USDT on 1m...[0m
2025-05-09 22:47:17 [[36mINFO[0m] PyrmethusCore                  [36m[2m# Phoenix Feather seeks past memories...[0m
2025-05-09 22:47:17 [[36mINFO[0m] TradeMetrics                   [36mTradeMetrics: Re-inked 0 trades.[0m
2025-05-09 22:47:17 [[32m[1mSUCCESS[0m] PyrmethusCore                  [32m[1mPhoenix Feather: Memories reawakened! Active Parts: 0[0m
2025-05-09 22:47:17 [[32m[1mSUCCESS[0m] PyrmethusCore                  [32m[1mSuccessfully reawakened from Phoenix scroll.[0m
2025-05-09 22:47:19 [[36mINFO[0m] PyrmethusCore                  [36mCurrent USDT Balance: [93m[1m6.85[0m
2025-05-09 22:47:19 [[36mINFO[0m] TradeMetrics                   [36mInitial Session Equity rune inscribed: [93m[1m6.85 USDT[0m
2025-05-09 22:47:19 [[36mINFO[0m] PyrmethusCore                  [36mCurrent USDT Balance: [93m[1m6.85[0m
2025-05-09 22:47:30 [[36mINFO[0m] PyrmethusCore                  [36mCurrent USDT Balance: [93m[1m6.85[0m
2025-05-09 22:47:41 [[36mINFO[0m] PyrmethusCore                  [36mCurrent USDT Balance: [93m[1m6.85[0m
2025-05-09 22:47:53 [[36mINFO[0m] PyrmethusCore                  [36mCurrent USDT Balance: [93m[1m6.85[0m
2025-05-09 22:48:04 [[36mINFO[0m] PyrmethusCore                  [36mCurrent USDT Balance: [93m[1m6.85[0m
2025-05-09 22:48:15 [[36mINFO[0m] PyrmethusCore                  [36mCurrent USDT Balance: [93m[1m6.85[0m
2025-05-09 22:48:26 [[36mINFO[0m] PyrmethusCore                  [36mCurrent USDT Balance: [93m[1m6.85[0m
2025-05-09 22:48:37 [[36mINFO[0m] PyrmethusCore                  [36mCurrent USDT Balance: [93m[1m6.85[0m
2025-05-09 22:48:48 [[36mINFO[0m] PyrmethusCore                  [36mCurrent USDT Balance: [93m[1m6.85[0m
2025-05-09 22:49:00 [[36mINFO[0m] PyrmethusCore                  [36mCurrent USDT Balance: [93m[1m6.85[0m
2025-05-09 22:49:11 [[36mINFO[0m] PyrmethusCore                  [36mCurrent USDT Balance: [93m[1m6.85[0m
2025-05-09 22:49:22 [[36mINFO[0m] PyrmethusCore                  [36mCurrent USDT Balance: [93m[1m6.85[0m
2025-05-09 22:49:33 [[36mINFO[0m] PyrmethusCore                  [36mCurrent USDT Balance: [93m[1m6.85[0m
2025-05-09 22:49:45 [[36mINFO[0m] PyrmethusCore                  [36mCurrent USDT Balance: [93m[1m6.85[0m
2025-05-09 22:49:56 [[36mINFO[0m] PyrmethusCore                  [36mCurrent USDT Balance: [93m[1m6.85[0m
2025-05-09 22:50:07 [[36mINFO[0m] PyrmethusCore                  [36mCurrent USDT Balance: [93m[1m6.85[0m
2025-05-09 22:50:18 [[36mINFO[0m] PyrmethusCore                  [36mCurrent USDT Balance: [93m[1m6.85[0m
2025-05-09 22:50:29 [[36mINFO[0m] PyrmethusCore                  [36mCurrent USDT Balance: [93m[1m6.85[0m
2025-05-09 22:50:40 [[36mINFO[0m] PyrmethusCore                  [36mCurrent USDT Balance: [93m[1m6.85[0m
2025-05-09 22:50:52 [[36mINFO[0m] PyrmethusCore                  [36mCurrent USDT Balance: [93m[1m6.85[0m
2025-05-09 22:51:03 [[36mINFO[0m] PyrmethusCore                  [36mCurrent USDT Balance: [93m[1m6.85[0m
2025-05-09 22:51:14 [[36mINFO[0m] PyrmethusCore                  [36mCurrent USDT Balance: [93m[1m6.85[0m
2025-05-09 22:51:26 [[36mINFO[0m] PyrmethusCore                  [36mCurrent USDT Balance: [93m[1m6.85[0m
2025-05-09 22:51:37 [[36mINFO[0m] PyrmethusCore                  [36mCurrent USDT Balance: [93m[1m6.85[0m
2025-05-09 22:51:48 [[36mINFO[0m] PyrmethusCore                  [36mCurrent USDT Balance: [93m[1m6.85[0m
2025-05-09 22:52:00 [[36mINFO[0m] PyrmethusCore                  [36mCurrent USDT Balance: [93m[1m6.85[0m
2025-05-09 22:52:11 [[36mINFO[0m] PyrmethusCore                  [36mCurrent USDT Balance: [93m[1m6.85[0m
2025-05-09 22:52:23 [[36mINFO[0m] PyrmethusCore                  [36mCurrent USDT Balance: [93m[1m6.85[0m
2025-05-09 22:52:34 [[36mINFO[0m] PyrmethusCore                  [36mCurrent USDT Balance: [93m[1m6.85[0m
2025-05-09 22:52:45 [[36mINFO[0m] PyrmethusCore                  [36mCurrent USDT Balance: [93m[1m6.85[0m
2025-05-09 22:52:57 [[36mINFO[0m] PyrmethusCore                  [36mCurrent USDT Balance: [93m[1m6.85[0m
2025-05-09 22:53:08 [[36mINFO[0m] PyrmethusCore                  [36mCurrent USDT Balance: [93m[1m6.85[0m
2025-05-09 22:53:19 [[36mINFO[0m] PyrmethusCore                  [36mCurrent USDT Balance: [93m[1m6.85[0m
2025-05-09 22:53:30 [[36mINFO[0m] PyrmethusCore                  [36mCurrent USDT Balance: [93m[1m6.85[0m
2025-05-09 22:53:41 [[36mINFO[0m] PyrmethusCore                  [36mCurrent USDT Balance: [93m[1m6.85[0m
2025-05-09 22:53:52 [[36mINFO[0m] PyrmethusCore                  [36mCurrent USDT Balance: [93m[1m6.85[0m
2025-05-09 22:54:04 [[36mINFO[0m] PyrmethusCore                  [36mCurrent USDT Balance: [93m[1m6.85[0m
2025-05-09 22:54:15 [[36mINFO[0m] PyrmethusCore                  [36mCurrent USDT Balance: [93m[1m6.85[0m
2025-05-09 22:54:26 [[36mINFO[0m] PyrmethusCore                  [36mCurrent USDT Balance: [93m[1m6.85[0m
2025-05-09 22:54:37 [[36mINFO[0m] PyrmethusCore                  [36mCurrent USDT Balance: [93m[1m6.85[0m
2025-05-09 22:54:48 [[36mINFO[0m] PyrmethusCore                  [36mCurrent USDT Balance: [93m[1m6.85[0m
2025-05-09 22:55:00 [[36mINFO[0m] PyrmethusCore                  [36mCurrent USDT Balance: [93m[1m6.85[0m
2025-05-09 22:55:11 [[36mINFO[0m] PyrmethusCore                  [36mCurrent USDT Balance: [93m[1m6.85[0m
2025-05-09 22:55:22 [[36mINFO[0m] PyrmethusCore                  [36mCurrent USDT Balance: [93m[1m6.85[0m
2025-05-09 22:55:33 [[36mINFO[0m] PyrmethusCore                  [36mCurrent USDT Balance: [93m[1m6.85[0m
2025-05-09 22:55:44 [[36mINFO[0m] PyrmethusCore                  [36mCurrent USDT Balance: [93m[1m6.85[0m
2025-05-09 22:55:55 [[36mINFO[0m] PyrmethusCore                  [36mCurrent USDT Balance: [93m[1m6.85[0m
2025-05-09 22:56:06 [[36mINFO[0m] PyrmethusCore                  [36mCurrent USDT Balance: [93m[1m6.85[0m
2025-05-09 22:56:18 [[36mINFO[0m] PyrmethusCore                  [36mCurrent USDT Balance: [93m[1m6.85[0m
2025-05-09 22:56:29 [[36mINFO[0m] PyrmethusCore                  [36mCurrent USDT Balance: [93m[1m6.85[0m
2025-05-09 22:56:40 [[36mINFO[0m] PyrmethusCore                  [36mCurrent USDT Balance: [93m[1m6.85[0m
2025-05-09 22:56:51 [[36mINFO[0m] PyrmethusCore                  [36mCurrent USDT Balance: [93m[1m6.85[0m
2025-05-09 22:57:02 [[36mINFO[0m] PyrmethusCore                  [36mCurrent USDT Balance: [93m[1m6.85[0m
2025-05-09 22:57:14 [[36mINFO[0m] PyrmethusCore                  [36mCurrent USDT Balance: [93m[1m6.85[0m
2025-05-09 22:57:25 [[36mINFO[0m] PyrmethusCore                  [36mCurrent USDT Balance: [93m[1m6.85[0m
2025-05-09 22:57:36 [[36mINFO[0m] PyrmethusCore                  [36mCurrent USDT Balance: [93m[1m6.85[0m
2025-05-09 22:57:47 [[36mINFO[0m] PyrmethusCore                  [36mCurrent USDT Balance: [93m[1m6.85[0m
2025-05-09 22:57:58 [[36mINFO[0m] PyrmethusCore                  [36mCurrent USDT Balance: [93m[1m6.85[0m
2025-05-09 22:58:09 [[36mINFO[0m] PyrmethusCore                  [36mCurrent USDT Balance: [93m[1m6.85[0m
2025-05-09 22:58:21 [[36mINFO[0m] PyrmethusCore                  [36mCurrent USDT Balance: [93m[1m6.85[0m
2025-05-09 22:58:32 [[36mINFO[0m] PyrmethusCore                  [36mCurrent USDT Balance: [93m[1m6.85[0m
2025-05-09 22:58:43 [[36mINFO[0m] PyrmethusCore                  [36mCurrent USDT Balance: [93m[1m6.85[0m
2025-05-09 22:58:54 [[36mINFO[0m] PyrmethusCore                  [36mCurrent USDT Balance: [93m[1m6.85[0m
2025-05-09 22:59:10 [[36mINFO[0m] PyrmethusCore                  [36mCurrent USDT Balance: [93m[1m6.85[0m
2025-05-09 22:59:25 [[36mINFO[0m] PyrmethusCore                  [36mCurrent USDT Balance: [93m[1m6.85[0m
2025-05-09 22:59:36 [[36mINFO[0m] PyrmethusCore                  [36mCurrent USDT Balance: [93m[1m6.85[0m
2025-05-09 22:59:47 [[36mINFO[0m] PyrmethusCore                  [36mCurrent USDT Balance: [93m[1m6.85[0m
2025-05-09 22:59:59 [[36mINFO[0m] PyrmethusCore                  [36mCurrent USDT Balance: [93m[1m6.85[0m
2025-05-09 23:00:10 [[36mINFO[0m] PyrmethusCore                  [36mCurrent USDT Balance: [93m[1m6.85[0m
2025-05-09 23:00:22 [[36mINFO[0m] PyrmethusCore                  [36mCurrent USDT Balance: [93m[1m6.85[0m
2025-05-09 23:00:33 [[36mINFO[0m] PyrmethusCore                  [36mCurrent USDT Balance: [93m[1m6.85[0m
2025-05-09 23:00:45 [[36mINFO[0m] PyrmethusCore                  [36mCurrent USDT Balance: [93m[1m6.85[0m
2025-05-09 23:00:56 [[36mINFO[0m] PyrmethusCore                  [36mCurrent USDT Balance: [93m[1m6.85[0m
2025-05-09 23:01:08 [[36mINFO[0m] PyrmethusCore                  [36mCurrent USDT Balance: [93m[1m6.85[0m
2025-05-09 23:01:19 [[36mINFO[0m] PyrmethusCore                  [36mCurrent USDT Balance: [93m[1m6.85[0m
2025-05-09 23:01:30 [[36mINFO[0m] PyrmethusCore                  [36mCurrent USDT Balance: [93m[1m6.85[0m
2025-05-09 23:01:41 [[36mINFO[0m] PyrmethusCore                  [36mCurrent USDT Balance: [93m[1m6.85[0m
2025-05-09 23:01:52 [[36mINFO[0m] PyrmethusCore                  [36mCurrent USDT Balance: [93m[1m6.85[0m
2025-05-09 23:02:04 [[36mINFO[0m] PyrmethusCore                  [36mCurrent USDT Balance: [93m[1m6.85[0m
2025-05-09 23:02:15 [[36mINFO[0m] PyrmethusCore                  [36mCurrent USDT Balance: [93m[1m6.85[0m
2025-05-09 23:02:26 [[36mINFO[0m] PyrmethusCore                  [36mCurrent USDT Balance: [93m[1m6.85[0m
2025-05-09 23:02:37 [[36mINFO[0m] PyrmethusCore                  [36mCurrent USDT Balance: [93m[1m6.85[0m
2025-05-09 23:02:49 [[36mINFO[0m] PyrmethusCore                  [36mCurrent USDT Balance: [93m[1m6.85[0m
2025-05-09 23:03:00 [[36mINFO[0m] PyrmethusCore                  [36mCurrent USDT Balance: [93m[1m6.85[0m
2025-05-09 23:03:11 [[36mINFO[0m] PyrmethusCore                  [36mCurrent USDT Balance: [93m[1m6.85[0m
2025-05-09 23:03:22 [[36mINFO[0m] PyrmethusCore                  [36mCurrent USDT Balance: [93m[1m6.85[0m
2025-05-09 23:03:33 [[36mINFO[0m] PyrmethusCore                  [36mCurrent USDT Balance: [93m[1m6.85[0m
2025-05-09 23:03:45 [[36mINFO[0m] PyrmethusCore                  [36mCurrent USDT Balance: [93m[1m6.85[0m
2025-05-09 23:03:56 [[36mINFO[0m] PyrmethusCore                  [36mCurrent USDT Balance: [93m[1m6.85[0m
2025-05-09 23:04:07 [[36mINFO[0m] PyrmethusCore                  [36mCurrent USDT Balance: [93m[1m6.85[0m
2025-05-09 23:04:18 [[36mINFO[0m] PyrmethusCore                  [36mCurrent USDT Balance: [93m[1m6.85[0m
2025-05-09 23:04:29 [[36mINFO[0m] PyrmethusCore                  [36mCurrent USDT Balance: [93m[1m6.85[0m
2025-05-09 23:04:40 [[36mINFO[0m] PyrmethusCore                  [36mCurrent USDT Balance: [93m[1m6.85[0m
2025-05-09 23:04:51 [[36mINFO[0m] PyrmethusCore                  [36mCurrent USDT Balance: [93m[1m6.85[0m
2025-05-09 23:05:03 [[36mINFO[0m] PyrmethusCore                  [36mCurrent USDT Balance: [93m[1m6.85[0m
2025-05-09 23:05:14 [[36mINFO[0m] PyrmethusCore                  [36mCurrent USDT Balance: [93m[1m6.85[0m
2025-05-09 23:05:25 [[36mINFO[0m] PyrmethusCore                  [36mCurrent USDT Balance: [93m[1m6.85[0m
2025-05-09 23:05:25 [[36mINFO[0m] Strategy.DualSupertrendMomentumStrategy [33m[1mDualST+Mom: EXIT SHORT - Primary ST Flipped Long[0m
2025-05-09 23:05:36 [[36mINFO[0m] PyrmethusCore                  [36mCurrent USDT Balance: [93m[1m6.85[0m
2025-05-09 23:05:47 [[36mINFO[0m] PyrmethusCore                  [36mCurrent USDT Balance: [93m[1m6.85[0m
2025-05-09 23:05:58 [[36mINFO[0m] PyrmethusCore                  [36mCurrent USDT Balance: [93m[1m6.85[0m
2025-05-09 23:06:09 [[36mINFO[0m] PyrmethusCore                  [36mCurrent USDT Balance: [93m[1m6.85[0m
2025-05-09 23:06:20 [[36mINFO[0m] PyrmethusCore                  [36mCurrent USDT Balance: [93m[1m6.85[0m
2025-05-09 23:06:32 [[36mINFO[0m] PyrmethusCore                  [36mCurrent USDT Balance: [93m[1m6.85[0m
2025-05-09 23:06:43 [[36mINFO[0m] PyrmethusCore                  [36mCurrent USDT Balance: [93m[1m6.85[0m
2025-05-09 23:06:54 [[36mINFO[0m] PyrmethusCore                  [36mCurrent USDT Balance: [93m[1m6.85[0m
2025-05-09 23:07:05 [[36mINFO[0m] PyrmethusCore                  [36mCurrent USDT Balance: [93m[1m6.85[0m
2025-05-09 23:07:16 [[36mINFO[0m] PyrmethusCore                  [36mCurrent USDT Balance: [93m[1m6.85[0m
2025-05-09 23:07:27 [[36mINFO[0m] PyrmethusCore                  [36mCurrent USDT Balance: [93m[1m6.85[0m
2025-05-09 23:07:38 [[36mINFO[0m] PyrmethusCore                  [36mCurrent USDT Balance: [93m[1m6.85[0m
2025-05-09 23:07:49 [[36mINFO[0m] PyrmethusCore                  [36mCurrent USDT Balance: [93m[1m6.85[0m
2025-05-09 23:08:01 [[36mINFO[0m] PyrmethusCore                  [36mCurrent USDT Balance: [93m[1m6.85[0m
2025-05-09 23:08:12 [[36mINFO[0m] PyrmethusCore                  [36mCurrent USDT Balance: [93m[1m6.85[0m
2025-05-09 23:08:23 [[36mINFO[0m] PyrmethusCore                  [36mCurrent USDT Balance: [93m[1m6.85[0m
2025-05-09 23:08:34 [[36mINFO[0m] PyrmethusCore                  [36mCurrent USDT Balance: [93m[1m6.85[0m
2025-05-09 23:08:45 [[36mINFO[0m] PyrmethusCore                  [36mCurrent USDT Balance: [93m[1m6.85[0m
2025-05-09 23:08:56 [[36mINFO[0m] PyrmethusCore                  [36mCurrent USDT Balance: [93m[1m6.85[0m
2025-05-09 23:09:07 [[36mINFO[0m] PyrmethusCore                  [36mCurrent USDT Balance: [93m[1m6.85[0m
2025-05-09 23:09:18 [[36mINFO[0m] PyrmethusCore                  [36mCurrent USDT Balance: [93m[1m6.85[0m
2025-05-09 23:09:30 [[36mINFO[0m] PyrmethusCore                  [36mCurrent USDT Balance: [93m[1m6.85[0m
2025-05-09 23:09:41 [[36mINFO[0m] PyrmethusCore                  [36mCurrent USDT Balance: [93m[1m6.85[0m
2025-05-09 23:09:52 [[36mINFO[0m] PyrmethusCore                  [36mCurrent USDT Balance: [93m[1m6.85[0m
2025-05-09 23:10:03 [[36mINFO[0m] PyrmethusCore                  [36mCurrent USDT Balance: [93m[1m6.85[0m
2025-05-09 23:10:15 [[36mINFO[0m] PyrmethusCore                  [36mCurrent USDT Balance: [93m[1m6.85[0m
2025-05-09 23:10:26 [[36mINFO[0m] PyrmethusCore                  [36mCurrent USDT Balance: [93m[1m6.85[0m
2025-05-09 23:10:37 [[36mINFO[0m] PyrmethusCore                  [36mCurrent USDT Balance: [93m[1m6.85[0m
2025-05-09 23:10:48 [[36mINFO[0m] PyrmethusCore                  [36mCurrent USDT Balance: [93m[1m6.85[0m
2025-05-09 23:10:59 [[36mINFO[0m] PyrmethusCore                  [36mCurrent USDT Balance: [93m[1m6.85[0m
2025-05-09 23:11:10 [[36mINFO[0m] PyrmethusCore                  [36mCurrent USDT Balance: [93m[1m6.85[0m
2025-05-09 23:11:21 [[36mINFO[0m] PyrmethusCore                  [36mCurrent USDT Balance: [93m[1m6.85[0m
2025-05-09 23:11:32 [[36mINFO[0m] PyrmethusCore                  [36mCurrent USDT Balance: [93m[1m6.85[0m
2025-05-09 23:11:43 [[36mINFO[0m] PyrmethusCore                  [36mCurrent USDT Balance: [93m[1m6.85[0m
2025-05-09 23:11:54 [[36mINFO[0m] PyrmethusCore                  [36mCurrent USDT Balance: [93m[1m6.85[0m
2025-05-09 23:12:06 [[36mINFO[0m] PyrmethusCore                  [36mCurrent USDT Balance: [93m[1m6.85[0m
2025-05-09 23:12:17 [[36mINFO[0m] PyrmethusCore                  [36mCurrent USDT Balance: [93m[1m6.85[0m
2025-05-09 23:12:28 [[36mINFO[0m] PyrmethusCore                  [36mCurrent USDT Balance: [93m[1m6.85[0m
2025-05-09 23:12:39 [[36mINFO[0m] PyrmethusCore                  [36mCurrent USDT Balance: [93m[1m6.85[0m
2025-05-09 23:12:50 [[36mINFO[0m] PyrmethusCore                  [36mCurrent USDT Balance: [93m[1m6.85[0m
2025-05-09 23:13:01 [[36mINFO[0m] PyrmethusCore                  [36mCurrent USDT Balance: [93m[1m6.85[0m
2025-05-09 23:13:12 [[36mINFO[0m] PyrmethusCore                  [36mCurrent USDT Balance: [93m[1m6.85[0m
2025-05-09 23:13:24 [[36mINFO[0m] PyrmethusCore                  [36mCurrent USDT Balance: [93m[1m6.85[0m
2025-05-09 23:13:35 [[36mINFO[0m] PyrmethusCore                  [36mCurrent USDT Balance: [93m[1m6.85[0m
2025-05-09 23:13:46 [[36mINFO[0m] PyrmethusCore                  [36mCurrent USDT Balance: [93m[1m6.85[0m
2025-05-09 23:13:57 [[36mINFO[0m] PyrmethusCore                  [36mCurrent USDT Balance: [93m[1m6.85[0m
2025-05-09 23:14:08 [[36mINFO[0m] PyrmethusCore                  [36mCurrent USDT Balance: [93m[1m6.85[0m
2025-05-09 23:14:19 [[36mINFO[0m] PyrmethusCore                  [36mCurrent USDT Balance: [93m[1m6.85[0m
2025-05-09 23:14:31 [[36mINFO[0m] PyrmethusCore                  [36mCurrent USDT Balance: [93m[1m6.85[0m
2025-05-09 23:14:42 [[36mINFO[0m] PyrmethusCore                  [36mCurrent USDT Balance: [93m[1m6.85[0m
2025-05-09 23:14:53 [[36mINFO[0m] PyrmethusCore                  [36mCurrent USDT Balance: [93m[1m6.85[0m
2025-05-09 23:15:04 [[36mINFO[0m] PyrmethusCore                  [36mCurrent USDT Balance: [93m[1m6.85[0m
2025-05-09 23:15:15 [[36mINFO[0m] PyrmethusCore                  [36mCurrent USDT Balance: [93m[1m6.85[0m
2025-05-09 23:15:26 [[36mINFO[0m] PyrmethusCore                  [36mCurrent USDT Balance: [93m[1m6.85[0m
2025-05-09 23:15:37 [[36mINFO[0m] PyrmethusCore                  [36mCurrent USDT Balance: [93m[1m6.85[0m
2025-05-09 23:15:49 [[36mINFO[0m] PyrmethusCore                  [36mCurrent USDT Balance: [93m[1m6.85[0m
2025-05-09 23:16:00 [[36mINFO[0m] PyrmethusCore                  [36mCurrent USDT Balance: [93m[1m6.85[0m
2025-05-09 23:16:11 [[36mINFO[0m] PyrmethusCore                  [36mCurrent USDT Balance: [93m[1m6.85[0m
2025-05-09 23:16:22 [[36mINFO[0m] PyrmethusCore                  [36mCurrent USDT Balance: [93m[1m6.85[0m
2025-05-09 23:16:34 [[36mINFO[0m] PyrmethusCore                  [36mCurrent USDT Balance: [93m[1m6.85[0m
2025-05-09 23:16:45 [[36mINFO[0m] PyrmethusCore                  [36mCurrent USDT Balance: [93m[1m6.85[0m
2025-05-09 23:16:56 [[36mINFO[0m] PyrmethusCore                  [36mCurrent USDT Balance: [93m[1m6.85[0m
