2025-04-23 23:00:31.948 INFO     [pyrmethus_bot_main:3766] [35m[1m--- Pyrmethus Volumatic Bot v1.4.1 Starting ---[0m
2025-04-23 23:00:31.948 INFO     [pyrmethus_bot_main:796] [36m# Initializing Bybit exchange connection...[0m
2025-04-23 23:00:31.972 WARNING  [pyrmethus_bot_main:823] [91m[1m!!! <<< LIVE TRADING ACTIVE >>> Exchange: bybit !!![0m
2025-04-23 23:00:31.973 INFO     [pyrmethus_bot_main:826] Loading market data for bybit...
2025-04-23 23:00:31.973 DEBUG    [pyrmethus_bot_main:831] Market load attempt 1...
2025-04-23 23:00:32.248 WARNING  [pyrmethus_bot_main:845] Network error loading markets (Attempt 1): bybit GET https://api.bybit.com/v5/asset/coin/query-info? 403 Forbidden <!DOCTYPE HTML PUBLIC "-//W3C//DTD HTML 4.01 Transitional//EN" "http://www.w3.org/TR/html4/loose.dtd">
<HTML><HEAD><META HTTP-EQUIV="Content-Type" CONTENT="text/html; charset=iso-8859-1">
<TITLE>ERROR: The request could not be satisfied</TITLE>
</HEAD><BODY>
<H1>403 ERROR</H1>
<H2>The request could not be satisfied.</H2>
<HR noshade size="1px">
The Amazon CloudFront distribution is configured to block access from your country.
We can't connect to the server for this app or website at this time. There might be too much traffic or a configuration error. Try again later, or contact the app or website owner.
<BR clear="all">
If you provide content to customers through CloudFront, you can find steps to troubleshoot and help prevent this error by reviewing the CloudFront documentation.
<BR clear="all">
<HR noshade size="1px">
<PRE>
Generated by cloudfront (CloudFront)
Request ID: IkdH0UoZmLV4J62A6HqB4yCOFpnCns7vgV_iiufJed0UfnEduP4anA==
</PRE>
<ADDRESS>
</ADDRESS>
</BODY></HTML>. Retrying...
2025-04-23 23:00:32.249 WARNING  [pyrmethus_bot_main:859] Retrying market load in 5s...
2025-04-23 23:00:37.251 DEBUG    [pyrmethus_bot_main:831] Market load attempt 2...
2025-04-23 23:00:37.323 WARNING  [pyrmethus_bot_main:845] Network error loading markets (Attempt 2): bybit GET https://api.bybit.com/v5/asset/coin/query-info? 403 Forbidden <!DOCTYPE HTML PUBLIC "-//W3C//DTD HTML 4.01 Transitional//EN" "http://www.w3.org/TR/html4/loose.dtd">
<HTML><HEAD><META HTTP-EQUIV="Content-Type" CONTENT="text/html; charset=iso-8859-1">
<TITLE>ERROR: The request could not be satisfied</TITLE>
</HEAD><BODY>
<H1>403 ERROR</H1>
<H2>The request could not be satisfied.</H2>
<HR noshade size="1px">
The Amazon CloudFront distribution is configured to block access from your country.
We can't connect to the server for this app or website at this time. There might be too much traffic or a configuration error. Try again later, or contact the app or website owner.
<BR clear="all">
If you provide content to customers through CloudFront, you can find steps to troubleshoot and help prevent this error by reviewing the CloudFront documentation.
<BR clear="all">
<HR noshade size="1px">
<PRE>
Generated by cloudfront (CloudFront)
Request ID: CZwXSuHaKd9Ak9cHGiYftzvX7-fI_IQ_Gn1Kv3qeAkSA41EzSMQKqA==
</PRE>
<ADDRESS>
</ADDRESS>
</BODY></HTML>. Retrying...
2025-04-23 23:00:37.324 WARNING  [pyrmethus_bot_main:859] Retrying market load in 10s...
2025-04-23 23:00:47.326 DEBUG    [pyrmethus_bot_main:831] Market load attempt 3...
2025-04-23 23:00:47.415 WARNING  [pyrmethus_bot_main:845] Network error loading markets (Attempt 3): bybit GET https://api.bybit.com/v5/asset/coin/query-info? 403 Forbidden <!DOCTYPE HTML PUBLIC "-//W3C//DTD HTML 4.01 Transitional//EN" "http://www.w3.org/TR/html4/loose.dtd">
<HTML><HEAD><META HTTP-EQUIV="Content-Type" CONTENT="text/html; charset=iso-8859-1">
<TITLE>ERROR: The request could not be satisfied</TITLE>
</HEAD><BODY>
<H1>403 ERROR</H1>
<H2>The request could not be satisfied.</H2>
<HR noshade size="1px">
The Amazon CloudFront distribution is configured to block access from your country.
We can't connect to the server for this app or website at this time. There might be too much traffic or a configuration error. Try again later, or contact the app or website owner.
<BR clear="all">
If you provide content to customers through CloudFront, you can find steps to troubleshoot and help prevent this error by reviewing the CloudFront documentation.
<BR clear="all">
<HR noshade size="1px">
<PRE>
Generated by cloudfront (CloudFront)
Request ID: VEej-pCi-jBCIPnMpwGsIbMSzP7VY9MxA_xolR8dld8G2W2I-21pZA==
</PRE>
<ADDRESS>
</ADDRESS>
</BODY></HTML>. Retrying...
2025-04-23 23:00:47.417 WARNING  [pyrmethus_bot_main:859] Retrying market load in 15s...
2025-04-23 23:01:02.445 DEBUG    [pyrmethus_bot_main:831] Market load attempt 4...
2025-04-23 23:01:12.310 INFO     [pyrmethus_bot_main:835] [92mMarket data loaded successfully (2605 symbols found).[0m
2025-04-23 23:01:12.311 INFO     [pyrmethus_bot_main:867] Exchange initialized: bybit | Sandbox: False
2025-04-23 23:01:12.311 INFO     [pyrmethus_bot_main:871] Performing initial balance check for USDT...
2025-04-23 23:01:12.312 DEBUG    [pyrmethus_bot_main:1609] Fetching balance for currency: USDT...
2025-04-23 23:01:12.312 DEBUG    [pyrmethus_bot_main:1628] Fetching balance (USDT, Account Type: UNIFIED, Attempt 1)...
2025-04-23 23:01:13.602 DEBUG    [pyrmethus_bot_main:1697] Successfully parsed balance (USDT) from Account Type: UNIFIED ('free' field): 2.92909684
2025-04-23 23:01:13.603 INFO     [pyrmethus_bot_main:884] [92mInitial balance check successful: 2.92909684 USDT[0m
2025-04-23 23:01:13.604 INFO     [pyrmethus_bot_main:885] [36m# Exchange initialization complete.[0m
2025-04-23 23:01:13.604 INFO     [pyrmethus_bot_main:3790] Validating configured trading pairs: ['BTC/USDT']
2025-04-23 23:01:13.611 INFO     [pyrmethus_bot_main:3829] All configured pairs validated successfully: ['BTC/USDT']
2025-04-23 23:01:13.612 WARNING  [pyrmethus_bot_main:3834] [91m[1m--- LIVE TRADING IS ENABLED --- Verify configuration carefully![0m
2025-04-23 23:01:13.612 INFO     [pyrmethus_bot_main:3838] [36m### Starting Main Trading Loop ###[0m
2025-04-23 23:01:13.613 INFO     [pyrmethus_bot_main:3904] [35m[1m--- Pyrmethus Bot Shutting Down Gracefully ---[0m
2025-04-23 23:01:21.454 INFO     [pyrmethus_bot_main:3766] [35m[1m--- Pyrmethus Volumatic Bot v1.4.1 Starting ---[0m
2025-04-23 23:01:21.455 INFO     [pyrmethus_bot_main:796] [36m# Initializing Bybit exchange connection...[0m
2025-04-23 23:01:21.481 WARNING  [pyrmethus_bot_main:823] [91m[1m!!! <<< LIVE TRADING ACTIVE >>> Exchange: bybit !!![0m
2025-04-23 23:01:21.482 INFO     [pyrmethus_bot_main:826] Loading market data for bybit...
2025-04-23 23:01:21.482 DEBUG    [pyrmethus_bot_main:831] Market load attempt 1...
2025-04-23 23:01:28.685 INFO     [pyrmethus_bot_main:835] [92mMarket data loaded successfully (2605 symbols found).[0m
2025-04-23 23:01:28.685 INFO     [pyrmethus_bot_main:867] Exchange initialized: bybit | Sandbox: False
2025-04-23 23:01:28.686 INFO     [pyrmethus_bot_main:871] Performing initial balance check for USDT...
2025-04-23 23:01:28.686 DEBUG    [pyrmethus_bot_main:1609] Fetching balance for currency: USDT...
2025-04-23 23:01:28.686 DEBUG    [pyrmethus_bot_main:1628] Fetching balance (USDT, Account Type: UNIFIED, Attempt 1)...
2025-04-23 23:01:29.950 DEBUG    [pyrmethus_bot_main:1697] Successfully parsed balance (USDT) from Account Type: UNIFIED ('free' field): 2.92909684
2025-04-23 23:01:29.951 INFO     [pyrmethus_bot_main:884] [92mInitial balance check successful: 2.92909684 USDT[0m
2025-04-23 23:01:29.951 INFO     [pyrmethus_bot_main:885] [36m# Exchange initialization complete.[0m
2025-04-23 23:01:29.952 INFO     [pyrmethus_bot_main:3790] Validating configured trading pairs: ['BTC/USDT']
2025-04-23 23:01:29.958 INFO     [pyrmethus_bot_main:3829] All configured pairs validated successfully: ['BTC/USDT']
2025-04-23 23:01:29.958 WARNING  [pyrmethus_bot_main:3834] [91m[1m--- LIVE TRADING IS ENABLED --- Verify configuration carefully![0m
2025-04-23 23:01:29.959 INFO     [pyrmethus_bot_main:3838] [36m### Starting Main Trading Loop ###[0m
2025-04-23 23:01:29.959 DEBUG    [pyrmethus_bot_main:3847] --- Main Loop Cycle #1 Started ---
2025-04-23 23:01:30.721 INFO     [pyrmethus_bot_main:3894] Cycle 1 completed in 0.76s. Waiting 9.24s for next cycle...
2025-04-23 23:01:39.967 DEBUG    [pyrmethus_bot_main:3847] --- Main Loop Cycle #2 Started ---
2025-04-23 23:01:40.744 INFO     [pyrmethus_bot_main:3894] Cycle 2 completed in 0.77s. Waiting 9.23s for next cycle...
2025-04-23 23:01:49.974 DEBUG    [pyrmethus_bot_main:3847] --- Main Loop Cycle #3 Started ---
2025-04-23 23:01:50.810 INFO     [pyrmethus_bot_main:3894] Cycle 3 completed in 0.84s. Waiting 9.16s for next cycle...
2025-04-23 23:01:59.981 DEBUG    [pyrmethus_bot_main:3847] --- Main Loop Cycle #4 Started ---
2025-04-23 23:02:01.064 INFO     [pyrmethus_bot_main:3894] Cycle 4 completed in 1.08s. Waiting 8.92s for next cycle...
2025-04-23 23:02:09.987 DEBUG    [pyrmethus_bot_main:3847] --- Main Loop Cycle #5 Started ---
2025-04-23 23:02:11.324 INFO     [pyrmethus_bot_main:3894] Cycle 5 completed in 1.34s. Waiting 8.66s for next cycle...
2025-04-23 23:02:13.325 INFO     [pyrmethus_bot_main:3904] [35m[1m--- Pyrmethus Bot Shutting Down Gracefully ---[0m
2025-04-23 23:03:02.512 INFO     [pyrmethus_bot_main:3766] [35m[1m--- Pyrmethus Volumatic Bot v1.4.1 Starting ---[0m
2025-04-23 23:03:02.513 INFO     [pyrmethus_bot_main:796] [36m# Initializing Bybit exchange connection...[0m
2025-04-23 23:03:02.538 WARNING  [pyrmethus_bot_main:823] [91m[1m!!! <<< LIVE TRADING ACTIVE >>> Exchange: bybit !!![0m
2025-04-23 23:03:02.538 INFO     [pyrmethus_bot_main:826] Loading market data for bybit...
2025-04-23 23:03:02.539 DEBUG    [pyrmethus_bot_main:831] Market load attempt 1...
2025-04-23 23:03:14.781 INFO     [pyrmethus_bot_main:835] [92mMarket data loaded successfully (2605 symbols found).[0m
2025-04-23 23:03:14.787 INFO     [pyrmethus_bot_main:867] Exchange initialized: bybit | Sandbox: False
2025-04-23 23:03:14.787 INFO     [pyrmethus_bot_main:871] Performing initial balance check for USDT...
2025-04-23 23:03:14.787 DEBUG    [pyrmethus_bot_main:1609] Fetching balance for currency: USDT...
2025-04-23 23:03:14.787 DEBUG    [pyrmethus_bot_main:1628] Fetching balance (USDT, Account Type: UNIFIED, Attempt 1)...
2025-04-23 23:03:16.138 DEBUG    [pyrmethus_bot_main:1697] Successfully parsed balance (USDT) from Account Type: UNIFIED ('free' field): 2.92909684
2025-04-23 23:03:16.138 INFO     [pyrmethus_bot_main:884] [92mInitial balance check successful: 2.92909684 USDT[0m
2025-04-23 23:03:16.138 INFO     [pyrmethus_bot_main:885] [36m# Exchange initialization complete.[0m
2025-04-23 23:03:16.139 INFO     [pyrmethus_bot_main:3790] Validating configured trading pairs: ['BCH/USDT']
2025-04-23 23:03:16.145 INFO     [pyrmethus_bot_main:3829] All configured pairs validated successfully: ['BCH/USDT']
2025-04-23 23:03:16.145 WARNING  [pyrmethus_bot_main:3834] [91m[1m--- LIVE TRADING IS ENABLED --- Verify configuration carefully![0m
2025-04-23 23:03:16.146 INFO     [pyrmethus_bot_main:3838] [36m### Starting Main Trading Loop ###[0m
2025-04-23 23:03:16.146 DEBUG    [pyrmethus_bot_main:3847] --- Main Loop Cycle #1 Started ---
2025-04-23 23:03:17.463 INFO     [pyrmethus_bot_main:3894] Cycle 1 completed in 1.32s. Waiting 8.68s for next cycle...
2025-04-23 23:03:26.150 DEBUG    [pyrmethus_bot_main:3847] --- Main Loop Cycle #2 Started ---
2025-04-23 23:03:27.827 INFO     [pyrmethus_bot_main:3894] Cycle 2 completed in 1.68s. Waiting 8.32s for next cycle...
2025-04-23 23:03:36.154 DEBUG    [pyrmethus_bot_main:3847] --- Main Loop Cycle #3 Started ---
2025-04-23 23:03:37.602 INFO     [pyrmethus_bot_main:3894] Cycle 3 completed in 1.45s. Waiting 8.55s for next cycle...
2025-04-23 23:03:46.158 DEBUG    [pyrmethus_bot_main:3847] --- Main Loop Cycle #4 Started ---
2025-04-23 23:03:47.424 INFO     [pyrmethus_bot_main:3894] Cycle 4 completed in 1.26s. Waiting 8.74s for next cycle...
2025-04-23 23:03:56.164 DEBUG    [pyrmethus_bot_main:3847] --- Main Loop Cycle #5 Started ---
2025-04-23 23:03:57.380 INFO     [pyrmethus_bot_main:3894] Cycle 5 completed in 1.21s. Waiting 8.79s for next cycle...
2025-04-23 23:04:01.381 INFO     [pyrmethus_bot_main:3904] [35m[1m--- Pyrmethus Bot Shutting Down Gracefully ---[0m
2025-04-24 00:38:16.297 INFO     [pyrmethus_bot_main:3766] [35m[1m--- Pyrmethus Volumatic Bot v1.4.1 Starting ---[0m
2025-04-24 00:38:16.298 INFO     [pyrmethus_bot_main:796] [36m# Initializing Bybit exchange connection...[0m
2025-04-24 00:38:16.322 WARNING  [pyrmethus_bot_main:823] [91m[1m!!! <<< LIVE TRADING ACTIVE >>> Exchange: bybit !!![0m
2025-04-24 00:38:16.323 INFO     [pyrmethus_bot_main:826] Loading market data for bybit...
2025-04-24 00:38:16.323 DEBUG    [pyrmethus_bot_main:831] Market load attempt 1...
2025-04-24 00:38:26.528 INFO     [pyrmethus_bot_main:835] [92mMarket data loaded successfully (2605 symbols found).[0m
2025-04-24 00:38:26.528 INFO     [pyrmethus_bot_main:867] Exchange initialized: bybit | Sandbox: False
2025-04-24 00:38:26.529 INFO     [pyrmethus_bot_main:871] Performing initial balance check for USDT...
2025-04-24 00:38:26.529 DEBUG    [pyrmethus_bot_main:1609] Fetching balance for currency: USDT...
2025-04-24 00:38:26.529 DEBUG    [pyrmethus_bot_main:1628] Fetching balance (USDT, Account Type: UNIFIED, Attempt 1)...
2025-04-24 00:38:27.775 DEBUG    [pyrmethus_bot_main:1697] Successfully parsed balance (USDT) from Account Type: UNIFIED ('free' field): 2.92936147
2025-04-24 00:38:27.776 INFO     [pyrmethus_bot_main:884] [92mInitial balance check successful: 2.92936147 USDT[0m
2025-04-24 00:38:27.776 INFO     [pyrmethus_bot_main:885] [36m# Exchange initialization complete.[0m
2025-04-24 00:38:27.776 INFO     [pyrmethus_bot_main:3790] Validating configured trading pairs: ['BCH/USDT']
2025-04-24 00:38:27.788 INFO     [pyrmethus_bot_main:3829] All configured pairs validated successfully: ['BCH/USDT']
2025-04-24 00:38:27.788 WARNING  [pyrmethus_bot_main:3834] [91m[1m--- LIVE TRADING IS ENABLED --- Verify configuration carefully![0m
2025-04-24 00:38:27.788 INFO     [pyrmethus_bot_main:3838] [36m### Starting Main Trading Loop ###[0m
2025-04-24 00:38:27.788 DEBUG    [pyrmethus_bot_main:3847] --- Main Loop Cycle #1 Started ---
2025-04-24 00:38:28.598 INFO     [pyrmethus_bot_main:3894] Cycle 1 completed in 0.81s. Waiting 9.19s for next cycle...
2025-04-24 00:38:37.792 DEBUG    [pyrmethus_bot_main:3847] --- Main Loop Cycle #2 Started ---
2025-04-24 00:38:38.886 INFO     [pyrmethus_bot_main:3894] Cycle 2 completed in 1.09s. Waiting 8.91s for next cycle...
2025-04-24 00:38:47.796 DEBUG    [pyrmethus_bot_main:3847] --- Main Loop Cycle #3 Started ---
2025-04-24 00:38:48.590 INFO     [pyrmethus_bot_main:3894] Cycle 3 completed in 0.79s. Waiting 9.21s for next cycle...
2025-04-24 00:38:57.800 DEBUG    [pyrmethus_bot_main:3847] --- Main Loop Cycle #4 Started ---
2025-04-24 00:38:58.580 INFO     [pyrmethus_bot_main:3894] Cycle 4 completed in 0.78s. Waiting 9.22s for next cycle...
2025-04-24 00:39:07.804 DEBUG    [pyrmethus_bot_main:3847] --- Main Loop Cycle #5 Started ---
2025-04-24 00:39:08.569 INFO     [pyrmethus_bot_main:3894] Cycle 5 completed in 0.76s. Waiting 9.24s for next cycle...
2025-04-24 00:39:17.808 DEBUG    [pyrmethus_bot_main:3847] --- Main Loop Cycle #6 Started ---
2025-04-24 00:39:18.589 INFO     [pyrmethus_bot_main:3894] Cycle 6 completed in 0.78s. Waiting 9.22s for next cycle...
2025-04-24 00:39:24.592 INFO     [pyrmethus_bot_main:3904] [35m[1m--- Pyrmethus Bot Shutting Down Gracefully ---[0m
