2025-04-23 23:01:13.607 INFO     [pyrmethus_bot_BTC_USDT:3793] Validating pair: BTC/USDT...
2025-04-23 23:01:13.607 DEBUG    [pyrmethus_bot_BTC_USDT:1423] Retrieving market details for symbol: BTC/USDT...
2025-04-23 23:01:13.608 DEBUG    [pyrmethus_bot_BTC_USDT:1455] Raw market data found for BTC/USDT. Parsing and standardizing...
2025-04-23 23:01:13.608 DEBUG    [pyrmethus_bot_BTC_USDT:1533] Market Details Parsed (BTC/USDT): Type=Spot, Active=True
  Precision (Amount/Price Step): 0.000001 / 0.1
  Limits    (Amount Min/Max) : 0.000011 / 83
  Limits    (Cost Min/Max)   : 5 / 8E+6
  Contract Size: 1
2025-04-23 23:01:13.609 INFO     [pyrmethus_bot_BTC_USDT:3797]  -> [92mBTC/USDT is valid and active on bybit.[0m
2025-04-23 23:01:13.609 INFO     [pyrmethus_bot_BTC_USDT:3120] Strategy Engine initialized for BTC/USDT with min data length ~1000
2025-04-23 23:01:13.610 DEBUG    [pyrmethus_bot_BTC_USDT:3121]   Params: VT Len=40, ATR Period=200, Vol EMA=950, ATR Mult=3.0, OB Src=Wicks, Pivots L/R=(10/10, 10/10), Extend=True, Max Boxes=50
2025-04-23 23:01:13.610 INFO     [pyrmethus_bot_BTC_USDT:3269] Signal Generator initialized for BTC/USDT
2025-04-23 23:01:13.611 DEBUG    [pyrmethus_bot_BTC_USDT:3270]   Params: Entry Prox=1.005, Exit Prox=1.001, SL Mult=1.8, TP Mult=0.7
2025-04-23 23:01:13.611 INFO     [pyrmethus_bot_BTC_USDT:3805]  -> Strategy and Signal Generator initialized for BTC/USDT.
2025-04-23 23:01:29.954 INFO     [pyrmethus_bot_BTC_USDT:3793] Validating pair: BTC/USDT...
2025-04-23 23:01:29.954 DEBUG    [pyrmethus_bot_BTC_USDT:1423] Retrieving market details for symbol: BTC/USDT...
2025-04-23 23:01:29.955 DEBUG    [pyrmethus_bot_BTC_USDT:1455] Raw market data found for BTC/USDT. Parsing and standardizing...
2025-04-23 23:01:29.955 DEBUG    [pyrmethus_bot_BTC_USDT:1533] Market Details Parsed (BTC/USDT): Type=Spot, Active=True
  Precision (Amount/Price Step): 0.000001 / 0.1
  Limits    (Amount Min/Max) : 0.000011 / 83
  Limits    (Cost Min/Max)   : 5 / 8E+6
  Contract Size: 1
2025-04-23 23:01:29.955 INFO     [pyrmethus_bot_BTC_USDT:3797]  -> [92mBTC/USDT is valid and active on bybit.[0m
2025-04-23 23:01:29.956 INFO     [pyrmethus_bot_BTC_USDT:3120] Strategy Engine initialized for BTC/USDT with min data length ~1000
2025-04-23 23:01:29.956 DEBUG    [pyrmethus_bot_BTC_USDT:3121]   Params: VT Len=40, ATR Period=200, Vol EMA=950, ATR Mult=3.0, OB Src=Wicks, Pivots L/R=(10/10, 10/10), Extend=True, Max Boxes=50
2025-04-23 23:01:29.957 INFO     [pyrmethus_bot_BTC_USDT:3269] Signal Generator initialized for BTC/USDT
2025-04-23 23:01:29.957 DEBUG    [pyrmethus_bot_BTC_USDT:3270]   Params: Entry Prox=1.005, Exit Prox=1.001, SL Mult=1.8, TP Mult=0.7
2025-04-23 23:01:29.957 INFO     [pyrmethus_bot_BTC_USDT:3805]  -> Strategy and Signal Generator initialized for BTC/USDT.
2025-04-23 23:01:29.959 INFO     [pyrmethus_bot_BTC_USDT:3416] --- Starting Analysis & Trading Cycle for: BTC/USDT ---
2025-04-23 23:01:29.960 INFO     [pyrmethus_bot_BTC_USDT:1102] [36m# Fetching klines for BTC/USDT | Timeframe: 5m | Target Limit: 750...[0m
2025-04-23 23:01:29.960 DEBUG    [pyrmethus_bot_BTC_USDT:1121] Estimated minimum candles required by strategy: ~1000
2025-04-23 23:01:29.961 WARNING  [pyrmethus_bot_BTC_USDT:1126] [33mRequested kline limit (750) is less than the estimated strategy requirement (1000). Indicator accuracy may be affected, especially on initial runs.[0m
2025-04-23 23:01:29.961 DEBUG    [pyrmethus_bot_BTC_USDT:1138] Using API parameters: category='spot', market ID='BTCUSDT'.
2025-04-23 23:01:29.961 DEBUG    [pyrmethus_bot_BTC_USDT:1155] Fetching kline chunk 1/3 (750 candles) for BTC/USDT. Ending before TS: Latest
2025-04-23 23:01:29.962 DEBUG    [pyrmethus_bot_BTC_USDT:1177] Calling fetch_ohlcv with args: {'symbol': 'BTC/USDT', 'timeframe': '5m', 'limit': 750, 'params': {'category': 'spot'}}
2025-04-23 23:01:30.443 DEBUG    [pyrmethus_bot_BTC_USDT:1180] API returned 750 candles for chunk 1.
2025-04-23 23:01:30.446 DEBUG    [pyrmethus_bot_BTC_USDT:1204] Lag check passed (BTC/USDT): Last candle 90.4s old (within limit).
2025-04-23 23:01:30.446 INFO     [pyrmethus_bot_BTC_USDT:1312] Total raw klines fetched: 750
2025-04-23 23:01:30.447 DEBUG    [pyrmethus_bot_BTC_USDT:1340] Processing 750 final unique candles into DataFrame for BTC/USDT...
2025-04-23 23:01:30.518 INFO     [pyrmethus_bot_BTC_USDT:1400] [92mSuccessfully processed 750 klines for BTC/USDT 5m.[0m
2025-04-23 23:01:30.519 WARNING  [pyrmethus_bot_BTC_USDT:3428] Insufficient kline data for BTC/USDT (got 750, need ~1000). Skipping analysis.
2025-04-23 23:01:30.520 INFO     [pyrmethus_bot_BTC_USDT:3473] --- Finished Analysis & Trading Cycle for: BTC/USDT ---
2025-04-23 23:01:39.970 INFO     [pyrmethus_bot_BTC_USDT:3416] --- Starting Analysis & Trading Cycle for: BTC/USDT ---
2025-04-23 23:01:39.973 INFO     [pyrmethus_bot_BTC_USDT:1102] [36m# Fetching klines for BTC/USDT | Timeframe: 5m | Target Limit: 750...[0m
2025-04-23 23:01:39.974 DEBUG    [pyrmethus_bot_BTC_USDT:1121] Estimated minimum candles required by strategy: ~1000
2025-04-23 23:01:39.974 WARNING  [pyrmethus_bot_BTC_USDT:1126] [33mRequested kline limit (750) is less than the estimated strategy requirement (1000). Indicator accuracy may be affected, especially on initial runs.[0m
2025-04-23 23:01:39.974 DEBUG    [pyrmethus_bot_BTC_USDT:1138] Using API parameters: category='spot', market ID='BTCUSDT'.
2025-04-23 23:01:39.975 DEBUG    [pyrmethus_bot_BTC_USDT:1155] Fetching kline chunk 1/3 (750 candles) for BTC/USDT. Ending before TS: Latest
2025-04-23 23:01:39.975 DEBUG    [pyrmethus_bot_BTC_USDT:1177] Calling fetch_ohlcv with args: {'symbol': 'BTC/USDT', 'timeframe': '5m', 'limit': 750, 'params': {'category': 'spot'}}
2025-04-23 23:01:40.466 DEBUG    [pyrmethus_bot_BTC_USDT:1180] API returned 750 candles for chunk 1.
2025-04-23 23:01:40.469 DEBUG    [pyrmethus_bot_BTC_USDT:1204] Lag check passed (BTC/USDT): Last candle 100.5s old (within limit).
2025-04-23 23:01:40.470 INFO     [pyrmethus_bot_BTC_USDT:1312] Total raw klines fetched: 750
2025-04-23 23:01:40.472 DEBUG    [pyrmethus_bot_BTC_USDT:1340] Processing 750 final unique candles into DataFrame for BTC/USDT...
2025-04-23 23:01:40.541 INFO     [pyrmethus_bot_BTC_USDT:1400] [92mSuccessfully processed 750 klines for BTC/USDT 5m.[0m
2025-04-23 23:01:40.543 WARNING  [pyrmethus_bot_BTC_USDT:3428] Insufficient kline data for BTC/USDT (got 750, need ~1000). Skipping analysis.
2025-04-23 23:01:40.543 INFO     [pyrmethus_bot_BTC_USDT:3473] --- Finished Analysis & Trading Cycle for: BTC/USDT ---
2025-04-23 23:01:49.975 INFO     [pyrmethus_bot_BTC_USDT:3416] --- Starting Analysis & Trading Cycle for: BTC/USDT ---
2025-04-23 23:01:49.976 INFO     [pyrmethus_bot_BTC_USDT:1102] [36m# Fetching klines for BTC/USDT | Timeframe: 5m | Target Limit: 750...[0m
2025-04-23 23:01:49.978 DEBUG    [pyrmethus_bot_BTC_USDT:1121] Estimated minimum candles required by strategy: ~1000
2025-04-23 23:01:49.979 WARNING  [pyrmethus_bot_BTC_USDT:1126] [33mRequested kline limit (750) is less than the estimated strategy requirement (1000). Indicator accuracy may be affected, especially on initial runs.[0m
2025-04-23 23:01:49.980 DEBUG    [pyrmethus_bot_BTC_USDT:1138] Using API parameters: category='spot', market ID='BTCUSDT'.
2025-04-23 23:01:49.982 DEBUG    [pyrmethus_bot_BTC_USDT:1155] Fetching kline chunk 1/3 (750 candles) for BTC/USDT. Ending before TS: Latest
2025-04-23 23:01:49.983 DEBUG    [pyrmethus_bot_BTC_USDT:1177] Calling fetch_ohlcv with args: {'symbol': 'BTC/USDT', 'timeframe': '5m', 'limit': 750, 'params': {'category': 'spot'}}
2025-04-23 23:01:50.550 DEBUG    [pyrmethus_bot_BTC_USDT:1180] API returned 750 candles for chunk 1.
2025-04-23 23:01:50.552 DEBUG    [pyrmethus_bot_BTC_USDT:1204] Lag check passed (BTC/USDT): Last candle 110.6s old (within limit).
2025-04-23 23:01:50.552 INFO     [pyrmethus_bot_BTC_USDT:1312] Total raw klines fetched: 750
2025-04-23 23:01:50.554 DEBUG    [pyrmethus_bot_BTC_USDT:1340] Processing 750 final unique candles into DataFrame for BTC/USDT...
2025-04-23 23:01:50.608 INFO     [pyrmethus_bot_BTC_USDT:1400] [92mSuccessfully processed 750 klines for BTC/USDT 5m.[0m
2025-04-23 23:01:50.609 WARNING  [pyrmethus_bot_BTC_USDT:3428] Insufficient kline data for BTC/USDT (got 750, need ~1000). Skipping analysis.
2025-04-23 23:01:50.609 INFO     [pyrmethus_bot_BTC_USDT:3473] --- Finished Analysis & Trading Cycle for: BTC/USDT ---
2025-04-23 23:01:59.983 INFO     [pyrmethus_bot_BTC_USDT:3416] --- Starting Analysis & Trading Cycle for: BTC/USDT ---
2025-04-23 23:01:59.986 INFO     [pyrmethus_bot_BTC_USDT:1102] [36m# Fetching klines for BTC/USDT | Timeframe: 5m | Target Limit: 750...[0m
2025-04-23 23:01:59.988 DEBUG    [pyrmethus_bot_BTC_USDT:1121] Estimated minimum candles required by strategy: ~1000
2025-04-23 23:01:59.990 WARNING  [pyrmethus_bot_BTC_USDT:1126] [33mRequested kline limit (750) is less than the estimated strategy requirement (1000). Indicator accuracy may be affected, especially on initial runs.[0m
2025-04-23 23:01:59.991 DEBUG    [pyrmethus_bot_BTC_USDT:1138] Using API parameters: category='spot', market ID='BTCUSDT'.
2025-04-23 23:01:59.992 DEBUG    [pyrmethus_bot_BTC_USDT:1155] Fetching kline chunk 1/3 (750 candles) for BTC/USDT. Ending before TS: Latest
2025-04-23 23:01:59.994 DEBUG    [pyrmethus_bot_BTC_USDT:1177] Calling fetch_ohlcv with args: {'symbol': 'BTC/USDT', 'timeframe': '5m', 'limit': 750, 'params': {'category': 'spot'}}
2025-04-23 23:02:00.806 DEBUG    [pyrmethus_bot_BTC_USDT:1180] API returned 750 candles for chunk 1.
2025-04-23 23:02:00.808 DEBUG    [pyrmethus_bot_BTC_USDT:1204] Lag check passed (BTC/USDT): Last candle 120.8s old (within limit).
2025-04-23 23:02:00.808 INFO     [pyrmethus_bot_BTC_USDT:1312] Total raw klines fetched: 750
2025-04-23 23:02:00.809 DEBUG    [pyrmethus_bot_BTC_USDT:1340] Processing 750 final unique candles into DataFrame for BTC/USDT...
2025-04-23 23:02:00.861 INFO     [pyrmethus_bot_BTC_USDT:1400] [92mSuccessfully processed 750 klines for BTC/USDT 5m.[0m
2025-04-23 23:02:00.862 WARNING  [pyrmethus_bot_BTC_USDT:3428] Insufficient kline data for BTC/USDT (got 750, need ~1000). Skipping analysis.
2025-04-23 23:02:00.863 INFO     [pyrmethus_bot_BTC_USDT:3473] --- Finished Analysis & Trading Cycle for: BTC/USDT ---
2025-04-23 23:02:09.988 INFO     [pyrmethus_bot_BTC_USDT:3416] --- Starting Analysis & Trading Cycle for: BTC/USDT ---
2025-04-23 23:02:09.988 INFO     [pyrmethus_bot_BTC_USDT:1102] [36m# Fetching klines for BTC/USDT | Timeframe: 5m | Target Limit: 750...[0m
2025-04-23 23:02:09.988 DEBUG    [pyrmethus_bot_BTC_USDT:1121] Estimated minimum candles required by strategy: ~1000
2025-04-23 23:02:09.989 WARNING  [pyrmethus_bot_BTC_USDT:1126] [33mRequested kline limit (750) is less than the estimated strategy requirement (1000). Indicator accuracy may be affected, especially on initial runs.[0m
2025-04-23 23:02:09.989 DEBUG    [pyrmethus_bot_BTC_USDT:1138] Using API parameters: category='spot', market ID='BTCUSDT'.
2025-04-23 23:02:09.989 DEBUG    [pyrmethus_bot_BTC_USDT:1155] Fetching kline chunk 1/3 (750 candles) for BTC/USDT. Ending before TS: Latest
2025-04-23 23:02:09.989 DEBUG    [pyrmethus_bot_BTC_USDT:1177] Calling fetch_ohlcv with args: {'symbol': 'BTC/USDT', 'timeframe': '5m', 'limit': 750, 'params': {'category': 'spot'}}
2025-04-23 23:02:11.072 DEBUG    [pyrmethus_bot_BTC_USDT:1180] API returned 750 candles for chunk 1.
2025-04-23 23:02:11.073 DEBUG    [pyrmethus_bot_BTC_USDT:1204] Lag check passed (BTC/USDT): Last candle 131.1s old (within limit).
2025-04-23 23:02:11.073 INFO     [pyrmethus_bot_BTC_USDT:1312] Total raw klines fetched: 750
2025-04-23 23:02:11.074 DEBUG    [pyrmethus_bot_BTC_USDT:1340] Processing 750 final unique candles into DataFrame for BTC/USDT...
2025-04-23 23:02:11.122 INFO     [pyrmethus_bot_BTC_USDT:1400] [92mSuccessfully processed 750 klines for BTC/USDT 5m.[0m
2025-04-23 23:02:11.123 WARNING  [pyrmethus_bot_BTC_USDT:3428] Insufficient kline data for BTC/USDT (got 750, need ~1000). Skipping analysis.
2025-04-23 23:02:11.123 INFO     [pyrmethus_bot_BTC_USDT:3473] --- Finished Analysis & Trading Cycle for: BTC/USDT ---
