2025-04-22 18:40:55 - ERROR - [pyrmethus_bot_init:399] - [91mError decoding config file config.json: Expecting value: line 1 column 1 (char 0). Attempting to recreate default config.[0m
2025-04-22 18:40:55 - INFO - [pyrmethus_bot_init:403] - [92mCreated default config file: config.json[0m
2025-04-22 18:40:55 - INFO - [pyrmethus_bot_init:3230] - [1m--- Starting Pyrmethus Volumatic Bot (2025-04-22 18:40:55 CDT) ---[0m
2025-04-22 18:40:55 - INFO - [pyrmethus_bot_init:3234] - Config Loaded: Quote=USDT, Trading=False, Sandbox=True
2025-04-22 18:40:55 - INFO - [pyrmethus_bot_init:3236] - Versions: Python=3.12.10, CCXT=4.4.72, Pandas=2.2.3, NumPy=2.2.4, PandasTA=0.3.14b0
2025-04-22 18:40:55 - INFO - [pyrmethus_bot_init:3266] - [33mTrading is disabled in config. Running in analysis-only mode.[0m
2025-04-22 18:40:55 - INFO - [pyrmethus_bot_init:3269] - Initializing exchange connection...
2025-04-22 18:40:55 - WARNING - [pyrmethus_bot_init:461] - [33mUSING SANDBOX MODE (Testnet)[0m
2025-04-22 18:40:55 - INFO - [pyrmethus_bot_init:467] - Loading markets for bybit...
2025-04-22 18:40:56 - WARNING - [pyrmethus_bot_init:479] - Network error loading markets (Attempt 1/4): bybit GET https://api-testnet.bybit.com/v5/asset/coin/query-info? 403 Forbidden <!DOCTYPE HTML PUBLIC "-//W3C//DTD HTML 4.01 Transitional//EN" "http://www.w3.org/TR/html4/loose.dtd">
<HTML><HEAD><META HTTP-EQUIV="Content-Type" CONTENT="text/html; charset=iso-8859-1">
<TITLE>ERROR: The request could not be satisfied</TITLE>
</HEAD><BODY>
<H1>403 ERROR</H1>
<H2>The request could not be satisfied.</H2>
<HR noshade size="1px">
The Amazon CloudFront distribution is configured to block access from your country.
We can't connect to the server for this app or website at this time. There might be too much traffic or a configuration error. Try again later, or contact the app or website owner.
<BR clear="all">
If you provide content to customers through CloudFront, you can find steps to troubleshoot and help prevent this error by reviewing the CloudFront documentation.
<BR clear="all">
<HR noshade size="1px">
<PRE>
Generated by cloudfront (CloudFront)
Request ID: UtOQoRRw5eAX93LaQ0eVijDAyFOwIq2Xd4mP_3ZGYL3Jdbizs9MfUQ==
</PRE>
<ADDRESS>
</ADDRESS>
</BODY></HTML>. Retrying in 5s...
2025-04-22 18:41:01 - WARNING - [pyrmethus_bot_init:479] - Network error loading markets (Attempt 2/4): bybit GET https://api-testnet.bybit.com/v5/asset/coin/query-info? 403 Forbidden <!DOCTYPE HTML PUBLIC "-//W3C//DTD HTML 4.01 Transitional//EN" "http://www.w3.org/TR/html4/loose.dtd">
<HTML><HEAD><META HTTP-EQUIV="Content-Type" CONTENT="text/html; charset=iso-8859-1">
<TITLE>ERROR: The request could not be satisfied</TITLE>
</HEAD><BODY>
<H1>403 ERROR</H1>
<H2>The request could not be satisfied.</H2>
<HR noshade size="1px">
The Amazon CloudFront distribution is configured to block access from your country.
We can't connect to the server for this app or website at this time. There might be too much traffic or a configuration error. Try again later, or contact the app or website owner.
<BR clear="all">
If you provide content to customers through CloudFront, you can find steps to troubleshoot and help prevent this error by reviewing the CloudFront documentation.
<BR clear="all">
<HR noshade size="1px">
<PRE>
Generated by cloudfront (CloudFront)
Request ID: FBchOIWAVo-dRBn3syJ3P-7Ph_jzmGyiUL_Q1N_2iQdBi0GqxtdVKg==
</PRE>
<ADDRESS>
</ADDRESS>
</BODY></HTML>. Retrying in 5s...
2025-04-22 18:41:29 - INFO - [pyrmethus_bot_init:3230] - [1m--- Starting Pyrmethus Volumatic Bot (2025-04-22 18:41:29 CDT) ---[0m
2025-04-22 18:41:29 - INFO - [pyrmethus_bot_init:3234] - Config Loaded: Quote=USDT, Trading=False, Sandbox=True
2025-04-22 18:41:29 - INFO - [pyrmethus_bot_init:3236] - Versions: Python=3.12.10, CCXT=4.4.72, Pandas=2.2.3, NumPy=2.2.4, PandasTA=0.3.14b0
2025-04-22 18:41:29 - INFO - [pyrmethus_bot_init:3266] - [33mTrading is disabled in config. Running in analysis-only mode.[0m
2025-04-22 18:41:29 - INFO - [pyrmethus_bot_init:3269] - Initializing exchange connection...
2025-04-22 18:41:29 - WARNING - [pyrmethus_bot_init:461] - [33mUSING SANDBOX MODE (Testnet)[0m
2025-04-22 18:41:29 - INFO - [pyrmethus_bot_init:467] - Loading markets for bybit...
2025-04-22 18:41:31 - CRITICAL - [pyrmethus_bot_init:485] - [91mAuthentication error loading markets: bybit {"retCode":10003,"retMsg":"API key is invalid.","result":{},"retExtInfo":{},"time":1745365291753}. Check API keys.[0m
2025-04-22 18:41:31 - CRITICAL - [pyrmethus_bot_init:3272] - [91mFailed to initialize exchange connection. Exiting.[0m
2025-04-22 18:42:25 - INFO - [pyrmethus_bot_init:3230] - [1m--- Starting Pyrmethus Volumatic Bot (2025-04-22 18:42:25 CDT) ---[0m
2025-04-22 18:42:25 - INFO - [pyrmethus_bot_init:3234] - Config Loaded: Quote=USDT, Trading=True, Sandbox=False
2025-04-22 18:42:25 - INFO - [pyrmethus_bot_init:3236] - Versions: Python=3.12.10, CCXT=4.4.72, Pandas=2.2.3, NumPy=2.2.4, PandasTA=0.3.14b0
2025-04-22 18:42:25 - WARNING - [pyrmethus_bot_init:3243] - [33m[1m!!! LIVE TRADING IS ENABLED !!![0m
2025-04-22 18:42:25 - WARNING - [pyrmethus_bot_init:3245] - [91m[1mMode: LIVE (Real Money) Environment[0m
2025-04-22 18:42:25 - WARNING - [pyrmethus_bot_init:3248] - [1m--- Key Settings Review ---[0m
2025-04-22 18:42:25 - WARNING - [pyrmethus_bot_init:3249] -   Risk Per Trade: 1.00%
2025-04-22 18:42:25 - WARNING - [pyrmethus_bot_init:3250] -   Leverage: 20x
2025-04-22 18:42:25 - WARNING - [pyrmethus_bot_init:3251] -   Trailing SL: ENABLED (CB: 0.50%, Act: 0.30%)
2025-04-22 18:42:25 - WARNING - [pyrmethus_bot_init:3254] -   Break Even: ENABLED (Trig: 1.0 ATR, Offset: 2 ticks)
2025-04-22 18:42:25 - WARNING - [pyrmethus_bot_init:3257] - ---------------------------
2025-04-22 18:42:32 - INFO - [pyrmethus_bot_init:3260] - User confirmed live trading settings. Proceeding...
2025-04-22 18:42:32 - INFO - [pyrmethus_bot_init:3269] - Initializing exchange connection...
2025-04-22 18:42:32 - WARNING - [pyrmethus_bot_init:464] - [91mUSING LIVE TRADING ENVIRONMENT[0m
2025-04-22 18:42:32 - INFO - [pyrmethus_bot_init:467] - Loading markets for bybit...
2025-04-22 18:42:43 - INFO - [pyrmethus_bot_init:473] - Markets loaded successfully for bybit (2590 symbols).
2025-04-22 18:42:43 - INFO - [pyrmethus_bot_init:497] - CCXT exchange initialized (bybit). Sandbox: False
2025-04-22 18:42:43 - INFO - [pyrmethus_bot_init:500] - Attempting initial balance fetch (Quote Currency: USDT)...
2025-04-22 18:42:43 - DEBUG - [pyrmethus_bot_init:893] - Fetching balance using params={'accountType': 'UNIFIED'} for USDT...
2025-04-22 18:42:45 - DEBUG - [pyrmethus_bot_init:901] - Found balance via standard ['USDT']['free'] structure: 3.1142398 (Type: UNIFIED)
2025-04-22 18:42:45 - INFO - [pyrmethus_bot_init:976] - Available USDT balance: 3.1142398
2025-04-22 18:42:45 - INFO - [pyrmethus_bot_init:504] - [92mSuccessfully connected and fetched initial balance.[0m (USDT available: 3.1142398)
2025-04-22 18:42:45 - INFO - [pyrmethus_bot_init:3274] - Exchange bybit initialized successfully.
2025-04-22 18:43:08 - INFO - [pyrmethus_bot_init:3295] - Validating symbol 'FARTCOIN/USDT:USDT'...
2025-04-22 18:43:08 - DEBUG - [pyrmethus_bot_init:819] - Market Info for FARTCOIN/USDT:USDT: ID=FARTCOINUSDT, Type=swap, Contract Type=Linear, Precision(Price/Amount): 0.0001/1, Limits(Amount Min/Max): 1/5E+5, Limits(Cost Min/Max): N/A/N/A, Contract Size: 1
2025-04-22 18:43:08 - INFO - [pyrmethus_bot_init:3302] - Validated Symbol: [92mFARTCOIN/USDT:USDT[0m (Type: Linear)
2025-04-22 18:43:19 - INFO - [pyrmethus_bot_init:3333] - Interval updated to 1 in memory.
2025-04-22 18:43:19 - INFO - [pyrmethus_bot_init:3343] - Using interval: 1 (CCXT Timeframe: 1m)
2025-04-22 18:44:19 - INFO - [pyrmethus_bot_init:3230] - [1m--- Starting Pyrmethus Volumatic Bot (2025-04-22 18:44:19 CDT) ---[0m
2025-04-22 18:44:19 - INFO - [pyrmethus_bot_init:3234] - Config Loaded: Quote=USDT, Trading=True, Sandbox=False
2025-04-22 18:44:19 - INFO - [pyrmethus_bot_init:3236] - Versions: Python=3.12.10, CCXT=4.4.72, Pandas=2.2.3, NumPy=2.2.4, PandasTA=0.3.14b0
2025-04-22 18:44:19 - WARNING - [pyrmethus_bot_init:3243] - [33m[1m!!! LIVE TRADING IS ENABLED !!![0m
2025-04-22 18:44:19 - WARNING - [pyrmethus_bot_init:3245] - [91m[1mMode: LIVE (Real Money) Environment[0m
2025-04-22 18:44:19 - WARNING - [pyrmethus_bot_init:3248] - [1m--- Key Settings Review ---[0m
2025-04-22 18:44:19 - WARNING - [pyrmethus_bot_init:3249] -   Risk Per Trade: 1.00%
2025-04-22 18:44:19 - WARNING - [pyrmethus_bot_init:3250] -   Leverage: 20x
2025-04-22 18:44:19 - WARNING - [pyrmethus_bot_init:3251] -   Trailing SL: ENABLED (CB: 0.50%, Act: 0.30%)
2025-04-22 18:44:19 - WARNING - [pyrmethus_bot_init:3254] -   Break Even: ENABLED (Trig: 1.0 ATR, Offset: 2 ticks)
2025-04-22 18:44:19 - WARNING - [pyrmethus_bot_init:3257] - ---------------------------
2025-04-22 18:44:39 - INFO - [pyrmethus_bot_init:3260] - User confirmed live trading settings. Proceeding...
2025-04-22 18:44:39 - INFO - [pyrmethus_bot_init:3269] - Initializing exchange connection...
2025-04-22 18:44:39 - WARNING - [pyrmethus_bot_init:464] - [91mUSING LIVE TRADING ENVIRONMENT[0m
2025-04-22 18:44:39 - INFO - [pyrmethus_bot_init:467] - Loading markets for bybit...
2025-04-22 18:44:48 - INFO - [pyrmethus_bot_init:473] - Markets loaded successfully for bybit (2590 symbols).
2025-04-22 18:44:48 - INFO - [pyrmethus_bot_init:497] - CCXT exchange initialized (bybit). Sandbox: False
2025-04-22 18:44:48 - INFO - [pyrmethus_bot_init:500] - Attempting initial balance fetch (Quote Currency: USDT)...
2025-04-22 18:44:48 - DEBUG - [pyrmethus_bot_init:893] - Fetching balance using params={'accountType': 'UNIFIED'} for USDT...
2025-04-22 18:44:49 - DEBUG - [pyrmethus_bot_init:901] - Found balance via standard ['USDT']['free'] structure: 3.1142398 (Type: UNIFIED)
2025-04-22 18:44:49 - INFO - [pyrmethus_bot_init:976] - Available USDT balance: 3.1142398
2025-04-22 18:44:49 - INFO - [pyrmethus_bot_init:504] - [92mSuccessfully connected and fetched initial balance.[0m (USDT available: 3.1142398)
2025-04-22 18:44:49 - INFO - [pyrmethus_bot_init:3274] - Exchange bybit initialized successfully.
2025-04-22 18:44:59 - INFO - [pyrmethus_bot_init:3295] - Validating symbol 'FARTCOIN/USDT:USDT'...
2025-04-22 18:44:59 - DEBUG - [pyrmethus_bot_init:819] - Market Info for FARTCOIN/USDT:USDT: ID=FARTCOINUSDT, Type=swap, Contract Type=Linear, Precision(Price/Amount): 0.0001/1, Limits(Amount Min/Max): 1/5E+5, Limits(Cost Min/Max): N/A/N/A, Contract Size: 1
2025-04-22 18:44:59 - INFO - [pyrmethus_bot_init:3302] - Validated Symbol: [92mFARTCOIN/USDT:USDT[0m (Type: Linear)
2025-04-22 18:45:03 - INFO - [pyrmethus_bot_init:3343] - Using interval: 5 (CCXT Timeframe: 5m)
2025-04-22 19:23:57 - INFO - [pyrmethus_bot_init:279] - [33mConfig: Corrected type for 'retry_delay' from 'int' to 'float'. Value: 5.0[0m
2025-04-22 19:23:57 - WARNING - [pyrmethus_bot_init:283] - [33mConfig: Invalid value '1500' for 'fetch_limit'. Expected integer in range [100, 1000]. Using default: 750[0m
2025-04-22 19:23:57 - INFO - [pyrmethus_bot_init:279] - [33mConfig: Corrected type for 'loop_delay_seconds' from 'int' to 'float'. Value: 15.0[0m
2025-04-22 19:23:57 - INFO - [pyrmethus_bot_init:279] - [33mConfig: Corrected type for 'position_confirm_delay_seconds' from 'int' to 'float'. Value: 8.0[0m
2025-04-22 19:23:57 - WARNING - [pyrmethus_bot_init:283] - [33mConfig: Invalid value '1000' for 'strategy_params.vt_vol_ema_length'. Expected integer in range [1, 950]. Using default: 950[0m
2025-04-22 19:23:57 - INFO - [pyrmethus_bot_init:336] - [92mSaved updated configuration with corrections/additions to: config.json[0m
2025-04-22 19:23:57 - INFO - [pyrmethus_bot_init:3013] - [1m--- Starting Pyrmethus Volumatic Bot v1.1.3 (2025-04-22 19:23:57 CDT) ---[0m
2025-04-22 19:23:57 - INFO - [pyrmethus_bot_init:3014] - Loaded Configuration: Quote=USDT, Trading Enabled=True, Sandbox Mode=False
2025-04-22 19:23:57 - INFO - [pyrmethus_bot_init:3017] - Using versions: Python=3.12.10, CCXT=4.4.72, Pandas=2.2.3, Pandas-TA=0.3.14b0, Numpy=2.2.4, Requests=2.32.3
2025-04-22 19:23:57 - WARNING - [pyrmethus_bot_init:3023] - [33m[1m!!! TRADING IS ENABLED !!![0m
2025-04-22 19:23:57 - WARNING - [pyrmethus_bot_init:3027] - [91m[1mMode: LIVE (Real Funds) - Confirm settings carefully![0m
2025-04-22 19:23:57 - WARNING - [pyrmethus_bot_init:3031] - [1m--- Critical Settings Review ---[0m
2025-04-22 19:23:57 - WARNING - [pyrmethus_bot_init:3032] -   Risk Per Trade: 1.00%
2025-04-22 19:23:57 - WARNING - [pyrmethus_bot_init:3033] -   Leverage: 20x (Ensure matches exchange setting if not using bot leverage control)
2025-04-22 19:23:57 - WARNING - [pyrmethus_bot_init:3034] -   Trailing Stop: ENABLED
2025-04-22 19:23:57 - WARNING - [pyrmethus_bot_init:3036] -     - Callback Rate: 0.500%
2025-04-22 19:23:57 - WARNING - [pyrmethus_bot_init:3037] -     - Activation Profit %: 0.300%
2025-04-22 19:23:57 - WARNING - [pyrmethus_bot_init:3038] -   Break Even: ENABLED
2025-04-22 19:23:57 - WARNING - [pyrmethus_bot_init:3040] -     - Trigger Profit: 1.0 ATR
2025-04-22 19:23:57 - WARNING - [pyrmethus_bot_init:3041] -     - Offset: 2 ticks
2025-04-22 19:23:57 - WARNING - [pyrmethus_bot_init:3042] -   Initial SL Multiple: 1.8 ATR
2025-04-22 19:23:57 - WARNING - [pyrmethus_bot_init:3043] -   Initial TP Multiple: 0.7 ATR 
2025-04-22 19:24:03 - INFO - [pyrmethus_bot_init:3048] - User confirmed settings. Proceeding with trading.
2025-04-22 19:24:03 - INFO - [pyrmethus_bot_init:3060] - Initializing CCXT exchange...
2025-04-22 19:24:03 - WARNING - [pyrmethus_bot_init:379] - [91m[1mUSING LIVE TRADING ENVIRONMENT - REAL FUNDS AT RISK[0m
2025-04-22 19:24:03 - INFO - [pyrmethus_bot_init:382] - Loading markets for bybit...
2025-04-22 19:24:12 - INFO - [pyrmethus_bot_init:387] - Markets loaded successfully (2590 symbols).
2025-04-22 19:24:12 - INFO - [pyrmethus_bot_init:406] - CCXT exchange initialized (bybit). Sandbox: False
2025-04-22 19:24:12 - INFO - [pyrmethus_bot_init:409] - Attempting initial balance fetch (Quote Currency: USDT)...
2025-04-22 19:24:12 - DEBUG - [pyrmethus_bot_init:753] - Fetching balance (Attempt 1, Account Type: UNIFIED) for USDT...
2025-04-22 19:24:14 - DEBUG - [pyrmethus_bot_init:761] - Found balance in standard structure for UNIFIED: 3.1142398
2025-04-22 19:24:14 - DEBUG - [pyrmethus_bot_init:821] - Successfully parsed balance for USDT: 3.1142398
2025-04-22 19:24:14 - INFO - [pyrmethus_bot_init:413] - [92mInitial balance fetched: 3.1142398 USDT[0m
2025-04-22 19:24:14 - INFO - [pyrmethus_bot_init:3068] - Exchange 'bybit' initialized successfully.
2025-04-22 19:24:39 - INFO - [pyrmethus_bot_init:3079] - Validating symbol 'FARTCOIN/USDT:USDT'...
2025-04-22 19:24:39 - DEBUG - [pyrmethus_bot_init:696] - Market Info Retrieved: FARTCOIN/USDT:USDT (ID=FARTCOINUSDT, Type=swap, Contract Type=Linear)
2025-04-22 19:24:39 - DEBUG - [pyrmethus_bot_init:697] -   Precision: Price=0.0001, Amount=1
2025-04-22 19:24:39 - DEBUG - [pyrmethus_bot_init:698] -   Limits (Amount): Min=1, Max=5E+5
2025-04-22 19:24:39 - DEBUG - [pyrmethus_bot_init:699] -   Limits (Cost): Min=N/A, Max=N/A
2025-04-22 19:24:39 - DEBUG - [pyrmethus_bot_init:700] -   Contract Size: 1
2025-04-22 19:24:39 - INFO - [pyrmethus_bot_init:3085] - Validated Symbol: [92mFARTCOIN/USDT:USDT[0m (Type: Linear)
2025-04-22 19:24:41 - INFO - [pyrmethus_bot_init:3128] - Timeframe set to '3' for this session (overriding config default '5').
2025-04-22 19:24:41 - INFO - [pyrmethus_bot_init:3130] - Using timeframe: 3 (CCXT mapping: 3m)
2025-04-22 19:24:42 - CRITICAL - [pyrmethus_bot_init:3209] - [91mCRITICAL UNHANDLED ERROR outside main loop: name 'config' is not defined[0m
Traceback (most recent call last):
  File "/data/data/com.termux/files/home/worldguide/volume/volumatictrend1.1.3.py", line 3199, in main
    loop_delay = config.get("loop_delay_seconds", LOOP_DELAY_SECONDS)
                 ^^^^^^
NameError: name 'config' is not defined
2025-04-22 19:24:42 - INFO - [pyrmethus_bot_init:3217] - --- Pyrmethus Bot (FARTCOIN/USDT:USDT) Stopping ---
2025-04-22 20:07:07 - INFO - [pyrmethus_bot_init:3013] - [1m--- Starting Pyrmethus Volumatic Bot v1.1.3 (2025-04-22 20:07:07 CDT) ---[0m
2025-04-22 20:07:07 - INFO - [pyrmethus_bot_init:3014] - Loaded Configuration: Quote=USDT, Trading Enabled=True, Sandbox Mode=False
2025-04-22 20:07:07 - INFO - [pyrmethus_bot_init:3017] - Using versions: Python=3.12.10, CCXT=4.4.72, Pandas=2.2.3, Pandas-TA=0.3.14b0, Numpy=2.2.4, Requests=2.32.3
2025-04-22 20:07:07 - WARNING - [pyrmethus_bot_init:3023] - [33m[1m!!! TRADING IS ENABLED !!![0m
2025-04-22 20:07:07 - WARNING - [pyrmethus_bot_init:3027] - [91m[1mMode: LIVE (Real Funds) - Confirm settings carefully![0m
2025-04-22 20:07:07 - WARNING - [pyrmethus_bot_init:3031] - [1m--- Critical Settings Review ---[0m
2025-04-22 20:07:07 - WARNING - [pyrmethus_bot_init:3032] -   Risk Per Trade: 1.00%
2025-04-22 20:07:07 - WARNING - [pyrmethus_bot_init:3033] -   Leverage: 20x (Ensure matches exchange setting if not using bot leverage control)
2025-04-22 20:07:07 - WARNING - [pyrmethus_bot_init:3034] -   Trailing Stop: ENABLED
2025-04-22 20:07:07 - WARNING - [pyrmethus_bot_init:3036] -     - Callback Rate: 0.500%
2025-04-22 20:07:07 - WARNING - [pyrmethus_bot_init:3037] -     - Activation Profit %: 0.300%
2025-04-22 20:07:07 - WARNING - [pyrmethus_bot_init:3038] -   Break Even: ENABLED
2025-04-22 20:07:07 - WARNING - [pyrmethus_bot_init:3040] -     - Trigger Profit: 1.0 ATR
2025-04-22 20:07:07 - WARNING - [pyrmethus_bot_init:3041] -     - Offset: 2 ticks
2025-04-22 20:07:07 - WARNING - [pyrmethus_bot_init:3042] -   Initial SL Multiple: 1.8 ATR
2025-04-22 20:07:07 - WARNING - [pyrmethus_bot_init:3043] -   Initial TP Multiple: 0.7 ATR 
2025-04-22 20:07:08 - INFO - [pyrmethus_bot_init:3048] - User confirmed settings. Proceeding with trading.
2025-04-22 20:07:08 - INFO - [pyrmethus_bot_init:3060] - Initializing CCXT exchange...
2025-04-22 20:07:09 - WARNING - [pyrmethus_bot_init:379] - [91m[1mUSING LIVE TRADING ENVIRONMENT - REAL FUNDS AT RISK[0m
2025-04-22 20:07:09 - INFO - [pyrmethus_bot_init:382] - Loading markets for bybit...
2025-04-22 20:07:19 - INFO - [pyrmethus_bot_init:387] - Markets loaded successfully (2590 symbols).
2025-04-22 20:07:19 - INFO - [pyrmethus_bot_init:406] - CCXT exchange initialized (bybit). Sandbox: False
2025-04-22 20:07:19 - INFO - [pyrmethus_bot_init:409] - Attempting initial balance fetch (Quote Currency: USDT)...
2025-04-22 20:07:19 - DEBUG - [pyrmethus_bot_init:753] - Fetching balance (Attempt 1, Account Type: UNIFIED) for USDT...
2025-04-22 20:07:20 - DEBUG - [pyrmethus_bot_init:761] - Found balance in standard structure for UNIFIED: 3.1142398
2025-04-22 20:07:20 - DEBUG - [pyrmethus_bot_init:821] - Successfully parsed balance for USDT: 3.1142398
2025-04-22 20:07:20 - INFO - [pyrmethus_bot_init:413] - [92mInitial balance fetched: 3.1142398 USDT[0m
2025-04-22 20:07:20 - INFO - [pyrmethus_bot_init:3068] - Exchange 'bybit' initialized successfully.
2025-04-22 20:07:32 - INFO - [pyrmethus_bot_init:3079] - Validating symbol 'FARTCOIN/USDT:USDT'...
2025-04-22 20:07:32 - DEBUG - [pyrmethus_bot_init:696] - Market Info Retrieved: FARTCOIN/USDT:USDT (ID=FARTCOINUSDT, Type=swap, Contract Type=Linear)
2025-04-22 20:07:32 - DEBUG - [pyrmethus_bot_init:697] -   Precision: Price=0.0001, Amount=1
2025-04-22 20:07:32 - DEBUG - [pyrmethus_bot_init:698] -   Limits (Amount): Min=1, Max=5E+5
2025-04-22 20:07:32 - DEBUG - [pyrmethus_bot_init:699] -   Limits (Cost): Min=N/A, Max=N/A
2025-04-22 20:07:32 - DEBUG - [pyrmethus_bot_init:700] -   Contract Size: 1
2025-04-22 20:07:32 - INFO - [pyrmethus_bot_init:3085] - Validated Symbol: [92mFARTCOIN/USDT:USDT[0m (Type: Linear)
2025-04-22 20:07:33 - INFO - [pyrmethus_bot_init:3128] - Timeframe set to '1' for this session (overriding config default '5').
2025-04-22 20:07:33 - INFO - [pyrmethus_bot_init:3130] - Using timeframe: 1 (CCXT mapping: 1m)
2025-04-22 20:07:34 - CRITICAL - [pyrmethus_bot_init:3209] - [91mCRITICAL UNHANDLED ERROR outside main loop: name 'config' is not defined[0m
Traceback (most recent call last):
  File "/data/data/com.termux/files/home/worldguide/volume/volumatictrend1.1.3.py", line 3199, in main
    loop_delay = config.get("loop_delay_seconds", LOOP_DELAY_SECONDS)
                 ^^^^^^
NameError: name 'config' is not defined
2025-04-22 20:07:34 - INFO - [pyrmethus_bot_init:3217] - --- Pyrmethus Bot (FARTCOIN/USDT:USDT) Stopping ---
2025-04-22 20:42:24 - INFO - [pyrmethus_bot_init:3294] - [1m--- Pyrmethus Volumatic OB Bot v1.1.5 Starting ---[0m
2025-04-22 20:42:24 - INFO - [pyrmethus_bot_init:3295] - Timestamp: 2025-04-22 20:42:24 CDT
2025-04-22 20:42:24 - INFO - [pyrmethus_bot_init:3296] - Loaded Configuration:
2025-04-22 20:42:24 - INFO - [pyrmethus_bot_init:3297] -   Quote Currency: USDT
2025-04-22 20:42:24 - INFO - [pyrmethus_bot_init:3298] -   Trading Enabled: True
2025-04-22 20:42:24 - INFO - [pyrmethus_bot_init:3299] -   Sandbox Mode: False
2025-04-22 20:42:24 - INFO - [pyrmethus_bot_init:3302] - Python Version: 3.12.10
2025-04-22 20:42:24 - INFO - [pyrmethus_bot_init:3303] - CCXT Version: 4.4.72
2025-04-22 20:42:24 - INFO - [pyrmethus_bot_init:3304] - Pandas Version: 2.2.3
2025-04-22 20:42:24 - INFO - [pyrmethus_bot_init:3305] - Pandas-TA Version: 0.3.14b0
2025-04-22 20:42:24 - INFO - [pyrmethus_bot_init:3306] - NumPy Version: 2.2.4
2025-04-22 20:42:24 - INFO - [pyrmethus_bot_init:3307] - Requests Version: 2.32.3
2025-04-22 20:42:24 - WARNING - [pyrmethus_bot_init:3313] - 
[33m[1mâ•”â•â•â•â•â•â•â•â•â•â•â•â•â•â•â•â•â•â•â•â•â•â•â•â•â•â•â•â•â•â•â•â•â•â•â•â•â•â•â•â•â•â•â•â•â•—
2025-04-22 20:42:24 - WARNING - [pyrmethus_bot_init:3314] - â•‘ [31m[1m!!! LIVE TRADING IS ENABLED !!![0m[33m[1m          â•‘
2025-04-22 20:42:24 - WARNING - [pyrmethus_bot_init:3315] - â•šâ•â•â•â•â•â•â•â•â•â•â•â•â•â•â•â•â•â•â•â•â•â•â•â•â•â•â•â•â•â•â•â•â•â•â•â•â•â•â•â•â•â•â•â•â•[0m
2025-04-22 20:42:24 - WARNING - [pyrmethus_bot_init:3317] - Trading Mode: [91mLIVE (REAL FUNDS AT RISK)[0m
2025-04-22 20:42:24 - WARNING - [pyrmethus_bot_init:3323] - [1m--- Review Key Trading Settings ---[0m
2025-04-22 20:42:24 - WARNING - [pyrmethus_bot_init:3324] -   Risk Per Trade: 1.00%
2025-04-22 20:42:24 - WARNING - [pyrmethus_bot_init:3325] -   Leverage: 20x
2025-04-22 20:42:24 - WARNING - [pyrmethus_bot_init:3326] -   Trailing Stop (TSL): ENABLED
2025-04-22 20:42:24 - WARNING - [pyrmethus_bot_init:3328] -     Callback Rate: 0.500%
2025-04-22 20:42:24 - WARNING - [pyrmethus_bot_init:3329] -     Activation Pct: 0.300%
2025-04-22 20:42:24 - WARNING - [pyrmethus_bot_init:3330] -   Break Even (BE): ENABLED
2025-04-22 20:42:24 - WARNING - [pyrmethus_bot_init:3332] -     Trigger ATRs: 1.0
2025-04-22 20:42:24 - WARNING - [pyrmethus_bot_init:3333] -     Offset Ticks: 2
2025-04-22 20:42:24 - WARNING - [pyrmethus_bot_init:3334] -   Initial SL ATR Mult: 1.8
2025-04-22 20:42:24 - WARNING - [pyrmethus_bot_init:3336] -   Initial TP ATR Mult: 0.7 
2025-04-22 20:42:26 - INFO - [pyrmethus_bot_init:3341] - User confirmed settings. Proceeding with trading enabled.
2025-04-22 20:42:26 - INFO - [pyrmethus_bot_init:3351] - Initializing CCXT exchange connection...
2025-04-22 20:42:26 - WARNING - [pyrmethus_bot_init:439] - [91m[1mUSING LIVE TRADING ENVIRONMENT - REAL FUNDS AT RISK[0m
2025-04-22 20:42:26 - INFO - [pyrmethus_bot_init:442] - Loading markets for bybit...
2025-04-22 20:42:36 - INFO - [pyrmethus_bot_init:449] - Markets loaded successfully (2590 symbols).
2025-04-22 20:42:36 - INFO - [pyrmethus_bot_init:474] - CCXT exchange initialized: bybit (Sandbox: False)
2025-04-22 20:42:36 - INFO - [pyrmethus_bot_init:477] - Attempting initial balance fetch for USDT...
2025-04-22 20:42:36 - DEBUG - [pyrmethus_bot_init:872] - Fetching balance for USDT (Account Type: UNIFIED, Attempt 1/4)...
2025-04-22 20:42:38 - DEBUG - [pyrmethus_bot_init:879] - Found balance in standard structure for UNIFIED: 3.1142398
2025-04-22 20:42:38 - INFO - [pyrmethus_bot_init:481] - [92mInitial balance check OK: 3.1142398 USDT[0m
2025-04-22 20:42:38 - INFO - [pyrmethus_bot_init:3357] - Exchange 'bybit' initialized successfully.
2025-04-22 20:42:48 - INFO - [pyrmethus_bot_init:3369] - Validating symbol 'BCH/USDT:USDT' and fetching market info...
2025-04-22 20:42:48 - DEBUG - [pyrmethus_bot_init:805] - Market Info Retrieved: BCH/USDT:USDT
2025-04-22 20:42:48 - DEBUG - [pyrmethus_bot_init:806] -   ID: BCHUSDT, Type: swap, Contract Type: Linear
2025-04-22 20:42:48 - DEBUG - [pyrmethus_bot_init:807] -   Precision (Price/Amount): 0.1 / 0.01
2025-04-22 20:42:48 - DEBUG - [pyrmethus_bot_init:808] -   Limits Amount (Min/Max): 0.01 / 5.3E+3
2025-04-22 20:42:48 - DEBUG - [pyrmethus_bot_init:809] -   Limits Cost (Min/Max): N/A / N/A
2025-04-22 20:42:48 - DEBUG - [pyrmethus_bot_init:810] -   Contract Size: 1
2025-04-22 20:42:48 - INFO - [pyrmethus_bot_init:3375] - Symbol Validated: [92mBCH/USDT:USDT[0m
2025-04-22 20:42:48 - INFO - [pyrmethus_bot_init:3376] -   Market Type: Linear
2025-04-22 20:42:52 - INFO - [pyrmethus_bot_init:3410] - Using timeframe: 3 (CCXT mapping: 3m)
2025-04-22 21:44:28 - INFO     - [pyrmethus_bot_init:409] - [33mConfig: Corrected type/value for 'retry_delay' from 5.0 to 5.[0m
2025-04-22 21:44:28 - INFO     - [pyrmethus_bot_init:409] - [33mConfig: Corrected type/value for 'loop_delay_seconds' from 10.0 to 10.[0m
2025-04-22 21:44:28 - INFO     - [pyrmethus_bot_init:409] - [33mConfig: Corrected type/value for 'position_confirm_delay_seconds' from 8.0 to 8.[0m
2025-04-22 21:44:28 - INFO     - [pyrmethus_bot_init:472] - [92mSaved updated configuration to: config.json[0m
2025-04-22 21:44:28 - DEBUG    - [pyrmethus_bot_init:479] - Quote currency set to: USDT
2025-04-22 21:44:28 - INFO     - [pyrmethus_bot_init:3447] - [1m--- Starting Pyrmethus Volumatic OB Bot v1.1.6 ---[0m
2025-04-22 21:44:28 - INFO     - [pyrmethus_bot_init:3448] - Timestamp: 2025-04-22 21:44:28 CDT
2025-04-22 21:44:28 - INFO     - [pyrmethus_bot_init:3449] - Loaded Configuration: Quote Currency=USDT, Trading Enabled=True, Sandbox Mode=False
2025-04-22 21:44:28 - INFO     - [pyrmethus_bot_init:3457] - Versions: Python=3.12.10, CCXT=4.4.72, Pandas=2.2.3, Numpy=2.2.4, Pandas-TA=0.3.14b0
2025-04-22 21:44:28 - WARNING  - [pyrmethus_bot_init:3463] - 
[33m[1mâ•”â•â•â•â•â•â•â•â•â•â•â•â•â•â•â•â•â•â•â•â•â•â•â•â•â•â•â•â•â•â•â•â•â•â•â•â•â•â•â•â•â•â•â•â•â•â•â•â•â•â•â•â•â•â•â•â•â•â•â•â•â•â•—
2025-04-22 21:44:28 - WARNING  - [pyrmethus_bot_init:3464] - â•‘ [31m[1m!!!           LIVE TRADING IS ENABLED           !!![0m[33m[1m â•‘
2025-04-22 21:44:28 - WARNING  - [pyrmethus_bot_init:3465] - â•šâ•â•â•â•â•â•â•â•â•â•â•â•â•â•â•â•â•â•â•â•â•â•â•â•â•â•â•â•â•â•â•â•â•â•â•â•â•â•â•â•â•â•â•â•â•â•â•â•â•â•â•â•â•â•â•â•â•â•â•â•â•â•[0m
2025-04-22 21:44:28 - WARNING  - [pyrmethus_bot_init:3467] - Trading Mode: [91m!!! LIVE (REAL FUNDS AT RISK) !!![0m
2025-04-22 21:44:28 - WARNING  - [pyrmethus_bot_init:3471] - [1m--- Please Review Key Trading Settings ---[0m
2025-04-22 21:44:28 - WARNING  - [pyrmethus_bot_init:3472] -   Risk Per Trade: 1.00%
2025-04-22 21:44:28 - WARNING  - [pyrmethus_bot_init:3473] -   Leverage: 20x (0 uses exchange default)
2025-04-22 21:44:28 - WARNING  - [pyrmethus_bot_init:3474] -   Trailing Stop (TSL): ENABLED
2025-04-22 21:44:28 - WARNING  - [pyrmethus_bot_init:3476] -     - Callback Rate: 0.500%
2025-04-22 21:44:28 - WARNING  - [pyrmethus_bot_init:3477] -     - Activation Pct: 0.300%
2025-04-22 21:44:28 - WARNING  - [pyrmethus_bot_init:3478] -   Break Even (BE): ENABLED
2025-04-22 21:44:28 - WARNING  - [pyrmethus_bot_init:3480] -     - Trigger ATRs: 1.0
2025-04-22 21:44:28 - WARNING  - [pyrmethus_bot_init:3481] -     - Offset Ticks: 2
2025-04-22 21:44:28 - WARNING  - [pyrmethus_bot_init:3482] -   Initial SL ATR Multiple: 1.8
2025-04-22 21:44:28 - WARNING  - [pyrmethus_bot_init:3484] -   Initial TP ATR Multiple: 0.7 
2025-04-22 21:44:31 - INFO     - [pyrmethus_bot_init:3489] - User confirmed settings. Proceeding with trading.
2025-04-22 21:44:31 - INFO     - [pyrmethus_bot_init:3501] - Initializing CCXT exchange connection...
2025-04-22 21:44:31 - WARNING  - [pyrmethus_bot_init:533] - [91m[1m!!! USING LIVE TRADING ENVIRONMENT - REAL FUNDS AT RISK !!![0m
2025-04-22 21:44:31 - INFO     - [pyrmethus_bot_init:536] - Attempting to load markets for bybit...
2025-04-22 21:44:39 - INFO     - [pyrmethus_bot_init:543] - Markets loaded successfully (2590 symbols found).
2025-04-22 21:44:39 - INFO     - [pyrmethus_bot_init:566] - CCXT exchange initialized: bybit | Sandbox: False
2025-04-22 21:44:39 - INFO     - [pyrmethus_bot_init:569] - Attempting initial balance fetch for quote currency (USDT)...
2025-04-22 21:44:39 - DEBUG    - [pyrmethus_bot_init:1031] - Fetching balance for USDT (Account Type: UNIFIED, Attempt 1/4)...
2025-04-22 21:44:40 - DEBUG    - [pyrmethus_bot_init:1097] - Successfully parsed balance for USDT: 2.93028305
2025-04-22 21:44:40 - INFO     - [pyrmethus_bot_init:573] - [92mInitial available balance: 2.93028305 USDT[0m
2025-04-22 21:44:40 - INFO     - [pyrmethus_bot_init:3508] - Exchange 'bybit' initialized successfully.
2025-04-22 21:45:10 - INFO     - [pyrmethus_bot_init:3520] - Validating symbol 'BCH/USDT:USDT' on bybit...
2025-04-22 21:45:10 - DEBUG    - [pyrmethus_bot_init:955] - Market Info (BCH/USDT:USDT): ID=BCHUSDT, Type=swap, Contract Type=Linear, Precision(Price/Amount): 0.1 / 0.01, Limits(Amount Min/Max): 0.01 / 5.3E+3, Limits(Cost Min/Max): N/A / N/A, Contract Size: 1
2025-04-22 21:45:10 - INFO     - [pyrmethus_bot_init:3527] - Validated Symbol: [92mBCH/USDT:USDT[0m | Type: Linear
2025-04-22 21:45:13 - INFO     - [pyrmethus_bot_init:3569] - Using timeframe: 3 (CCXT mapping: 3m)
2025-04-22 21:46:56 - INFO     - [pyrmethus_bot_init:3661] - --- Pyrmethus Bot (BCH/USDT:USDT) Shutting Down ---
2025-04-23 23:00:31.942 INFO     [pyrmethus_bot_init:383] [35m[1mPyrmethus Volumatic Bot v1.4.1 Initializing...[0m
2025-04-23 23:00:31.943 INFO     [pyrmethus_bot_init:384] Using Timezone: America/Chicago (America/Chicago)
2025-04-23 23:00:31.943 DEBUG    [pyrmethus_bot_init:386] Ensure required packages are installed: pandas, pandas_ta, numpy, ccxt, requests, python-dotenv, colorama, tzdata (optional but recommended)
2025-04-23 23:00:31.943 INFO     [pyrmethus_bot_init:528] [36m# Loading configuration from 'config.json'...[0m
2025-04-23 23:00:31.944 INFO     [pyrmethus_bot_init:411] [33mConfig Update: Added missing key 'trading_pairs' with default value = ['BTC/USDT'][0m
2025-04-23 23:00:31.945 DEBUG    [pyrmethus_bot_init:628] # Validating configuration parameters...
2025-04-23 23:00:31.945 INFO     [pyrmethus_bot_init:701] Quote currency set to: [33mUSDT[0m
2025-04-23 23:00:31.946 INFO     [pyrmethus_bot_init:762] Configuration requires updates. Saving changes to 'config.json'...
2025-04-23 23:00:31.946 INFO     [pyrmethus_bot_init:766] [92mConfig file 'config.json' updated successfully.[0m
2025-04-23 23:00:31.947 INFO     [pyrmethus_bot_init:771] [36m# Configuration loading and validation complete.[0m
2025-04-23 23:00:40.951 WARNING  [pyrmethus_bot_init:3750] 
[91m[1mShutdown signal (SIGINT) received! Initiating graceful shutdown...[0m
2025-04-23 23:01:09.110 WARNING  [pyrmethus_bot_init:3750] 
[91m[1mShutdown signal (SIGINT) received! Initiating graceful shutdown...[0m
2025-04-23 23:01:21.448 INFO     [pyrmethus_bot_init:383] [35m[1mPyrmethus Volumatic Bot v1.4.1 Initializing...[0m
2025-04-23 23:01:21.450 INFO     [pyrmethus_bot_init:384] Using Timezone: America/Chicago (America/Chicago)
2025-04-23 23:01:21.451 DEBUG    [pyrmethus_bot_init:386] Ensure required packages are installed: pandas, pandas_ta, numpy, ccxt, requests, python-dotenv, colorama, tzdata (optional but recommended)
2025-04-23 23:01:21.451 INFO     [pyrmethus_bot_init:528] [36m# Loading configuration from 'config.json'...[0m
2025-04-23 23:01:21.452 DEBUG    [pyrmethus_bot_init:628] # Validating configuration parameters...
2025-04-23 23:01:21.452 INFO     [pyrmethus_bot_init:701] Quote currency set to: [33mUSDT[0m
2025-04-23 23:01:21.453 INFO     [pyrmethus_bot_init:771] [36m# Configuration loading and validation complete.[0m
2025-04-23 23:02:12.614 WARNING  [pyrmethus_bot_init:3750] 
[91m[1mShutdown signal (SIGINT) received! Initiating graceful shutdown...[0m
2025-04-23 23:03:02.507 INFO     [pyrmethus_bot_init:383] [35m[1mPyrmethus Volumatic Bot v1.4.1 Initializing...[0m
2025-04-23 23:03:02.508 INFO     [pyrmethus_bot_init:384] Using Timezone: America/Chicago (America/Chicago)
2025-04-23 23:03:02.508 DEBUG    [pyrmethus_bot_init:386] Ensure required packages are installed: pandas, pandas_ta, numpy, ccxt, requests, python-dotenv, colorama, tzdata (optional but recommended)
2025-04-23 23:03:02.509 INFO     [pyrmethus_bot_init:528] [36m# Loading configuration from 'config.json'...[0m
2025-04-23 23:03:02.509 DEBUG    [pyrmethus_bot_init:628] # Validating configuration parameters...
2025-04-23 23:03:02.510 INFO     [pyrmethus_bot_init:701] Quote currency set to: [33mUSDT[0m
2025-04-23 23:03:02.510 INFO     [pyrmethus_bot_init:771] [36m# Configuration loading and validation complete.[0m
2025-04-23 23:04:00.794 WARNING  [pyrmethus_bot_init:3750] 
[91m[1mShutdown signal (SIGINT) received! Initiating graceful shutdown...[0m
2025-04-23 23:26:09.419 UTC INFO     [pyrmethus_bot_init:402] [35m[1mPyrmethus Volumatic Bot v1.4.1 Initializing...[0m
2025-04-23 23:26:09.420 UTC INFO     [pyrmethus_bot_init:403] Using Timezone: America/Chicago (America/Chicago) for console logs.
2025-04-23 23:26:09.420 UTC DEBUG    [pyrmethus_bot_init:405] Ensure required packages are installed: pandas, pandas_ta, numpy, ccxt, requests, python-dotenv, colorama, tzdata (optional but recommended)
2025-04-23 23:26:09.420 UTC INFO     [pyrmethus_bot_init:576] [36m# Loading configuration from 'config.json'...[0m
2025-04-23 23:26:09.422 UTC DEBUG    [pyrmethus_bot_init:680] # Validating configuration parameters...
2025-04-23 23:26:09.422 UTC INFO     [pyrmethus_bot_init:790] Quote currency set to: [33mUSDT[0m
2025-04-23 23:26:09.423 UTC INFO     [pyrmethus_bot_init:832] [36m# Configuration loading and validation complete.[0m
2025-04-23 23:26:24.038 UTC INFO     [pyrmethus_bot_init:402] [35m[1mPyrmethus Volumatic Bot v1.4.1 Initializing...[0m
2025-04-23 23:26:24.038 UTC INFO     [pyrmethus_bot_init:403] Using Timezone: America/Chicago (America/Chicago) for console logs.
2025-04-23 23:26:24.038 UTC DEBUG    [pyrmethus_bot_init:405] Ensure required packages are installed: pandas, pandas_ta, numpy, ccxt, requests, python-dotenv, colorama, tzdata (optional but recommended)
2025-04-23 23:26:24.039 UTC INFO     [pyrmethus_bot_init:576] [36m# Loading configuration from 'config.json'...[0m
2025-04-23 23:26:24.039 UTC DEBUG    [pyrmethus_bot_init:680] # Validating configuration parameters...
2025-04-23 23:26:24.040 UTC INFO     [pyrmethus_bot_init:790] Quote currency set to: [33mUSDT[0m
2025-04-23 23:26:24.040 UTC INFO     [pyrmethus_bot_init:832] [36m# Configuration loading and validation complete.[0m
2025-04-24 00:38:16.292 INFO     [pyrmethus_bot_init:383] [35m[1mPyrmethus Volumatic Bot v1.4.1 Initializing...[0m
2025-04-24 00:38:16.293 INFO     [pyrmethus_bot_init:384] Using Timezone: America/Chicago (America/Chicago)
2025-04-24 00:38:16.293 DEBUG    [pyrmethus_bot_init:386] Ensure required packages are installed: pandas, pandas_ta, numpy, ccxt, requests, python-dotenv, colorama, tzdata (optional but recommended)
2025-04-24 00:38:16.293 INFO     [pyrmethus_bot_init:528] [36m# Loading configuration from 'config.json'...[0m
2025-04-24 00:38:16.294 DEBUG    [pyrmethus_bot_init:628] # Validating configuration parameters...
2025-04-24 00:38:16.295 INFO     [pyrmethus_bot_init:701] Quote currency set to: [33mUSDT[0m
2025-04-24 00:38:16.295 INFO     [pyrmethus_bot_init:771] [36m# Configuration loading and validation complete.[0m
2025-04-24 00:39:23.796 WARNING  [pyrmethus_bot_init:3750] 
[91m[1mShutdown signal (SIGINT) received! Initiating graceful shutdown...[0m
2025-04-28 12:02:15 - DEBUG    - [pyrmethus_bot_init:476] - Quote currency set to: USDT
2025-04-28 12:02:15 - INFO     - [pyrmethus_bot_init:3433] - [1m--- Starting Pyrmethus Volumatic OB Bot v1.1.6 ---[0m
2025-04-28 12:02:15 - INFO     - [pyrmethus_bot_init:3434] - Timestamp: 2025-04-28 12:02:15 CDT
2025-04-28 12:02:15 - INFO     - [pyrmethus_bot_init:3435] - Loaded Configuration: Quote Currency=USDT, Trading Enabled=True, Sandbox Mode=False
2025-04-28 12:02:15 - INFO     - [pyrmethus_bot_init:3443] - Versions: Python=3.12.10, CCXT=4.4.72, Pandas=2.2.3, Numpy=2.2.5, Pandas-TA=0.3.14b0
2025-04-28 12:02:15 - WARNING  - [pyrmethus_bot_init:3449] - 
[33m[1mâ•”â•â•â•â•â•â•â•â•â•â•â•â•â•â•â•â•â•â•â•â•â•â•â•â•â•â•â•â•â•â•â•â•â•â•â•â•â•â•â•â•â•â•â•â•â•â•â•â•â•â•â•â•â•â•â•â•â•â•â•â•â•â•—
2025-04-28 12:02:15 - WARNING  - [pyrmethus_bot_init:3450] - â•‘ [31m[1m!!!           LIVE TRADING IS ENABLED           !!![0m[33m[1m â•‘
2025-04-28 12:02:15 - WARNING  - [pyrmethus_bot_init:3451] - â•šâ•â•â•â•â•â•â•â•â•â•â•â•â•â•â•â•â•â•â•â•â•â•â•â•â•â•â•â•â•â•â•â•â•â•â•â•â•â•â•â•â•â•â•â•â•â•â•â•â•â•â•â•â•â•â•â•â•â•â•â•â•â•[0m
2025-04-28 12:02:15 - WARNING  - [pyrmethus_bot_init:3453] - Trading Mode: [91m!!! LIVE (REAL FUNDS AT RISK) !!![0m
2025-04-28 12:02:15 - WARNING  - [pyrmethus_bot_init:3457] - [1m--- Please Review Key Trading Settings ---[0m
2025-04-28 12:02:15 - WARNING  - [pyrmethus_bot_init:3458] -   Risk Per Trade: 1.00%
2025-04-28 12:02:15 - WARNING  - [pyrmethus_bot_init:3459] -   Leverage: 20x (0 uses exchange default)
2025-04-28 12:02:15 - WARNING  - [pyrmethus_bot_init:3460] -   Trailing Stop (TSL): ENABLED
2025-04-28 12:02:15 - WARNING  - [pyrmethus_bot_init:3462] -     - Callback Rate: 0.500%
2025-04-28 12:02:15 - WARNING  - [pyrmethus_bot_init:3463] -     - Activation Pct: 0.300%
2025-04-28 12:02:15 - WARNING  - [pyrmethus_bot_init:3464] -   Break Even (BE): ENABLED
2025-04-28 12:02:15 - WARNING  - [pyrmethus_bot_init:3466] -     - Trigger ATRs: 1.0
2025-04-28 12:02:15 - WARNING  - [pyrmethus_bot_init:3467] -     - Offset Ticks: 2
2025-04-28 12:02:15 - WARNING  - [pyrmethus_bot_init:3468] -   Initial SL ATR Multiple: 1.8
2025-04-28 12:02:15 - WARNING  - [pyrmethus_bot_init:3470] -   Initial TP ATR Multiple: 0.7 
2025-04-28 12:02:15 - INFO     - [pyrmethus_bot_init:3475] - User confirmed settings. Proceeding with trading.
2025-04-28 12:02:15 - INFO     - [pyrmethus_bot_init:3486] - Initializing CCXT exchange connection...
2025-04-28 12:02:15 - WARNING  - [pyrmethus_bot_init:532] - [91m[1m!!! USING LIVE TRADING ENVIRONMENT - REAL FUNDS AT RISK !!![0m
2025-04-28 12:02:15 - INFO     - [pyrmethus_bot_init:535] - Attempting to load markets for bybit...
2025-04-28 12:02:42 - WARNING  - [pyrmethus_bot_init:548] - Network error loading markets (Attempt 1/4): bybit {"retCode":10002,"retMsg":"invalid request, please check your server timestamp or recv_window param. req_timestamp[1745859735670],server_timestamp[1745859763784],recv_window[5000]","result":{},"retExtInfo":{},"time":1745859763784}.
2025-04-28 12:02:42 - WARNING  - [pyrmethus_bot_init:552] - Retrying in 5 seconds...
2025-04-28 12:02:48 - CRITICAL - [pyrmethus_bot_init:555] - [91mAuthentication error loading markets: bybit {"retCode":33004,"retMsg":"Your api key has expired.","result":{},"retExtInfo":{},"time":1745859769358}. Check API Key/Secret/Permissions. Exiting.[0m
2025-04-28 12:02:48 - CRITICAL - [pyrmethus_bot_init:3489] - Exchange initialization failed. Cannot continue. Exiting.
2025-04-28 12:03:10 - DEBUG    - [pyrmethus_bot_init:476] - Quote currency set to: USDT
2025-04-28 12:03:10 - INFO     - [pyrmethus_bot_init:3433] - [1m--- Starting Pyrmethus Volumatic OB Bot v1.1.6 ---[0m
2025-04-28 12:03:10 - INFO     - [pyrmethus_bot_init:3434] - Timestamp: 2025-04-28 12:03:10 CDT
2025-04-28 12:03:10 - INFO     - [pyrmethus_bot_init:3435] - Loaded Configuration: Quote Currency=USDT, Trading Enabled=True, Sandbox Mode=False
2025-04-28 12:03:10 - INFO     - [pyrmethus_bot_init:3443] - Versions: Python=3.12.10, CCXT=4.4.72, Pandas=2.2.3, Numpy=2.2.5, Pandas-TA=0.3.14b0
2025-04-28 12:03:10 - WARNING  - [pyrmethus_bot_init:3449] - 
[33m[1mâ•”â•â•â•â•â•â•â•â•â•â•â•â•â•â•â•â•â•â•â•â•â•â•â•â•â•â•â•â•â•â•â•â•â•â•â•â•â•â•â•â•â•â•â•â•â•â•â•â•â•â•â•â•â•â•â•â•â•â•â•â•â•â•—
2025-04-28 12:03:10 - WARNING  - [pyrmethus_bot_init:3450] - â•‘ [31m[1m!!!           LIVE TRADING IS ENABLED           !!![0m[33m[1m â•‘
2025-04-28 12:03:10 - WARNING  - [pyrmethus_bot_init:3451] - â•šâ•â•â•â•â•â•â•â•â•â•â•â•â•â•â•â•â•â•â•â•â•â•â•â•â•â•â•â•â•â•â•â•â•â•â•â•â•â•â•â•â•â•â•â•â•â•â•â•â•â•â•â•â•â•â•â•â•â•â•â•â•â•[0m
2025-04-28 12:03:10 - WARNING  - [pyrmethus_bot_init:3453] - Trading Mode: [91m!!! LIVE (REAL FUNDS AT RISK) !!![0m
2025-04-28 12:03:10 - WARNING  - [pyrmethus_bot_init:3457] - [1m--- Please Review Key Trading Settings ---[0m
2025-04-28 12:03:10 - WARNING  - [pyrmethus_bot_init:3458] -   Risk Per Trade: 1.00%
2025-04-28 12:03:10 - WARNING  - [pyrmethus_bot_init:3459] -   Leverage: 20x (0 uses exchange default)
2025-04-28 12:03:10 - WARNING  - [pyrmethus_bot_init:3460] -   Trailing Stop (TSL): ENABLED
2025-04-28 12:03:10 - WARNING  - [pyrmethus_bot_init:3462] -     - Callback Rate: 0.500%
2025-04-28 12:03:10 - WARNING  - [pyrmethus_bot_init:3463] -     - Activation Pct: 0.300%
2025-04-28 12:03:10 - WARNING  - [pyrmethus_bot_init:3464] -   Break Even (BE): ENABLED
2025-04-28 12:03:10 - WARNING  - [pyrmethus_bot_init:3466] -     - Trigger ATRs: 1.0
2025-04-28 12:03:10 - WARNING  - [pyrmethus_bot_init:3467] -     - Offset Ticks: 2
2025-04-28 12:03:10 - WARNING  - [pyrmethus_bot_init:3468] -   Initial SL ATR Multiple: 1.8
2025-04-28 12:03:10 - WARNING  - [pyrmethus_bot_init:3470] -   Initial TP ATR Multiple: 0.7 
2025-04-28 12:03:12 - INFO     - [pyrmethus_bot_init:3475] - User confirmed settings. Proceeding with trading.
2025-04-28 12:03:12 - INFO     - [pyrmethus_bot_init:3486] - Initializing CCXT exchange connection...
2025-04-28 12:03:12 - WARNING  - [pyrmethus_bot_init:532] - [91m[1m!!! USING LIVE TRADING ENVIRONMENT - REAL FUNDS AT RISK !!![0m
2025-04-28 12:03:12 - INFO     - [pyrmethus_bot_init:535] - Attempting to load markets for bybit...
2025-04-28 12:03:14 - CRITICAL - [pyrmethus_bot_init:555] - [91mAuthentication error loading markets: bybit {"retCode":33004,"retMsg":"Your api key has expired.","result":{},"retExtInfo":{},"time":1745859795498}. Check API Key/Secret/Permissions. Exiting.[0m
2025-04-28 12:03:14 - CRITICAL - [pyrmethus_bot_init:3489] - Exchange initialization failed. Cannot continue. Exiting.
2025-04-28 12:03:43 - INFO - [pyrmethus_bot_init:3284] - [1m--- Pyrmethus Volumatic OB Bot v1.1.5 Starting ---[0m
2025-04-28 12:03:43 - INFO - [pyrmethus_bot_init:3285] - Timestamp: 2025-04-28 12:03:43 CDT
2025-04-28 12:03:43 - INFO - [pyrmethus_bot_init:3286] - Loaded Configuration:
2025-04-28 12:03:43 - INFO - [pyrmethus_bot_init:3287] -   Quote Currency: USDT
2025-04-28 12:03:43 - INFO - [pyrmethus_bot_init:3288] -   Trading Enabled: True
2025-04-28 12:03:43 - INFO - [pyrmethus_bot_init:3289] -   Sandbox Mode: False
2025-04-28 12:03:43 - INFO - [pyrmethus_bot_init:3292] - Python Version: 3.12.10
2025-04-28 12:03:43 - INFO - [pyrmethus_bot_init:3293] - CCXT Version: 4.4.72
2025-04-28 12:03:43 - INFO - [pyrmethus_bot_init:3294] - Pandas Version: 2.2.3
2025-04-28 12:03:43 - INFO - [pyrmethus_bot_init:3295] - Pandas-TA Version: 0.3.14b0
2025-04-28 12:03:43 - INFO - [pyrmethus_bot_init:3296] - NumPy Version: 2.2.5
2025-04-28 12:03:43 - INFO - [pyrmethus_bot_init:3297] - Requests Version: 2.32.3
2025-04-28 12:03:43 - WARNING - [pyrmethus_bot_init:3303] - 
[33m[1mâ•”â•â•â•â•â•â•â•â•â•â•â•â•â•â•â•â•â•â•â•â•â•â•â•â•â•â•â•â•â•â•â•â•â•â•â•â•â•â•â•â•â•â•â•â•â•—
2025-04-28 12:03:43 - WARNING - [pyrmethus_bot_init:3304] - â•‘ [31m[1m!!! LIVE TRADING IS ENABLED !!![0m[33m[1m          â•‘
2025-04-28 12:03:43 - WARNING - [pyrmethus_bot_init:3305] - â•šâ•â•â•â•â•â•â•â•â•â•â•â•â•â•â•â•â•â•â•â•â•â•â•â•â•â•â•â•â•â•â•â•â•â•â•â•â•â•â•â•â•â•â•â•â•[0m
2025-04-28 12:03:43 - WARNING - [pyrmethus_bot_init:3307] - Trading Mode: [91mLIVE (REAL FUNDS AT RISK)[0m
2025-04-28 12:03:43 - WARNING - [pyrmethus_bot_init:3313] - [1m--- Review Key Trading Settings ---[0m
2025-04-28 12:03:43 - WARNING - [pyrmethus_bot_init:3314] -   Risk Per Trade: 1.00%
2025-04-28 12:03:43 - WARNING - [pyrmethus_bot_init:3315] -   Leverage: 20x
2025-04-28 12:03:43 - WARNING - [pyrmethus_bot_init:3316] -   Trailing Stop (TSL): ENABLED
2025-04-28 12:03:43 - WARNING - [pyrmethus_bot_init:3318] -     Callback Rate: 0.500%
2025-04-28 12:03:43 - WARNING - [pyrmethus_bot_init:3319] -     Activation Pct: 0.300%
2025-04-28 12:03:43 - WARNING - [pyrmethus_bot_init:3320] -   Break Even (BE): ENABLED
2025-04-28 12:03:43 - WARNING - [pyrmethus_bot_init:3322] -     Trigger ATRs: 1.0
2025-04-28 12:03:43 - WARNING - [pyrmethus_bot_init:3323] -     Offset Ticks: 2
2025-04-28 12:03:43 - WARNING - [pyrmethus_bot_init:3324] -   Initial SL ATR Mult: 1.8
2025-04-28 12:03:43 - WARNING - [pyrmethus_bot_init:3326] -   Initial TP ATR Mult: 0.7 
2025-04-28 12:03:45 - INFO - [pyrmethus_bot_init:3331] - User confirmed settings. Proceeding with trading enabled.
2025-04-28 12:03:45 - INFO - [pyrmethus_bot_init:3340] - Initializing CCXT exchange connection...
2025-04-28 12:03:45 - WARNING - [pyrmethus_bot_init:438] - [91m[1mUSING LIVE TRADING ENVIRONMENT - REAL FUNDS AT RISK[0m
2025-04-28 12:03:45 - INFO - [pyrmethus_bot_init:441] - Loading markets for bybit...
2025-04-28 12:03:46 - CRITICAL - [pyrmethus_bot_init:466] - [91mAn unexpected error occurred loading markets: bybit {"retCode":33004,"retMsg":"Your api key has expired.","result":{},"retExtInfo":{},"time":1745859827640}. Exiting.[0m
Traceback (most recent call last):
  File "/data/data/com.termux/files/home/worldguide/volume/volumatictrend1.2.4.py", line 446, in initialize_exchange
    exchange.load_markets(reload=attempt > 0)
  File "/data/data/com.termux/files/usr/lib/python3.12/site-packages/ccxt/base/exchange.py", line 1512, in load_markets
    currencies = self.fetch_currencies()
                 ^^^^^^^^^^^^^^^^^^^^^^^
  File "/data/data/com.termux/files/usr/lib/python3.12/site-packages/ccxt/bybit.py", line 1599, in fetch_currencies
    response = self.privateGetV5AssetCoinQueryInfo(params)
               ^^^^^^^^^^^^^^^^^^^^^^^^^^^^^^^^^^^^^^^^^^^
  File "/data/data/com.termux/files/usr/lib/python3.12/site-packages/ccxt/base/types.py", line 35, in unbound_method
    return _self.request(self.path, self.api, self.method, params, config=self.config)
           ^^^^^^^^^^^^^^^^^^^^^^^^^^^^^^^^^^^^^^^^^^^^^^^^^^^^^^^^^^^^^^^^^^^^^^^^^^^
  File "/data/data/com.termux/files/usr/lib/python3.12/site-packages/ccxt/base/exchange.py", line 4394, in request
    return self.fetch2(path, api, method, params, headers, body, config)
           ^^^^^^^^^^^^^^^^^^^^^^^^^^^^^^^^^^^^^^^^^^^^^^^^^^^^^^^^^^^^^
  File "/data/data/com.termux/files/usr/lib/python3.12/site-packages/ccxt/base/exchange.py", line 4390, in fetch2
    raise e
  File "/data/data/com.termux/files/usr/lib/python3.12/site-packages/ccxt/base/exchange.py", line 4379, in fetch2
    return self.fetch(request['url'], request['method'], request['headers'], request['body'])
           ^^^^^^^^^^^^^^^^^^^^^^^^^^^^^^^^^^^^^^^^^^^^^^^^^^^^^^^^^^^^^^^^^^^^^^^^^^^^^^^^^^
  File "/data/data/com.termux/files/usr/lib/python3.12/site-packages/ccxt/base/exchange.py", line 621, in fetch
    self.handle_errors(http_status_code, http_status_text, url, method, headers, http_response, json_response, request_headers, request_body)
  File "/data/data/com.termux/files/usr/lib/python3.12/site-packages/ccxt/bybit.py", line 8838, in handle_errors
    self.throw_exactly_matched_exception(self.exceptions['exact'], errorCode, feedback)
  File "/data/data/com.termux/files/usr/lib/python3.12/site-packages/ccxt/base/exchange.py", line 4783, in throw_exactly_matched_exception
    raise exact[string](message)
ccxt.base.errors.AuthenticationError: bybit {"retCode":33004,"retMsg":"Your api key has expired.","result":{},"retExtInfo":{},"time":1745859827640}
2025-04-28 12:03:46 - CRITICAL - [pyrmethus_bot_init:3343] - Exchange initialization failed. Cannot continue. Exiting.
2025-04-28 12:04:47 - INFO - [pyrmethus_bot_init:3284] - [1m--- Pyrmethus Volumatic OB Bot v1.1.5 Starting ---[0m
2025-04-28 12:04:47 - INFO - [pyrmethus_bot_init:3285] - Timestamp: 2025-04-28 12:04:47 CDT
2025-04-28 12:04:47 - INFO - [pyrmethus_bot_init:3286] - Loaded Configuration:
2025-04-28 12:04:47 - INFO - [pyrmethus_bot_init:3287] -   Quote Currency: USDT
2025-04-28 12:04:47 - INFO - [pyrmethus_bot_init:3288] -   Trading Enabled: True
2025-04-28 12:04:47 - INFO - [pyrmethus_bot_init:3289] -   Sandbox Mode: False
2025-04-28 12:04:47 - INFO - [pyrmethus_bot_init:3292] - Python Version: 3.12.10
2025-04-28 12:04:47 - INFO - [pyrmethus_bot_init:3293] - CCXT Version: 4.4.72
2025-04-28 12:04:47 - INFO - [pyrmethus_bot_init:3294] - Pandas Version: 2.2.3
2025-04-28 12:04:47 - INFO - [pyrmethus_bot_init:3295] - Pandas-TA Version: 0.3.14b0
2025-04-28 12:04:47 - INFO - [pyrmethus_bot_init:3296] - NumPy Version: 2.2.5
2025-04-28 12:04:47 - INFO - [pyrmethus_bot_init:3297] - Requests Version: 2.32.3
2025-04-28 12:04:47 - WARNING - [pyrmethus_bot_init:3303] - 
[33m[1mâ•”â•â•â•â•â•â•â•â•â•â•â•â•â•â•â•â•â•â•â•â•â•â•â•â•â•â•â•â•â•â•â•â•â•â•â•â•â•â•â•â•â•â•â•â•â•—
2025-04-28 12:04:47 - WARNING - [pyrmethus_bot_init:3304] - â•‘ [31m[1m!!! LIVE TRADING IS ENABLED !!![0m[33m[1m          â•‘
2025-04-28 12:04:47 - WARNING - [pyrmethus_bot_init:3305] - â•šâ•â•â•â•â•â•â•â•â•â•â•â•â•â•â•â•â•â•â•â•â•â•â•â•â•â•â•â•â•â•â•â•â•â•â•â•â•â•â•â•â•â•â•â•â•[0m
2025-04-28 12:04:47 - WARNING - [pyrmethus_bot_init:3307] - Trading Mode: [91mLIVE (REAL FUNDS AT RISK)[0m
2025-04-28 12:04:47 - WARNING - [pyrmethus_bot_init:3313] - [1m--- Review Key Trading Settings ---[0m
2025-04-28 12:04:47 - WARNING - [pyrmethus_bot_init:3314] -   Risk Per Trade: 1.00%
2025-04-28 12:04:47 - WARNING - [pyrmethus_bot_init:3315] -   Leverage: 20x
2025-04-28 12:04:47 - WARNING - [pyrmethus_bot_init:3316] -   Trailing Stop (TSL): ENABLED
2025-04-28 12:04:47 - WARNING - [pyrmethus_bot_init:3318] -     Callback Rate: 0.500%
2025-04-28 12:04:47 - WARNING - [pyrmethus_bot_init:3319] -     Activation Pct: 0.300%
2025-04-28 12:04:47 - WARNING - [pyrmethus_bot_init:3320] -   Break Even (BE): ENABLED
2025-04-28 12:04:47 - WARNING - [pyrmethus_bot_init:3322] -     Trigger ATRs: 1.0
2025-04-28 12:04:47 - WARNING - [pyrmethus_bot_init:3323] -     Offset Ticks: 2
2025-04-28 12:04:47 - WARNING - [pyrmethus_bot_init:3324] -   Initial SL ATR Mult: 1.8
2025-04-28 12:04:47 - WARNING - [pyrmethus_bot_init:3326] -   Initial TP ATR Mult: 0.7 
2025-04-28 12:04:48 - INFO - [pyrmethus_bot_init:3331] - User confirmed settings. Proceeding with trading enabled.
2025-04-28 12:04:48 - INFO - [pyrmethus_bot_init:3340] - Initializing CCXT exchange connection...
2025-04-28 12:04:48 - WARNING - [pyrmethus_bot_init:438] - [91m[1mUSING LIVE TRADING ENVIRONMENT - REAL FUNDS AT RISK[0m
2025-04-28 12:04:48 - INFO - [pyrmethus_bot_init:441] - Loading markets for bybit...
2025-04-28 12:04:56 - INFO - [pyrmethus_bot_init:448] - Markets loaded successfully (2571 symbols).
2025-04-28 12:04:56 - INFO - [pyrmethus_bot_init:473] - CCXT exchange initialized: bybit (Sandbox: False)
2025-04-28 12:04:56 - INFO - [pyrmethus_bot_init:476] - Attempting initial balance fetch for USDT...
2025-04-28 12:04:56 - DEBUG - [pyrmethus_bot_init:870] - Fetching balance for USDT (Account Type: UNIFIED, Attempt 1/4)...
2025-04-28 12:04:57 - DEBUG - [pyrmethus_bot_init:877] - Found balance in standard structure for UNIFIED: 10.50191335
2025-04-28 12:04:57 - INFO - [pyrmethus_bot_init:480] - [92mInitial balance check OK: 10.50191335 USDT[0m
2025-04-28 12:04:57 - INFO - [pyrmethus_bot_init:3346] - Exchange 'bybit' initialized successfully.
2025-04-28 12:05:13 - INFO - [pyrmethus_bot_init:3358] - Validating symbol 'FARTCOIN/USDT:USDT' and fetching market info...
2025-04-28 12:05:13 - DEBUG - [pyrmethus_bot_init:804] - Market Info Retrieved: FARTCOIN/USDT:USDT
2025-04-28 12:05:13 - DEBUG - [pyrmethus_bot_init:805] -   ID: FARTCOINUSDT, Type: swap, Contract Type: Linear
2025-04-28 12:05:13 - DEBUG - [pyrmethus_bot_init:806] -   Precision (Price/Amount): 0.0001 / 1
2025-04-28 12:05:13 - DEBUG - [pyrmethus_bot_init:807] -   Limits Amount (Min/Max): 1 / 5E+5
2025-04-28 12:05:13 - DEBUG - [pyrmethus_bot_init:808] -   Limits Cost (Min/Max): N/A / N/A
2025-04-28 12:05:13 - DEBUG - [pyrmethus_bot_init:809] -   Contract Size: 1
2025-04-28 12:05:13 - INFO - [pyrmethus_bot_init:3364] - Symbol Validated: [92mFARTCOIN/USDT:USDT[0m
2025-04-28 12:05:13 - INFO - [pyrmethus_bot_init:3365] -   Market Type: Linear
2025-04-28 12:05:15 - INFO - [pyrmethus_bot_init:3398] - Using timeframe: 3 (CCXT mapping: 3m)
2025-04-28 12:12:23 - INFO - [pyrmethus_bot_init:3496] - --- Pyrmethus Bot (FARTCOIN/USDT:USDT) Stopping ---
2025-04-28 17:34:44.750 INFO     [pyrmethus_bot_init:388] [35m[1mPyrmethus Volumatic Bot v1.4.1 Initializing...[0m
2025-04-28 17:34:44.750 INFO     [pyrmethus_bot_init:389] Using Timezone: America/Chicago (America/Chicago)
2025-04-28 17:34:44.751 DEBUG    [pyrmethus_bot_init:391] Ensure required packages are installed: pandas, pandas_ta, numpy, ccxt, requests, python-dotenv, colorama, tzdata (optional but recommended)
2025-04-28 17:34:44.751 INFO     [pyrmethus_bot_init:530] [36m# Loading configuration from 'config.json'...[0m
2025-04-28 17:34:44.753 DEBUG    [pyrmethus_bot_init:630] # Validating configuration parameters...
2025-04-28 17:34:44.753 INFO     [pyrmethus_bot_init:702] Quote currency set to: [33mUSDT[0m
2025-04-28 17:34:44.753 INFO     [pyrmethus_bot_init:771] [36m# Configuration loading and validation complete.[0m
2025-04-28 17:35:29.704 WARNING  [pyrmethus_bot_init:3729] 
[91m[1mShutdown signal (SIGINT) received! Initiating graceful shutdown...[0m
