[44m[37m[1m--- Pyrmethus's Bybit Journal Automaton Activated ---[0m
[35m[1mInitializing the Trading Journal Chronicle...[0m
Attempting to weave connection to Bybit's realm...
Verifying API connection pact...
[32mAPI connection pact sealed successfully.[0m
[32mPerforming initial fetch for the last 24 hours before scheduling...[0m
[35m[1m--- Performing Daily Ritual (2025-04-24 15:01:04) ---[0m
Gathering whispers from [36m2025-04-23 15:01:04[0m to [36m2025-04-24 15:01:04[0m (approx last 24 hours).
[34m--- Listening in Realm: [1mlinear[0m ---
[36mSummoning closed PnL spirits for realm: [1mlinear[0m...
[32mFinished summoning. Total 35 records found for linear across 2 pages.[0m
[36mWeaving 35 raw records from realm 'linear' into the chronicle...[0m
[32mSuccessfully processed 35 records for realm linear.[0m
Heard 35 new whispers in realm linear.
[34m--- Listening in Realm: [1minverse[0m ---
[36mSummoning closed PnL spirits for realm: [1minverse[0m...
[32mFinished summoning. Total 1 records found for inverse across 2 pages.[0m
[36mWeaving 1 raw records from realm 'inverse' into the chronicle...[0m
[32mSuccessfully processed 1 records for realm inverse.[0m
Heard 1 new whispers in realm inverse.
[36mCombining daily whispers from all realms (36 total records)...[0m
Total unique new records found during daily ritual: 36
Scroll (bybit_trading_journal.csv) not found or is empty. Preparing to inscribe 36 new records.
[36mInscribing 36 new insights onto the scroll (bybit_trading_journal.csv)...[0m
[32mSuccessfully inscribed 36 new records.[0m
[32m[1m--- Daily Ritual Completed ---[0m
[32mCreated a protective echo: backup_20250424_150109_bybit_trading_journal.csv[0m
[32mScheduling the daily ritual to commence every day at 00:05.[0m
[36mThe automaton now slumbers, awaiting the scheduled time or a manual interruption (CTRL+C)...[0m

[33m[1mSpell broken by the user's will. The automaton rests.[0m
