2025-04-24 03:29:11 - INFO - [livexy_bot_TRUMP_USDT-USDT:3786] - ---=== Starting Trading Loop for TRUMP/USDT:USDT (3) ===---
2025-04-24 03:29:11 - INFO - [livexy_bot_TRUMP_USDT-USDT:3787] - Using Configuration: Risk=1.00%, Lev=20x, TSL=ON, BE=ON, Trading=ENABLED
2025-04-24 03:29:11 - DEBUG - [livexy_bot_TRUMP_USDT-USDT:3794] - >>> New Loop Cycle Starting at 2025-04-24 03:29:11
2025-04-24 03:29:11 - INFO - [livexy_bot_TRUMP_USDT-USDT:3134] - ---== Analyzing TRUMP/USDT:USDT (3) Cycle Start ==---
2025-04-24 03:29:11 - ERROR - [livexy_bot_TRUMP_USDT-USDT:636] - Active weight set 'default' not found or empty in config for TRUMP/USDT:USDT. Indicator weighting will not work.
2025-04-24 03:29:11 - WARNING - [livexy_bot_TRUMP_USDT-USDT:716] - [33mDataFrame is empty, cannot calculate indicators for TRUMP/USDT:USDT.[0m
2025-04-24 03:29:11 - WARNING - [livexy_bot_TRUMP_USDT-USDT:880] - Cannot update latest values: DataFrame is empty for TRUMP/USDT:USDT.
2025-04-24 03:29:11 - DEBUG - [livexy_bot_TRUMP_USDT-USDT:949] - Not enough data (0) for Fibonacci window (50) on TRUMP/USDT:USDT. Skipping.
2025-04-24 03:29:11 - DEBUG - [livexy_bot_TRUMP_USDT-USDT:1953] - Market Info for TRUMP/USDT:USDT: ID=TRUMPUSDT, Type=swap, Contract=Linear, Precision(PriceTick/PriceDecimals/AmountStep): 0.001/3/0.1, Limits(Amount Min/Max): 0.1/40000.0, Limits(Cost Min/Max): None/None, Contract Size: 1.0
2025-04-24 03:29:11 - DEBUG - [livexy_bot_TRUMP_USDT-USDT:449] - Fetching klines for TRUMP/USDT:USDT, 3m, limit=500 (Attempt 1/4)
2025-04-24 03:29:12 - INFO - [livexy_bot_TRUMP_USDT-USDT:532] - Successfully fetched and processed 500 klines for TRUMP/USDT:USDT 3m
2025-04-24 03:29:12 - DEBUG - [livexy_bot_TRUMP_USDT-USDT:359] - Fetching ticker for TRUMP/USDT:USDT...
2025-04-24 03:29:12 - DEBUG - [livexy_bot_TRUMP_USDT-USDT:361] - Ticker data for TRUMP/USDT:USDT: {'symbol': 'TRUMP/USDT:USDT', 'timestamp': None, 'datetime': None, 'high': 16.081, 'low': 9.141, 'bid': 11.874, 'bidVolume': 70.1, 'ask': 11.875, 'askVolume': 1125.7, 'vwap': 12.700384753046263, 'open': 9.361, 'close': 11.877, 'last': 11.877, 'previousClose': None, 'change': 2.516, 'percentage': 26.8774, 'average': 10.619, 'baseVolume': 128507664.8, 'quoteVolume': 1632096786.6755, 'markPrice': 11.882, 'indexPrice': 11.894, 'info': {'symbol': 'TRUMPUSDT', 'lastPrice': '11.877', 'indexPrice': '11.894', 'markPrice': '11.882', 'prevPrice24h': '9.361', 'price24hPcnt': '0.268774', 'highPrice24h': '16.081', 'lowPrice24h': '9.141', 'prevPrice1h': '12.335', 'openInterest': '11038310.3', 'openInterestValue': '131157202.98', 'turnover24h': '1632096786.6755', 'volume24h': '128507664.8000', 'fundingRate': '0.00005', 'nextFundingTime': '1745496000000', 'predictedDeliveryPrice': '', 'basisRate': '', 'deliveryFeeRate': '', 'deliveryTime': '0', 'ask1Size': '1125.7', 'bid1Price': '11.874', 'ask1Price': '11.875', 'bid1Size': '70.1', 'basis': '', 'preOpenPrice': '', 'preQty': '', 'curPreListingPhase': 'Finished'}}
2025-04-24 03:29:12 - DEBUG - [livexy_bot_TRUMP_USDT-USDT:374] - Using 'last' price for TRUMP/USDT:USDT: 11.877
2025-04-24 03:29:12 - DEBUG - [livexy_bot_TRUMP_USDT-USDT:553] - Fetching order book for TRUMP/USDT:USDT, limit=25 (Attempt 1/4)
2025-04-24 03:29:12 - DEBUG - [livexy_bot_TRUMP_USDT-USDT:569] - Successfully fetched orderbook for TRUMP/USDT:USDT with 25 bids, 25 asks.
2025-04-24 03:29:13 - DEBUG - [livexy_bot_TRUMP_USDT-USDT:865] - Finished indicator calculations for TRUMP/USDT:USDT. Final DF columns: ['open', 'high', 'low', 'close', 'volume', 'ATRr_14', 'EMA_9', 'EMA_21', 'MOM_7', 'CCI_20_0.015', 'WILLR_14', 'MFI_14', 'VWAP_D', 'PSARl_0.02_0.2', 'PSARs_0.02_0.2', 'PSARaf_0.02_0.2', 'PSARr_0.02_0.2', 'SMA_10', 'STOCHRSIk_14_12_3_3', 'STOCHRSId_14_12_3_3', 'RSI_14', 'BBL_20_2.0', 'BBM_20_2.0', 'BBU_20_2.0', 'BBB_20_2.0', 'BBP_20_2.0', 'VOL_SMA_15']
2025-04-24 03:29:13 - DEBUG - [livexy_bot_TRUMP_USDT-USDT:934] - Latest indicator float values updated for TRUMP/USDT:USDT: {'ATR': '0.11886', 'EMA_Short': '11.93878', 'EMA_Long': '12.02742', 'Momentum': '-0.16900', 'CCI': '-86.34546', 'Williams_R': '-64.53744', 'MFI': '46.32456', 'VWAP': '12.47703', 'PSAR_short': '12.14730', 'SMA10': '11.96960', 'StochRSI_K': '59.60426', 'StochRSI_D': '54.52315', 'RSI': '38.66190', 'BB_Lower': '11.77749', 'BB_Middle': '11.99695', 'BB_Upper': '12.21641', 'Volume_MA': '192115.24667', 'Close': '11.88100', 'Volume': '143223.20000', 'High': '11.94100', 'Low': '11.85400'}
2025-04-24 03:29:13 - DEBUG - [livexy_bot_TRUMP_USDT-USDT:1003] - Calculated Fibonacci levels for TRUMP/USDT:USDT: {'Fib_0.0%': '12.675', 'Fib_23.6%': '12.449', 'Fib_38.2%': '12.310', 'Fib_50.0%': '12.197', 'Fib_61.8%': '12.084', 'Fib_78.6%': '11.924', 'Fib_100.0%': '11.720'}
2025-04-24 03:29:13 - DEBUG - [livexy_bot_TRUMP_USDT-USDT:1556] - Orderbook check (TRUMP/USDT:USDT): Top 10 Levels: BidVol=3680.0000, AskVol=7742.7000, OBI=-0.3557, Score=-0.3557
2025-04-24 03:29:13 - INFO - [livexy_bot_TRUMP_USDT-USDT:1278] - Signal Calculation Summary (TRUMP/USDT:USDT @ 11.877):
  Weight Set: scalping
  Indicators Used: 13 (0 NaN)
  Total Weight Applied: 3.450
  Final Weighted Score: -0.2535
  Signal Threshold: +/- 1.500
  ==> Final Signal: [33mHOLD[0m
2025-04-24 03:29:13 - INFO - [livexy_bot_TRUMP_USDT-USDT:3212] - ATR: 0.1189
2025-04-24 03:29:13 - INFO - [livexy_bot_TRUMP_USDT-USDT:3213] - Potential Initial SL (for new trade sizing): N/A
2025-04-24 03:29:13 - INFO - [livexy_bot_TRUMP_USDT-USDT:3214] - Potential Initial TP (for new trade): N/A
2025-04-24 03:29:13 - INFO - [livexy_bot_TRUMP_USDT-USDT:3218] - Trailing Stop: Enabled | Break Even: Enabled
2025-04-24 03:29:13 - DEBUG - [livexy_bot_TRUMP_USDT-USDT:2257] - Fetching positions for symbol: TRUMP/USDT:USDT
2025-04-24 03:29:13 - DEBUG - [livexy_bot_TRUMP_USDT-USDT:2266] - Using params for fetch_positions: {'category': 'linear', 'symbol': 'TRUMP/USDT:USDT'}
2025-04-24 03:29:14 - ERROR - [livexy_bot_TRUMP_USDT-USDT:2282] - Exchange error fetching position for TRUMP/USDT:USDT: bybit {"retCode":10001,"retMsg":"symbol not exist","result":{},"retExtInfo":{},"time":1745483355778}
Traceback (most recent call last):
  File "/data/data/com.termux/files/home/worldguide/codes/livebot8.py", line 2269, in get_open_position
    positions = exchange.fetch_positions(symbols=[symbol], params=params)
                ^^^^^^^^^^^^^^^^^^^^^^^^^^^^^^^^^^^^^^^^^^^^^^^^^^^^^^^^^
  File "/data/data/com.termux/files/usr/lib/python3.12/site-packages/ccxt/bybit.py", line 6021, in fetch_positions
    response = self.privateGetV5PositionList(self.extend(request, params))
               ^^^^^^^^^^^^^^^^^^^^^^^^^^^^^^^^^^^^^^^^^^^^^^^^^^^^^^^^^^^
  File "/data/data/com.termux/files/usr/lib/python3.12/site-packages/ccxt/base/types.py", line 35, in unbound_method
    return _self.request(self.path, self.api, self.method, params, config=self.config)
           ^^^^^^^^^^^^^^^^^^^^^^^^^^^^^^^^^^^^^^^^^^^^^^^^^^^^^^^^^^^^^^^^^^^^^^^^^^^
  File "/data/data/com.termux/files/usr/lib/python3.12/site-packages/ccxt/base/exchange.py", line 4394, in request
    return self.fetch2(path, api, method, params, headers, body, config)
           ^^^^^^^^^^^^^^^^^^^^^^^^^^^^^^^^^^^^^^^^^^^^^^^^^^^^^^^^^^^^^
  File "/data/data/com.termux/files/usr/lib/python3.12/site-packages/ccxt/base/exchange.py", line 4390, in fetch2
    raise e
  File "/data/data/com.termux/files/usr/lib/python3.12/site-packages/ccxt/base/exchange.py", line 4379, in fetch2
    return self.fetch(request['url'], request['method'], request['headers'], request['body'])
           ^^^^^^^^^^^^^^^^^^^^^^^^^^^^^^^^^^^^^^^^^^^^^^^^^^^^^^^^^^^^^^^^^^^^^^^^^^^^^^^^^^
  File "/data/data/com.termux/files/usr/lib/python3.12/site-packages/ccxt/base/exchange.py", line 621, in fetch
    self.handle_errors(http_status_code, http_status_text, url, method, headers, http_response, json_response, request_headers, request_body)
  File "/data/data/com.termux/files/usr/lib/python3.12/site-packages/ccxt/bybit.py", line 8838, in handle_errors
    self.throw_exactly_matched_exception(self.exceptions['exact'], errorCode, feedback)
  File "/data/data/com.termux/files/usr/lib/python3.12/site-packages/ccxt/base/exchange.py", line 4783, in throw_exactly_matched_exception
    raise exact[string](message)
ccxt.base.errors.BadRequest: bybit {"retCode":10001,"retMsg":"symbol not exist","result":{},"retExtInfo":{},"time":1745483355778}
2025-04-24 03:29:14 - INFO - [livexy_bot_TRUMP_USDT-USDT:3413] - Signal is HOLD and no open position for TRUMP/USDT:USDT. No trade action taken.
2025-04-24 03:29:14 - DEBUG - [livexy_bot_TRUMP_USDT-USDT:3619] - ---== Analysis Cycle End for TRUMP/USDT:USDT (3.49s) ==---
2025-04-24 03:29:14 - DEBUG - [livexy_bot_TRUMP_USDT-USDT:3848] - <<< Loop cycle finished in 3.49s. Waiting 11.51s for next cycle...
2025-04-24 03:29:26 - DEBUG - [livexy_bot_TRUMP_USDT-USDT:3794] - >>> New Loop Cycle Starting at 2025-04-24 03:29:26
2025-04-24 03:29:26 - INFO - [livexy_bot_TRUMP_USDT-USDT:3134] - ---== Analyzing TRUMP/USDT:USDT (3) Cycle Start ==---
2025-04-24 03:29:26 - ERROR - [livexy_bot_TRUMP_USDT-USDT:636] - Active weight set 'default' not found or empty in config for TRUMP/USDT:USDT. Indicator weighting will not work.
2025-04-24 03:29:26 - WARNING - [livexy_bot_TRUMP_USDT-USDT:716] - [33mDataFrame is empty, cannot calculate indicators for TRUMP/USDT:USDT.[0m
2025-04-24 03:29:26 - WARNING - [livexy_bot_TRUMP_USDT-USDT:880] - Cannot update latest values: DataFrame is empty for TRUMP/USDT:USDT.
2025-04-24 03:29:26 - DEBUG - [livexy_bot_TRUMP_USDT-USDT:949] - Not enough data (0) for Fibonacci window (50) on TRUMP/USDT:USDT. Skipping.
2025-04-24 03:29:26 - DEBUG - [livexy_bot_TRUMP_USDT-USDT:1953] - Market Info for TRUMP/USDT:USDT: ID=TRUMPUSDT, Type=swap, Contract=Linear, Precision(PriceTick/PriceDecimals/AmountStep): 0.001/3/0.1, Limits(Amount Min/Max): 0.1/40000.0, Limits(Cost Min/Max): None/None, Contract Size: 1.0
2025-04-24 03:29:26 - DEBUG - [livexy_bot_TRUMP_USDT-USDT:449] - Fetching klines for TRUMP/USDT:USDT, 3m, limit=500 (Attempt 1/4)
2025-04-24 03:29:26 - INFO - [livexy_bot_TRUMP_USDT-USDT:532] - Successfully fetched and processed 500 klines for TRUMP/USDT:USDT 3m
2025-04-24 03:29:26 - DEBUG - [livexy_bot_TRUMP_USDT-USDT:359] - Fetching ticker for TRUMP/USDT:USDT...
2025-04-24 03:29:27 - DEBUG - [livexy_bot_TRUMP_USDT-USDT:361] - Ticker data for TRUMP/USDT:USDT: {'symbol': 'TRUMP/USDT:USDT', 'timestamp': None, 'datetime': None, 'high': 16.081, 'low': 9.141, 'bid': 11.85, 'bidVolume': 339.7, 'ask': 11.851, 'askVolume': 119.0, 'vwap': 12.700306672447077, 'open': 9.361, 'close': 11.851, 'last': 11.851, 'previousClose': None, 'change': 2.49, 'percentage': 26.5997, 'average': 10.606, 'baseVolume': 128519576.1, 'quoteVolume': 1632238029.8829, 'markPrice': 11.851, 'indexPrice': 11.861, 'info': {'symbol': 'TRUMPUSDT', 'lastPrice': '11.851', 'indexPrice': '11.861', 'markPrice': '11.851', 'prevPrice24h': '9.361', 'price24hPcnt': '0.265997', 'highPrice24h': '16.081', 'lowPrice24h': '9.141', 'prevPrice1h': '12.335', 'openInterest': '11042275.2', 'openInterestValue': '130862003.40', 'turnover24h': '1632238029.8829', 'volume24h': '128519576.1000', 'fundingRate': '0.00005', 'nextFundingTime': '1745496000000', 'predictedDeliveryPrice': '', 'basisRate': '', 'deliveryFeeRate': '', 'deliveryTime': '0', 'ask1Size': '119.0', 'bid1Price': '11.850', 'ask1Price': '11.851', 'bid1Size': '339.7', 'basis': '', 'preOpenPrice': '', 'preQty': '', 'curPreListingPhase': 'Finished'}}
2025-04-24 03:29:27 - DEBUG - [livexy_bot_TRUMP_USDT-USDT:374] - Using 'last' price for TRUMP/USDT:USDT: 11.851
2025-04-24 03:29:27 - DEBUG - [livexy_bot_TRUMP_USDT-USDT:553] - Fetching order book for TRUMP/USDT:USDT, limit=25 (Attempt 1/4)
2025-04-24 03:29:27 - DEBUG - [livexy_bot_TRUMP_USDT-USDT:569] - Successfully fetched orderbook for TRUMP/USDT:USDT with 25 bids, 25 asks.
2025-04-24 03:29:27 - DEBUG - [livexy_bot_TRUMP_USDT-USDT:865] - Finished indicator calculations for TRUMP/USDT:USDT. Final DF columns: ['open', 'high', 'low', 'close', 'volume', 'ATRr_14', 'EMA_9', 'EMA_21', 'MOM_7', 'CCI_20_0.015', 'WILLR_14', 'MFI_14', 'VWAP_D', 'PSARl_0.02_0.2', 'PSARs_0.02_0.2', 'PSARaf_0.02_0.2', 'PSARr_0.02_0.2', 'SMA_10', 'STOCHRSIk_14_12_3_3', 'STOCHRSId_14_12_3_3', 'RSI_14', 'BBL_20_2.0', 'BBM_20_2.0', 'BBU_20_2.0', 'BBB_20_2.0', 'BBP_20_2.0', 'VOL_SMA_15']
2025-04-24 03:29:27 - DEBUG - [livexy_bot_TRUMP_USDT-USDT:934] - Latest indicator float values updated for TRUMP/USDT:USDT: {'ATR': '0.11943', 'EMA_Short': '11.93278', 'EMA_Long': '12.02469', 'Momentum': '-0.19900', 'CCI': '-95.55181', 'Williams_R': '-71.14537', 'MFI': '46.12014', 'VWAP': '12.47675', 'PSAR_short': '12.14730', 'SMA10': '11.96660', 'StochRSI_K': '57.05225', 'StochRSI_D': '53.67248', 'RSI': '37.37665', 'BB_Lower': '11.77246', 'BB_Middle': '11.99545', 'BB_Upper': '12.21844', 'Volume_MA': '192925.64667', 'Close': '11.85100', 'Volume': '155379.20000', 'High': '11.94100', 'Low': '11.84600'}
2025-04-24 03:29:27 - DEBUG - [livexy_bot_TRUMP_USDT-USDT:1003] - Calculated Fibonacci levels for TRUMP/USDT:USDT: {'Fib_0.0%': '12.675', 'Fib_23.6%': '12.449', 'Fib_38.2%': '12.310', 'Fib_50.0%': '12.197', 'Fib_61.8%': '12.084', 'Fib_78.6%': '11.924', 'Fib_100.0%': '11.720'}
2025-04-24 03:29:27 - DEBUG - [livexy_bot_TRUMP_USDT-USDT:1556] - Orderbook check (TRUMP/USDT:USDT): Top 10 Levels: BidVol=4240.3000, AskVol=4595.6000, OBI=-0.0402, Score=-0.0402
2025-04-24 03:29:27 - INFO - [livexy_bot_TRUMP_USDT-USDT:1278] - Signal Calculation Summary (TRUMP/USDT:USDT @ 11.851):
  Weight Set: scalping
  Indicators Used: 13 (0 NaN)
  Total Weight Applied: 3.450
  Final Weighted Score: -0.3463
  Signal Threshold: +/- 1.500
  ==> Final Signal: [33mHOLD[0m
2025-04-24 03:29:27 - INFO - [livexy_bot_TRUMP_USDT-USDT:3212] - ATR: 0.1194
2025-04-24 03:29:27 - INFO - [livexy_bot_TRUMP_USDT-USDT:3213] - Potential Initial SL (for new trade sizing): N/A
2025-04-24 03:29:27 - INFO - [livexy_bot_TRUMP_USDT-USDT:3214] - Potential Initial TP (for new trade): N/A
2025-04-24 03:29:27 - INFO - [livexy_bot_TRUMP_USDT-USDT:3218] - Trailing Stop: Enabled | Break Even: Enabled
2025-04-24 03:29:27 - DEBUG - [livexy_bot_TRUMP_USDT-USDT:2257] - Fetching positions for symbol: TRUMP/USDT:USDT
2025-04-24 03:29:27 - DEBUG - [livexy_bot_TRUMP_USDT-USDT:2266] - Using params for fetch_positions: {'category': 'linear', 'symbol': 'TRUMP/USDT:USDT'}
2025-04-24 03:29:28 - ERROR - [livexy_bot_TRUMP_USDT-USDT:2282] - Exchange error fetching position for TRUMP/USDT:USDT: bybit {"retCode":10001,"retMsg":"symbol not exist","result":{},"retExtInfo":{},"time":1745483369463}
Traceback (most recent call last):
  File "/data/data/com.termux/files/home/worldguide/codes/livebot8.py", line 2269, in get_open_position
    positions = exchange.fetch_positions(symbols=[symbol], params=params)
                ^^^^^^^^^^^^^^^^^^^^^^^^^^^^^^^^^^^^^^^^^^^^^^^^^^^^^^^^^
  File "/data/data/com.termux/files/usr/lib/python3.12/site-packages/ccxt/bybit.py", line 6021, in fetch_positions
    response = self.privateGetV5PositionList(self.extend(request, params))
               ^^^^^^^^^^^^^^^^^^^^^^^^^^^^^^^^^^^^^^^^^^^^^^^^^^^^^^^^^^^
  File "/data/data/com.termux/files/usr/lib/python3.12/site-packages/ccxt/base/types.py", line 35, in unbound_method
    return _self.request(self.path, self.api, self.method, params, config=self.config)
           ^^^^^^^^^^^^^^^^^^^^^^^^^^^^^^^^^^^^^^^^^^^^^^^^^^^^^^^^^^^^^^^^^^^^^^^^^^^
  File "/data/data/com.termux/files/usr/lib/python3.12/site-packages/ccxt/base/exchange.py", line 4394, in request
    return self.fetch2(path, api, method, params, headers, body, config)
           ^^^^^^^^^^^^^^^^^^^^^^^^^^^^^^^^^^^^^^^^^^^^^^^^^^^^^^^^^^^^^
  File "/data/data/com.termux/files/usr/lib/python3.12/site-packages/ccxt/base/exchange.py", line 4390, in fetch2
    raise e
  File "/data/data/com.termux/files/usr/lib/python3.12/site-packages/ccxt/base/exchange.py", line 4379, in fetch2
    return self.fetch(request['url'], request['method'], request['headers'], request['body'])
           ^^^^^^^^^^^^^^^^^^^^^^^^^^^^^^^^^^^^^^^^^^^^^^^^^^^^^^^^^^^^^^^^^^^^^^^^^^^^^^^^^^
  File "/data/data/com.termux/files/usr/lib/python3.12/site-packages/ccxt/base/exchange.py", line 621, in fetch
    self.handle_errors(http_status_code, http_status_text, url, method, headers, http_response, json_response, request_headers, request_body)
  File "/data/data/com.termux/files/usr/lib/python3.12/site-packages/ccxt/bybit.py", line 8838, in handle_errors
    self.throw_exactly_matched_exception(self.exceptions['exact'], errorCode, feedback)
  File "/data/data/com.termux/files/usr/lib/python3.12/site-packages/ccxt/base/exchange.py", line 4783, in throw_exactly_matched_exception
    raise exact[string](message)
ccxt.base.errors.BadRequest: bybit {"retCode":10001,"retMsg":"symbol not exist","result":{},"retExtInfo":{},"time":1745483369463}
2025-04-24 03:29:28 - INFO - [livexy_bot_TRUMP_USDT-USDT:3413] - Signal is HOLD and no open position for TRUMP/USDT:USDT. No trade action taken.
2025-04-24 03:29:28 - DEBUG - [livexy_bot_TRUMP_USDT-USDT:3619] - ---== Analysis Cycle End for TRUMP/USDT:USDT (2.23s) ==---
2025-04-24 03:29:28 - DEBUG - [livexy_bot_TRUMP_USDT-USDT:3848] - <<< Loop cycle finished in 2.23s. Waiting 12.77s for next cycle...
2025-04-24 03:29:41 - DEBUG - [livexy_bot_TRUMP_USDT-USDT:3794] - >>> New Loop Cycle Starting at 2025-04-24 03:29:41
2025-04-24 03:29:41 - INFO - [livexy_bot_TRUMP_USDT-USDT:3134] - ---== Analyzing TRUMP/USDT:USDT (3) Cycle Start ==---
2025-04-24 03:29:41 - ERROR - [livexy_bot_TRUMP_USDT-USDT:636] - Active weight set 'default' not found or empty in config for TRUMP/USDT:USDT. Indicator weighting will not work.
2025-04-24 03:29:41 - WARNING - [livexy_bot_TRUMP_USDT-USDT:716] - [33mDataFrame is empty, cannot calculate indicators for TRUMP/USDT:USDT.[0m
2025-04-24 03:29:41 - WARNING - [livexy_bot_TRUMP_USDT-USDT:880] - Cannot update latest values: DataFrame is empty for TRUMP/USDT:USDT.
2025-04-24 03:29:41 - DEBUG - [livexy_bot_TRUMP_USDT-USDT:949] - Not enough data (0) for Fibonacci window (50) on TRUMP/USDT:USDT. Skipping.
2025-04-24 03:29:41 - DEBUG - [livexy_bot_TRUMP_USDT-USDT:1953] - Market Info for TRUMP/USDT:USDT: ID=TRUMPUSDT, Type=swap, Contract=Linear, Precision(PriceTick/PriceDecimals/AmountStep): 0.001/3/0.1, Limits(Amount Min/Max): 0.1/40000.0, Limits(Cost Min/Max): None/None, Contract Size: 1.0
2025-04-24 03:29:41 - DEBUG - [livexy_bot_TRUMP_USDT-USDT:449] - Fetching klines for TRUMP/USDT:USDT, 3m, limit=500 (Attempt 1/4)
2025-04-24 03:29:41 - INFO - [livexy_bot_TRUMP_USDT-USDT:532] - Successfully fetched and processed 500 klines for TRUMP/USDT:USDT 3m
2025-04-24 03:29:41 - DEBUG - [livexy_bot_TRUMP_USDT-USDT:359] - Fetching ticker for TRUMP/USDT:USDT...
2025-04-24 03:29:42 - DEBUG - [livexy_bot_TRUMP_USDT-USDT:361] - Ticker data for TRUMP/USDT:USDT: {'symbol': 'TRUMP/USDT:USDT', 'timestamp': None, 'datetime': None, 'high': 16.081, 'low': 9.141, 'bid': 11.847, 'bidVolume': 112.5, 'ask': 11.848, 'askVolume': 471.0, 'vwap': 12.700283608146044, 'open': 9.361, 'close': 11.847, 'last': 11.847, 'previousClose': None, 'change': 2.486, 'percentage': 26.5569, 'average': 10.604, 'baseVolume': 128523046.0, 'quoteVolume': 1632279134.3828, 'markPrice': 11.848, 'indexPrice': 11.857, 'info': {'symbol': 'TRUMPUSDT', 'lastPrice': '11.847', 'indexPrice': '11.857', 'markPrice': '11.848', 'prevPrice24h': '9.361', 'price24hPcnt': '0.265569', 'highPrice24h': '16.081', 'lowPrice24h': '9.141', 'prevPrice1h': '12.335', 'openInterest': '11041277.1', 'openInterestValue': '130817051.08', 'turnover24h': '1632279134.3828', 'volume24h': '128523046.0000', 'fundingRate': '0.00005', 'nextFundingTime': '1745496000000', 'predictedDeliveryPrice': '', 'basisRate': '', 'deliveryFeeRate': '', 'deliveryTime': '0', 'ask1Size': '471.0', 'bid1Price': '11.847', 'ask1Price': '11.848', 'bid1Size': '112.5', 'basis': '', 'preOpenPrice': '', 'preQty': '', 'curPreListingPhase': 'Finished'}}
2025-04-24 03:29:42 - DEBUG - [livexy_bot_TRUMP_USDT-USDT:374] - Using 'last' price for TRUMP/USDT:USDT: 11.847
2025-04-24 03:29:42 - DEBUG - [livexy_bot_TRUMP_USDT-USDT:553] - Fetching order book for TRUMP/USDT:USDT, limit=25 (Attempt 1/4)
2025-04-24 03:29:42 - DEBUG - [livexy_bot_TRUMP_USDT-USDT:569] - Successfully fetched orderbook for TRUMP/USDT:USDT with 25 bids, 25 asks.
2025-04-24 03:29:43 - DEBUG - [livexy_bot_TRUMP_USDT-USDT:865] - Finished indicator calculations for TRUMP/USDT:USDT. Final DF columns: ['open', 'high', 'low', 'close', 'volume', 'ATRr_14', 'EMA_9', 'EMA_21', 'MOM_7', 'CCI_20_0.015', 'WILLR_14', 'MFI_14', 'VWAP_D', 'PSARl_0.02_0.2', 'PSARs_0.02_0.2', 'PSARaf_0.02_0.2', 'PSARr_0.02_0.2', 'SMA_10', 'STOCHRSIk_14_12_3_3', 'STOCHRSId_14_12_3_3', 'RSI_14', 'BBL_20_2.0', 'BBM_20_2.0', 'BBU_20_2.0', 'BBB_20_2.0', 'BBP_20_2.0', 'VOL_SMA_15']
2025-04-24 03:29:43 - DEBUG - [livexy_bot_TRUMP_USDT-USDT:934] - Latest indicator float values updated for TRUMP/USDT:USDT: {'ATR': '0.11979', 'EMA_Short': '11.93218', 'EMA_Long': '12.02442', 'Momentum': '-0.20200', 'CCI': '-97.47746', 'Williams_R': '-71.80617', 'MFI': '46.06231', 'VWAP': '12.47667', 'PSAR_short': '12.14730', 'SMA10': '11.96630', 'StochRSI_K': '56.80762', 'StochRSI_D': '53.59094', 'RSI': '37.25281', 'BB_Lower': '11.77191', 'BB_Middle': '11.99530', 'BB_Upper': '12.21869', 'Volume_MA': '193155.71333', 'Close': '11.84800', 'Volume': '158830.20000', 'High': '11.94100', 'Low': '11.84100'}
2025-04-24 03:29:43 - DEBUG - [livexy_bot_TRUMP_USDT-USDT:1003] - Calculated Fibonacci levels for TRUMP/USDT:USDT: {'Fib_0.0%': '12.675', 'Fib_23.6%': '12.449', 'Fib_38.2%': '12.310', 'Fib_50.0%': '12.197', 'Fib_61.8%': '12.084', 'Fib_78.6%': '11.924', 'Fib_100.0%': '11.720'}
2025-04-24 03:29:43 - DEBUG - [livexy_bot_TRUMP_USDT-USDT:1556] - Orderbook check (TRUMP/USDT:USDT): Top 10 Levels: BidVol=4427.6000, AskVol=6855.2000, OBI=-0.2152, Score=-0.2152
2025-04-24 03:29:43 - INFO - [livexy_bot_TRUMP_USDT-USDT:1278] - Signal Calculation Summary (TRUMP/USDT:USDT @ 11.847):
  Weight Set: scalping
  Indicators Used: 13 (0 NaN)
  Total Weight Applied: 3.450
  Final Weighted Score: -0.3649
  Signal Threshold: +/- 1.500
  ==> Final Signal: [33mHOLD[0m
2025-04-24 03:29:43 - INFO - [livexy_bot_TRUMP_USDT-USDT:3212] - ATR: 0.1198
2025-04-24 03:29:43 - INFO - [livexy_bot_TRUMP_USDT-USDT:3213] - Potential Initial SL (for new trade sizing): N/A
2025-04-24 03:29:43 - INFO - [livexy_bot_TRUMP_USDT-USDT:3214] - Potential Initial TP (for new trade): N/A
2025-04-24 03:29:43 - INFO - [livexy_bot_TRUMP_USDT-USDT:3218] - Trailing Stop: Enabled | Break Even: Enabled
2025-04-24 03:29:43 - DEBUG - [livexy_bot_TRUMP_USDT-USDT:2257] - Fetching positions for symbol: TRUMP/USDT:USDT
2025-04-24 03:29:43 - DEBUG - [livexy_bot_TRUMP_USDT-USDT:2266] - Using params for fetch_positions: {'category': 'linear', 'symbol': 'TRUMP/USDT:USDT'}
2025-04-24 03:29:43 - ERROR - [livexy_bot_TRUMP_USDT-USDT:2282] - Exchange error fetching position for TRUMP/USDT:USDT: bybit {"retCode":10001,"retMsg":"symbol not exist","result":{},"retExtInfo":{},"time":1745483384587}
Traceback (most recent call last):
  File "/data/data/com.termux/files/home/worldguide/codes/livebot8.py", line 2269, in get_open_position
    positions = exchange.fetch_positions(symbols=[symbol], params=params)
                ^^^^^^^^^^^^^^^^^^^^^^^^^^^^^^^^^^^^^^^^^^^^^^^^^^^^^^^^^
  File "/data/data/com.termux/files/usr/lib/python3.12/site-packages/ccxt/bybit.py", line 6021, in fetch_positions
    response = self.privateGetV5PositionList(self.extend(request, params))
               ^^^^^^^^^^^^^^^^^^^^^^^^^^^^^^^^^^^^^^^^^^^^^^^^^^^^^^^^^^^
  File "/data/data/com.termux/files/usr/lib/python3.12/site-packages/ccxt/base/types.py", line 35, in unbound_method
    return _self.request(self.path, self.api, self.method, params, config=self.config)
           ^^^^^^^^^^^^^^^^^^^^^^^^^^^^^^^^^^^^^^^^^^^^^^^^^^^^^^^^^^^^^^^^^^^^^^^^^^^
  File "/data/data/com.termux/files/usr/lib/python3.12/site-packages/ccxt/base/exchange.py", line 4394, in request
    return self.fetch2(path, api, method, params, headers, body, config)
           ^^^^^^^^^^^^^^^^^^^^^^^^^^^^^^^^^^^^^^^^^^^^^^^^^^^^^^^^^^^^^
  File "/data/data/com.termux/files/usr/lib/python3.12/site-packages/ccxt/base/exchange.py", line 4390, in fetch2
    raise e
  File "/data/data/com.termux/files/usr/lib/python3.12/site-packages/ccxt/base/exchange.py", line 4379, in fetch2
    return self.fetch(request['url'], request['method'], request['headers'], request['body'])
           ^^^^^^^^^^^^^^^^^^^^^^^^^^^^^^^^^^^^^^^^^^^^^^^^^^^^^^^^^^^^^^^^^^^^^^^^^^^^^^^^^^
  File "/data/data/com.termux/files/usr/lib/python3.12/site-packages/ccxt/base/exchange.py", line 621, in fetch
    self.handle_errors(http_status_code, http_status_text, url, method, headers, http_response, json_response, request_headers, request_body)
  File "/data/data/com.termux/files/usr/lib/python3.12/site-packages/ccxt/bybit.py", line 8838, in handle_errors
    self.throw_exactly_matched_exception(self.exceptions['exact'], errorCode, feedback)
  File "/data/data/com.termux/files/usr/lib/python3.12/site-packages/ccxt/base/exchange.py", line 4783, in throw_exactly_matched_exception
    raise exact[string](message)
ccxt.base.errors.BadRequest: bybit {"retCode":10001,"retMsg":"symbol not exist","result":{},"retExtInfo":{},"time":1745483384587}
2025-04-24 03:29:43 - INFO - [livexy_bot_TRUMP_USDT-USDT:3413] - Signal is HOLD and no open position for TRUMP/USDT:USDT. No trade action taken.
2025-04-24 03:29:43 - DEBUG - [livexy_bot_TRUMP_USDT-USDT:3619] - ---== Analysis Cycle End for TRUMP/USDT:USDT (2.50s) ==---
2025-04-24 03:29:43 - DEBUG - [livexy_bot_TRUMP_USDT-USDT:3848] - <<< Loop cycle finished in 2.50s. Waiting 12.50s for next cycle...
2025-04-24 03:29:56 - DEBUG - [livexy_bot_TRUMP_USDT-USDT:3794] - >>> New Loop Cycle Starting at 2025-04-24 03:29:56
2025-04-24 03:29:56 - INFO - [livexy_bot_TRUMP_USDT-USDT:3134] - ---== Analyzing TRUMP/USDT:USDT (3) Cycle Start ==---
2025-04-24 03:29:56 - ERROR - [livexy_bot_TRUMP_USDT-USDT:636] - Active weight set 'default' not found or empty in config for TRUMP/USDT:USDT. Indicator weighting will not work.
2025-04-24 03:29:56 - WARNING - [livexy_bot_TRUMP_USDT-USDT:716] - [33mDataFrame is empty, cannot calculate indicators for TRUMP/USDT:USDT.[0m
2025-04-24 03:29:56 - WARNING - [livexy_bot_TRUMP_USDT-USDT:880] - Cannot update latest values: DataFrame is empty for TRUMP/USDT:USDT.
2025-04-24 03:29:56 - DEBUG - [livexy_bot_TRUMP_USDT-USDT:949] - Not enough data (0) for Fibonacci window (50) on TRUMP/USDT:USDT. Skipping.
2025-04-24 03:29:56 - DEBUG - [livexy_bot_TRUMP_USDT-USDT:1953] - Market Info for TRUMP/USDT:USDT: ID=TRUMPUSDT, Type=swap, Contract=Linear, Precision(PriceTick/PriceDecimals/AmountStep): 0.001/3/0.1, Limits(Amount Min/Max): 0.1/40000.0, Limits(Cost Min/Max): None/None, Contract Size: 1.0
2025-04-24 03:29:56 - DEBUG - [livexy_bot_TRUMP_USDT-USDT:449] - Fetching klines for TRUMP/USDT:USDT, 3m, limit=500 (Attempt 1/4)
2025-04-24 03:29:56 - INFO - [livexy_bot_TRUMP_USDT-USDT:532] - Successfully fetched and processed 500 klines for TRUMP/USDT:USDT 3m
2025-04-24 03:29:56 - DEBUG - [livexy_bot_TRUMP_USDT-USDT:359] - Fetching ticker for TRUMP/USDT:USDT...
2025-04-24 03:29:57 - DEBUG - [livexy_bot_TRUMP_USDT-USDT:361] - Ticker data for TRUMP/USDT:USDT: {'symbol': 'TRUMP/USDT:USDT', 'timestamp': None, 'datetime': None, 'high': 16.081, 'low': 9.141, 'bid': 11.866, 'bidVolume': 778.7, 'ask': 11.867, 'askVolume': 1015.1, 'vwap': 12.700069885331175, 'open': 9.361, 'close': 11.867, 'last': 11.867, 'previousClose': None, 'change': 2.506, 'percentage': 26.7706, 'average': 10.614, 'baseVolume': 128554800.4, 'quoteVolume': 1632654949.1748, 'markPrice': 11.868, 'indexPrice': 11.869, 'info': {'symbol': 'TRUMPUSDT', 'lastPrice': '11.867', 'indexPrice': '11.869', 'markPrice': '11.868', 'prevPrice24h': '9.361', 'price24hPcnt': '0.267706', 'highPrice24h': '16.081', 'lowPrice24h': '9.141', 'prevPrice1h': '12.335', 'openInterest': '11045700.8', 'openInterestValue': '131090377.09', 'turnover24h': '1632654949.1748', 'volume24h': '128554800.4000', 'fundingRate': '0.00005', 'nextFundingTime': '1745496000000', 'predictedDeliveryPrice': '', 'basisRate': '', 'deliveryFeeRate': '', 'deliveryTime': '0', 'ask1Size': '1015.1', 'bid1Price': '11.866', 'ask1Price': '11.867', 'bid1Size': '778.7', 'basis': '', 'preOpenPrice': '', 'preQty': '', 'curPreListingPhase': 'Finished'}}
2025-04-24 03:29:57 - DEBUG - [livexy_bot_TRUMP_USDT-USDT:374] - Using 'last' price for TRUMP/USDT:USDT: 11.867
2025-04-24 03:29:57 - DEBUG - [livexy_bot_TRUMP_USDT-USDT:553] - Fetching order book for TRUMP/USDT:USDT, limit=25 (Attempt 1/4)
2025-04-24 03:29:57 - DEBUG - [livexy_bot_TRUMP_USDT-USDT:569] - Successfully fetched orderbook for TRUMP/USDT:USDT with 25 bids, 25 asks.
2025-04-24 03:29:58 - DEBUG - [livexy_bot_TRUMP_USDT-USDT:865] - Finished indicator calculations for TRUMP/USDT:USDT. Final DF columns: ['open', 'high', 'low', 'close', 'volume', 'ATRr_14', 'EMA_9', 'EMA_21', 'MOM_7', 'CCI_20_0.015', 'WILLR_14', 'MFI_14', 'VWAP_D', 'PSARl_0.02_0.2', 'PSARs_0.02_0.2', 'PSARaf_0.02_0.2', 'PSARr_0.02_0.2', 'SMA_10', 'STOCHRSIk_14_12_3_3', 'STOCHRSId_14_12_3_3', 'RSI_14', 'BBL_20_2.0', 'BBM_20_2.0', 'BBU_20_2.0', 'BBB_20_2.0', 'BBP_20_2.0', 'VOL_SMA_15']
2025-04-24 03:29:58 - DEBUG - [livexy_bot_TRUMP_USDT-USDT:934] - Latest indicator float values updated for TRUMP/USDT:USDT: {'ATR': '0.12193', 'EMA_Short': '11.93578', 'EMA_Long': '12.02605', 'Momentum': '-0.18400', 'CCI': '-100.35785', 'Williams_R': '-67.84141', 'MFI': '45.52396', 'VWAP': '12.47605', 'PSAR_short': '12.14730', 'SMA10': '11.96810', 'StochRSI_K': '58.30366', 'StochRSI_D': '54.08962', 'RSI': '38.00841', 'BB_Lower': '11.77506', 'BB_Middle': '11.99620', 'BB_Upper': '12.21734', 'Volume_MA': '195307.70667', 'Close': '11.86600', 'Volume': '191110.10000', 'High': '11.94100', 'Low': '11.81100'}
2025-04-24 03:29:58 - DEBUG - [livexy_bot_TRUMP_USDT-USDT:1003] - Calculated Fibonacci levels for TRUMP/USDT:USDT: {'Fib_0.0%': '12.675', 'Fib_23.6%': '12.449', 'Fib_38.2%': '12.310', 'Fib_50.0%': '12.197', 'Fib_61.8%': '12.084', 'Fib_78.6%': '11.924', 'Fib_100.0%': '11.720'}
2025-04-24 03:29:58 - DEBUG - [livexy_bot_TRUMP_USDT-USDT:1556] - Orderbook check (TRUMP/USDT:USDT): Top 10 Levels: BidVol=5431.6000, AskVol=5697.5000, OBI=-0.0239, Score=-0.0239
2025-04-24 03:29:58 - INFO - [livexy_bot_TRUMP_USDT-USDT:1278] - Signal Calculation Summary (TRUMP/USDT:USDT @ 11.867):
  Weight Set: scalping
  Indicators Used: 13 (0 NaN)
  Total Weight Applied: 3.450
  Final Weighted Score: -0.3604
  Signal Threshold: +/- 1.500
  ==> Final Signal: [33mHOLD[0m
2025-04-24 03:29:58 - INFO - [livexy_bot_TRUMP_USDT-USDT:3212] - ATR: 0.1219
2025-04-24 03:29:58 - INFO - [livexy_bot_TRUMP_USDT-USDT:3213] - Potential Initial SL (for new trade sizing): N/A
2025-04-24 03:29:58 - INFO - [livexy_bot_TRUMP_USDT-USDT:3214] - Potential Initial TP (for new trade): N/A
2025-04-24 03:29:58 - INFO - [livexy_bot_TRUMP_USDT-USDT:3218] - Trailing Stop: Enabled | Break Even: Enabled
2025-04-24 03:29:58 - DEBUG - [livexy_bot_TRUMP_USDT-USDT:2257] - Fetching positions for symbol: TRUMP/USDT:USDT
2025-04-24 03:29:58 - DEBUG - [livexy_bot_TRUMP_USDT-USDT:2266] - Using params for fetch_positions: {'category': 'linear', 'symbol': 'TRUMP/USDT:USDT'}
2025-04-24 03:29:58 - ERROR - [livexy_bot_TRUMP_USDT-USDT:2282] - Exchange error fetching position for TRUMP/USDT:USDT: bybit {"retCode":10001,"retMsg":"symbol not exist","result":{},"retExtInfo":{},"time":1745483399648}
Traceback (most recent call last):
  File "/data/data/com.termux/files/home/worldguide/codes/livebot8.py", line 2269, in get_open_position
    positions = exchange.fetch_positions(symbols=[symbol], params=params)
                ^^^^^^^^^^^^^^^^^^^^^^^^^^^^^^^^^^^^^^^^^^^^^^^^^^^^^^^^^
  File "/data/data/com.termux/files/usr/lib/python3.12/site-packages/ccxt/bybit.py", line 6021, in fetch_positions
    response = self.privateGetV5PositionList(self.extend(request, params))
               ^^^^^^^^^^^^^^^^^^^^^^^^^^^^^^^^^^^^^^^^^^^^^^^^^^^^^^^^^^^
  File "/data/data/com.termux/files/usr/lib/python3.12/site-packages/ccxt/base/types.py", line 35, in unbound_method
    return _self.request(self.path, self.api, self.method, params, config=self.config)
           ^^^^^^^^^^^^^^^^^^^^^^^^^^^^^^^^^^^^^^^^^^^^^^^^^^^^^^^^^^^^^^^^^^^^^^^^^^^
  File "/data/data/com.termux/files/usr/lib/python3.12/site-packages/ccxt/base/exchange.py", line 4394, in request
    return self.fetch2(path, api, method, params, headers, body, config)
           ^^^^^^^^^^^^^^^^^^^^^^^^^^^^^^^^^^^^^^^^^^^^^^^^^^^^^^^^^^^^^
  File "/data/data/com.termux/files/usr/lib/python3.12/site-packages/ccxt/base/exchange.py", line 4390, in fetch2
    raise e
  File "/data/data/com.termux/files/usr/lib/python3.12/site-packages/ccxt/base/exchange.py", line 4379, in fetch2
    return self.fetch(request['url'], request['method'], request['headers'], request['body'])
           ^^^^^^^^^^^^^^^^^^^^^^^^^^^^^^^^^^^^^^^^^^^^^^^^^^^^^^^^^^^^^^^^^^^^^^^^^^^^^^^^^^
  File "/data/data/com.termux/files/usr/lib/python3.12/site-packages/ccxt/base/exchange.py", line 621, in fetch
    self.handle_errors(http_status_code, http_status_text, url, method, headers, http_response, json_response, request_headers, request_body)
  File "/data/data/com.termux/files/usr/lib/python3.12/site-packages/ccxt/bybit.py", line 8838, in handle_errors
    self.throw_exactly_matched_exception(self.exceptions['exact'], errorCode, feedback)
  File "/data/data/com.termux/files/usr/lib/python3.12/site-packages/ccxt/base/exchange.py", line 4783, in throw_exactly_matched_exception
    raise exact[string](message)
ccxt.base.errors.BadRequest: bybit {"retCode":10001,"retMsg":"symbol not exist","result":{},"retExtInfo":{},"time":1745483399648}
2025-04-24 03:29:58 - INFO - [livexy_bot_TRUMP_USDT-USDT:3413] - Signal is HOLD and no open position for TRUMP/USDT:USDT. No trade action taken.
2025-04-24 03:29:58 - DEBUG - [livexy_bot_TRUMP_USDT-USDT:3619] - ---== Analysis Cycle End for TRUMP/USDT:USDT (2.62s) ==---
2025-04-24 03:29:58 - DEBUG - [livexy_bot_TRUMP_USDT-USDT:3848] - <<< Loop cycle finished in 2.62s. Waiting 12.38s for next cycle...
2025-04-24 03:30:09 - INFO - [livexy_bot_TRUMP_USDT-USDT:3853] - Keyboard interrupt received. Shutting down gracefully...
2025-04-24 03:30:09 - INFO - [livexy_bot_TRUMP_USDT-USDT:3865] - --- LiveXY Trading Bot for TRUMP/USDT:USDT Stopping ---
2025-04-24 03:30:09 - INFO - [livexy_bot_TRUMP_USDT-USDT:3881] - Bot stopped.
2025-05-07 21:28:13,407 - INFO - [livexy_bot_TRUMP_USDT-USDT:3547] - ---=== Starting Trading Loop for TRUMP/USDT:USDT (5) ===---
2025-05-07 21:28:13,409 - INFO - [livexy_bot_TRUMP_USDT-USDT:3548] - Using Configuration: Risk=1.00%, Lev=20x, TSL=ON, BE=OFF, Trading=ENABLED
2025-05-07 21:28:13,409 - DEBUG - [livexy_bot_TRUMP_USDT-USDT:3554] - >>> New Loop Cycle Starting at 2025-05-07 21:28:13
2025-05-07 21:28:13,410 - INFO - [livexy_bot_TRUMP_USDT-USDT:2919] - ---== Analyzing TRUMP/USDT:USDT (5) Cycle Start ==---
2025-05-07 21:28:13,410 - DEBUG - [livexy_bot_TRUMP_USDT-USDT:1735] - Market Info for TRUMP/USDT:USDT: ID=TRUMPUSDT, Type=swap, Contract=Linear, Precision(Price/Amount/Tick): 0.001/0.1/N/A, Limits(Amount Min/Max): 0.1/40000.0, Limits(Cost Min/Max): None/None, Contract Size: 1.0
2025-05-07 21:28:13,410 - DEBUG - [livexy_bot_TRUMP_USDT-USDT:442] - Fetching klines for TRUMP/USDT:USDT, 5m, limit=500 (Attempt 1/4)
2025-05-07 21:28:13,973 - INFO - [livexy_bot_TRUMP_USDT-USDT:506] - Successfully fetched and processed 500 klines for TRUMP/USDT:USDT 5m
2025-05-07 21:28:13,975 - DEBUG - [livexy_bot_TRUMP_USDT-USDT:352] - Fetching ticker for TRUMP/USDT:USDT...
2025-05-07 21:28:14,453 - DEBUG - [livexy_bot_TRUMP_USDT-USDT:354] - Ticker data for TRUMP/USDT:USDT: {'symbol': 'TRUMP/USDT:USDT', 'timestamp': None, 'datetime': None, 'high': 11.323, 'low': 10.658, 'bid': 11.202, 'bidVolume': 1867.3, 'ask': 11.203, 'askVolume': 1288.0, 'vwap': 10.914394209602037, 'open': 11.038, 'close': 11.202, 'last': 11.202, 'previousClose': None, 'change': 0.164, 'percentage': 1.4857, 'average': 11.12, 'baseVolume': 14656705.9, 'quoteVolume': 159969066.0068, 'markPrice': 11.202, 'indexPrice': 11.206, 'info': {'symbol': 'TRUMPUSDT', 'lastPrice': '11.202', 'indexPrice': '11.206', 'markPrice': '11.202', 'prevPrice24h': '11.038', 'price24hPcnt': '0.014857', 'highPrice24h': '11.323', 'lowPrice24h': '10.658', 'prevPrice1h': '11.236', 'openInterest': '8823531.9', 'openInterestValue': '98841204.34', 'turnover24h': '159969066.0068', 'volume24h': '14656705.9000', 'fundingRate': '-0.00001527', 'nextFundingTime': '1746676800000', 'predictedDeliveryPrice': '', 'basisRate': '', 'deliveryFeeRate': '', 'deliveryTime': '0', 'ask1Size': '1288.0', 'bid1Price': '11.202', 'ask1Price': '11.203', 'bid1Size': '1867.3', 'basis': '', 'preOpenPrice': '', 'preQty': '', 'curPreListingPhase': 'Finished'}}
2025-05-07 21:28:14,454 - DEBUG - [livexy_bot_TRUMP_USDT-USDT:367] - Using 'last' price for TRUMP/USDT:USDT: 11.202
2025-05-07 21:28:14,454 - DEBUG - [livexy_bot_TRUMP_USDT-USDT:528] - Fetching order book for TRUMP/USDT:USDT, limit=30 (Attempt 1/4)
2025-05-07 21:28:14,933 - DEBUG - [livexy_bot_TRUMP_USDT-USDT:544] - Successfully fetched orderbook for TRUMP/USDT:USDT with 30 bids, 30 asks.
2025-05-07 21:28:15,546 - DEBUG - [livexy_bot_TRUMP_USDT-USDT:822] - Finished indicator calculations for TRUMP/USDT:USDT. Final DF columns: ['open', 'high', 'low', 'close', 'volume', 'ATRr_14', 'EMA_5', 'EMA_12', 'MOM_7', 'CCI_10_0.015', 'WILLR_14', 'MFI_14', 'VWAP_D', 'PSARl_0.02_0.2', 'PSARs_0.02_0.2', 'PSARaf_0.02_0.2', 'PSARr_0.02_0.2', 'SMA_10', 'STOCHRSIk_14_14_3_3', 'STOCHRSId_14_14_3_3', 'RSI_12', 'BBL_30_2.0', 'BBM_30_2.0', 'BBU_30_2.0', 'BBB_30_2.0', 'BBP_30_2.0', 'VOL_SMA_15']
2025-05-07 21:28:15,574 - DEBUG - [livexy_bot_TRUMP_USDT-USDT:884] - Latest indicator float values updated for TRUMP/USDT:USDT: {'ATR': '0.05526', 'EMA_Short': '11.15157', 'EMA_Long': '11.13221', 'Momentum': '0.14000', 'CCI': '147.21536', 'Williams_R': '-21.05263', 'MFI': '37.79692', 'VWAP': '11.14039', 'PSAR_long': '11.04006', 'SMA10': '11.11100', 'StochRSI_K': '56.55924', 'StochRSI_D': '39.34909', 'RSI': '63.40806', 'BB_Lower': '10.94917', 'BB_Middle': '11.10547', 'BB_Upper': '11.26176', 'Volume_MA': '66957.63333', 'Close': '11.20200', 'Volume': '78102.10000', 'High': '11.23000', 'Low': '11.17000'}
2025-05-07 21:28:15,579 - DEBUG - [livexy_bot_TRUMP_USDT-USDT:941] - Calculated Fibonacci levels for TRUMP/USDT:USDT: {'Fib_0.0%': '11.323', 'Fib_23.6%': '11.217', 'Fib_38.2%': '11.152', 'Fib_50.0%': '11.099', 'Fib_61.8%': '11.046', 'Fib_78.6%': '10.971', 'Fib_100.0%': '10.876'}
2025-05-07 21:28:15,580 - DEBUG - [livexy_bot_TRUMP_USDT-USDT:1467] - Orderbook check (TRUMP/USDT:USDT): Top 10 Levels: BidVol=9839.2000, AskVol=11863.6000, OBI=-0.0933, Score=-0.0933
2025-05-07 21:28:15,584 - INFO - [livexy_bot_TRUMP_USDT-USDT:1199] - Signal Calculation Summary (TRUMP/USDT:USDT @ 11.202):
  Weight Set: scalping
  Indicators Used: 13 (0 NaN)
  Total Weight Applied: 3.450
  Final Weighted Score: 1.0313
  Signal Threshold: +/- 1.000
  ==> Final Signal: [92mBUY[0m
2025-05-07 21:28:15,585 - DEBUG - [livexy_bot_TRUMP_USDT-USDT:1563] - Calculated TP/SL for TRUMP/USDT:USDT BUY: Entry=11.202, TP=11.258, SL=11.119, ATR=0.0553
2025-05-07 21:28:15,585 - INFO - [livexy_bot_TRUMP_USDT-USDT:2991] - ATR: 0.0553
2025-05-07 21:28:15,586 - INFO - [livexy_bot_TRUMP_USDT-USDT:2992] - Potential Initial SL (for new trade sizing): 11.119
2025-05-07 21:28:15,586 - INFO - [livexy_bot_TRUMP_USDT-USDT:2993] - Potential Initial TP (for new trade): 11.258
2025-05-07 21:28:15,586 - INFO - [livexy_bot_TRUMP_USDT-USDT:2997] - Trailing Stop: Enabled | Break Even: Disabled
2025-05-07 21:28:15,586 - DEBUG - [livexy_bot_TRUMP_USDT-USDT:2051] - Fetching positions for symbol: TRUMP/USDT:USDT
2025-05-07 21:28:15,587 - DEBUG - [livexy_bot_TRUMP_USDT-USDT:2074] - Using params for fetch_positions: {'category': 'linear', 'symbol': 'TRUMP/USDT:USDT'}
2025-05-07 21:28:16,081 - ERROR - [livexy_bot_TRUMP_USDT-USDT:2092] - Exchange error fetching single position for TRUMP/USDT:USDT: bybit {"retCode":10001,"retMsg":"symbol not exist","result":{},"retExtInfo":{},"time":1746671295236}
Traceback (most recent call last):
  File "/data/data/com.termux/files/home/worldguide/codes/livebot1.1.2.py", line 2076, in get_open_position
    positions = exchange.fetch_positions(symbols=[symbol], params=params)  # Pass symbol in list and params
                ^^^^^^^^^^^^^^^^^^^^^^^^^^^^^^^^^^^^^^^^^^^^^^^^^^^^^^^^^
  File "/data/data/com.termux/files/usr/lib/python3.12/site-packages/ccxt/bybit.py", line 6021, in fetch_positions
    response = self.privateGetV5PositionList(self.extend(request, params))
               ^^^^^^^^^^^^^^^^^^^^^^^^^^^^^^^^^^^^^^^^^^^^^^^^^^^^^^^^^^^
  File "/data/data/com.termux/files/usr/lib/python3.12/site-packages/ccxt/base/types.py", line 35, in unbound_method
    return _self.request(self.path, self.api, self.method, params, config=self.config)
           ^^^^^^^^^^^^^^^^^^^^^^^^^^^^^^^^^^^^^^^^^^^^^^^^^^^^^^^^^^^^^^^^^^^^^^^^^^^
  File "/data/data/com.termux/files/usr/lib/python3.12/site-packages/ccxt/base/exchange.py", line 4394, in request
    return self.fetch2(path, api, method, params, headers, body, config)
           ^^^^^^^^^^^^^^^^^^^^^^^^^^^^^^^^^^^^^^^^^^^^^^^^^^^^^^^^^^^^^
  File "/data/data/com.termux/files/usr/lib/python3.12/site-packages/ccxt/base/exchange.py", line 4390, in fetch2
    raise e
  File "/data/data/com.termux/files/usr/lib/python3.12/site-packages/ccxt/base/exchange.py", line 4379, in fetch2
    return self.fetch(request['url'], request['method'], request['headers'], request['body'])
           ^^^^^^^^^^^^^^^^^^^^^^^^^^^^^^^^^^^^^^^^^^^^^^^^^^^^^^^^^^^^^^^^^^^^^^^^^^^^^^^^^^
  File "/data/data/com.termux/files/usr/lib/python3.12/site-packages/ccxt/base/exchange.py", line 621, in fetch
    self.handle_errors(http_status_code, http_status_text, url, method, headers, http_response, json_response, request_headers, request_body)
  File "/data/data/com.termux/files/usr/lib/python3.12/site-packages/ccxt/bybit.py", line 8838, in handle_errors
    self.throw_exactly_matched_exception(self.exceptions['exact'], errorCode, feedback)
  File "/data/data/com.termux/files/usr/lib/python3.12/site-packages/ccxt/base/exchange.py", line 4783, in throw_exactly_matched_exception
    raise exact[string](message)
ccxt.base.errors.BadRequest: bybit {"retCode":10001,"retMsg":"symbol not exist","result":{},"retExtInfo":{},"time":1746671295236}
2025-05-07 21:28:16,113 - INFO - [livexy_bot_TRUMP_USDT-USDT:3014] - *** BUY Signal & No Open Position: Initiating Trade Sequence for TRUMP/USDT:USDT ***
2025-05-07 21:28:16,114 - DEBUG - [livexy_bot_TRUMP_USDT-USDT:1584] - Fetching balance using params={'type': 'CONTRACT'} for USDT...
2025-05-07 21:28:16,593 - DEBUG - [livexy_bot_TRUMP_USDT-USDT:1589] - Found currency 'USDT' in balance structure using type 'CONTRACT'.
2025-05-07 21:28:16,594 - DEBUG - [livexy_bot_TRUMP_USDT-USDT:1640] - Found balance via standard ccxt structure ['USDT']['free']: 7.40236808
2025-05-07 21:28:16,594 - INFO - [livexy_bot_TRUMP_USDT-USDT:1692] - Available USDT balance: 7.4024
2025-05-07 21:28:16,594 - INFO - [livexy_bot_TRUMP_USDT-USDT:2291] - Attempting to set leverage for TRUMP/USDT:USDT to 20x...
2025-05-07 21:28:16,595 - DEBUG - [livexy_bot_TRUMP_USDT-USDT:2051] - Fetching positions for symbol: TRUMP/USDT:USDT
2025-05-07 21:28:16,595 - DEBUG - [livexy_bot_TRUMP_USDT-USDT:2074] - Using params for fetch_positions: {'category': 'linear', 'symbol': 'TRUMP/USDT:USDT'}
2025-05-07 21:28:17,064 - ERROR - [livexy_bot_TRUMP_USDT-USDT:2092] - Exchange error fetching single position for TRUMP/USDT:USDT: bybit {"retCode":10001,"retMsg":"symbol not exist","result":{},"retExtInfo":{},"time":1746671296220}
Traceback (most recent call last):
  File "/data/data/com.termux/files/home/worldguide/codes/livebot1.1.2.py", line 2076, in get_open_position
    positions = exchange.fetch_positions(symbols=[symbol], params=params)  # Pass symbol in list and params
                ^^^^^^^^^^^^^^^^^^^^^^^^^^^^^^^^^^^^^^^^^^^^^^^^^^^^^^^^^
  File "/data/data/com.termux/files/usr/lib/python3.12/site-packages/ccxt/bybit.py", line 6021, in fetch_positions
    response = self.privateGetV5PositionList(self.extend(request, params))
               ^^^^^^^^^^^^^^^^^^^^^^^^^^^^^^^^^^^^^^^^^^^^^^^^^^^^^^^^^^^
  File "/data/data/com.termux/files/usr/lib/python3.12/site-packages/ccxt/base/types.py", line 35, in unbound_method
    return _self.request(self.path, self.api, self.method, params, config=self.config)
           ^^^^^^^^^^^^^^^^^^^^^^^^^^^^^^^^^^^^^^^^^^^^^^^^^^^^^^^^^^^^^^^^^^^^^^^^^^^
  File "/data/data/com.termux/files/usr/lib/python3.12/site-packages/ccxt/base/exchange.py", line 4394, in request
    return self.fetch2(path, api, method, params, headers, body, config)
           ^^^^^^^^^^^^^^^^^^^^^^^^^^^^^^^^^^^^^^^^^^^^^^^^^^^^^^^^^^^^^
  File "/data/data/com.termux/files/usr/lib/python3.12/site-packages/ccxt/base/exchange.py", line 4390, in fetch2
    raise e
  File "/data/data/com.termux/files/usr/lib/python3.12/site-packages/ccxt/base/exchange.py", line 4379, in fetch2
    return self.fetch(request['url'], request['method'], request['headers'], request['body'])
           ^^^^^^^^^^^^^^^^^^^^^^^^^^^^^^^^^^^^^^^^^^^^^^^^^^^^^^^^^^^^^^^^^^^^^^^^^^^^^^^^^^
  File "/data/data/com.termux/files/usr/lib/python3.12/site-packages/ccxt/base/exchange.py", line 621, in fetch
    self.handle_errors(http_status_code, http_status_text, url, method, headers, http_response, json_response, request_headers, request_body)
  File "/data/data/com.termux/files/usr/lib/python3.12/site-packages/ccxt/bybit.py", line 8838, in handle_errors
    self.throw_exactly_matched_exception(self.exceptions['exact'], errorCode, feedback)
  File "/data/data/com.termux/files/usr/lib/python3.12/site-packages/ccxt/base/exchange.py", line 4783, in throw_exactly_matched_exception
    raise exact[string](message)
ccxt.base.errors.BadRequest: bybit {"retCode":10001,"retMsg":"symbol not exist","result":{},"retExtInfo":{},"time":1746671296220}
2025-05-07 21:28:17,070 - DEBUG - [livexy_bot_TRUMP_USDT-USDT:2315] - No existing position for TRUMP/USDT:USDT, cannot detect margin mode automatically. Assuming Isolated/Cross based on account default.
2025-05-07 21:28:17,070 - DEBUG - [livexy_bot_TRUMP_USDT-USDT:2330] - Using Bybit V5 specific params for set_leverage: {'buyLeverage': '20', 'sellLeverage': '20', 'category': 'linear'}
2025-05-07 21:28:17,543 - DEBUG - [livexy_bot_TRUMP_USDT-USDT:2337] - Set leverage raw response for TRUMP/USDT:USDT: {'retCode': '0', 'retMsg': 'OK', 'result': {}, 'retExtInfo': {}, 'time': '1746671296700'}
2025-05-07 21:28:17,544 - WARNING - [livexy_bot_TRUMP_USDT-USDT:2356] - Set leverage call for TRUMP/USDT:USDT returned non-zero retCode 0. Treating as failure despite no exception.
2025-05-07 21:28:17,545 - ERROR - [livexy_bot_TRUMP_USDT-USDT:2375] - [91mLeverage setting failed for TRUMP/USDT:USDT based on response analysis.[0m
2025-05-07 21:28:17,545 - ERROR - [livexy_bot_TRUMP_USDT-USDT:3037] - [91mTrade Aborted (TRUMP/USDT:USDT BUY): Failed to set/confirm leverage to 20x. Cannot proceed safely.[0m
2025-05-07 21:28:17,546 - DEBUG - [livexy_bot_TRUMP_USDT-USDT:3594] - <<< Loop cycle finished in 4.14s. Waiting 10.86s for next cycle...
2025-05-07 21:28:28,410 - DEBUG - [livexy_bot_TRUMP_USDT-USDT:3554] - >>> New Loop Cycle Starting at 2025-05-07 21:28:28
2025-05-07 21:28:28,411 - INFO - [livexy_bot_TRUMP_USDT-USDT:2919] - ---== Analyzing TRUMP/USDT:USDT (5) Cycle Start ==---
2025-05-07 21:28:28,412 - DEBUG - [livexy_bot_TRUMP_USDT-USDT:1735] - Market Info for TRUMP/USDT:USDT: ID=TRUMPUSDT, Type=swap, Contract=Linear, Precision(Price/Amount/Tick): 0.001/0.1/N/A, Limits(Amount Min/Max): 0.1/40000.0, Limits(Cost Min/Max): None/None, Contract Size: 1.0
2025-05-07 21:28:28,413 - DEBUG - [livexy_bot_TRUMP_USDT-USDT:442] - Fetching klines for TRUMP/USDT:USDT, 5m, limit=500 (Attempt 1/4)
2025-05-07 21:28:29,002 - INFO - [livexy_bot_TRUMP_USDT-USDT:506] - Successfully fetched and processed 500 klines for TRUMP/USDT:USDT 5m
2025-05-07 21:28:29,003 - DEBUG - [livexy_bot_TRUMP_USDT-USDT:352] - Fetching ticker for TRUMP/USDT:USDT...
2025-05-07 21:28:29,485 - DEBUG - [livexy_bot_TRUMP_USDT-USDT:354] - Ticker data for TRUMP/USDT:USDT: {'symbol': 'TRUMP/USDT:USDT', 'timestamp': None, 'datetime': None, 'high': 11.323, 'low': 10.658, 'bid': 11.192, 'bidVolume': 287.0, 'ask': 11.193, 'askVolume': 2064.0, 'vwap': 10.914416423019553, 'open': 11.031, 'close': 11.192, 'last': 11.192, 'previousClose': None, 'change': 0.161, 'percentage': 1.4595, 'average': 11.111, 'baseVolume': 14653877.7, 'quoteVolume': 159938523.4298, 'markPrice': 11.193, 'indexPrice': 11.195, 'info': {'symbol': 'TRUMPUSDT', 'lastPrice': '11.192', 'indexPrice': '11.195', 'markPrice': '11.193', 'prevPrice24h': '11.031', 'price24hPcnt': '0.014595', 'highPrice24h': '11.323', 'lowPrice24h': '10.658', 'prevPrice1h': '11.222', 'openInterest': '8823853', 'openInterestValue': '98765386.63', 'turnover24h': '159938523.4298', 'volume24h': '14653877.7000', 'fundingRate': '-0.00001527', 'nextFundingTime': '1746676800000', 'predictedDeliveryPrice': '', 'basisRate': '', 'deliveryFeeRate': '', 'deliveryTime': '0', 'ask1Size': '2064.0', 'bid1Price': '11.192', 'ask1Price': '11.193', 'bid1Size': '287.0', 'basis': '', 'preOpenPrice': '', 'preQty': '', 'curPreListingPhase': 'Finished'}}
2025-05-07 21:28:29,486 - DEBUG - [livexy_bot_TRUMP_USDT-USDT:367] - Using 'last' price for TRUMP/USDT:USDT: 11.192
2025-05-07 21:28:29,487 - DEBUG - [livexy_bot_TRUMP_USDT-USDT:528] - Fetching order book for TRUMP/USDT:USDT, limit=30 (Attempt 1/4)
2025-05-07 21:28:29,977 - DEBUG - [livexy_bot_TRUMP_USDT-USDT:544] - Successfully fetched orderbook for TRUMP/USDT:USDT with 30 bids, 30 asks.
2025-05-07 21:28:31,042 - DEBUG - [livexy_bot_TRUMP_USDT-USDT:822] - Finished indicator calculations for TRUMP/USDT:USDT. Final DF columns: ['open', 'high', 'low', 'close', 'volume', 'ATRr_14', 'EMA_5', 'EMA_12', 'MOM_7', 'CCI_10_0.015', 'WILLR_14', 'MFI_14', 'VWAP_D', 'PSARl_0.02_0.2', 'PSARs_0.02_0.2', 'PSARaf_0.02_0.2', 'PSARr_0.02_0.2', 'SMA_10', 'STOCHRSIk_14_14_3_3', 'STOCHRSId_14_14_3_3', 'RSI_12', 'BBL_30_2.0', 'BBM_30_2.0', 'BBU_30_2.0', 'BBB_30_2.0', 'BBP_30_2.0', 'VOL_SMA_15']
2025-05-07 21:28:31,048 - DEBUG - [livexy_bot_TRUMP_USDT-USDT:884] - Latest indicator float values updated for TRUMP/USDT:USDT: {'ATR': '0.05526', 'EMA_Short': '11.14857', 'EMA_Long': '11.13082', 'Momentum': '0.13100', 'CCI': '143.83637', 'Williams_R': '-25.35885', 'MFI': '38.04559', 'VWAP': '11.14039', 'PSAR_long': '11.04006', 'SMA10': '11.11010', 'StochRSI_K': '55.47323', 'StochRSI_D': '38.98709', 'RSI': '62.47020', 'BB_Lower': '10.94958', 'BB_Middle': '11.10517', 'BB_Upper': '11.26075', 'Volume_MA': '67212.14000', 'Close': '11.19300', 'Volume': '81919.70000', 'High': '11.23000', 'Low': '11.17000'}
2025-05-07 21:28:31,058 - DEBUG - [livexy_bot_TRUMP_USDT-USDT:941] - Calculated Fibonacci levels for TRUMP/USDT:USDT: {'Fib_0.0%': '11.323', 'Fib_23.6%': '11.217', 'Fib_38.2%': '11.152', 'Fib_50.0%': '11.099', 'Fib_61.8%': '11.046', 'Fib_78.6%': '10.971', 'Fib_100.0%': '10.876'}
2025-05-07 21:28:31,059 - DEBUG - [livexy_bot_TRUMP_USDT-USDT:1467] - Orderbook check (TRUMP/USDT:USDT): Top 10 Levels: BidVol=7363.2000, AskVol=15460.3000, OBI=-0.3548, Score=-0.3548
2025-05-07 21:28:31,060 - INFO - [livexy_bot_TRUMP_USDT-USDT:1199] - Signal Calculation Summary (TRUMP/USDT:USDT @ 11.192):
  Weight Set: scalping
  Indicators Used: 13 (0 NaN)
  Total Weight Applied: 3.450
  Final Weighted Score: 0.9889
  Signal Threshold: +/- 1.000
  ==> Final Signal: [33mHOLD[0m
2025-05-07 21:28:31,061 - INFO - [livexy_bot_TRUMP_USDT-USDT:2991] - ATR: 0.0553
2025-05-07 21:28:31,062 - INFO - [livexy_bot_TRUMP_USDT-USDT:2992] - Potential Initial SL (for new trade sizing): N/A
2025-05-07 21:28:31,063 - INFO - [livexy_bot_TRUMP_USDT-USDT:2993] - Potential Initial TP (for new trade): N/A
2025-05-07 21:28:31,063 - INFO - [livexy_bot_TRUMP_USDT-USDT:2997] - Trailing Stop: Enabled | Break Even: Disabled
2025-05-07 21:28:31,063 - DEBUG - [livexy_bot_TRUMP_USDT-USDT:2051] - Fetching positions for symbol: TRUMP/USDT:USDT
2025-05-07 21:28:31,064 - DEBUG - [livexy_bot_TRUMP_USDT-USDT:2074] - Using params for fetch_positions: {'category': 'linear', 'symbol': 'TRUMP/USDT:USDT'}
2025-05-07 21:28:31,566 - ERROR - [livexy_bot_TRUMP_USDT-USDT:2092] - Exchange error fetching single position for TRUMP/USDT:USDT: bybit {"retCode":10001,"retMsg":"symbol not exist","result":{},"retExtInfo":{},"time":1746671310705}
Traceback (most recent call last):
  File "/data/data/com.termux/files/home/worldguide/codes/livebot1.1.2.py", line 2076, in get_open_position
    positions = exchange.fetch_positions(symbols=[symbol], params=params)  # Pass symbol in list and params
                ^^^^^^^^^^^^^^^^^^^^^^^^^^^^^^^^^^^^^^^^^^^^^^^^^^^^^^^^^
  File "/data/data/com.termux/files/usr/lib/python3.12/site-packages/ccxt/bybit.py", line 6021, in fetch_positions
    response = self.privateGetV5PositionList(self.extend(request, params))
               ^^^^^^^^^^^^^^^^^^^^^^^^^^^^^^^^^^^^^^^^^^^^^^^^^^^^^^^^^^^
  File "/data/data/com.termux/files/usr/lib/python3.12/site-packages/ccxt/base/types.py", line 35, in unbound_method
    return _self.request(self.path, self.api, self.method, params, config=self.config)
           ^^^^^^^^^^^^^^^^^^^^^^^^^^^^^^^^^^^^^^^^^^^^^^^^^^^^^^^^^^^^^^^^^^^^^^^^^^^
  File "/data/data/com.termux/files/usr/lib/python3.12/site-packages/ccxt/base/exchange.py", line 4394, in request
    return self.fetch2(path, api, method, params, headers, body, config)
           ^^^^^^^^^^^^^^^^^^^^^^^^^^^^^^^^^^^^^^^^^^^^^^^^^^^^^^^^^^^^^
  File "/data/data/com.termux/files/usr/lib/python3.12/site-packages/ccxt/base/exchange.py", line 4390, in fetch2
    raise e
  File "/data/data/com.termux/files/usr/lib/python3.12/site-packages/ccxt/base/exchange.py", line 4379, in fetch2
    return self.fetch(request['url'], request['method'], request['headers'], request['body'])
           ^^^^^^^^^^^^^^^^^^^^^^^^^^^^^^^^^^^^^^^^^^^^^^^^^^^^^^^^^^^^^^^^^^^^^^^^^^^^^^^^^^
  File "/data/data/com.termux/files/usr/lib/python3.12/site-packages/ccxt/base/exchange.py", line 621, in fetch
    self.handle_errors(http_status_code, http_status_text, url, method, headers, http_response, json_response, request_headers, request_body)
  File "/data/data/com.termux/files/usr/lib/python3.12/site-packages/ccxt/bybit.py", line 8838, in handle_errors
    self.throw_exactly_matched_exception(self.exceptions['exact'], errorCode, feedback)
  File "/data/data/com.termux/files/usr/lib/python3.12/site-packages/ccxt/base/exchange.py", line 4783, in throw_exactly_matched_exception
    raise exact[string](message)
ccxt.base.errors.BadRequest: bybit {"retCode":10001,"retMsg":"symbol not exist","result":{},"retExtInfo":{},"time":1746671310705}
2025-05-07 21:28:31,588 - INFO - [livexy_bot_TRUMP_USDT-USDT:3173] - Signal is HOLD and no open position for TRUMP/USDT:USDT. No trade action taken.
2025-05-07 21:28:31,588 - DEBUG - [livexy_bot_TRUMP_USDT-USDT:3387] - ---== Analysis Cycle End for TRUMP/USDT:USDT (3.18s) ==---
2025-05-07 21:28:31,589 - DEBUG - [livexy_bot_TRUMP_USDT-USDT:3594] - <<< Loop cycle finished in 3.18s. Waiting 11.82s for next cycle...
