2025-04-24 03:55:37 - INFO - [volbot_AERO_USDT_USDT:2391] - --- Starting analysis cycle for AERO/USDT:USDT ---
2025-04-24 03:55:37 - DEBUG - [volbot_AERO_USDT_USDT:1598] - Market Info AERO/USDT:USDT: Type=swap, Contract=Linear, IsContract=True, PricePrec=0.0001, AmtPrec=1.0, MinAmt=1.0, MinCost=None, ContractSize=1.0
2025-04-24 03:55:38 - WARNING - [volbot_AERO_USDT_USDT:1045] - Could not determine price precision from tick size for AERO/USDT:USDT: 'TradingAnalyzer' object has no attribute 'min_tick_size'. Using default.
2025-04-24 03:55:38 - WARNING - [volbot_AERO_USDT_USDT:1105] - [33mRaw DataFrame empty, cannot calculate indicators for AERO/USDT:USDT.[0m
2025-04-24 03:55:38 - WARNING - [volbot_AERO_USDT_USDT:1156] - Cannot update state: Processed DataFrame is empty for AERO/USDT:USDT.
2025-04-24 03:55:38 - DEBUG - [volbot_AERO_USDT_USDT:2426] - Fetching 1150 klines for AERO/USDT:USDT 5m...
2025-04-24 03:55:38 - DEBUG - [volbot_AERO_USDT_USDT:509] - Fetching klines for AERO/USDT:USDT, 5m, limit=1150 (Attempt 1/4)
2025-04-24 03:55:38 - DEBUG - [volbot_AERO_USDT_USDT:520] - Received 1000 klines from API.
2025-04-24 03:55:38 - INFO - [volbot_AERO_USDT_USDT:585] - Successfully fetched and processed 1000 klines for AERO/USDT:USDT 5m
2025-04-24 03:55:38 - WARNING - [volbot_AERO_USDT_USDT:1045] - Could not determine price precision from tick size for AERO/USDT:USDT: 'TradingAnalyzer' object has no attribute 'min_tick_size'. Using default.
2025-04-24 03:55:38 - WARNING - [volbot_AERO_USDT_USDT:1120] - [33mInsufficient data (1000 points) for AERO/USDT:USDT. Need ~1100 for reliable calculations. Results may be inaccurate.[0m
2025-04-24 03:55:38 - DEBUG - [volbot_AERO_USDT_USDT:1132] - Calculated Risk Management ATR (Length: 14)
2025-04-24 03:55:38 - INFO - [volbot_AERO_USDT_USDT:651] - Calculating Volumatic Trend Levels...
2025-04-24 03:55:38 - WARNING - [volbot_AERO_USDT_USDT:659] - [33mInsufficient data (1000 rows) for Volumatic Trend calculation (min ~1060). Skipping.[0m
2025-04-24 03:55:38 - INFO - [volbot_AERO_USDT_USDT:786] - Calculating Pivot Points (Source: Wicks, Left/Right H: 25/25, L: 25/25)...
2025-04-24 03:55:38 - INFO - [volbot_AERO_USDT_USDT:842] - Pivot Point calculation complete.
2025-04-24 03:55:38 - INFO - [volbot_AERO_USDT_USDT:864] - Managing Order Block Boxes...
2025-04-24 03:55:38 - DEBUG - [volbot_AERO_USDT_USDT:918] - Created Bearish OB: BearOB_1 (Pivot: 2025-04-21 02:30:00, Candle: 2025-04-21 00:25:00, Range: [0.40900, 0.41100])
2025-04-24 03:55:38 - DEBUG - [volbot_AERO_USDT_USDT:970] - Closed Bearish OB: BearOB_1 (Close 0.41790 > Top 0.41100)
2025-04-24 03:55:38 - DEBUG - [volbot_AERO_USDT_USDT:947] - Created Bullish OB: BullOB_2 (Pivot: 2025-04-21 04:30:00, Candle: 2025-04-21 02:25:00, Range: [0.41760, 0.41870])
2025-04-24 03:55:38 - DEBUG - [volbot_AERO_USDT_USDT:957] - Closed Bullish OB: BullOB_2 (Close 0.41260 < Bottom 0.41760)
2025-04-24 03:55:38 - DEBUG - [volbot_AERO_USDT_USDT:918] - Created Bearish OB: BearOB_3 (Pivot: 2025-04-21 06:20:00, Candle: 2025-04-21 04:15:00, Range: [0.41230, 0.41470])
2025-04-24 03:55:38 - DEBUG - [volbot_AERO_USDT_USDT:970] - Closed Bearish OB: BearOB_3 (Close 0.42440 > Top 0.41470)
2025-04-24 03:55:38 - DEBUG - [volbot_AERO_USDT_USDT:918] - Created Bearish OB: BearOB_4 (Pivot: 2025-04-21 09:05:00, Candle: 2025-04-21 07:00:00, Range: [0.42250, 0.42290])
2025-04-24 03:55:38 - DEBUG - [volbot_AERO_USDT_USDT:970] - Closed Bearish OB: BearOB_4 (Close 0.42480 > Top 0.42290)
2025-04-24 03:55:38 - DEBUG - [volbot_AERO_USDT_USDT:947] - Created Bullish OB: BullOB_5 (Pivot: 2025-04-21 14:00:00, Candle: 2025-04-21 11:55:00, Range: [0.41570, 0.41590])
2025-04-24 03:55:38 - DEBUG - [volbot_AERO_USDT_USDT:957] - Closed Bullish OB: BullOB_5 (Close 0.41480 < Bottom 0.41570)
2025-04-24 03:55:38 - DEBUG - [volbot_AERO_USDT_USDT:918] - Created Bearish OB: BearOB_6 (Pivot: 2025-04-21 14:40:00, Candle: 2025-04-21 12:35:00, Range: [0.41700, 0.41700])
2025-04-24 03:55:38 - DEBUG - [volbot_AERO_USDT_USDT:970] - Closed Bearish OB: BearOB_6 (Close 0.42230 > Top 0.41700)
2025-04-24 03:55:38 - DEBUG - [volbot_AERO_USDT_USDT:947] - Created Bullish OB: BullOB_7 (Pivot: 2025-04-21 18:55:00, Candle: 2025-04-21 16:50:00, Range: [0.40530, 0.40790])
2025-04-24 03:55:38 - DEBUG - [volbot_AERO_USDT_USDT:957] - Closed Bullish OB: BullOB_7 (Close 0.39110 < Bottom 0.40530)
2025-04-24 03:55:38 - DEBUG - [volbot_AERO_USDT_USDT:918] - Created Bearish OB: BearOB_8 (Pivot: 2025-04-21 21:25:00, Candle: 2025-04-21 19:20:00, Range: [0.39510, 0.39620])
2025-04-24 03:55:38 - DEBUG - [volbot_AERO_USDT_USDT:970] - Closed Bearish OB: BearOB_8 (Close 0.39710 > Top 0.39620)
2025-04-24 03:55:38 - DEBUG - [volbot_AERO_USDT_USDT:947] - Created Bullish OB: BullOB_9 (Pivot: 2025-04-22 00:35:00, Candle: 2025-04-21 22:30:00, Range: [0.39450, 0.39450])
2025-04-24 03:55:38 - DEBUG - [volbot_AERO_USDT_USDT:957] - Closed Bullish OB: BullOB_9 (Close 0.39080 < Bottom 0.39450)
2025-04-24 03:55:39 - DEBUG - [volbot_AERO_USDT_USDT:918] - Created Bearish OB: BearOB_10 (Pivot: 2025-04-22 01:20:00, Candle: 2025-04-21 23:15:00, Range: [0.39370, 0.39370])
2025-04-24 03:55:39 - DEBUG - [volbot_AERO_USDT_USDT:970] - Closed Bearish OB: BearOB_10 (Close 0.40280 > Top 0.39370)
2025-04-24 03:55:39 - DEBUG - [volbot_AERO_USDT_USDT:918] - Created Bearish OB: BearOB_11 (Pivot: 2025-04-22 04:30:00, Candle: 2025-04-22 02:25:00, Range: [0.39760, 0.39960])
2025-04-24 03:55:39 - DEBUG - [volbot_AERO_USDT_USDT:970] - Closed Bearish OB: BearOB_11 (Close 0.40020 > Top 0.39960)
2025-04-24 03:55:39 - DEBUG - [volbot_AERO_USDT_USDT:918] - Created Bearish OB: BearOB_12 (Pivot: 2025-04-22 08:15:00, Candle: 2025-04-22 06:10:00, Range: [0.39440, 0.39530])
2025-04-24 03:55:39 - DEBUG - [volbot_AERO_USDT_USDT:970] - Closed Bearish OB: BearOB_12 (Close 0.40490 > Top 0.39530)
2025-04-24 03:55:39 - DEBUG - [volbot_AERO_USDT_USDT:947] - Created Bullish OB: BullOB_13 (Pivot: 2025-04-22 12:40:00, Candle: 2025-04-22 10:35:00, Range: [0.40180, 0.40180])
2025-04-24 03:55:39 - DEBUG - [volbot_AERO_USDT_USDT:918] - Created Bearish OB: BearOB_14 (Pivot: 2025-04-22 15:15:00, Candle: 2025-04-22 13:10:00, Range: [0.41060, 0.41080])
2025-04-24 03:55:39 - DEBUG - [volbot_AERO_USDT_USDT:970] - Closed Bearish OB: BearOB_14 (Close 0.43070 > Top 0.41080)
2025-04-24 03:55:39 - DEBUG - [volbot_AERO_USDT_USDT:947] - Created Bullish OB: BullOB_15 (Pivot: 2025-04-22 17:15:00, Candle: 2025-04-22 15:10:00, Range: [0.42780, 0.42800])
2025-04-24 03:55:39 - DEBUG - [volbot_AERO_USDT_USDT:957] - Closed Bullish OB: BullOB_15 (Close 0.42320 < Bottom 0.42780)
2025-04-24 03:55:39 - DEBUG - [volbot_AERO_USDT_USDT:918] - Created Bearish OB: BearOB_16 (Pivot: 2025-04-22 18:05:00, Candle: 2025-04-22 16:00:00, Range: [0.42740, 0.43000])
2025-04-24 03:55:39 - DEBUG - [volbot_AERO_USDT_USDT:970] - Closed Bearish OB: BearOB_16 (Close 0.43440 > Top 0.43000)
2025-04-24 03:55:39 - DEBUG - [volbot_AERO_USDT_USDT:918] - Created Bearish OB: BearOB_17 (Pivot: 2025-04-23 05:30:00, Candle: 2025-04-23 03:25:00, Range: [0.47660, 0.47670])
2025-04-24 03:55:39 - DEBUG - [volbot_AERO_USDT_USDT:970] - Closed Bearish OB: BearOB_17 (Close 0.48880 > Top 0.47670)
2025-04-24 03:55:39 - DEBUG - [volbot_AERO_USDT_USDT:947] - Created Bullish OB: BullOB_18 (Pivot: 2025-04-23 07:20:00, Candle: 2025-04-23 05:15:00, Range: [0.48480, 0.48810])
2025-04-24 03:55:39 - DEBUG - [volbot_AERO_USDT_USDT:957] - Closed Bullish OB: BullOB_18 (Close 0.47950 < Bottom 0.48480)
2025-04-24 03:55:39 - DEBUG - [volbot_AERO_USDT_USDT:918] - Created Bearish OB: BearOB_19 (Pivot: 2025-04-23 13:30:00, Candle: 2025-04-23 11:25:00, Range: [0.50270, 0.50380])
2025-04-24 03:55:39 - DEBUG - [volbot_AERO_USDT_USDT:970] - Closed Bearish OB: BearOB_19 (Close 0.51800 > Top 0.50380)
2025-04-24 03:55:39 - DEBUG - [volbot_AERO_USDT_USDT:947] - Created Bullish OB: BullOB_20 (Pivot: 2025-04-23 15:25:00, Candle: 2025-04-23 13:20:00, Range: [0.51590, 0.51750])
2025-04-24 03:55:39 - DEBUG - [volbot_AERO_USDT_USDT:957] - Closed Bullish OB: BullOB_20 (Close 0.48680 < Bottom 0.51590)
2025-04-24 03:55:39 - DEBUG - [volbot_AERO_USDT_USDT:918] - Created Bearish OB: BearOB_21 (Pivot: 2025-04-23 20:20:00, Candle: 2025-04-23 18:15:00, Range: [0.51980, 0.52080])
2025-04-24 03:55:39 - DEBUG - [volbot_AERO_USDT_USDT:970] - Closed Bearish OB: BearOB_21 (Close 0.54200 > Top 0.52080)
2025-04-24 03:55:39 - DEBUG - [volbot_AERO_USDT_USDT:947] - Created Bullish OB: BullOB_22 (Pivot: 2025-04-24 04:35:00, Candle: 2025-04-24 02:30:00, Range: [0.52190, 0.52250])
2025-04-24 03:55:39 - DEBUG - [volbot_AERO_USDT_USDT:957] - Closed Bullish OB: BullOB_22 (Close 0.50220 < Bottom 0.52190)
2025-04-24 03:55:39 - INFO - [volbot_AERO_USDT_USDT:994] - Order Block management complete. Total Bull OBs tracked: 9, Bear OBs: 13
2025-04-24 03:55:39 - DEBUG - [volbot_AERO_USDT_USDT:1143] - Indicator calculations complete for AERO/USDT:USDT. Processed DF has 1000 rows.
2025-04-24 03:55:39 - DEBUG - [volbot_AERO_USDT_USDT:1198] - Latest strategy state updated for AERO/USDT:USDT: {'open': '0.4985', 'high': '0.5002', 'low': '0.4985', 'close': '0.4997', 'volume': Decimal('29551.0'), 'atr_risk': '0.0028'}
2025-04-24 03:55:39 - DEBUG - [volbot_AERO_USDT_USDT:1872] - Fetching position for symbol: AERO/USDT:USDT
2025-04-24 03:55:39 - DEBUG - [volbot_AERO_USDT_USDT:1881] - Using params for fetch_positions: {'category': 'linear'}
2025-04-24 03:55:40 - INFO - [volbot_AERO_USDT_USDT:2024] - No active position found for AERO/USDT:USDT.
2025-04-24 03:55:40 - DEBUG - [volbot_AERO_USDT_USDT:432] - Fetching ticker for AERO/USDT:USDT...
2025-04-24 03:55:40 - DEBUG - [volbot_AERO_USDT_USDT:441] - Ticker data received for AERO/USDT:USDT: {'symbol': 'AERO/USDT:USDT', 'timestamp': None, 'datetime': None, 'high': 0.5466, 'low': 0.485, 'bid': 0.4997, 'bidVolume': 1233.0, 'ask': 0.4998, 'askVolume': 15.0, 'vwap': 0.5146841333996078, 'open': 0.4886, 'close': 0.4997, 'last': 0.4997, 'previousClose': None, 'change': 0.0111, 'percentage': 2.2717, 'average': 0.4941, 'baseVolume': 19621437.0, 'quoteVolume': 10098842.2984, 'markPrice': 0.4998, 'indexPrice': 0.5003, 'info': {'symbol': 'AEROUSDT', 'lastPrice': '0.4997', 'indexPrice': '0.5003', 'markPrice': '0.4998', 'prevPrice24h': '0.4886', 'price24hPcnt': '0.022717', 'highPrice24h': '0.5466', 'lowPrice24h': '0.4850', 'prevPrice1h': '0.5052', 'openInterest': '11768248', 'openInterestValue': '5881770.35', 'turnover24h': '10098842.2984', 'volume24h': '19621437.0000', 'fundingRate': '0.00005', 'nextFundingTime': '1745496000000', 'predictedDeliveryPrice': '', 'basisRate': '', 'deliveryFeeRate': '', 'deliveryTime': '0', 'ask1Size': '15', 'bid1Price': '0.4997', 'ask1Price': '0.4998', 'bid1Size': '1233', 'basis': '', 'preOpenPrice': '', 'preQty': '', 'curPreListingPhase': ''}}
2025-04-24 03:55:40 - DEBUG - [volbot_AERO_USDT_USDT:447] - Using 'last' price: 0.4997
2025-04-24 03:55:40 - DEBUG - [volbot_AERO_USDT_USDT:1232] - Volbot signal: HOLD (Trend state undetermined)
2025-04-24 03:55:40 - INFO - [volbot_AERO_USDT_USDT:2611] - No open position for AERO/USDT:USDT. Checking for entry signals.
2025-04-24 03:55:40 - INFO - [volbot_AERO_USDT_USDT:2700] - Signal is HOLD and no open position. No trading action.
2025-04-24 03:55:40 - INFO - [volbot_AERO_USDT_USDT:2708] - --- Finished analysis cycle for AERO/USDT:USDT (2.57s) ---
