2025-04-24 03:54:55 - INFO - [volbot_1000RATS_USDT_USDT:2391] - --- Starting analysis cycle for 1000RATS/USDT:USDT ---
2025-04-24 03:54:55 - DEBUG - [volbot_1000RATS_USDT_USDT:1598] - Market Info 1000RATS/USDT:USDT: Type=swap, Contract=Linear, IsContract=True, PricePrec=1e-05, AmtPrec=10.0, MinAmt=10.0, MinCost=None, ContractSize=1.0
2025-04-24 03:54:55 - WARNING - [volbot_1000RATS_USDT_USDT:1045] - Could not determine price precision from tick size for 1000RATS/USDT:USDT: 'TradingAnalyzer' object has no attribute 'min_tick_size'. Using default.
2025-04-24 03:54:55 - WARNING - [volbot_1000RATS_USDT_USDT:1105] - [33mRaw DataFrame empty, cannot calculate indicators for 1000RATS/USDT:USDT.[0m
2025-04-24 03:54:55 - WARNING - [volbot_1000RATS_USDT_USDT:1156] - Cannot update state: Processed DataFrame is empty for 1000RATS/USDT:USDT.
2025-04-24 03:54:55 - DEBUG - [volbot_1000RATS_USDT_USDT:2426] - Fetching 1150 klines for 1000RATS/USDT:USDT 5m...
2025-04-24 03:54:55 - DEBUG - [volbot_1000RATS_USDT_USDT:509] - Fetching klines for 1000RATS/USDT:USDT, 5m, limit=1150 (Attempt 1/4)
2025-04-24 03:54:56 - DEBUG - [volbot_1000RATS_USDT_USDT:520] - Received 1000 klines from API.
2025-04-24 03:54:56 - INFO - [volbot_1000RATS_USDT_USDT:585] - Successfully fetched and processed 1000 klines for 1000RATS/USDT:USDT 5m
2025-04-24 03:54:56 - WARNING - [volbot_1000RATS_USDT_USDT:1045] - Could not determine price precision from tick size for 1000RATS/USDT:USDT: 'TradingAnalyzer' object has no attribute 'min_tick_size'. Using default.
2025-04-24 03:54:56 - WARNING - [volbot_1000RATS_USDT_USDT:1120] - [33mInsufficient data (1000 points) for 1000RATS/USDT:USDT. Need ~1100 for reliable calculations. Results may be inaccurate.[0m
2025-04-24 03:54:56 - DEBUG - [volbot_1000RATS_USDT_USDT:1132] - Calculated Risk Management ATR (Length: 14)
2025-04-24 03:54:56 - INFO - [volbot_1000RATS_USDT_USDT:651] - Calculating Volumatic Trend Levels...
2025-04-24 03:54:56 - WARNING - [volbot_1000RATS_USDT_USDT:659] - [33mInsufficient data (1000 rows) for Volumatic Trend calculation (min ~1060). Skipping.[0m
2025-04-24 03:54:56 - INFO - [volbot_1000RATS_USDT_USDT:786] - Calculating Pivot Points (Source: Wicks, Left/Right H: 25/25, L: 25/25)...
2025-04-24 03:54:56 - INFO - [volbot_1000RATS_USDT_USDT:842] - Pivot Point calculation complete.
2025-04-24 03:54:56 - INFO - [volbot_1000RATS_USDT_USDT:864] - Managing Order Block Boxes...
2025-04-24 03:54:56 - DEBUG - [volbot_1000RATS_USDT_USDT:918] - Created Bearish OB: BearOB_1 (Pivot: 2025-04-21 00:35:00, Candle: 2025-04-20 22:30:00, Range: [0.03027, 0.03035])
2025-04-24 03:54:56 - DEBUG - [volbot_1000RATS_USDT_USDT:970] - Closed Bearish OB: BearOB_1 (Close 0.03143 > Top 0.03035)
2025-04-24 03:54:56 - DEBUG - [volbot_1000RATS_USDT_USDT:947] - Created Bullish OB: BullOB_2 (Pivot: 2025-04-21 03:40:00, Candle: 2025-04-21 01:35:00, Range: [0.03082, 0.03082])
2025-04-24 03:54:56 - DEBUG - [volbot_1000RATS_USDT_USDT:957] - Closed Bullish OB: BullOB_2 (Close 0.03017 < Bottom 0.03082)
2025-04-24 03:54:56 - DEBUG - [volbot_1000RATS_USDT_USDT:918] - Created Bearish OB: BearOB_3 (Pivot: 2025-04-21 05:45:00, Candle: 2025-04-21 03:40:00, Range: [0.03017, 0.03024])
2025-04-24 03:54:56 - DEBUG - [volbot_1000RATS_USDT_USDT:970] - Closed Bearish OB: BearOB_3 (Close 0.03096 > Top 0.03024)
2025-04-24 03:54:56 - DEBUG - [volbot_1000RATS_USDT_USDT:947] - Created Bullish OB: BullOB_4 (Pivot: 2025-04-21 11:40:00, Candle: 2025-04-21 09:35:00, Range: [0.03078, 0.03079])
2025-04-24 03:54:56 - DEBUG - [volbot_1000RATS_USDT_USDT:957] - Closed Bullish OB: BullOB_4 (Close 0.03045 < Bottom 0.03078)
2025-04-24 03:54:56 - DEBUG - [volbot_1000RATS_USDT_USDT:918] - Created Bearish OB: BearOB_5 (Pivot: 2025-04-21 14:20:00, Candle: 2025-04-21 12:15:00, Range: [0.03064, 0.03068])
2025-04-24 03:54:56 - DEBUG - [volbot_1000RATS_USDT_USDT:970] - Closed Bearish OB: BearOB_5 (Close 0.03135 > Top 0.03068)
2025-04-24 03:54:56 - DEBUG - [volbot_1000RATS_USDT_USDT:947] - Created Bullish OB: BullOB_6 (Pivot: 2025-04-21 14:30:00, Candle: 2025-04-21 12:25:00, Range: [0.03065, 0.03065])
2025-04-24 03:54:57 - DEBUG - [volbot_1000RATS_USDT_USDT:957] - Closed Bullish OB: BullOB_6 (Close 0.03063 < Bottom 0.03065)
2025-04-24 03:54:57 - DEBUG - [volbot_1000RATS_USDT_USDT:947] - Created Bullish OB: BullOB_7 (Pivot: 2025-04-21 17:15:00, Candle: 2025-04-21 15:10:00, Range: [0.03088, 0.03107])
2025-04-24 03:54:57 - DEBUG - [volbot_1000RATS_USDT_USDT:957] - Closed Bullish OB: BullOB_7 (Close 0.03085 < Bottom 0.03088)
2025-04-24 03:54:57 - DEBUG - [volbot_1000RATS_USDT_USDT:918] - Created Bearish OB: BearOB_8 (Pivot: 2025-04-21 19:20:00, Candle: 2025-04-21 17:15:00, Range: [0.03105, 0.03116])
2025-04-24 03:54:57 - DEBUG - [volbot_1000RATS_USDT_USDT:970] - Closed Bearish OB: BearOB_8 (Close 0.03149 > Top 0.03116)
2025-04-24 03:54:57 - DEBUG - [volbot_1000RATS_USDT_USDT:947] - Created Bullish OB: BullOB_9 (Pivot: 2025-04-21 20:10:00, Candle: 2025-04-21 18:05:00, Range: [0.03093, 0.03104])
2025-04-24 03:54:57 - DEBUG - [volbot_1000RATS_USDT_USDT:957] - Closed Bullish OB: BullOB_9 (Close 0.03046 < Bottom 0.03093)
2025-04-24 03:54:57 - DEBUG - [volbot_1000RATS_USDT_USDT:918] - Created Bearish OB: BearOB_10 (Pivot: 2025-04-21 21:55:00, Candle: 2025-04-21 19:50:00, Range: [0.03101, 0.03112])
2025-04-24 03:54:57 - DEBUG - [volbot_1000RATS_USDT_USDT:947] - Created Bullish OB: BullOB_11 (Pivot: 2025-04-22 00:35:00, Candle: 2025-04-21 22:30:00, Range: [0.03061, 0.03070])
2025-04-24 03:54:57 - DEBUG - [volbot_1000RATS_USDT_USDT:957] - Closed Bullish OB: BullOB_11 (Close 0.02994 < Bottom 0.03061)
2025-04-24 03:54:57 - DEBUG - [volbot_1000RATS_USDT_USDT:918] - Created Bearish OB: BearOB_12 (Pivot: 2025-04-22 01:20:00, Candle: 2025-04-21 23:15:00, Range: [0.03045, 0.03050])
2025-04-24 03:54:57 - DEBUG - [volbot_1000RATS_USDT_USDT:970] - Closed Bearish OB: BearOB_12 (Close 0.03089 > Top 0.03050)
2025-04-24 03:54:57 - DEBUG - [volbot_1000RATS_USDT_USDT:947] - Created Bullish OB: BullOB_13 (Pivot: 2025-04-22 05:00:00, Candle: 2025-04-22 02:55:00, Range: [0.03030, 0.03032])
2025-04-24 03:54:57 - DEBUG - [volbot_1000RATS_USDT_USDT:957] - Closed Bullish OB: BullOB_13 (Close 0.02982 < Bottom 0.03030)
2025-04-24 03:54:57 - DEBUG - [volbot_1000RATS_USDT_USDT:970] - Closed Bearish OB: BearOB_10 (Close 0.03137 > Top 0.03112)
2025-04-24 03:54:57 - DEBUG - [volbot_1000RATS_USDT_USDT:918] - Created Bearish OB: BearOB_14 (Pivot: 2025-04-22 06:55:00, Candle: 2025-04-22 04:50:00, Range: [0.03003, 0.03006])
2025-04-24 03:54:57 - DEBUG - [volbot_1000RATS_USDT_USDT:970] - Closed Bearish OB: BearOB_14 (Close 0.03154 > Top 0.03006)
2025-04-24 03:54:57 - DEBUG - [volbot_1000RATS_USDT_USDT:947] - Created Bullish OB: BullOB_15 (Pivot: 2025-04-22 08:30:00, Candle: 2025-04-22 06:25:00, Range: [0.03033, 0.03048])
2025-04-24 03:54:57 - DEBUG - [volbot_1000RATS_USDT_USDT:957] - Closed Bullish OB: BullOB_15 (Close 0.03015 < Bottom 0.03033)
2025-04-24 03:54:57 - DEBUG - [volbot_1000RATS_USDT_USDT:918] - Created Bearish OB: BearOB_16 (Pivot: 2025-04-22 10:45:00, Candle: 2025-04-22 08:40:00, Range: [0.03017, 0.03025])
2025-04-24 03:54:57 - DEBUG - [volbot_1000RATS_USDT_USDT:970] - Closed Bearish OB: BearOB_16 (Close 0.03071 > Top 0.03025)
2025-04-24 03:54:57 - DEBUG - [volbot_1000RATS_USDT_USDT:947] - Created Bullish OB: BullOB_17 (Pivot: 2025-04-22 13:30:00, Candle: 2025-04-22 11:25:00, Range: [0.03063, 0.03067])
2025-04-24 03:54:57 - DEBUG - [volbot_1000RATS_USDT_USDT:918] - Created Bearish OB: BearOB_18 (Pivot: 2025-04-22 15:05:00, Candle: 2025-04-22 13:00:00, Range: [0.03089, 0.03097])
2025-04-24 03:54:57 - DEBUG - [volbot_1000RATS_USDT_USDT:970] - Closed Bearish OB: BearOB_18 (Close 0.03138 > Top 0.03097)
2025-04-24 03:54:57 - DEBUG - [volbot_1000RATS_USDT_USDT:947] - Created Bullish OB: BullOB_19 (Pivot: 2025-04-22 20:25:00, Candle: 2025-04-22 18:20:00, Range: [0.03111, 0.03115])
2025-04-24 03:54:57 - DEBUG - [volbot_1000RATS_USDT_USDT:957] - Closed Bullish OB: BullOB_19 (Close 0.03102 < Bottom 0.03111)
2025-04-24 03:54:57 - DEBUG - [volbot_1000RATS_USDT_USDT:918] - Created Bearish OB: BearOB_20 (Pivot: 2025-04-22 23:40:00, Candle: 2025-04-22 21:35:00, Range: [0.03179, 0.03186])
2025-04-24 03:54:57 - DEBUG - [volbot_1000RATS_USDT_USDT:970] - Closed Bearish OB: BearOB_20 (Close 0.03277 > Top 0.03186)
2025-04-24 03:54:57 - DEBUG - [volbot_1000RATS_USDT_USDT:918] - Created Bearish OB: BearOB_21 (Pivot: 2025-04-23 03:50:00, Candle: 2025-04-23 01:45:00, Range: [0.03311, 0.03351])
2025-04-24 03:54:57 - DEBUG - [volbot_1000RATS_USDT_USDT:970] - Closed Bearish OB: BearOB_21 (Close 0.03530 > Top 0.03351)
2025-04-24 03:54:57 - DEBUG - [volbot_1000RATS_USDT_USDT:947] - Created Bullish OB: BullOB_22 (Pivot: 2025-04-23 05:00:00, Candle: 2025-04-23 02:55:00, Range: [0.03404, 0.03407])
2025-04-24 03:54:57 - DEBUG - [volbot_1000RATS_USDT_USDT:957] - Closed Bullish OB: BullOB_22 (Close 0.03298 < Bottom 0.03404)
2025-04-24 03:54:57 - DEBUG - [volbot_1000RATS_USDT_USDT:918] - Created Bearish OB: BearOB_23 (Pivot: 2025-04-23 07:35:00, Candle: 2025-04-23 05:30:00, Range: [0.03325, 0.03325])
2025-04-24 03:54:57 - DEBUG - [volbot_1000RATS_USDT_USDT:970] - Closed Bearish OB: BearOB_23 (Close 0.03399 > Top 0.03325)
2025-04-24 03:54:57 - DEBUG - [volbot_1000RATS_USDT_USDT:918] - Created Bearish OB: BearOB_24 (Pivot: 2025-04-23 10:20:00, Candle: 2025-04-23 08:15:00, Range: [0.03373, 0.03383])
2025-04-24 03:54:57 - DEBUG - [volbot_1000RATS_USDT_USDT:947] - Created Bullish OB: BullOB_25 (Pivot: 2025-04-23 11:45:00, Candle: 2025-04-23 09:40:00, Range: [0.03365, 0.03368])
2025-04-24 03:54:57 - DEBUG - [volbot_1000RATS_USDT_USDT:957] - Closed Bullish OB: BullOB_25 (Close 0.03249 < Bottom 0.03365)
2025-04-24 03:54:57 - DEBUG - [volbot_1000RATS_USDT_USDT:918] - Created Bearish OB: BearOB_26 (Pivot: 2025-04-23 13:35:00, Candle: 2025-04-23 11:30:00, Range: [0.03274, 0.03276])
2025-04-24 03:54:57 - DEBUG - [volbot_1000RATS_USDT_USDT:970] - Closed Bearish OB: BearOB_26 (Close 0.03316 > Top 0.03276)
2025-04-24 03:54:57 - DEBUG - [volbot_1000RATS_USDT_USDT:947] - Created Bullish OB: BullOB_27 (Pivot: 2025-04-23 15:25:00, Candle: 2025-04-23 13:20:00, Range: [0.03335, 0.03344])
2025-04-24 03:54:57 - DEBUG - [volbot_1000RATS_USDT_USDT:957] - Closed Bullish OB: BullOB_27 (Close 0.03291 < Bottom 0.03335)
2025-04-24 03:54:57 - DEBUG - [volbot_1000RATS_USDT_USDT:970] - Closed Bearish OB: BearOB_24 (Close 0.03405 > Top 0.03383)
2025-04-24 03:54:57 - DEBUG - [volbot_1000RATS_USDT_USDT:918] - Created Bearish OB: BearOB_28 (Pivot: 2025-04-23 17:20:00, Candle: 2025-04-23 15:15:00, Range: [0.03233, 0.03263])
2025-04-24 03:54:57 - DEBUG - [volbot_1000RATS_USDT_USDT:970] - Closed Bearish OB: BearOB_28 (Close 0.03439 > Top 0.03263)
2025-04-24 03:54:57 - DEBUG - [volbot_1000RATS_USDT_USDT:947] - Created Bullish OB: BullOB_29 (Pivot: 2025-04-23 21:00:00, Candle: 2025-04-23 18:55:00, Range: [0.03325, 0.03350])
2025-04-24 03:54:57 - DEBUG - [volbot_1000RATS_USDT_USDT:957] - Closed Bullish OB: BullOB_29 (Close 0.03250 < Bottom 0.03325)
2025-04-24 03:54:57 - DEBUG - [volbot_1000RATS_USDT_USDT:918] - Created Bearish OB: BearOB_30 (Pivot: 2025-04-24 00:00:00, Candle: 2025-04-23 21:55:00, Range: [0.03309, 0.03311])
2025-04-24 03:54:57 - DEBUG - [volbot_1000RATS_USDT_USDT:970] - Closed Bearish OB: BearOB_30 (Close 0.03366 > Top 0.03311)
2025-04-24 03:54:57 - DEBUG - [volbot_1000RATS_USDT_USDT:947] - Created Bullish OB: BullOB_31 (Pivot: 2025-04-24 01:20:00, Candle: 2025-04-23 23:15:00, Range: [0.03342, 0.03366])
2025-04-24 03:54:57 - DEBUG - [volbot_1000RATS_USDT_USDT:957] - Closed Bullish OB: BullOB_31 (Close 0.03219 < Bottom 0.03342)
2025-04-24 03:54:57 - DEBUG - [volbot_1000RATS_USDT_USDT:947] - Created Bullish OB: BullOB_32 (Pivot: 2025-04-24 04:00:00, Candle: 2025-04-24 01:55:00, Range: [0.03237, 0.03238])
2025-04-24 03:54:57 - DEBUG - [volbot_1000RATS_USDT_USDT:957] - Closed Bullish OB: BullOB_32 (Close 0.03178 < Bottom 0.03237)
2025-04-24 03:54:57 - DEBUG - [volbot_1000RATS_USDT_USDT:918] - Created Bearish OB: BearOB_33 (Pivot: 2025-04-24 06:15:00, Candle: 2025-04-24 04:10:00, Range: [0.03199, 0.03199])
2025-04-24 03:54:57 - DEBUG - [volbot_1000RATS_USDT_USDT:970] - Closed Bearish OB: BearOB_33 (Close 0.03365 > Top 0.03199)
2025-04-24 03:54:57 - INFO - [volbot_1000RATS_USDT_USDT:994] - Order Block management complete. Total Bull OBs tracked: 16, Bear OBs: 17
2025-04-24 03:54:57 - DEBUG - [volbot_1000RATS_USDT_USDT:1143] - Indicator calculations complete for 1000RATS/USDT:USDT. Processed DF has 1000 rows.
2025-04-24 03:54:57 - DEBUG - [volbot_1000RATS_USDT_USDT:1198] - Latest strategy state updated for 1000RATS/USDT:USDT: {'open': '0.0331', 'high': '0.0332', 'low': '0.0330', 'close': '0.0331', 'volume': Decimal('177730.0'), 'atr_risk': '0.0003'}
2025-04-24 03:54:57 - DEBUG - [volbot_1000RATS_USDT_USDT:1872] - Fetching position for symbol: 1000RATS/USDT:USDT
2025-04-24 03:54:57 - DEBUG - [volbot_1000RATS_USDT_USDT:1881] - Using params for fetch_positions: {'category': 'linear'}
2025-04-24 03:54:57 - INFO - [volbot_1000RATS_USDT_USDT:2024] - No active position found for 1000RATS/USDT:USDT.
2025-04-24 03:54:57 - DEBUG - [volbot_1000RATS_USDT_USDT:432] - Fetching ticker for 1000RATS/USDT:USDT...
2025-04-24 03:54:58 - DEBUG - [volbot_1000RATS_USDT_USDT:441] - Ticker data received for 1000RATS/USDT:USDT: {'symbol': '1000RATS/USDT:USDT', 'timestamp': None, 'datetime': None, 'high': 0.03524, 'low': 0.03147, 'bid': 0.03311, 'bidVolume': 12750.0, 'ask': 0.03314, 'askVolume': 840.0, 'vwap': 0.03314522514938102, 'open': 0.03375, 'close': 0.03313, 'last': 0.03313, 'previousClose': None, 'change': -0.00062, 'percentage': -1.837, 'average': 0.03344, 'baseVolume': 178340930.0, 'quoteVolume': 5911150.2782, 'markPrice': 0.03313, 'indexPrice': 0.03307, 'info': {'symbol': '1000RATSUSDT', 'lastPrice': '0.03313', 'indexPrice': '0.03307', 'markPrice': '0.03313', 'prevPrice24h': '0.03375', 'price24hPcnt': '-0.01837', 'highPrice24h': '0.03524', 'lowPrice24h': '0.03147', 'prevPrice1h': '0.03332', 'openInterest': '208358830', 'openInterestValue': '6902928.04', 'turnover24h': '5911150.2782', 'volume24h': '178340930.0000', 'fundingRate': '0.00010556', 'nextFundingTime': '1745496000000', 'predictedDeliveryPrice': '', 'basisRate': '', 'deliveryFeeRate': '', 'deliveryTime': '0', 'ask1Size': '840', 'bid1Price': '0.03311', 'ask1Price': '0.03314', 'bid1Size': '12750', 'basis': '', 'preOpenPrice': '', 'preQty': '', 'curPreListingPhase': ''}}
2025-04-24 03:54:58 - DEBUG - [volbot_1000RATS_USDT_USDT:447] - Using 'last' price: 0.03313
2025-04-24 03:54:58 - DEBUG - [volbot_1000RATS_USDT_USDT:1232] - Volbot signal: HOLD (Trend state undetermined)
2025-04-24 03:54:58 - INFO - [volbot_1000RATS_USDT_USDT:2611] - No open position for 1000RATS/USDT:USDT. Checking for entry signals.
2025-04-24 03:54:58 - INFO - [volbot_1000RATS_USDT_USDT:2700] - Signal is HOLD and no open position. No trading action.
2025-04-24 03:54:58 - INFO - [volbot_1000RATS_USDT_USDT:2708] - --- Finished analysis cycle for 1000RATS/USDT:USDT (3.15s) ---
