2025-04-24 03:51:29 - INFO - [volbot_10000000AIDOGE_USDT_USDT:2391] - --- Starting analysis cycle for 10000000AIDOGE/USDT:USDT ---
2025-04-24 03:51:29 - DEBUG - [volbot_10000000AIDOGE_USDT_USDT:1598] - Market Info 10000000AIDOGE/USDT:USDT: Type=swap, Contract=Linear, IsContract=True, PricePrec=1e-07, AmtPrec=100.0, MinAmt=100.0, MinCost=None, ContractSize=1.0
2025-04-24 03:51:29 - WARNING - [volbot_10000000AIDOGE_USDT_USDT:1045] - Could not determine price precision from tick size for 10000000AIDOGE/USDT:USDT: 'TradingAnalyzer' object has no attribute 'min_tick_size'. Using default.
2025-04-24 03:51:29 - WARNING - [volbot_10000000AIDOGE_USDT_USDT:1105] - [33mRaw DataFrame empty, cannot calculate indicators for 10000000AIDOGE/USDT:USDT.[0m
2025-04-24 03:51:29 - WARNING - [volbot_10000000AIDOGE_USDT_USDT:1156] - Cannot update state: Processed DataFrame is empty for 10000000AIDOGE/USDT:USDT.
2025-04-24 03:51:29 - DEBUG - [volbot_10000000AIDOGE_USDT_USDT:2426] - Fetching 1100 klines for 10000000AIDOGE/USDT:USDT 5m...
2025-04-24 03:51:29 - DEBUG - [volbot_10000000AIDOGE_USDT_USDT:509] - Fetching klines for 10000000AIDOGE/USDT:USDT, 5m, limit=1100 (Attempt 1/4)
2025-04-24 03:51:31 - DEBUG - [volbot_10000000AIDOGE_USDT_USDT:520] - Received 1000 klines from API.
2025-04-24 03:51:31 - INFO - [volbot_10000000AIDOGE_USDT_USDT:585] - Successfully fetched and processed 1000 klines for 10000000AIDOGE/USDT:USDT 5m
2025-04-24 03:51:31 - WARNING - [volbot_10000000AIDOGE_USDT_USDT:1045] - Could not determine price precision from tick size for 10000000AIDOGE/USDT:USDT: 'TradingAnalyzer' object has no attribute 'min_tick_size'. Using default.
2025-04-24 03:51:31 - WARNING - [volbot_10000000AIDOGE_USDT_USDT:1120] - [33mInsufficient data (1000 points) for 10000000AIDOGE/USDT:USDT. Need ~1050 for reliable calculations. Results may be inaccurate.[0m
2025-04-24 03:51:31 - DEBUG - [volbot_10000000AIDOGE_USDT_USDT:1132] - Calculated Risk Management ATR (Length: 14)
2025-04-24 03:51:31 - INFO - [volbot_10000000AIDOGE_USDT_USDT:651] - Calculating Volumatic Trend Levels...
2025-04-24 03:51:31 - WARNING - [volbot_10000000AIDOGE_USDT_USDT:659] - [33mInsufficient data (1000 rows) for Volumatic Trend calculation (min ~1010). Skipping.[0m
2025-04-24 03:51:31 - INFO - [volbot_10000000AIDOGE_USDT_USDT:786] - Calculating Pivot Points (Source: Wicks, Left/Right H: 25/25, L: 25/25)...
2025-04-24 03:51:31 - INFO - [volbot_10000000AIDOGE_USDT_USDT:842] - Pivot Point calculation complete.
2025-04-24 03:51:31 - INFO - [volbot_10000000AIDOGE_USDT_USDT:864] - Managing Order Block Boxes...
2025-04-24 03:51:31 - DEBUG - [volbot_10000000AIDOGE_USDT_USDT:947] - Created Bullish OB: BullOB_1 (Pivot: 2025-04-21 00:20:00, Candle: 2025-04-20 22:15:00, Range: [0.00118, 0.00119])
2025-04-24 03:51:31 - DEBUG - [volbot_10000000AIDOGE_USDT_USDT:957] - Closed Bullish OB: BullOB_1 (Close 0.00114 < Bottom 0.00118)
2025-04-24 03:51:31 - DEBUG - [volbot_10000000AIDOGE_USDT_USDT:918] - Created Bearish OB: BearOB_2 (Pivot: 2025-04-21 03:25:00, Candle: 2025-04-21 01:20:00, Range: [0.00117, 0.00117])
2025-04-24 03:51:31 - DEBUG - [volbot_10000000AIDOGE_USDT_USDT:970] - Closed Bearish OB: BearOB_2 (Close 0.00117 > Top 0.00117)
2025-04-24 03:51:31 - DEBUG - [volbot_10000000AIDOGE_USDT_USDT:947] - Created Bullish OB: BullOB_3 (Pivot: 2025-04-21 05:20:00, Candle: 2025-04-21 03:15:00, Range: [0.00115, 0.00115])
2025-04-24 03:51:31 - DEBUG - [volbot_10000000AIDOGE_USDT_USDT:957] - Closed Bullish OB: BullOB_3 (Close 0.00113 < Bottom 0.00115)
2025-04-24 03:51:31 - DEBUG - [volbot_10000000AIDOGE_USDT_USDT:947] - Created Bullish OB: BullOB_4 (Pivot: 2025-04-21 07:50:00, Candle: 2025-04-21 05:45:00, Range: [0.00114, 0.00114])
2025-04-24 03:51:31 - DEBUG - [volbot_10000000AIDOGE_USDT_USDT:957] - Closed Bullish OB: BullOB_4 (Close 0.00114 < Bottom 0.00114)
2025-04-24 03:51:31 - DEBUG - [volbot_10000000AIDOGE_USDT_USDT:918] - Created Bearish OB: BearOB_5 (Pivot: 2025-04-21 09:10:00, Candle: 2025-04-21 07:05:00, Range: [0.00113, 0.00113])
2025-04-24 03:51:31 - DEBUG - [volbot_10000000AIDOGE_USDT_USDT:970] - Closed Bearish OB: BearOB_5 (Close 0.00116 > Top 0.00113)
2025-04-24 03:51:31 - DEBUG - [volbot_10000000AIDOGE_USDT_USDT:947] - Created Bullish OB: BullOB_6 (Pivot: 2025-04-21 11:30:00, Candle: 2025-04-21 09:25:00, Range: [0.00116, 0.00116])
2025-04-24 03:51:31 - DEBUG - [volbot_10000000AIDOGE_USDT_USDT:957] - Closed Bullish OB: BullOB_6 (Close 0.00114 < Bottom 0.00116)
2025-04-24 03:51:31 - DEBUG - [volbot_10000000AIDOGE_USDT_USDT:918] - Created Bearish OB: BearOB_7 (Pivot: 2025-04-21 13:25:00, Candle: 2025-04-21 11:20:00, Range: [0.00115, 0.00115])
2025-04-24 03:51:31 - DEBUG - [volbot_10000000AIDOGE_USDT_USDT:970] - Closed Bearish OB: BearOB_7 (Close 0.00117 > Top 0.00115)
2025-04-24 03:51:31 - DEBUG - [volbot_10000000AIDOGE_USDT_USDT:947] - Created Bullish OB: BullOB_8 (Pivot: 2025-04-21 14:20:00, Candle: 2025-04-21 12:15:00, Range: [0.00115, 0.00116])
2025-04-24 03:51:31 - DEBUG - [volbot_10000000AIDOGE_USDT_USDT:957] - Closed Bullish OB: BullOB_8 (Close 0.00115 < Bottom 0.00115)
2025-04-24 03:51:31 - DEBUG - [volbot_10000000AIDOGE_USDT_USDT:918] - Created Bearish OB: BearOB_9 (Pivot: 2025-04-21 16:30:00, Candle: 2025-04-21 14:25:00, Range: [0.00116, 0.00116])
2025-04-24 03:51:31 - DEBUG - [volbot_10000000AIDOGE_USDT_USDT:970] - Closed Bearish OB: BearOB_9 (Close 0.00117 > Top 0.00116)
2025-04-24 03:51:31 - DEBUG - [volbot_10000000AIDOGE_USDT_USDT:947] - Created Bullish OB: BullOB_10 (Pivot: 2025-04-21 18:35:00, Candle: 2025-04-21 16:30:00, Range: [0.00115, 0.00115])
2025-04-24 03:51:31 - DEBUG - [volbot_10000000AIDOGE_USDT_USDT:957] - Closed Bullish OB: BullOB_10 (Close 0.00109 < Bottom 0.00115)
2025-04-24 03:51:31 - DEBUG - [volbot_10000000AIDOGE_USDT_USDT:918] - Created Bearish OB: BearOB_11 (Pivot: 2025-04-21 21:30:00, Candle: 2025-04-21 19:25:00, Range: [0.00111, 0.00111])
2025-04-24 03:51:31 - DEBUG - [volbot_10000000AIDOGE_USDT_USDT:970] - Closed Bearish OB: BearOB_11 (Close 0.00114 > Top 0.00111)
2025-04-24 03:51:31 - DEBUG - [volbot_10000000AIDOGE_USDT_USDT:947] - Created Bullish OB: BullOB_12 (Pivot: 2025-04-22 00:35:00, Candle: 2025-04-21 22:30:00, Range: [0.00111, 0.00111])
2025-04-24 03:51:31 - DEBUG - [volbot_10000000AIDOGE_USDT_USDT:957] - Closed Bullish OB: BullOB_12 (Close 0.00109 < Bottom 0.00111)
2025-04-24 03:51:31 - DEBUG - [volbot_10000000AIDOGE_USDT_USDT:918] - Created Bearish OB: BearOB_13 (Pivot: 2025-04-22 01:20:00, Candle: 2025-04-21 23:15:00, Range: [0.00111, 0.00112])
2025-04-24 03:51:31 - DEBUG - [volbot_10000000AIDOGE_USDT_USDT:970] - Closed Bearish OB: BearOB_13 (Close 0.00113 > Top 0.00112)
2025-04-24 03:51:31 - DEBUG - [volbot_10000000AIDOGE_USDT_USDT:947] - Created Bullish OB: BullOB_14 (Pivot: 2025-04-22 06:25:00, Candle: 2025-04-22 04:20:00, Range: [0.00110, 0.00111])
2025-04-24 03:51:31 - DEBUG - [volbot_10000000AIDOGE_USDT_USDT:957] - Closed Bullish OB: BullOB_14 (Close 0.00106 < Bottom 0.00110)
2025-04-24 03:51:31 - DEBUG - [volbot_10000000AIDOGE_USDT_USDT:918] - Created Bearish OB: BearOB_15 (Pivot: 2025-04-22 08:05:00, Candle: 2025-04-22 06:00:00, Range: [0.00109, 0.00109])
2025-04-24 03:51:31 - DEBUG - [volbot_10000000AIDOGE_USDT_USDT:970] - Closed Bearish OB: BearOB_15 (Close 0.00110 > Top 0.00109)
2025-04-24 03:51:31 - DEBUG - [volbot_10000000AIDOGE_USDT_USDT:947] - Created Bullish OB: BullOB_16 (Pivot: 2025-04-22 10:30:00, Candle: 2025-04-22 08:25:00, Range: [0.00109, 0.00110])
2025-04-24 03:51:31 - DEBUG - [volbot_10000000AIDOGE_USDT_USDT:957] - Closed Bullish OB: BullOB_16 (Close 0.00109 < Bottom 0.00109)
2025-04-24 03:51:31 - DEBUG - [volbot_10000000AIDOGE_USDT_USDT:947] - Created Bullish OB: BullOB_17 (Pivot: 2025-04-22 13:35:00, Candle: 2025-04-22 11:30:00, Range: [0.00110, 0.00110])
2025-04-24 03:51:31 - DEBUG - [volbot_10000000AIDOGE_USDT_USDT:957] - Closed Bullish OB: BullOB_17 (Close 0.00109 < Bottom 0.00110)
2025-04-24 03:51:31 - DEBUG - [volbot_10000000AIDOGE_USDT_USDT:918] - Created Bearish OB: BearOB_18 (Pivot: 2025-04-22 15:10:00, Candle: 2025-04-22 13:05:00, Range: [0.00110, 0.00111])
2025-04-24 03:51:31 - DEBUG - [volbot_10000000AIDOGE_USDT_USDT:970] - Closed Bearish OB: BearOB_18 (Close 0.00114 > Top 0.00111)
2025-04-24 03:51:31 - DEBUG - [volbot_10000000AIDOGE_USDT_USDT:918] - Created Bearish OB: BearOB_19 (Pivot: 2025-04-22 21:30:00, Candle: 2025-04-22 19:25:00, Range: [0.00116, 0.00116])
2025-04-24 03:51:31 - DEBUG - [volbot_10000000AIDOGE_USDT_USDT:970] - Closed Bearish OB: BearOB_19 (Close 0.00127 > Top 0.00116)
2025-04-24 03:51:31 - DEBUG - [volbot_10000000AIDOGE_USDT_USDT:947] - Created Bullish OB: BullOB_20 (Pivot: 2025-04-22 23:15:00, Candle: 2025-04-22 21:10:00, Range: [0.00124, 0.00124])
2025-04-24 03:51:31 - DEBUG - [volbot_10000000AIDOGE_USDT_USDT:957] - Closed Bullish OB: BullOB_20 (Close 0.00120 < Bottom 0.00124)
2025-04-24 03:51:32 - DEBUG - [volbot_10000000AIDOGE_USDT_USDT:947] - Created Bullish OB: BullOB_21 (Pivot: 2025-04-23 05:30:00, Candle: 2025-04-23 03:25:00, Range: [0.00124, 0.00124])
2025-04-24 03:51:32 - DEBUG - [volbot_10000000AIDOGE_USDT_USDT:957] - Closed Bullish OB: BullOB_21 (Close 0.00121 < Bottom 0.00124)
2025-04-24 03:51:32 - DEBUG - [volbot_10000000AIDOGE_USDT_USDT:918] - Created Bearish OB: BearOB_22 (Pivot: 2025-04-23 06:05:00, Candle: 2025-04-23 04:00:00, Range: [0.00123, 0.00124])
2025-04-24 03:51:32 - DEBUG - [volbot_10000000AIDOGE_USDT_USDT:918] - Created Bearish OB: BearOB_23 (Pivot: 2025-04-23 08:55:00, Candle: 2025-04-23 06:50:00, Range: [0.00124, 0.00124])
2025-04-24 03:51:32 - DEBUG - [volbot_10000000AIDOGE_USDT_USDT:970] - Closed Bearish OB: BearOB_22 (Close 0.00125 > Top 0.00124)
2025-04-24 03:51:32 - DEBUG - [volbot_10000000AIDOGE_USDT_USDT:970] - Closed Bearish OB: BearOB_23 (Close 0.00125 > Top 0.00124)
2025-04-24 03:51:32 - DEBUG - [volbot_10000000AIDOGE_USDT_USDT:947] - Created Bullish OB: BullOB_24 (Pivot: 2025-04-23 10:10:00, Candle: 2025-04-23 08:05:00, Range: [0.00123, 0.00123])
2025-04-24 03:51:32 - DEBUG - [volbot_10000000AIDOGE_USDT_USDT:957] - Closed Bullish OB: BullOB_24 (Close 0.00121 < Bottom 0.00123)
2025-04-24 03:51:32 - DEBUG - [volbot_10000000AIDOGE_USDT_USDT:918] - Created Bearish OB: BearOB_25 (Pivot: 2025-04-23 13:10:00, Candle: 2025-04-23 11:05:00, Range: [0.00122, 0.00122])
2025-04-24 03:51:32 - DEBUG - [volbot_10000000AIDOGE_USDT_USDT:970] - Closed Bearish OB: BearOB_25 (Close 0.00123 > Top 0.00122)
2025-04-24 03:51:32 - DEBUG - [volbot_10000000AIDOGE_USDT_USDT:947] - Created Bullish OB: BullOB_26 (Pivot: 2025-04-23 14:15:00, Candle: 2025-04-23 12:10:00, Range: [0.00121, 0.00121])
2025-04-24 03:51:32 - DEBUG - [volbot_10000000AIDOGE_USDT_USDT:957] - Closed Bullish OB: BullOB_26 (Close 0.00117 < Bottom 0.00121)
2025-04-24 03:51:32 - DEBUG - [volbot_10000000AIDOGE_USDT_USDT:918] - Created Bearish OB: BearOB_27 (Pivot: 2025-04-23 18:45:00, Candle: 2025-04-23 16:40:00, Range: [0.00117, 0.00117])
2025-04-24 03:51:32 - DEBUG - [volbot_10000000AIDOGE_USDT_USDT:970] - Closed Bearish OB: BearOB_27 (Close 0.00125 > Top 0.00117)
2025-04-24 03:51:32 - DEBUG - [volbot_10000000AIDOGE_USDT_USDT:947] - Created Bullish OB: BullOB_28 (Pivot: 2025-04-24 00:25:00, Candle: 2025-04-23 22:20:00, Range: [0.00121, 0.00121])
2025-04-24 03:51:32 - DEBUG - [volbot_10000000AIDOGE_USDT_USDT:957] - Closed Bullish OB: BullOB_28 (Close 0.00118 < Bottom 0.00121)
2025-04-24 03:51:32 - DEBUG - [volbot_10000000AIDOGE_USDT_USDT:918] - Created Bearish OB: BearOB_29 (Pivot: 2025-04-24 01:35:00, Candle: 2025-04-23 23:30:00, Range: [0.00119, 0.00119])
2025-04-24 03:51:32 - DEBUG - [volbot_10000000AIDOGE_USDT_USDT:970] - Closed Bearish OB: BearOB_29 (Close 0.00139 > Top 0.00119)
2025-04-24 03:51:32 - DEBUG - [volbot_10000000AIDOGE_USDT_USDT:918] - Created Bearish OB: BearOB_30 (Pivot: 2025-04-24 04:55:00, Candle: 2025-04-24 02:50:00, Range: [0.00134, 0.00135])
2025-04-24 03:51:32 - DEBUG - [volbot_10000000AIDOGE_USDT_USDT:970] - Closed Bearish OB: BearOB_30 (Close 0.00147 > Top 0.00135)
2025-04-24 03:51:32 - DEBUG - [volbot_10000000AIDOGE_USDT_USDT:947] - Created Bullish OB: BullOB_31 (Pivot: 2025-04-24 05:50:00, Candle: 2025-04-24 03:45:00, Range: [0.00136, 0.00137])
2025-04-24 03:51:32 - INFO - [volbot_10000000AIDOGE_USDT_USDT:994] - Order Block management complete. Total Bull OBs tracked: 16, Bear OBs: 15
2025-04-24 03:51:32 - DEBUG - [volbot_10000000AIDOGE_USDT_USDT:1143] - Indicator calculations complete for 10000000AIDOGE/USDT:USDT. Processed DF has 1000 rows.
2025-04-24 03:51:32 - DEBUG - [volbot_10000000AIDOGE_USDT_USDT:1198] - Latest strategy state updated for 10000000AIDOGE/USDT:USDT: {'open': '0.0015', 'high': '0.0016', 'low': '0.0015', 'close': '0.0016', 'volume': Decimal('81219100.0'), 'atr_risk': '0.0000'}
2025-04-24 03:51:32 - DEBUG - [volbot_10000000AIDOGE_USDT_USDT:1872] - Fetching position for symbol: 10000000AIDOGE/USDT:USDT
2025-04-24 03:51:32 - DEBUG - [volbot_10000000AIDOGE_USDT_USDT:1881] - Using params for fetch_positions: {'category': 'linear'}
2025-04-24 03:51:32 - INFO - [volbot_10000000AIDOGE_USDT_USDT:2024] - No active position found for 10000000AIDOGE/USDT:USDT.
2025-04-24 03:51:32 - DEBUG - [volbot_10000000AIDOGE_USDT_USDT:432] - Fetching ticker for 10000000AIDOGE/USDT:USDT...
2025-04-24 03:51:33 - DEBUG - [volbot_10000000AIDOGE_USDT_USDT:441] - Ticker data received for 10000000AIDOGE/USDT:USDT: {'symbol': '10000000AIDOGE/USDT:USDT', 'timestamp': None, 'datetime': None, 'high': 0.0015848, 'low': 0.001112, 'bid': 0.0015629, 'bidVolume': 27200.0, 'ask': 0.0015643, 'askVolume': 6300.0, 'vwap': 0.001343644447705428, 'open': 0.0012346, 'close': 0.0015641, 'last': 0.0015641, 'previousClose': None, 'change': 0.0003295, 'percentage': 26.6888, 'average': 0.0013993, 'baseVolume': 12621275600.0, 'quoteVolume': 16958506.8829, 'markPrice': 0.0015594, 'indexPrice': 0.0015655, 'info': {'symbol': '10000000AIDOGEUSDT', 'lastPrice': '0.0015641', 'indexPrice': '0.0015655', 'markPrice': '0.0015594', 'prevPrice24h': '0.0012346', 'price24hPcnt': '0.266888', 'highPrice24h': '0.0015848', 'lowPrice24h': '0.0011120', 'prevPrice1h': '0.0014720', 'openInterest': '1790459400', 'openInterestValue': '2792042.39', 'turnover24h': '16958506.8829', 'volume24h': '12621275600.0000', 'fundingRate': '0.0001', 'nextFundingTime': '1745510400000', 'predictedDeliveryPrice': '', 'basisRate': '', 'deliveryFeeRate': '', 'deliveryTime': '0', 'ask1Size': '6300', 'bid1Price': '0.0015629', 'ask1Price': '0.0015643', 'bid1Size': '27200', 'basis': '', 'preOpenPrice': '', 'preQty': '', 'curPreListingPhase': ''}}
2025-04-24 03:51:33 - DEBUG - [volbot_10000000AIDOGE_USDT_USDT:447] - Using 'last' price: 0.0015641
2025-04-24 03:51:33 - DEBUG - [volbot_10000000AIDOGE_USDT_USDT:1232] - Volbot signal: HOLD (Trend state undetermined)
2025-04-24 03:51:33 - INFO - [volbot_10000000AIDOGE_USDT_USDT:2611] - No open position for 10000000AIDOGE/USDT:USDT. Checking for entry signals.
2025-04-24 03:51:33 - INFO - [volbot_10000000AIDOGE_USDT_USDT:2700] - Signal is HOLD and no open position. No trading action.
2025-04-24 03:51:33 - INFO - [volbot_10000000AIDOGE_USDT_USDT:2708] - --- Finished analysis cycle for 10000000AIDOGE/USDT:USDT (3.56s) ---
2025-04-24 03:53:46 - INFO - [volbot_10000000AIDOGE_USDT_USDT:2391] - --- Starting analysis cycle for 10000000AIDOGE/USDT:USDT ---
2025-04-24 03:53:46 - DEBUG - [volbot_10000000AIDOGE_USDT_USDT:1598] - Market Info 10000000AIDOGE/USDT:USDT: Type=swap, Contract=Linear, IsContract=True, PricePrec=1e-07, AmtPrec=100.0, MinAmt=100.0, MinCost=None, ContractSize=1.0
2025-04-24 03:53:46 - WARNING - [volbot_10000000AIDOGE_USDT_USDT:1045] - Could not determine price precision from tick size for 10000000AIDOGE/USDT:USDT: 'TradingAnalyzer' object has no attribute 'min_tick_size'. Using default.
2025-04-24 03:53:46 - WARNING - [volbot_10000000AIDOGE_USDT_USDT:1105] - [33mRaw DataFrame empty, cannot calculate indicators for 10000000AIDOGE/USDT:USDT.[0m
2025-04-24 03:53:46 - WARNING - [volbot_10000000AIDOGE_USDT_USDT:1156] - Cannot update state: Processed DataFrame is empty for 10000000AIDOGE/USDT:USDT.
2025-04-24 03:53:46 - DEBUG - [volbot_10000000AIDOGE_USDT_USDT:2426] - Fetching 1150 klines for 10000000AIDOGE/USDT:USDT 5m...
2025-04-24 03:53:46 - DEBUG - [volbot_10000000AIDOGE_USDT_USDT:509] - Fetching klines for 10000000AIDOGE/USDT:USDT, 5m, limit=1150 (Attempt 1/4)
2025-04-24 03:53:47 - DEBUG - [volbot_10000000AIDOGE_USDT_USDT:520] - Received 1000 klines from API.
2025-04-24 03:53:47 - INFO - [volbot_10000000AIDOGE_USDT_USDT:585] - Successfully fetched and processed 1000 klines for 10000000AIDOGE/USDT:USDT 5m
2025-04-24 03:53:47 - WARNING - [volbot_10000000AIDOGE_USDT_USDT:1045] - Could not determine price precision from tick size for 10000000AIDOGE/USDT:USDT: 'TradingAnalyzer' object has no attribute 'min_tick_size'. Using default.
2025-04-24 03:53:47 - WARNING - [volbot_10000000AIDOGE_USDT_USDT:1120] - [33mInsufficient data (1000 points) for 10000000AIDOGE/USDT:USDT. Need ~1100 for reliable calculations. Results may be inaccurate.[0m
2025-04-24 03:53:47 - DEBUG - [volbot_10000000AIDOGE_USDT_USDT:1132] - Calculated Risk Management ATR (Length: 14)
2025-04-24 03:53:47 - INFO - [volbot_10000000AIDOGE_USDT_USDT:651] - Calculating Volumatic Trend Levels...
2025-04-24 03:53:47 - WARNING - [volbot_10000000AIDOGE_USDT_USDT:659] - [33mInsufficient data (1000 rows) for Volumatic Trend calculation (min ~1060). Skipping.[0m
2025-04-24 03:53:47 - INFO - [volbot_10000000AIDOGE_USDT_USDT:786] - Calculating Pivot Points (Source: Wicks, Left/Right H: 25/25, L: 25/25)...
2025-04-24 03:53:47 - INFO - [volbot_10000000AIDOGE_USDT_USDT:842] - Pivot Point calculation complete.
2025-04-24 03:53:47 - INFO - [volbot_10000000AIDOGE_USDT_USDT:864] - Managing Order Block Boxes...
2025-04-24 03:53:47 - DEBUG - [volbot_10000000AIDOGE_USDT_USDT:947] - Created Bullish OB: BullOB_1 (Pivot: 2025-04-21 00:20:00, Candle: 2025-04-20 22:15:00, Range: [0.00118, 0.00119])
2025-04-24 03:53:47 - DEBUG - [volbot_10000000AIDOGE_USDT_USDT:957] - Closed Bullish OB: BullOB_1 (Close 0.00114 < Bottom 0.00118)
2025-04-24 03:53:47 - DEBUG - [volbot_10000000AIDOGE_USDT_USDT:918] - Created Bearish OB: BearOB_2 (Pivot: 2025-04-21 03:25:00, Candle: 2025-04-21 01:20:00, Range: [0.00117, 0.00117])
2025-04-24 03:53:47 - DEBUG - [volbot_10000000AIDOGE_USDT_USDT:970] - Closed Bearish OB: BearOB_2 (Close 0.00117 > Top 0.00117)
2025-04-24 03:53:47 - DEBUG - [volbot_10000000AIDOGE_USDT_USDT:947] - Created Bullish OB: BullOB_3 (Pivot: 2025-04-21 05:20:00, Candle: 2025-04-21 03:15:00, Range: [0.00115, 0.00115])
2025-04-24 03:53:47 - DEBUG - [volbot_10000000AIDOGE_USDT_USDT:957] - Closed Bullish OB: BullOB_3 (Close 0.00113 < Bottom 0.00115)
2025-04-24 03:53:47 - DEBUG - [volbot_10000000AIDOGE_USDT_USDT:947] - Created Bullish OB: BullOB_4 (Pivot: 2025-04-21 07:50:00, Candle: 2025-04-21 05:45:00, Range: [0.00114, 0.00114])
2025-04-24 03:53:47 - DEBUG - [volbot_10000000AIDOGE_USDT_USDT:957] - Closed Bullish OB: BullOB_4 (Close 0.00114 < Bottom 0.00114)
2025-04-24 03:53:47 - DEBUG - [volbot_10000000AIDOGE_USDT_USDT:918] - Created Bearish OB: BearOB_5 (Pivot: 2025-04-21 09:10:00, Candle: 2025-04-21 07:05:00, Range: [0.00113, 0.00113])
2025-04-24 03:53:47 - DEBUG - [volbot_10000000AIDOGE_USDT_USDT:970] - Closed Bearish OB: BearOB_5 (Close 0.00116 > Top 0.00113)
2025-04-24 03:53:47 - DEBUG - [volbot_10000000AIDOGE_USDT_USDT:947] - Created Bullish OB: BullOB_6 (Pivot: 2025-04-21 11:30:00, Candle: 2025-04-21 09:25:00, Range: [0.00116, 0.00116])
2025-04-24 03:53:47 - DEBUG - [volbot_10000000AIDOGE_USDT_USDT:957] - Closed Bullish OB: BullOB_6 (Close 0.00114 < Bottom 0.00116)
2025-04-24 03:53:47 - DEBUG - [volbot_10000000AIDOGE_USDT_USDT:918] - Created Bearish OB: BearOB_7 (Pivot: 2025-04-21 13:25:00, Candle: 2025-04-21 11:20:00, Range: [0.00115, 0.00115])
2025-04-24 03:53:47 - DEBUG - [volbot_10000000AIDOGE_USDT_USDT:970] - Closed Bearish OB: BearOB_7 (Close 0.00117 > Top 0.00115)
2025-04-24 03:53:47 - DEBUG - [volbot_10000000AIDOGE_USDT_USDT:947] - Created Bullish OB: BullOB_8 (Pivot: 2025-04-21 14:20:00, Candle: 2025-04-21 12:15:00, Range: [0.00115, 0.00116])
2025-04-24 03:53:47 - DEBUG - [volbot_10000000AIDOGE_USDT_USDT:957] - Closed Bullish OB: BullOB_8 (Close 0.00115 < Bottom 0.00115)
2025-04-24 03:53:47 - DEBUG - [volbot_10000000AIDOGE_USDT_USDT:918] - Created Bearish OB: BearOB_9 (Pivot: 2025-04-21 16:30:00, Candle: 2025-04-21 14:25:00, Range: [0.00116, 0.00116])
2025-04-24 03:53:47 - DEBUG - [volbot_10000000AIDOGE_USDT_USDT:970] - Closed Bearish OB: BearOB_9 (Close 0.00117 > Top 0.00116)
2025-04-24 03:53:47 - DEBUG - [volbot_10000000AIDOGE_USDT_USDT:947] - Created Bullish OB: BullOB_10 (Pivot: 2025-04-21 18:35:00, Candle: 2025-04-21 16:30:00, Range: [0.00115, 0.00115])
2025-04-24 03:53:47 - DEBUG - [volbot_10000000AIDOGE_USDT_USDT:957] - Closed Bullish OB: BullOB_10 (Close 0.00109 < Bottom 0.00115)
2025-04-24 03:53:47 - DEBUG - [volbot_10000000AIDOGE_USDT_USDT:918] - Created Bearish OB: BearOB_11 (Pivot: 2025-04-21 21:30:00, Candle: 2025-04-21 19:25:00, Range: [0.00111, 0.00111])
2025-04-24 03:53:47 - DEBUG - [volbot_10000000AIDOGE_USDT_USDT:970] - Closed Bearish OB: BearOB_11 (Close 0.00114 > Top 0.00111)
2025-04-24 03:53:47 - DEBUG - [volbot_10000000AIDOGE_USDT_USDT:947] - Created Bullish OB: BullOB_12 (Pivot: 2025-04-22 00:35:00, Candle: 2025-04-21 22:30:00, Range: [0.00111, 0.00111])
2025-04-24 03:53:47 - DEBUG - [volbot_10000000AIDOGE_USDT_USDT:957] - Closed Bullish OB: BullOB_12 (Close 0.00109 < Bottom 0.00111)
2025-04-24 03:53:47 - DEBUG - [volbot_10000000AIDOGE_USDT_USDT:918] - Created Bearish OB: BearOB_13 (Pivot: 2025-04-22 01:20:00, Candle: 2025-04-21 23:15:00, Range: [0.00111, 0.00112])
2025-04-24 03:53:47 - DEBUG - [volbot_10000000AIDOGE_USDT_USDT:970] - Closed Bearish OB: BearOB_13 (Close 0.00113 > Top 0.00112)
2025-04-24 03:53:47 - DEBUG - [volbot_10000000AIDOGE_USDT_USDT:947] - Created Bullish OB: BullOB_14 (Pivot: 2025-04-22 06:25:00, Candle: 2025-04-22 04:20:00, Range: [0.00110, 0.00111])
2025-04-24 03:53:47 - DEBUG - [volbot_10000000AIDOGE_USDT_USDT:957] - Closed Bullish OB: BullOB_14 (Close 0.00106 < Bottom 0.00110)
2025-04-24 03:53:47 - DEBUG - [volbot_10000000AIDOGE_USDT_USDT:918] - Created Bearish OB: BearOB_15 (Pivot: 2025-04-22 08:05:00, Candle: 2025-04-22 06:00:00, Range: [0.00109, 0.00109])
2025-04-24 03:53:47 - DEBUG - [volbot_10000000AIDOGE_USDT_USDT:970] - Closed Bearish OB: BearOB_15 (Close 0.00110 > Top 0.00109)
2025-04-24 03:53:47 - DEBUG - [volbot_10000000AIDOGE_USDT_USDT:947] - Created Bullish OB: BullOB_16 (Pivot: 2025-04-22 10:30:00, Candle: 2025-04-22 08:25:00, Range: [0.00109, 0.00110])
2025-04-24 03:53:47 - DEBUG - [volbot_10000000AIDOGE_USDT_USDT:957] - Closed Bullish OB: BullOB_16 (Close 0.00109 < Bottom 0.00109)
2025-04-24 03:53:47 - DEBUG - [volbot_10000000AIDOGE_USDT_USDT:947] - Created Bullish OB: BullOB_17 (Pivot: 2025-04-22 13:35:00, Candle: 2025-04-22 11:30:00, Range: [0.00110, 0.00110])
2025-04-24 03:53:47 - DEBUG - [volbot_10000000AIDOGE_USDT_USDT:957] - Closed Bullish OB: BullOB_17 (Close 0.00109 < Bottom 0.00110)
2025-04-24 03:53:47 - DEBUG - [volbot_10000000AIDOGE_USDT_USDT:918] - Created Bearish OB: BearOB_18 (Pivot: 2025-04-22 15:10:00, Candle: 2025-04-22 13:05:00, Range: [0.00110, 0.00111])
2025-04-24 03:53:47 - DEBUG - [volbot_10000000AIDOGE_USDT_USDT:970] - Closed Bearish OB: BearOB_18 (Close 0.00114 > Top 0.00111)
2025-04-24 03:53:47 - DEBUG - [volbot_10000000AIDOGE_USDT_USDT:918] - Created Bearish OB: BearOB_19 (Pivot: 2025-04-22 21:30:00, Candle: 2025-04-22 19:25:00, Range: [0.00116, 0.00116])
2025-04-24 03:53:47 - DEBUG - [volbot_10000000AIDOGE_USDT_USDT:970] - Closed Bearish OB: BearOB_19 (Close 0.00127 > Top 0.00116)
2025-04-24 03:53:47 - DEBUG - [volbot_10000000AIDOGE_USDT_USDT:947] - Created Bullish OB: BullOB_20 (Pivot: 2025-04-22 23:15:00, Candle: 2025-04-22 21:10:00, Range: [0.00124, 0.00124])
2025-04-24 03:53:47 - DEBUG - [volbot_10000000AIDOGE_USDT_USDT:957] - Closed Bullish OB: BullOB_20 (Close 0.00120 < Bottom 0.00124)
2025-04-24 03:53:47 - DEBUG - [volbot_10000000AIDOGE_USDT_USDT:947] - Created Bullish OB: BullOB_21 (Pivot: 2025-04-23 05:30:00, Candle: 2025-04-23 03:25:00, Range: [0.00124, 0.00124])
2025-04-24 03:53:47 - DEBUG - [volbot_10000000AIDOGE_USDT_USDT:957] - Closed Bullish OB: BullOB_21 (Close 0.00121 < Bottom 0.00124)
2025-04-24 03:53:47 - DEBUG - [volbot_10000000AIDOGE_USDT_USDT:918] - Created Bearish OB: BearOB_22 (Pivot: 2025-04-23 06:05:00, Candle: 2025-04-23 04:00:00, Range: [0.00123, 0.00124])
2025-04-24 03:53:47 - DEBUG - [volbot_10000000AIDOGE_USDT_USDT:918] - Created Bearish OB: BearOB_23 (Pivot: 2025-04-23 08:55:00, Candle: 2025-04-23 06:50:00, Range: [0.00124, 0.00124])
2025-04-24 03:53:47 - DEBUG - [volbot_10000000AIDOGE_USDT_USDT:970] - Closed Bearish OB: BearOB_22 (Close 0.00125 > Top 0.00124)
2025-04-24 03:53:47 - DEBUG - [volbot_10000000AIDOGE_USDT_USDT:970] - Closed Bearish OB: BearOB_23 (Close 0.00125 > Top 0.00124)
2025-04-24 03:53:47 - DEBUG - [volbot_10000000AIDOGE_USDT_USDT:947] - Created Bullish OB: BullOB_24 (Pivot: 2025-04-23 10:10:00, Candle: 2025-04-23 08:05:00, Range: [0.00123, 0.00123])
2025-04-24 03:53:47 - DEBUG - [volbot_10000000AIDOGE_USDT_USDT:957] - Closed Bullish OB: BullOB_24 (Close 0.00121 < Bottom 0.00123)
2025-04-24 03:53:47 - DEBUG - [volbot_10000000AIDOGE_USDT_USDT:918] - Created Bearish OB: BearOB_25 (Pivot: 2025-04-23 13:10:00, Candle: 2025-04-23 11:05:00, Range: [0.00122, 0.00122])
2025-04-24 03:53:47 - DEBUG - [volbot_10000000AIDOGE_USDT_USDT:970] - Closed Bearish OB: BearOB_25 (Close 0.00123 > Top 0.00122)
2025-04-24 03:53:47 - DEBUG - [volbot_10000000AIDOGE_USDT_USDT:947] - Created Bullish OB: BullOB_26 (Pivot: 2025-04-23 14:15:00, Candle: 2025-04-23 12:10:00, Range: [0.00121, 0.00121])
2025-04-24 03:53:47 - DEBUG - [volbot_10000000AIDOGE_USDT_USDT:957] - Closed Bullish OB: BullOB_26 (Close 0.00117 < Bottom 0.00121)
2025-04-24 03:53:47 - DEBUG - [volbot_10000000AIDOGE_USDT_USDT:918] - Created Bearish OB: BearOB_27 (Pivot: 2025-04-23 18:45:00, Candle: 2025-04-23 16:40:00, Range: [0.00117, 0.00117])
2025-04-24 03:53:47 - DEBUG - [volbot_10000000AIDOGE_USDT_USDT:970] - Closed Bearish OB: BearOB_27 (Close 0.00125 > Top 0.00117)
2025-04-24 03:53:47 - DEBUG - [volbot_10000000AIDOGE_USDT_USDT:947] - Created Bullish OB: BullOB_28 (Pivot: 2025-04-24 00:25:00, Candle: 2025-04-23 22:20:00, Range: [0.00121, 0.00121])
2025-04-24 03:53:47 - DEBUG - [volbot_10000000AIDOGE_USDT_USDT:957] - Closed Bullish OB: BullOB_28 (Close 0.00118 < Bottom 0.00121)
2025-04-24 03:53:47 - DEBUG - [volbot_10000000AIDOGE_USDT_USDT:918] - Created Bearish OB: BearOB_29 (Pivot: 2025-04-24 01:35:00, Candle: 2025-04-23 23:30:00, Range: [0.00119, 0.00119])
2025-04-24 03:53:47 - DEBUG - [volbot_10000000AIDOGE_USDT_USDT:970] - Closed Bearish OB: BearOB_29 (Close 0.00139 > Top 0.00119)
2025-04-24 03:53:47 - DEBUG - [volbot_10000000AIDOGE_USDT_USDT:918] - Created Bearish OB: BearOB_30 (Pivot: 2025-04-24 04:55:00, Candle: 2025-04-24 02:50:00, Range: [0.00134, 0.00135])
2025-04-24 03:53:47 - DEBUG - [volbot_10000000AIDOGE_USDT_USDT:970] - Closed Bearish OB: BearOB_30 (Close 0.00147 > Top 0.00135)
2025-04-24 03:53:47 - DEBUG - [volbot_10000000AIDOGE_USDT_USDT:947] - Created Bullish OB: BullOB_31 (Pivot: 2025-04-24 05:50:00, Candle: 2025-04-24 03:45:00, Range: [0.00136, 0.00137])
2025-04-24 03:53:48 - INFO - [volbot_10000000AIDOGE_USDT_USDT:994] - Order Block management complete. Total Bull OBs tracked: 16, Bear OBs: 15
2025-04-24 03:53:48 - DEBUG - [volbot_10000000AIDOGE_USDT_USDT:1143] - Indicator calculations complete for 10000000AIDOGE/USDT:USDT. Processed DF has 1000 rows.
2025-04-24 03:53:48 - DEBUG - [volbot_10000000AIDOGE_USDT_USDT:1198] - Latest strategy state updated for 10000000AIDOGE/USDT:USDT: {'open': '0.0015', 'high': '0.0016', 'low': '0.0015', 'close': '0.0016', 'volume': Decimal('230567500.0'), 'atr_risk': '0.0000'}
2025-04-24 03:53:48 - DEBUG - [volbot_10000000AIDOGE_USDT_USDT:1872] - Fetching position for symbol: 10000000AIDOGE/USDT:USDT
2025-04-24 03:53:48 - DEBUG - [volbot_10000000AIDOGE_USDT_USDT:1881] - Using params for fetch_positions: {'category': 'linear'}
2025-04-24 03:53:48 - INFO - [volbot_10000000AIDOGE_USDT_USDT:2024] - No active position found for 10000000AIDOGE/USDT:USDT.
2025-04-24 03:53:48 - DEBUG - [volbot_10000000AIDOGE_USDT_USDT:432] - Fetching ticker for 10000000AIDOGE/USDT:USDT...
2025-04-24 03:53:48 - DEBUG - [volbot_10000000AIDOGE_USDT_USDT:441] - Ticker data received for 10000000AIDOGE/USDT:USDT: {'symbol': '10000000AIDOGE/USDT:USDT', 'timestamp': None, 'datetime': None, 'high': 0.0015959, 'low': 0.001112, 'bid': 0.0015651, 'bidVolume': 11300.0, 'ask': 0.0015658, 'askVolume': 22400.0, 'vwap': 0.001346216523482729, 'open': 0.0012356, 'close': 0.0015658, 'last': 0.0015658, 'previousClose': None, 'change': 0.0003302, 'percentage': 26.7238, 'average': 0.0014007, 'baseVolume': 12757320200.0, 'quoteVolume': 17174115.2486, 'markPrice': 0.0015626, 'indexPrice': 0.0015592, 'info': {'symbol': '10000000AIDOGEUSDT', 'lastPrice': '0.0015658', 'indexPrice': '0.0015592', 'markPrice': '0.0015626', 'prevPrice24h': '0.0012356', 'price24hPcnt': '0.267238', 'highPrice24h': '0.0015959', 'lowPrice24h': '0.0011120', 'prevPrice1h': '0.0014777', 'openInterest': '1810588800', 'openInterestValue': '2829226.06', 'turnover24h': '17174115.2486', 'volume24h': '12757320200.0000', 'fundingRate': '0.0001', 'nextFundingTime': '1745510400000', 'predictedDeliveryPrice': '', 'basisRate': '', 'deliveryFeeRate': '', 'deliveryTime': '0', 'ask1Size': '22400', 'bid1Price': '0.0015651', 'ask1Price': '0.0015658', 'bid1Size': '11300', 'basis': '', 'preOpenPrice': '', 'preQty': '', 'curPreListingPhase': ''}}
2025-04-24 03:53:48 - DEBUG - [volbot_10000000AIDOGE_USDT_USDT:447] - Using 'last' price: 0.0015658
2025-04-24 03:53:48 - DEBUG - [volbot_10000000AIDOGE_USDT_USDT:1232] - Volbot signal: HOLD (Trend state undetermined)
2025-04-24 03:53:48 - INFO - [volbot_10000000AIDOGE_USDT_USDT:2611] - No open position for 10000000AIDOGE/USDT:USDT. Checking for entry signals.
2025-04-24 03:53:48 - INFO - [volbot_10000000AIDOGE_USDT_USDT:2700] - Signal is HOLD and no open position. No trading action.
2025-04-24 03:53:48 - INFO - [volbot_10000000AIDOGE_USDT_USDT:2708] - --- Finished analysis cycle for 10000000AIDOGE/USDT:USDT (2.23s) ---
2025-04-24 16:19:36 - INFO - [volbot_10000000AIDOGE_USDT_USDT:2391] - --- Starting analysis cycle for 10000000AIDOGE/USDT:USDT ---
2025-04-24 16:19:36 - DEBUG - [volbot_10000000AIDOGE_USDT_USDT:1598] - Market Info 10000000AIDOGE/USDT:USDT: Type=swap, Contract=Linear, IsContract=True, PricePrec=1e-07, AmtPrec=100.0, MinAmt=100.0, MinCost=None, ContractSize=1.0
2025-04-24 16:19:36 - WARNING - [volbot_10000000AIDOGE_USDT_USDT:1045] - Could not determine price precision from tick size for 10000000AIDOGE/USDT:USDT: 'TradingAnalyzer' object has no attribute 'min_tick_size'. Using default.
2025-04-24 16:19:36 - WARNING - [volbot_10000000AIDOGE_USDT_USDT:1105] - [33mRaw DataFrame empty, cannot calculate indicators for 10000000AIDOGE/USDT:USDT.[0m
2025-04-24 16:19:36 - WARNING - [volbot_10000000AIDOGE_USDT_USDT:1156] - Cannot update state: Processed DataFrame is empty for 10000000AIDOGE/USDT:USDT.
2025-04-24 16:19:36 - DEBUG - [volbot_10000000AIDOGE_USDT_USDT:2426] - Fetching 1100 klines for 10000000AIDOGE/USDT:USDT 3m...
2025-04-24 16:19:36 - DEBUG - [volbot_10000000AIDOGE_USDT_USDT:509] - Fetching klines for 10000000AIDOGE/USDT:USDT, 3m, limit=1100 (Attempt 1/4)
2025-04-24 16:19:37 - DEBUG - [volbot_10000000AIDOGE_USDT_USDT:520] - Received 1000 klines from API.
2025-04-24 16:19:37 - INFO - [volbot_10000000AIDOGE_USDT_USDT:585] - Successfully fetched and processed 1000 klines for 10000000AIDOGE/USDT:USDT 3m
2025-04-24 16:19:37 - WARNING - [volbot_10000000AIDOGE_USDT_USDT:1045] - Could not determine price precision from tick size for 10000000AIDOGE/USDT:USDT: 'TradingAnalyzer' object has no attribute 'min_tick_size'. Using default.
2025-04-24 16:19:37 - WARNING - [volbot_10000000AIDOGE_USDT_USDT:1120] - [33mInsufficient data (1000 points) for 10000000AIDOGE/USDT:USDT. Need ~1050 for reliable calculations. Results may be inaccurate.[0m
2025-04-24 16:19:37 - DEBUG - [volbot_10000000AIDOGE_USDT_USDT:1132] - Calculated Risk Management ATR (Length: 14)
2025-04-24 16:19:37 - INFO - [volbot_10000000AIDOGE_USDT_USDT:651] - Calculating Volumatic Trend Levels...
2025-04-24 16:19:37 - WARNING - [volbot_10000000AIDOGE_USDT_USDT:659] - [33mInsufficient data (1000 rows) for Volumatic Trend calculation (min ~1010). Skipping.[0m
2025-04-24 16:19:37 - INFO - [volbot_10000000AIDOGE_USDT_USDT:786] - Calculating Pivot Points (Source: Wicks, Left/Right H: 25/25, L: 25/25)...
2025-04-24 16:19:37 - INFO - [volbot_10000000AIDOGE_USDT_USDT:842] - Pivot Point calculation complete.
2025-04-24 16:19:37 - INFO - [volbot_10000000AIDOGE_USDT_USDT:864] - Managing Order Block Boxes...
2025-04-24 16:19:37 - DEBUG - [volbot_10000000AIDOGE_USDT_USDT:918] - Created Bearish OB: BearOB_1 (Pivot: 2025-04-22 21:30:00, Candle: 2025-04-22 20:15:00, Range: [0.00124, 0.00125])
2025-04-24 16:19:37 - DEBUG - [volbot_10000000AIDOGE_USDT_USDT:970] - Closed Bearish OB: BearOB_1 (Close 0.00128 > Top 0.00125)
2025-04-24 16:19:37 - DEBUG - [volbot_10000000AIDOGE_USDT_USDT:947] - Created Bullish OB: BullOB_2 (Pivot: 2025-04-22 23:15:00, Candle: 2025-04-22 22:00:00, Range: [0.00128, 0.00129])
2025-04-24 16:19:37 - DEBUG - [volbot_10000000AIDOGE_USDT_USDT:957] - Closed Bullish OB: BullOB_2 (Close 0.00120 < Bottom 0.00128)
2025-04-24 16:19:37 - DEBUG - [volbot_10000000AIDOGE_USDT_USDT:918] - Created Bearish OB: BearOB_3 (Pivot: 2025-04-23 00:09:00, Candle: 2025-04-22 22:54:00, Range: [0.00123, 0.00123])
2025-04-24 16:19:37 - DEBUG - [volbot_10000000AIDOGE_USDT_USDT:947] - Created Bullish OB: BullOB_4 (Pivot: 2025-04-23 00:54:00, Candle: 2025-04-22 23:39:00, Range: [0.00121, 0.00121])
2025-04-24 16:19:37 - DEBUG - [volbot_10000000AIDOGE_USDT_USDT:957] - Closed Bullish OB: BullOB_4 (Close 0.00120 < Bottom 0.00121)
2025-04-24 16:19:37 - DEBUG - [volbot_10000000AIDOGE_USDT_USDT:970] - Closed Bearish OB: BearOB_3 (Close 0.00124 > Top 0.00123)
2025-04-24 16:19:37 - DEBUG - [volbot_10000000AIDOGE_USDT_USDT:918] - Created Bearish OB: BearOB_5 (Pivot: 2025-04-23 04:09:00, Candle: 2025-04-23 02:54:00, Range: [0.00123, 0.00123])
2025-04-24 16:19:37 - DEBUG - [volbot_10000000AIDOGE_USDT_USDT:970] - Closed Bearish OB: BearOB_5 (Close 0.00124 > Top 0.00123)
2025-04-24 16:19:37 - DEBUG - [volbot_10000000AIDOGE_USDT_USDT:947] - Created Bullish OB: BullOB_6 (Pivot: 2025-04-23 05:33:00, Candle: 2025-04-23 04:18:00, Range: [0.00123, 0.00123])
2025-04-24 16:19:37 - DEBUG - [volbot_10000000AIDOGE_USDT_USDT:957] - Closed Bullish OB: BullOB_6 (Close 0.00121 < Bottom 0.00123)
2025-04-24 16:19:37 - DEBUG - [volbot_10000000AIDOGE_USDT_USDT:918] - Created Bearish OB: BearOB_7 (Pivot: 2025-04-23 06:09:00, Candle: 2025-04-23 04:54:00, Range: [0.00123, 0.00123])
2025-04-24 16:19:37 - DEBUG - [volbot_10000000AIDOGE_USDT_USDT:970] - Closed Bearish OB: BearOB_7 (Close 0.00124 > Top 0.00123)
2025-04-24 16:19:37 - DEBUG - [volbot_10000000AIDOGE_USDT_USDT:947] - Created Bullish OB: BullOB_8 (Pivot: 2025-04-23 07:00:00, Candle: 2025-04-23 05:45:00, Range: [0.00122, 0.00123])
2025-04-24 16:19:37 - DEBUG - [volbot_10000000AIDOGE_USDT_USDT:957] - Closed Bullish OB: BullOB_8 (Close 0.00122 < Bottom 0.00122)
2025-04-24 16:19:37 - DEBUG - [volbot_10000000AIDOGE_USDT_USDT:918] - Created Bearish OB: BearOB_9 (Pivot: 2025-04-23 08:57:00, Candle: 2025-04-23 07:42:00, Range: [0.00124, 0.00124])
2025-04-24 16:19:37 - DEBUG - [volbot_10000000AIDOGE_USDT_USDT:970] - Closed Bearish OB: BearOB_9 (Close 0.00125 > Top 0.00124)
2025-04-24 16:19:37 - DEBUG - [volbot_10000000AIDOGE_USDT_USDT:947] - Created Bullish OB: BullOB_10 (Pivot: 2025-04-23 10:12:00, Candle: 2025-04-23 08:57:00, Range: [0.00124, 0.00124])
2025-04-24 16:19:37 - DEBUG - [volbot_10000000AIDOGE_USDT_USDT:957] - Closed Bullish OB: BullOB_10 (Close 0.00121 < Bottom 0.00124)
2025-04-24 16:19:37 - DEBUG - [volbot_10000000AIDOGE_USDT_USDT:947] - Created Bullish OB: BullOB_11 (Pivot: 2025-04-23 12:03:00, Candle: 2025-04-23 10:48:00, Range: [0.00122, 0.00122])
2025-04-24 16:19:37 - DEBUG - [volbot_10000000AIDOGE_USDT_USDT:957] - Closed Bullish OB: BullOB_11 (Close 0.00122 < Bottom 0.00122)
2025-04-24 16:19:38 - DEBUG - [volbot_10000000AIDOGE_USDT_USDT:918] - Created Bearish OB: BearOB_12 (Pivot: 2025-04-23 13:09:00, Candle: 2025-04-23 11:54:00, Range: [0.00122, 0.00122])
2025-04-24 16:19:38 - DEBUG - [volbot_10000000AIDOGE_USDT_USDT:970] - Closed Bearish OB: BearOB_12 (Close 0.00124 > Top 0.00122)
2025-04-24 16:19:38 - DEBUG - [volbot_10000000AIDOGE_USDT_USDT:947] - Created Bullish OB: BullOB_13 (Pivot: 2025-04-23 14:15:00, Candle: 2025-04-23 13:00:00, Range: [0.00123, 0.00123])
2025-04-24 16:19:38 - DEBUG - [volbot_10000000AIDOGE_USDT_USDT:957] - Closed Bullish OB: BullOB_13 (Close 0.00113 < Bottom 0.00123)
2025-04-24 16:19:38 - DEBUG - [volbot_10000000AIDOGE_USDT_USDT:947] - Created Bullish OB: BullOB_14 (Pivot: 2025-04-23 16:24:00, Candle: 2025-04-23 15:09:00, Range: [0.00116, 0.00116])
2025-04-24 16:19:38 - DEBUG - [volbot_10000000AIDOGE_USDT_USDT:957] - Closed Bullish OB: BullOB_14 (Close 0.00115 < Bottom 0.00116)
2025-04-24 16:19:38 - DEBUG - [volbot_10000000AIDOGE_USDT_USDT:918] - Created Bearish OB: BearOB_15 (Pivot: 2025-04-23 18:48:00, Candle: 2025-04-23 17:33:00, Range: [0.00118, 0.00119])
2025-04-24 16:19:38 - DEBUG - [volbot_10000000AIDOGE_USDT_USDT:970] - Closed Bearish OB: BearOB_15 (Close 0.00123 > Top 0.00119)
2025-04-24 16:19:38 - DEBUG - [volbot_10000000AIDOGE_USDT_USDT:947] - Created Bullish OB: BullOB_16 (Pivot: 2025-04-23 19:27:00, Candle: 2025-04-23 18:12:00, Range: [0.00121, 0.00121])
2025-04-24 16:19:38 - DEBUG - [volbot_10000000AIDOGE_USDT_USDT:957] - Closed Bullish OB: BullOB_16 (Close 0.00120 < Bottom 0.00121)
2025-04-24 16:19:38 - DEBUG - [volbot_10000000AIDOGE_USDT_USDT:947] - Created Bullish OB: BullOB_17 (Pivot: 2025-04-23 21:42:00, Candle: 2025-04-23 20:27:00, Range: [0.00121, 0.00121])
2025-04-24 16:19:38 - DEBUG - [volbot_10000000AIDOGE_USDT_USDT:957] - Closed Bullish OB: BullOB_17 (Close 0.00119 < Bottom 0.00121)
2025-04-24 16:19:38 - DEBUG - [volbot_10000000AIDOGE_USDT_USDT:918] - Created Bearish OB: BearOB_18 (Pivot: 2025-04-23 22:06:00, Candle: 2025-04-23 20:51:00, Range: [0.00121, 0.00122])
2025-04-24 16:19:38 - DEBUG - [volbot_10000000AIDOGE_USDT_USDT:970] - Closed Bearish OB: BearOB_18 (Close 0.00122 > Top 0.00122)
2025-04-24 16:19:38 - DEBUG - [volbot_10000000AIDOGE_USDT_USDT:947] - Created Bullish OB: BullOB_19 (Pivot: 2025-04-24 00:27:00, Candle: 2025-04-23 23:12:00, Range: [0.00119, 0.00120])
2025-04-24 16:19:38 - DEBUG - [volbot_10000000AIDOGE_USDT_USDT:957] - Closed Bullish OB: BullOB_19 (Close 0.00118 < Bottom 0.00119)
2025-04-24 16:19:38 - DEBUG - [volbot_10000000AIDOGE_USDT_USDT:918] - Created Bearish OB: BearOB_20 (Pivot: 2025-04-24 01:36:00, Candle: 2025-04-24 00:21:00, Range: [0.00120, 0.00121])
2025-04-24 16:19:38 - DEBUG - [volbot_10000000AIDOGE_USDT_USDT:970] - Closed Bearish OB: BearOB_20 (Close 0.00146 > Top 0.00121)
2025-04-24 16:19:38 - DEBUG - [volbot_10000000AIDOGE_USDT_USDT:947] - Created Bullish OB: BullOB_21 (Pivot: 2025-04-24 02:48:00, Candle: 2025-04-24 01:33:00, Range: [0.00142, 0.00146])
2025-04-24 16:19:38 - DEBUG - [volbot_10000000AIDOGE_USDT_USDT:957] - Closed Bullish OB: BullOB_21 (Close 0.00131 < Bottom 0.00142)
2025-04-24 16:19:38 - DEBUG - [volbot_10000000AIDOGE_USDT_USDT:918] - Created Bearish OB: BearOB_22 (Pivot: 2025-04-24 04:57:00, Candle: 2025-04-24 03:42:00, Range: [0.00137, 0.00138])
2025-04-24 16:19:38 - DEBUG - [volbot_10000000AIDOGE_USDT_USDT:970] - Closed Bearish OB: BearOB_22 (Close 0.00147 > Top 0.00138)
2025-04-24 16:19:38 - DEBUG - [volbot_10000000AIDOGE_USDT_USDT:947] - Created Bullish OB: BullOB_23 (Pivot: 2025-04-24 05:51:00, Candle: 2025-04-24 04:36:00, Range: [0.00138, 0.00139])
2025-04-24 16:19:38 - DEBUG - [volbot_10000000AIDOGE_USDT_USDT:957] - Closed Bullish OB: BullOB_23 (Close 0.00135 < Bottom 0.00138)
2025-04-24 16:19:38 - DEBUG - [volbot_10000000AIDOGE_USDT_USDT:947] - Created Bullish OB: BullOB_24 (Pivot: 2025-04-24 08:18:00, Candle: 2025-04-24 07:03:00, Range: [0.00144, 0.00145])
2025-04-24 16:19:38 - DEBUG - [volbot_10000000AIDOGE_USDT_USDT:957] - Closed Bullish OB: BullOB_24 (Close 0.00143 < Bottom 0.00144)
2025-04-24 16:19:38 - DEBUG - [volbot_10000000AIDOGE_USDT_USDT:918] - Created Bearish OB: BearOB_25 (Pivot: 2025-04-24 09:12:00, Candle: 2025-04-24 07:57:00, Range: [0.00146, 0.00147])
2025-04-24 16:19:38 - DEBUG - [volbot_10000000AIDOGE_USDT_USDT:970] - Closed Bearish OB: BearOB_25 (Close 0.00167 > Top 0.00147)
2025-04-24 16:19:38 - DEBUG - [volbot_10000000AIDOGE_USDT_USDT:947] - Created Bullish OB: BullOB_26 (Pivot: 2025-04-24 10:18:00, Candle: 2025-04-24 09:03:00, Range: [0.00163, 0.00164])
2025-04-24 16:19:38 - DEBUG - [volbot_10000000AIDOGE_USDT_USDT:957] - Closed Bullish OB: BullOB_26 (Close 0.00144 < Bottom 0.00163)
2025-04-24 16:19:38 - DEBUG - [volbot_10000000AIDOGE_USDT_USDT:947] - Created Bullish OB: BullOB_27 (Pivot: 2025-04-24 12:39:00, Candle: 2025-04-24 11:24:00, Range: [0.00145, 0.00146])
2025-04-24 16:19:38 - DEBUG - [volbot_10000000AIDOGE_USDT_USDT:957] - Closed Bullish OB: BullOB_27 (Close 0.00143 < Bottom 0.00145)
2025-04-24 16:19:38 - DEBUG - [volbot_10000000AIDOGE_USDT_USDT:918] - Created Bearish OB: BearOB_28 (Pivot: 2025-04-24 16:00:00, Candle: 2025-04-24 14:45:00, Range: [0.00158, 0.00160])
2025-04-24 16:19:38 - DEBUG - [volbot_10000000AIDOGE_USDT_USDT:970] - Closed Bearish OB: BearOB_28 (Close 0.00170 > Top 0.00160)
2025-04-24 16:19:38 - DEBUG - [volbot_10000000AIDOGE_USDT_USDT:947] - Created Bullish OB: BullOB_29 (Pivot: 2025-04-24 17:48:00, Candle: 2025-04-24 16:33:00, Range: [0.00160, 0.00162])
2025-04-24 16:19:38 - DEBUG - [volbot_10000000AIDOGE_USDT_USDT:957] - Closed Bullish OB: BullOB_29 (Close 0.00136 < Bottom 0.00160)
2025-04-24 16:19:38 - DEBUG - [volbot_10000000AIDOGE_USDT_USDT:918] - Created Bearish OB: BearOB_30 (Pivot: 2025-04-24 19:21:00, Candle: 2025-04-24 18:06:00, Range: [0.00137, 0.00137])
2025-04-24 16:19:38 - DEBUG - [volbot_10000000AIDOGE_USDT_USDT:970] - Closed Bearish OB: BearOB_30 (Close 0.00144 > Top 0.00137)
2025-04-24 16:19:38 - INFO - [volbot_10000000AIDOGE_USDT_USDT:994] - Order Block management complete. Total Bull OBs tracked: 17, Bear OBs: 13
2025-04-24 16:19:38 - DEBUG - [volbot_10000000AIDOGE_USDT_USDT:1143] - Indicator calculations complete for 10000000AIDOGE/USDT:USDT. Processed DF has 1000 rows.
2025-04-24 16:19:38 - DEBUG - [volbot_10000000AIDOGE_USDT_USDT:1198] - Latest strategy state updated for 10000000AIDOGE/USDT:USDT: {'open': '0.0014', 'high': '0.0014', 'low': '0.0014', 'close': '0.0014', 'volume': Decimal('3399800.0'), 'atr_risk': '0.0000'}
2025-04-24 16:19:38 - DEBUG - [volbot_10000000AIDOGE_USDT_USDT:1872] - Fetching position for symbol: 10000000AIDOGE/USDT:USDT
2025-04-24 16:19:38 - DEBUG - [volbot_10000000AIDOGE_USDT_USDT:1881] - Using params for fetch_positions: {'category': 'linear'}
2025-04-24 16:19:39 - INFO - [volbot_10000000AIDOGE_USDT_USDT:2024] - No active position found for 10000000AIDOGE/USDT:USDT.
2025-04-24 16:19:39 - DEBUG - [volbot_10000000AIDOGE_USDT_USDT:432] - Fetching ticker for 10000000AIDOGE/USDT:USDT...
2025-04-24 16:19:39 - DEBUG - [volbot_10000000AIDOGE_USDT_USDT:441] - Ticker data received for 10000000AIDOGE/USDT:USDT: {'symbol': '10000000AIDOGE/USDT:USDT', 'timestamp': None, 'datetime': None, 'high': 0.0017663, 'low': 0.0011734, 'bid': 0.0014089, 'bidVolume': 228000.0, 'ask': 0.001409, 'askVolume': 900.0, 'vwap': 0.00147851327724401, 'open': 0.0011989, 'close': 0.0014088, 'last': 0.0014088, 'previousClose': None, 'change': 0.0002099, 'percentage': 17.5077, 'average': 0.0013038, 'baseVolume': 25076906000.0, 'quoteVolume': 37076538.4732, 'markPrice': 0.0014082, 'indexPrice': 0.0014082, 'info': {'symbol': '10000000AIDOGEUSDT', 'lastPrice': '0.0014088', 'indexPrice': '0.0014082', 'markPrice': '0.0014082', 'prevPrice24h': '0.0011989', 'price24hPcnt': '0.175077', 'highPrice24h': '0.0017663', 'lowPrice24h': '0.0011734', 'prevPrice1h': '0.0014215', 'openInterest': '1512391400', 'openInterestValue': '2129749.57', 'turnover24h': '37076538.4732', 'volume24h': '25076906000.0000', 'fundingRate': '0.0001', 'nextFundingTime': '1745539200000', 'predictedDeliveryPrice': '', 'basisRate': '', 'deliveryFeeRate': '', 'deliveryTime': '0', 'ask1Size': '900', 'bid1Price': '0.0014089', 'ask1Price': '0.0014090', 'bid1Size': '228000', 'basis': '', 'preOpenPrice': '', 'preQty': '', 'curPreListingPhase': ''}}
2025-04-24 16:19:39 - DEBUG - [volbot_10000000AIDOGE_USDT_USDT:447] - Using 'last' price: 0.0014088
2025-04-24 16:19:39 - DEBUG - [volbot_10000000AIDOGE_USDT_USDT:1232] - Volbot signal: HOLD (Trend state undetermined)
2025-04-24 16:19:39 - INFO - [volbot_10000000AIDOGE_USDT_USDT:2611] - No open position for 10000000AIDOGE/USDT:USDT. Checking for entry signals.
2025-04-24 16:19:39 - INFO - [volbot_10000000AIDOGE_USDT_USDT:2700] - Signal is HOLD and no open position. No trading action.
2025-04-24 16:19:39 - INFO - [volbot_10000000AIDOGE_USDT_USDT:2708] - --- Finished analysis cycle for 10000000AIDOGE/USDT:USDT (3.25s) ---
2025-04-24 16:26:47 - INFO - [volbot_10000000AIDOGE_USDT_USDT:2521] - --- Starting analysis cycle for 10000000AIDOGE/USDT:USDT ---
2025-04-24 16:26:47 - DEBUG - [volbot_10000000AIDOGE_USDT_USDT:1653] - Market Info for 10000000AIDOGE/USDT:USDT: ID=10000000AIDOGEUSDT, Type=swap, Contract=Linear, IsContract=True, Precision(Price/Amount/Tick): 1e-07/100.0/N/A, Limits(Amount Min/Max): 100.0/15000000.0, Limits(Cost Min/Max): None/None, Contract Size: 1.0
2025-04-24 16:26:47 - DEBUG - [volbot_10000000AIDOGE_USDT_USDT:483] - Fetching klines for 10000000AIDOGE/USDT:USDT, 3m, limit=1100 (Attempt 1/4)
2025-04-24 16:26:48 - DEBUG - [volbot_10000000AIDOGE_USDT_USDT:489] - Received 1000 klines from API.
2025-04-24 16:26:48 - INFO - [volbot_10000000AIDOGE_USDT_USDT:548] - Successfully fetched and processed 1000 klines for 10000000AIDOGE/USDT:USDT 3m
2025-04-24 16:26:48 - WARNING - [volbot_10000000AIDOGE_USDT_USDT:1053] - [33mInsufficient data (1000 points) for 10000000AIDOGE/USDT:USDT to calculate all indicators reliably (recommend min: ~1050). Results may be inaccurate or contain NaNs.[0m
2025-04-24 16:26:48 - DEBUG - [volbot_10000000AIDOGE_USDT_USDT:1069] - Calculated Risk Management ATR (Length: 14)
2025-04-24 16:26:48 - INFO - [volbot_10000000AIDOGE_USDT_USDT:1073] - Calculating Volbot strategy indicators...
2025-04-24 16:26:48 - INFO - [volbot_10000000AIDOGE_USDT_USDT:611] - Calculating Volumatic Trend Levels...
2025-04-24 16:26:48 - DEBUG - [volbot_10000000AIDOGE_USDT_USDT:577] - Calculating Smoothed Weighted EMA (SWMA) with length: 40...
2025-04-24 16:26:49 - DEBUG - [volbot_10000000AIDOGE_USDT_USDT:672] - NaN encountered for EMA/ATR at trend change index 57. Propagating previous levels.
2025-04-24 16:26:49 - DEBUG - [volbot_10000000AIDOGE_USDT_USDT:672] - NaN encountered for EMA/ATR at trend change index 93. Propagating previous levels.
2025-04-24 16:26:49 - DEBUG - [volbot_10000000AIDOGE_USDT_USDT:672] - NaN encountered for EMA/ATR at trend change index 97. Propagating previous levels.
2025-04-24 16:26:49 - DEBUG - [volbot_10000000AIDOGE_USDT_USDT:672] - NaN encountered for EMA/ATR at trend change index 114. Propagating previous levels.
2025-04-24 16:26:49 - DEBUG - [volbot_10000000AIDOGE_USDT_USDT:672] - NaN encountered for EMA/ATR at trend change index 122. Propagating previous levels.
2025-04-24 16:26:49 - DEBUG - [volbot_10000000AIDOGE_USDT_USDT:672] - NaN encountered for EMA/ATR at trend change index 127. Propagating previous levels.
2025-04-24 16:26:49 - DEBUG - [volbot_10000000AIDOGE_USDT_USDT:672] - NaN encountered for EMA/ATR at trend change index 131. Propagating previous levels.
2025-04-24 16:26:49 - DEBUG - [volbot_10000000AIDOGE_USDT_USDT:672] - NaN encountered for EMA/ATR at trend change index 132. Propagating previous levels.
2025-04-24 16:26:50 - DEBUG - [volbot_10000000AIDOGE_USDT_USDT:672] - NaN encountered for EMA/ATR at trend change index 178. Propagating previous levels.
2025-04-24 16:26:50 - DEBUG - [volbot_10000000AIDOGE_USDT_USDT:672] - NaN encountered for EMA/ATR at trend change index 188. Propagating previous levels.
2025-04-24 16:26:50 - DEBUG - [volbot_10000000AIDOGE_USDT_USDT:672] - NaN encountered for EMA/ATR at trend change index 193. Propagating previous levels.
2025-04-24 16:26:57 - ERROR - [volbot_10000000AIDOGE_USDT_USDT:1087] - [91mError calculating indicators for 10000000AIDOGE/USDT:USDT: 'numpy.ndarray' object has no attribute 'fillna'[0m
Traceback (most recent call last):
  File "/data/data/com.termux/files/home/worldguide/codes/volbot2.py", line 1074, in _calculate_strategy_indicators
    df_calc = calculate_volatility_levels(df_calc, self.config, self.logger)
              ^^^^^^^^^^^^^^^^^^^^^^^^^^^^^^^^^^^^^^^^^^^^^^^^^^^^^^^^^^^^^^
  File "/data/data/com.termux/files/home/worldguide/codes/volbot2.py", line 688, in calculate_volatility_levels
    ).fillna(0)
      ^^^^^^
AttributeError: 'numpy.ndarray' object has no attribute 'fillna'. Did you mean: 'fill'?
2025-04-24 16:26:57 - WARNING - [volbot_10000000AIDOGE_USDT_USDT:1097] - Cannot update latest state: Processed DataFrame is empty for 10000000AIDOGE/USDT:USDT.
2025-04-24 16:26:57 - ERROR - [volbot_10000000AIDOGE_USDT_USDT:2556] - Failed to calculate indicators or update state for 10000000AIDOGE/USDT:USDT. Skipping further analysis.
