2025-04-24 03:55:29 - INFO - [volbot_ACX_USDT_USDT:2391] - --- Starting analysis cycle for ACX/USDT:USDT ---
2025-04-24 03:55:29 - DEBUG - [volbot_ACX_USDT_USDT:1598] - Market Info ACX/USDT:USDT: Type=swap, Contract=Linear, IsContract=True, PricePrec=0.0001, AmtPrec=1.0, MinAmt=1.0, MinCost=None, ContractSize=1.0
2025-04-24 03:55:29 - WARNING - [volbot_ACX_USDT_USDT:1045] - Could not determine price precision from tick size for ACX/USDT:USDT: 'TradingAnalyzer' object has no attribute 'min_tick_size'. Using default.
2025-04-24 03:55:29 - WARNING - [volbot_ACX_USDT_USDT:1105] - [33mRaw DataFrame empty, cannot calculate indicators for ACX/USDT:USDT.[0m
2025-04-24 03:55:29 - WARNING - [volbot_ACX_USDT_USDT:1156] - Cannot update state: Processed DataFrame is empty for ACX/USDT:USDT.
2025-04-24 03:55:29 - DEBUG - [volbot_ACX_USDT_USDT:2426] - Fetching 1150 klines for ACX/USDT:USDT 5m...
2025-04-24 03:55:29 - DEBUG - [volbot_ACX_USDT_USDT:509] - Fetching klines for ACX/USDT:USDT, 5m, limit=1150 (Attempt 1/4)
2025-04-24 03:55:29 - DEBUG - [volbot_ACX_USDT_USDT:520] - Received 1000 klines from API.
2025-04-24 03:55:29 - INFO - [volbot_ACX_USDT_USDT:585] - Successfully fetched and processed 1000 klines for ACX/USDT:USDT 5m
2025-04-24 03:55:29 - WARNING - [volbot_ACX_USDT_USDT:1045] - Could not determine price precision from tick size for ACX/USDT:USDT: 'TradingAnalyzer' object has no attribute 'min_tick_size'. Using default.
2025-04-24 03:55:29 - WARNING - [volbot_ACX_USDT_USDT:1120] - [33mInsufficient data (1000 points) for ACX/USDT:USDT. Need ~1100 for reliable calculations. Results may be inaccurate.[0m
2025-04-24 03:55:29 - DEBUG - [volbot_ACX_USDT_USDT:1132] - Calculated Risk Management ATR (Length: 14)
2025-04-24 03:55:29 - INFO - [volbot_ACX_USDT_USDT:651] - Calculating Volumatic Trend Levels...
2025-04-24 03:55:29 - WARNING - [volbot_ACX_USDT_USDT:659] - [33mInsufficient data (1000 rows) for Volumatic Trend calculation (min ~1060). Skipping.[0m
2025-04-24 03:55:29 - INFO - [volbot_ACX_USDT_USDT:786] - Calculating Pivot Points (Source: Wicks, Left/Right H: 25/25, L: 25/25)...
2025-04-24 03:55:30 - INFO - [volbot_ACX_USDT_USDT:842] - Pivot Point calculation complete.
2025-04-24 03:55:30 - INFO - [volbot_ACX_USDT_USDT:864] - Managing Order Block Boxes...
2025-04-24 03:55:30 - DEBUG - [volbot_ACX_USDT_USDT:918] - Created Bearish OB: BearOB_1 (Pivot: 2025-04-21 06:15:00, Candle: 2025-04-21 04:10:00, Range: [0.20400, 0.20420])
2025-04-24 03:55:30 - DEBUG - [volbot_ACX_USDT_USDT:970] - Closed Bearish OB: BearOB_1 (Close 0.20740 > Top 0.20420)
2025-04-24 03:55:30 - DEBUG - [volbot_ACX_USDT_USDT:947] - Created Bullish OB: BullOB_2 (Pivot: 2025-04-21 07:10:00, Candle: 2025-04-21 05:05:00, Range: [0.20490, 0.20490])
2025-04-24 03:55:30 - DEBUG - [volbot_ACX_USDT_USDT:918] - Created Bearish OB: BearOB_3 (Pivot: 2025-04-21 08:55:00, Candle: 2025-04-21 06:50:00, Range: [0.20590, 0.20630])
2025-04-24 03:55:30 - DEBUG - [volbot_ACX_USDT_USDT:970] - Closed Bearish OB: BearOB_3 (Close 0.20730 > Top 0.20630)
2025-04-24 03:55:30 - DEBUG - [volbot_ACX_USDT_USDT:957] - Closed Bullish OB: BullOB_2 (Close 0.20430 < Bottom 0.20490)
2025-04-24 03:55:30 - DEBUG - [volbot_ACX_USDT_USDT:918] - Created Bearish OB: BearOB_4 (Pivot: 2025-04-21 16:10:00, Candle: 2025-04-21 14:05:00, Range: [0.20470, 0.20500])
2025-04-24 03:55:30 - DEBUG - [volbot_ACX_USDT_USDT:970] - Closed Bearish OB: BearOB_4 (Close 0.20830 > Top 0.20500)
2025-04-24 03:55:30 - DEBUG - [volbot_ACX_USDT_USDT:947] - Created Bullish OB: BullOB_5 (Pivot: 2025-04-21 17:05:00, Candle: 2025-04-21 15:00:00, Range: [0.20720, 0.20750])
2025-04-24 03:55:30 - DEBUG - [volbot_ACX_USDT_USDT:957] - Closed Bullish OB: BullOB_5 (Close 0.20330 < Bottom 0.20720)
2025-04-24 03:55:30 - DEBUG - [volbot_ACX_USDT_USDT:947] - Created Bullish OB: BullOB_6 (Pivot: 2025-04-22 00:35:00, Candle: 2025-04-21 22:30:00, Range: [0.20240, 0.20240])
2025-04-24 03:55:30 - DEBUG - [volbot_ACX_USDT_USDT:957] - Closed Bullish OB: BullOB_6 (Close 0.20050 < Bottom 0.20240)
2025-04-24 03:55:30 - DEBUG - [volbot_ACX_USDT_USDT:918] - Created Bearish OB: BearOB_7 (Pivot: 2025-04-22 08:15:00, Candle: 2025-04-22 06:10:00, Range: [0.20210, 0.20320])
2025-04-24 03:55:30 - DEBUG - [volbot_ACX_USDT_USDT:970] - Closed Bearish OB: BearOB_7 (Close 0.20510 > Top 0.20320)
2025-04-24 03:55:30 - DEBUG - [volbot_ACX_USDT_USDT:918] - Created Bearish OB: BearOB_8 (Pivot: 2025-04-22 15:10:00, Candle: 2025-04-22 13:05:00, Range: [0.20670, 0.20680])
2025-04-24 03:55:30 - DEBUG - [volbot_ACX_USDT_USDT:970] - Closed Bearish OB: BearOB_8 (Close 0.21360 > Top 0.20680)
2025-04-24 03:55:30 - DEBUG - [volbot_ACX_USDT_USDT:918] - Created Bearish OB: BearOB_9 (Pivot: 2025-04-22 18:45:00, Candle: 2025-04-22 16:40:00, Range: [0.21120, 0.21150])
2025-04-24 03:55:30 - DEBUG - [volbot_ACX_USDT_USDT:970] - Closed Bearish OB: BearOB_9 (Close 0.21410 > Top 0.21150)
2025-04-24 03:55:30 - DEBUG - [volbot_ACX_USDT_USDT:947] - Created Bullish OB: BullOB_10 (Pivot: 2025-04-23 07:15:00, Candle: 2025-04-23 05:10:00, Range: [0.22600, 0.22610])
2025-04-24 03:55:30 - DEBUG - [volbot_ACX_USDT_USDT:957] - Closed Bullish OB: BullOB_10 (Close 0.22160 < Bottom 0.22600)
2025-04-24 03:55:30 - DEBUG - [volbot_ACX_USDT_USDT:947] - Created Bullish OB: BullOB_11 (Pivot: 2025-04-23 10:05:00, Candle: 2025-04-23 08:00:00, Range: [0.22340, 0.22400])
2025-04-24 03:55:30 - DEBUG - [volbot_ACX_USDT_USDT:957] - Closed Bullish OB: BullOB_11 (Close 0.22280 < Bottom 0.22340)
2025-04-24 03:55:30 - DEBUG - [volbot_ACX_USDT_USDT:918] - Created Bearish OB: BearOB_12 (Pivot: 2025-04-23 13:35:00, Candle: 2025-04-23 11:30:00, Range: [0.22720, 0.22740])
2025-04-24 03:55:30 - DEBUG - [volbot_ACX_USDT_USDT:970] - Closed Bearish OB: BearOB_12 (Close 0.22770 > Top 0.22740)
2025-04-24 03:55:30 - DEBUG - [volbot_ACX_USDT_USDT:947] - Created Bullish OB: BullOB_13 (Pivot: 2025-04-23 15:25:00, Candle: 2025-04-23 13:20:00, Range: [0.22900, 0.22920])
2025-04-24 03:55:30 - DEBUG - [volbot_ACX_USDT_USDT:957] - Closed Bullish OB: BullOB_13 (Close 0.21980 < Bottom 0.22900)
2025-04-24 03:55:30 - DEBUG - [volbot_ACX_USDT_USDT:918] - Created Bearish OB: BearOB_14 (Pivot: 2025-04-23 17:05:00, Candle: 2025-04-23 15:00:00, Range: [0.22410, 0.22520])
2025-04-24 03:55:30 - DEBUG - [volbot_ACX_USDT_USDT:970] - Closed Bearish OB: BearOB_14 (Close 0.22670 > Top 0.22520)
2025-04-24 03:55:30 - DEBUG - [volbot_ACX_USDT_USDT:947] - Created Bullish OB: BullOB_15 (Pivot: 2025-04-23 19:25:00, Candle: 2025-04-23 17:20:00, Range: [0.22570, 0.22570])
2025-04-24 03:55:30 - DEBUG - [volbot_ACX_USDT_USDT:957] - Closed Bullish OB: BullOB_15 (Close 0.22150 < Bottom 0.22570)
2025-04-24 03:55:30 - DEBUG - [volbot_ACX_USDT_USDT:947] - Created Bullish OB: BullOB_16 (Pivot: 2025-04-24 04:40:00, Candle: 2025-04-24 02:35:00, Range: [0.22280, 0.22330])
2025-04-24 03:55:30 - DEBUG - [volbot_ACX_USDT_USDT:957] - Closed Bullish OB: BullOB_16 (Close 0.21800 < Bottom 0.22280)
2025-04-24 03:55:30 - INFO - [volbot_ACX_USDT_USDT:994] - Order Block management complete. Total Bull OBs tracked: 8, Bear OBs: 8
2025-04-24 03:55:30 - DEBUG - [volbot_ACX_USDT_USDT:1143] - Indicator calculations complete for ACX/USDT:USDT. Processed DF has 1000 rows.
2025-04-24 03:55:30 - DEBUG - [volbot_ACX_USDT_USDT:1198] - Latest strategy state updated for ACX/USDT:USDT: {'open': '0.2119', 'high': '0.2123', 'low': '0.2119', 'close': '0.2120', 'volume': Decimal('3535.0'), 'atr_risk': '0.0009'}
2025-04-24 03:55:30 - DEBUG - [volbot_ACX_USDT_USDT:1872] - Fetching position for symbol: ACX/USDT:USDT
2025-04-24 03:55:30 - DEBUG - [volbot_ACX_USDT_USDT:1881] - Using params for fetch_positions: {'category': 'linear'}
2025-04-24 03:55:31 - INFO - [volbot_ACX_USDT_USDT:2024] - No active position found for ACX/USDT:USDT.
2025-04-24 03:55:31 - DEBUG - [volbot_ACX_USDT_USDT:432] - Fetching ticker for ACX/USDT:USDT...
2025-04-24 03:55:31 - DEBUG - [volbot_ACX_USDT_USDT:441] - Ticker data received for ACX/USDT:USDT: {'symbol': 'ACX/USDT:USDT', 'timestamp': None, 'datetime': None, 'high': 0.2319, 'low': 0.2118, 'bid': 0.2123, 'bidVolume': 1382.0, 'ask': 0.2125, 'askVolume': 4988.0, 'vwap': 0.22452532160232436, 'open': 0.2239, 'close': 0.212, 'last': 0.212, 'previousClose': None, 'change': -0.0119, 'percentage': -5.3148, 'average': 0.2179, 'baseVolume': 1221151.0, 'quoteVolume': 274179.321, 'markPrice': 0.2119, 'indexPrice': 0.2121, 'info': {'symbol': 'ACXUSDT', 'lastPrice': '0.2120', 'indexPrice': '0.2121', 'markPrice': '0.2119', 'prevPrice24h': '0.2239', 'price24hPcnt': '-0.053148', 'highPrice24h': '0.2319', 'lowPrice24h': '0.2118', 'prevPrice1h': '0.2178', 'openInterest': '2789031', 'openInterestValue': '590995.67', 'turnover24h': '274179.3210', 'volume24h': '1221151.0000', 'fundingRate': '0.00005', 'nextFundingTime': '1745496000000', 'predictedDeliveryPrice': '', 'basisRate': '', 'deliveryFeeRate': '', 'deliveryTime': '0', 'ask1Size': '4988', 'bid1Price': '0.2123', 'ask1Price': '0.2125', 'bid1Size': '1382', 'basis': '', 'preOpenPrice': '', 'preQty': '', 'curPreListingPhase': ''}}
2025-04-24 03:55:31 - DEBUG - [volbot_ACX_USDT_USDT:447] - Using 'last' price: 0.212
2025-04-24 03:55:31 - DEBUG - [volbot_ACX_USDT_USDT:1232] - Volbot signal: HOLD (Trend state undetermined)
2025-04-24 03:55:31 - INFO - [volbot_ACX_USDT_USDT:2611] - No open position for ACX/USDT:USDT. Checking for entry signals.
2025-04-24 03:55:31 - INFO - [volbot_ACX_USDT_USDT:2700] - Signal is HOLD and no open position. No trading action.
2025-04-24 03:55:31 - INFO - [volbot_ACX_USDT_USDT:2708] - --- Finished analysis cycle for ACX/USDT:USDT (2.20s) ---
