2025-04-24 03:55:23 - INFO - [volbot_ACH_USDT_USDT:2391] - --- Starting analysis cycle for ACH/USDT:USDT ---
2025-04-24 03:55:23 - DEBUG - [volbot_ACH_USDT_USDT:1598] - Market Info ACH/USDT:USDT: Type=swap, Contract=Linear, IsContract=True, PricePrec=1e-06, AmtPrec=10.0, MinAmt=10.0, MinCost=None, ContractSize=1.0
2025-04-24 03:55:23 - WARNING - [volbot_ACH_USDT_USDT:1045] - Could not determine price precision from tick size for ACH/USDT:USDT: 'TradingAnalyzer' object has no attribute 'min_tick_size'. Using default.
2025-04-24 03:55:23 - WARNING - [volbot_ACH_USDT_USDT:1105] - [33mRaw DataFrame empty, cannot calculate indicators for ACH/USDT:USDT.[0m
2025-04-24 03:55:23 - WARNING - [volbot_ACH_USDT_USDT:1156] - Cannot update state: Processed DataFrame is empty for ACH/USDT:USDT.
2025-04-24 03:55:23 - DEBUG - [volbot_ACH_USDT_USDT:2426] - Fetching 1150 klines for ACH/USDT:USDT 5m...
2025-04-24 03:55:23 - DEBUG - [volbot_ACH_USDT_USDT:509] - Fetching klines for ACH/USDT:USDT, 5m, limit=1150 (Attempt 1/4)
2025-04-24 03:55:24 - DEBUG - [volbot_ACH_USDT_USDT:520] - Received 1000 klines from API.
2025-04-24 03:55:24 - INFO - [volbot_ACH_USDT_USDT:585] - Successfully fetched and processed 1000 klines for ACH/USDT:USDT 5m
2025-04-24 03:55:24 - WARNING - [volbot_ACH_USDT_USDT:1045] - Could not determine price precision from tick size for ACH/USDT:USDT: 'TradingAnalyzer' object has no attribute 'min_tick_size'. Using default.
2025-04-24 03:55:24 - WARNING - [volbot_ACH_USDT_USDT:1120] - [33mInsufficient data (1000 points) for ACH/USDT:USDT. Need ~1100 for reliable calculations. Results may be inaccurate.[0m
2025-04-24 03:55:24 - DEBUG - [volbot_ACH_USDT_USDT:1132] - Calculated Risk Management ATR (Length: 14)
2025-04-24 03:55:24 - INFO - [volbot_ACH_USDT_USDT:651] - Calculating Volumatic Trend Levels...
2025-04-24 03:55:24 - WARNING - [volbot_ACH_USDT_USDT:659] - [33mInsufficient data (1000 rows) for Volumatic Trend calculation (min ~1060). Skipping.[0m
2025-04-24 03:55:24 - INFO - [volbot_ACH_USDT_USDT:786] - Calculating Pivot Points (Source: Wicks, Left/Right H: 25/25, L: 25/25)...
2025-04-24 03:55:24 - INFO - [volbot_ACH_USDT_USDT:842] - Pivot Point calculation complete.
2025-04-24 03:55:24 - INFO - [volbot_ACH_USDT_USDT:864] - Managing Order Block Boxes...
2025-04-24 03:55:24 - DEBUG - [volbot_ACH_USDT_USDT:918] - Created Bearish OB: BearOB_1 (Pivot: 2025-04-21 02:00:00, Candle: 2025-04-20 23:55:00, Range: [0.02783, 0.02789])
2025-04-24 03:55:24 - DEBUG - [volbot_ACH_USDT_USDT:970] - Closed Bearish OB: BearOB_1 (Close 0.02912 > Top 0.02789)
2025-04-24 03:55:24 - DEBUG - [volbot_ACH_USDT_USDT:947] - Created Bullish OB: BullOB_2 (Pivot: 2025-04-21 04:15:00, Candle: 2025-04-21 02:10:00, Range: [0.02912, 0.02916])
2025-04-24 03:55:24 - DEBUG - [volbot_ACH_USDT_USDT:957] - Closed Bullish OB: BullOB_2 (Close 0.02684 < Bottom 0.02912)
2025-04-24 03:55:24 - DEBUG - [volbot_ACH_USDT_USDT:947] - Created Bullish OB: BullOB_3 (Pivot: 2025-04-21 07:15:00, Candle: 2025-04-21 05:10:00, Range: [0.02710, 0.02710])
2025-04-24 03:55:24 - DEBUG - [volbot_ACH_USDT_USDT:957] - Closed Bullish OB: BullOB_3 (Close 0.02689 < Bottom 0.02710)
2025-04-24 03:55:24 - DEBUG - [volbot_ACH_USDT_USDT:918] - Created Bearish OB: BearOB_4 (Pivot: 2025-04-21 09:05:00, Candle: 2025-04-21 07:00:00, Range: [0.02710, 0.02722])
2025-04-24 03:55:24 - DEBUG - [volbot_ACH_USDT_USDT:970] - Closed Bearish OB: BearOB_4 (Close 0.02805 > Top 0.02722)
2025-04-24 03:55:24 - DEBUG - [volbot_ACH_USDT_USDT:947] - Created Bullish OB: BullOB_5 (Pivot: 2025-04-21 11:35:00, Candle: 2025-04-21 09:30:00, Range: [0.02761, 0.02773])
2025-04-24 03:55:24 - DEBUG - [volbot_ACH_USDT_USDT:957] - Closed Bullish OB: BullOB_5 (Close 0.02684 < Bottom 0.02761)
2025-04-24 03:55:24 - DEBUG - [volbot_ACH_USDT_USDT:947] - Created Bullish OB: BullOB_6 (Pivot: 2025-04-21 14:00:00, Candle: 2025-04-21 11:55:00, Range: [0.02707, 0.02715])
2025-04-24 03:55:24 - DEBUG - [volbot_ACH_USDT_USDT:957] - Closed Bullish OB: BullOB_6 (Close 0.02648 < Bottom 0.02707)
2025-04-24 03:55:24 - DEBUG - [volbot_ACH_USDT_USDT:947] - Created Bullish OB: BullOB_7 (Pivot: 2025-04-22 00:05:00, Candle: 2025-04-21 22:00:00, Range: [0.02551, 0.02567])
2025-04-24 03:55:24 - DEBUG - [volbot_ACH_USDT_USDT:957] - Closed Bullish OB: BullOB_7 (Close 0.02536 < Bottom 0.02551)
2025-04-24 03:55:24 - DEBUG - [volbot_ACH_USDT_USDT:918] - Created Bearish OB: BearOB_8 (Pivot: 2025-04-22 01:55:00, Candle: 2025-04-21 23:50:00, Range: [0.02544, 0.02545])
2025-04-24 03:55:24 - DEBUG - [volbot_ACH_USDT_USDT:970] - Closed Bearish OB: BearOB_8 (Close 0.02601 > Top 0.02545)
2025-04-24 03:55:24 - DEBUG - [volbot_ACH_USDT_USDT:947] - Created Bullish OB: BullOB_9 (Pivot: 2025-04-22 03:10:00, Candle: 2025-04-22 01:05:00, Range: [0.02564, 0.02570])
2025-04-24 03:55:24 - DEBUG - [volbot_ACH_USDT_USDT:957] - Closed Bullish OB: BullOB_9 (Close 0.02560 < Bottom 0.02564)
2025-04-24 03:55:24 - DEBUG - [volbot_ACH_USDT_USDT:918] - Created Bearish OB: BearOB_10 (Pivot: 2025-04-22 04:40:00, Candle: 2025-04-22 02:35:00, Range: [0.02573, 0.02576])
2025-04-24 03:55:24 - DEBUG - [volbot_ACH_USDT_USDT:970] - Closed Bearish OB: BearOB_10 (Close 0.02588 > Top 0.02576)
2025-04-24 03:55:24 - DEBUG - [volbot_ACH_USDT_USDT:947] - Created Bullish OB: BullOB_11 (Pivot: 2025-04-22 06:20:00, Candle: 2025-04-22 04:15:00, Range: [0.02575, 0.02582])
2025-04-24 03:55:24 - DEBUG - [volbot_ACH_USDT_USDT:957] - Closed Bullish OB: BullOB_11 (Close 0.02544 < Bottom 0.02575)
2025-04-24 03:55:24 - DEBUG - [volbot_ACH_USDT_USDT:918] - Created Bearish OB: BearOB_12 (Pivot: 2025-04-22 08:10:00, Candle: 2025-04-22 06:05:00, Range: [0.02555, 0.02557])
2025-04-24 03:55:24 - DEBUG - [volbot_ACH_USDT_USDT:970] - Closed Bearish OB: BearOB_12 (Close 0.02605 > Top 0.02557)
2025-04-24 03:55:24 - DEBUG - [volbot_ACH_USDT_USDT:918] - Created Bearish OB: BearOB_13 (Pivot: 2025-04-22 12:30:00, Candle: 2025-04-22 10:25:00, Range: [0.02596, 0.02599])
2025-04-24 03:55:24 - DEBUG - [volbot_ACH_USDT_USDT:970] - Closed Bearish OB: BearOB_13 (Close 0.02657 > Top 0.02599)
2025-04-24 03:55:24 - DEBUG - [volbot_ACH_USDT_USDT:918] - Created Bearish OB: BearOB_14 (Pivot: 2025-04-22 15:40:00, Candle: 2025-04-22 13:35:00, Range: [0.02632, 0.02638])
2025-04-24 03:55:24 - DEBUG - [volbot_ACH_USDT_USDT:970] - Closed Bearish OB: BearOB_14 (Close 0.02712 > Top 0.02638)
2025-04-24 03:55:24 - DEBUG - [volbot_ACH_USDT_USDT:918] - Created Bearish OB: BearOB_15 (Pivot: 2025-04-22 18:45:00, Candle: 2025-04-22 16:40:00, Range: [0.02666, 0.02679])
2025-04-24 03:55:24 - DEBUG - [volbot_ACH_USDT_USDT:970] - Closed Bearish OB: BearOB_15 (Close 0.02712 > Top 0.02679)
2025-04-24 03:55:24 - DEBUG - [volbot_ACH_USDT_USDT:947] - Created Bullish OB: BullOB_16 (Pivot: 2025-04-22 21:15:00, Candle: 2025-04-22 19:10:00, Range: [0.02698, 0.02709])
2025-04-24 03:55:24 - DEBUG - [volbot_ACH_USDT_USDT:957] - Closed Bullish OB: BullOB_16 (Close 0.02690 < Bottom 0.02698)
2025-04-24 03:55:24 - DEBUG - [volbot_ACH_USDT_USDT:918] - Created Bearish OB: BearOB_17 (Pivot: 2025-04-22 21:45:00, Candle: 2025-04-22 19:40:00, Range: [0.02689, 0.02693])
2025-04-24 03:55:24 - DEBUG - [volbot_ACH_USDT_USDT:970] - Closed Bearish OB: BearOB_17 (Close 0.02741 > Top 0.02693)
2025-04-24 03:55:24 - DEBUG - [volbot_ACH_USDT_USDT:918] - Created Bearish OB: BearOB_18 (Pivot: 2025-04-23 03:50:00, Candle: 2025-04-23 01:45:00, Range: [0.02710, 0.02721])
2025-04-24 03:55:24 - DEBUG - [volbot_ACH_USDT_USDT:970] - Closed Bearish OB: BearOB_18 (Close 0.02771 > Top 0.02721)
2025-04-24 03:55:24 - DEBUG - [volbot_ACH_USDT_USDT:947] - Created Bullish OB: BullOB_19 (Pivot: 2025-04-23 06:45:00, Candle: 2025-04-23 04:40:00, Range: [0.02743, 0.02747])
2025-04-24 03:55:24 - DEBUG - [volbot_ACH_USDT_USDT:957] - Closed Bullish OB: BullOB_19 (Close 0.02711 < Bottom 0.02743)
2025-04-24 03:55:25 - DEBUG - [volbot_ACH_USDT_USDT:918] - Created Bearish OB: BearOB_20 (Pivot: 2025-04-23 11:05:00, Candle: 2025-04-23 09:00:00, Range: [0.02748, 0.02750])
2025-04-24 03:55:25 - DEBUG - [volbot_ACH_USDT_USDT:970] - Closed Bearish OB: BearOB_20 (Close 0.02847 > Top 0.02750)
2025-04-24 03:55:25 - DEBUG - [volbot_ACH_USDT_USDT:947] - Created Bullish OB: BullOB_21 (Pivot: 2025-04-23 16:20:00, Candle: 2025-04-23 14:15:00, Range: [0.02742, 0.02783])
2025-04-24 03:55:25 - DEBUG - [volbot_ACH_USDT_USDT:957] - Closed Bullish OB: BullOB_21 (Close 0.02668 < Bottom 0.02742)
2025-04-24 03:55:25 - DEBUG - [volbot_ACH_USDT_USDT:918] - Created Bearish OB: BearOB_22 (Pivot: 2025-04-23 18:10:00, Candle: 2025-04-23 16:05:00, Range: [0.02712, 0.02727])
2025-04-24 03:55:25 - DEBUG - [volbot_ACH_USDT_USDT:970] - Closed Bearish OB: BearOB_22 (Close 0.02746 > Top 0.02727)
2025-04-24 03:55:25 - DEBUG - [volbot_ACH_USDT_USDT:947] - Created Bullish OB: BullOB_23 (Pivot: 2025-04-23 19:45:00, Candle: 2025-04-23 17:40:00, Range: [0.02705, 0.02716])
2025-04-24 03:55:25 - DEBUG - [volbot_ACH_USDT_USDT:957] - Closed Bullish OB: BullOB_23 (Close 0.02645 < Bottom 0.02705)
2025-04-24 03:55:25 - DEBUG - [volbot_ACH_USDT_USDT:918] - Created Bearish OB: BearOB_24 (Pivot: 2025-04-23 23:30:00, Candle: 2025-04-23 21:25:00, Range: [0.02677, 0.02677])
2025-04-24 03:55:25 - DEBUG - [volbot_ACH_USDT_USDT:970] - Closed Bearish OB: BearOB_24 (Close 0.02711 > Top 0.02677)
2025-04-24 03:55:25 - DEBUG - [volbot_ACH_USDT_USDT:918] - Created Bearish OB: BearOB_25 (Pivot: 2025-04-24 02:30:00, Candle: 2025-04-24 00:25:00, Range: [0.02663, 0.02671])
2025-04-24 03:55:25 - DEBUG - [volbot_ACH_USDT_USDT:970] - Closed Bearish OB: BearOB_25 (Close 0.02679 > Top 0.02671)
2025-04-24 03:55:25 - DEBUG - [volbot_ACH_USDT_USDT:947] - Created Bullish OB: BullOB_26 (Pivot: 2025-04-24 03:55:00, Candle: 2025-04-24 01:50:00, Range: [0.02652, 0.02660])
2025-04-24 03:55:25 - DEBUG - [volbot_ACH_USDT_USDT:957] - Closed Bullish OB: BullOB_26 (Close 0.02619 < Bottom 0.02652)
2025-04-24 03:55:25 - INFO - [volbot_ACH_USDT_USDT:994] - Order Block management complete. Total Bull OBs tracked: 12, Bear OBs: 14
2025-04-24 03:55:25 - DEBUG - [volbot_ACH_USDT_USDT:1143] - Indicator calculations complete for ACH/USDT:USDT. Processed DF has 1000 rows.
2025-04-24 03:55:25 - DEBUG - [volbot_ACH_USDT_USDT:1198] - Latest strategy state updated for ACH/USDT:USDT: {'open': '0.0265', 'high': '0.0266', 'low': '0.0265', 'close': '0.0265', 'volume': Decimal('555960.0'), 'atr_risk': '0.0002'}
2025-04-24 03:55:25 - DEBUG - [volbot_ACH_USDT_USDT:1872] - Fetching position for symbol: ACH/USDT:USDT
2025-04-24 03:55:25 - DEBUG - [volbot_ACH_USDT_USDT:1881] - Using params for fetch_positions: {'category': 'linear'}
2025-04-24 03:55:25 - INFO - [volbot_ACH_USDT_USDT:2024] - No active position found for ACH/USDT:USDT.
2025-04-24 03:55:25 - DEBUG - [volbot_ACH_USDT_USDT:432] - Fetching ticker for ACH/USDT:USDT...
2025-04-24 03:55:26 - DEBUG - [volbot_ACH_USDT_USDT:441] - Ticker data received for ACH/USDT:USDT: {'symbol': 'ACH/USDT:USDT', 'timestamp': None, 'datetime': None, 'high': 0.02865, 'low': 0.026151, 'bid': 0.026477, 'bidVolume': 18100.0, 'ask': 0.026478, 'askVolume': 8560.0, 'vwap': 0.027427411305785746, 'open': 0.02746, 'close': 0.026477, 'last': 0.026477, 'previousClose': None, 'change': -0.000983, 'percentage': -3.5797, 'average': 0.026968, 'baseVolume': 212263000.0, 'quoteVolume': 5821824.606, 'markPrice': 0.026477, 'indexPrice': 0.026504, 'info': {'symbol': 'ACHUSDT', 'lastPrice': '0.026477', 'indexPrice': '0.026504', 'markPrice': '0.026477', 'prevPrice24h': '0.027460', 'price24hPcnt': '-0.035797', 'highPrice24h': '0.028650', 'lowPrice24h': '0.026151', 'prevPrice1h': '0.026830', 'openInterest': '103742250', 'openInterestValue': '2746783.55', 'turnover24h': '5821824.6060', 'volume24h': '212263000.0000', 'fundingRate': '0.00005', 'nextFundingTime': '1745496000000', 'predictedDeliveryPrice': '', 'basisRate': '', 'deliveryFeeRate': '', 'deliveryTime': '0', 'ask1Size': '8560', 'bid1Price': '0.026477', 'ask1Price': '0.026478', 'bid1Size': '18100', 'basis': '', 'preOpenPrice': '', 'preQty': '', 'curPreListingPhase': ''}}
2025-04-24 03:55:26 - DEBUG - [volbot_ACH_USDT_USDT:447] - Using 'last' price: 0.026477
2025-04-24 03:55:26 - DEBUG - [volbot_ACH_USDT_USDT:1232] - Volbot signal: HOLD (Trend state undetermined)
2025-04-24 03:55:26 - INFO - [volbot_ACH_USDT_USDT:2611] - No open position for ACH/USDT:USDT. Checking for entry signals.
2025-04-24 03:55:26 - INFO - [volbot_ACH_USDT_USDT:2700] - Signal is HOLD and no open position. No trading action.
2025-04-24 03:55:26 - INFO - [volbot_ACH_USDT_USDT:2708] - --- Finished analysis cycle for ACH/USDT:USDT (2.28s) ---
