2025-04-24 03:55:01 - INFO - [volbot_1000TURBO_USDT_USDT:2391] - --- Starting analysis cycle for 1000TURBO/USDT:USDT ---
2025-04-24 03:55:01 - DEBUG - [volbot_1000TURBO_USDT_USDT:1598] - Market Info 1000TURBO/USDT:USDT: Type=swap, Contract=Linear, IsContract=True, PricePrec=0.0001, AmtPrec=1.0, MinAmt=1.0, MinCost=None, ContractSize=1.0
2025-04-24 03:55:01 - WARNING - [volbot_1000TURBO_USDT_USDT:1045] - Could not determine price precision from tick size for 1000TURBO/USDT:USDT: 'TradingAnalyzer' object has no attribute 'min_tick_size'. Using default.
2025-04-24 03:55:01 - WARNING - [volbot_1000TURBO_USDT_USDT:1105] - [33mRaw DataFrame empty, cannot calculate indicators for 1000TURBO/USDT:USDT.[0m
2025-04-24 03:55:01 - WARNING - [volbot_1000TURBO_USDT_USDT:1156] - Cannot update state: Processed DataFrame is empty for 1000TURBO/USDT:USDT.
2025-04-24 03:55:01 - DEBUG - [volbot_1000TURBO_USDT_USDT:2426] - Fetching 1150 klines for 1000TURBO/USDT:USDT 5m...
2025-04-24 03:55:01 - DEBUG - [volbot_1000TURBO_USDT_USDT:509] - Fetching klines for 1000TURBO/USDT:USDT, 5m, limit=1150 (Attempt 1/4)
2025-04-24 03:55:02 - DEBUG - [volbot_1000TURBO_USDT_USDT:520] - Received 1000 klines from API.
2025-04-24 03:55:02 - INFO - [volbot_1000TURBO_USDT_USDT:585] - Successfully fetched and processed 1000 klines for 1000TURBO/USDT:USDT 5m
2025-04-24 03:55:02 - WARNING - [volbot_1000TURBO_USDT_USDT:1045] - Could not determine price precision from tick size for 1000TURBO/USDT:USDT: 'TradingAnalyzer' object has no attribute 'min_tick_size'. Using default.
2025-04-24 03:55:02 - WARNING - [volbot_1000TURBO_USDT_USDT:1120] - [33mInsufficient data (1000 points) for 1000TURBO/USDT:USDT. Need ~1100 for reliable calculations. Results may be inaccurate.[0m
2025-04-24 03:55:02 - DEBUG - [volbot_1000TURBO_USDT_USDT:1132] - Calculated Risk Management ATR (Length: 14)
2025-04-24 03:55:02 - INFO - [volbot_1000TURBO_USDT_USDT:651] - Calculating Volumatic Trend Levels...
2025-04-24 03:55:02 - WARNING - [volbot_1000TURBO_USDT_USDT:659] - [33mInsufficient data (1000 rows) for Volumatic Trend calculation (min ~1060). Skipping.[0m
2025-04-24 03:55:02 - INFO - [volbot_1000TURBO_USDT_USDT:786] - Calculating Pivot Points (Source: Wicks, Left/Right H: 25/25, L: 25/25)...
2025-04-24 03:55:03 - INFO - [volbot_1000TURBO_USDT_USDT:842] - Pivot Point calculation complete.
2025-04-24 03:55:03 - INFO - [volbot_1000TURBO_USDT_USDT:864] - Managing Order Block Boxes...
2025-04-24 03:55:03 - DEBUG - [volbot_1000TURBO_USDT_USDT:947] - Created Bullish OB: BullOB_1 (Pivot: 2025-04-21 00:00:00, Candle: 2025-04-20 21:55:00, Range: [2.12060, 2.12120])
2025-04-24 03:55:03 - DEBUG - [volbot_1000TURBO_USDT_USDT:957] - Closed Bullish OB: BullOB_1 (Close 2.08940 < Bottom 2.12060)
2025-04-24 03:55:03 - DEBUG - [volbot_1000TURBO_USDT_USDT:918] - Created Bearish OB: BearOB_2 (Pivot: 2025-04-21 01:25:00, Candle: 2025-04-20 23:20:00, Range: [2.10180, 2.11160])
2025-04-24 03:55:03 - DEBUG - [volbot_1000TURBO_USDT_USDT:970] - Closed Bearish OB: BearOB_2 (Close 2.16970 > Top 2.11160)
2025-04-24 03:55:03 - DEBUG - [volbot_1000TURBO_USDT_USDT:947] - Created Bullish OB: BullOB_3 (Pivot: 2025-04-21 02:40:00, Candle: 2025-04-21 00:35:00, Range: [2.12700, 2.14480])
2025-04-24 03:55:03 - DEBUG - [volbot_1000TURBO_USDT_USDT:957] - Closed Bullish OB: BullOB_3 (Close 2.10800 < Bottom 2.12700)
2025-04-24 03:55:03 - DEBUG - [volbot_1000TURBO_USDT_USDT:918] - Created Bearish OB: BearOB_4 (Pivot: 2025-04-21 09:20:00, Candle: 2025-04-21 07:15:00, Range: [2.22730, 2.22730])
2025-04-24 03:55:03 - DEBUG - [volbot_1000TURBO_USDT_USDT:970] - Closed Bearish OB: BearOB_4 (Close 2.31850 > Top 2.22730)
2025-04-24 03:55:03 - DEBUG - [volbot_1000TURBO_USDT_USDT:947] - Created Bullish OB: BullOB_5 (Pivot: 2025-04-21 11:25:00, Candle: 2025-04-21 09:20:00, Range: [2.29030, 2.29030])
2025-04-24 03:55:03 - DEBUG - [volbot_1000TURBO_USDT_USDT:957] - Closed Bullish OB: BullOB_5 (Close 2.22000 < Bottom 2.29030)
2025-04-24 03:55:03 - DEBUG - [volbot_1000TURBO_USDT_USDT:947] - Created Bullish OB: BullOB_6 (Pivot: 2025-04-21 14:00:00, Candle: 2025-04-21 11:55:00, Range: [2.23670, 2.23730])
2025-04-24 03:55:03 - DEBUG - [volbot_1000TURBO_USDT_USDT:957] - Closed Bullish OB: BullOB_6 (Close 2.23260 < Bottom 2.23670)
2025-04-24 03:55:03 - DEBUG - [volbot_1000TURBO_USDT_USDT:918] - Created Bearish OB: BearOB_7 (Pivot: 2025-04-21 16:25:00, Candle: 2025-04-21 14:20:00, Range: [2.27210, 2.28100])
2025-04-24 03:55:03 - DEBUG - [volbot_1000TURBO_USDT_USDT:970] - Closed Bearish OB: BearOB_7 (Close 2.29930 > Top 2.28100)
2025-04-24 03:55:03 - DEBUG - [volbot_1000TURBO_USDT_USDT:947] - Created Bullish OB: BullOB_8 (Pivot: 2025-04-21 17:05:00, Candle: 2025-04-21 15:00:00, Range: [2.24640, 2.24850])
2025-04-24 03:55:03 - DEBUG - [volbot_1000TURBO_USDT_USDT:957] - Closed Bullish OB: BullOB_8 (Close 2.24560 < Bottom 2.24640)
2025-04-24 03:55:03 - DEBUG - [volbot_1000TURBO_USDT_USDT:918] - Created Bearish OB: BearOB_9 (Pivot: 2025-04-21 20:55:00, Candle: 2025-04-21 18:50:00, Range: [2.24840, 2.25320])
2025-04-24 03:55:03 - DEBUG - [volbot_1000TURBO_USDT_USDT:970] - Closed Bearish OB: BearOB_9 (Close 2.27700 > Top 2.25320)
2025-04-24 03:55:03 - DEBUG - [volbot_1000TURBO_USDT_USDT:947] - Created Bullish OB: BullOB_10 (Pivot: 2025-04-21 22:15:00, Candle: 2025-04-21 20:10:00, Range: [2.23480, 2.23530])
2025-04-24 03:55:03 - DEBUG - [volbot_1000TURBO_USDT_USDT:957] - Closed Bullish OB: BullOB_10 (Close 2.19220 < Bottom 2.23480)
2025-04-24 03:55:03 - DEBUG - [volbot_1000TURBO_USDT_USDT:947] - Created Bullish OB: BullOB_11 (Pivot: 2025-04-22 00:35:00, Candle: 2025-04-21 22:30:00, Range: [2.20320, 2.20740])
2025-04-24 03:55:03 - DEBUG - [volbot_1000TURBO_USDT_USDT:957] - Closed Bullish OB: BullOB_11 (Close 2.20090 < Bottom 2.20320)
2025-04-24 03:55:03 - DEBUG - [volbot_1000TURBO_USDT_USDT:918] - Created Bearish OB: BearOB_12 (Pivot: 2025-04-22 08:10:00, Candle: 2025-04-22 06:05:00, Range: [2.34510, 2.35060])
2025-04-24 03:55:03 - DEBUG - [volbot_1000TURBO_USDT_USDT:970] - Closed Bearish OB: BearOB_12 (Close 2.70970 > Top 2.35060)
2025-04-24 03:55:03 - DEBUG - [volbot_1000TURBO_USDT_USDT:947] - Created Bullish OB: BullOB_13 (Pivot: 2025-04-22 10:50:00, Candle: 2025-04-22 08:45:00, Range: [2.51740, 2.55630])
2025-04-24 03:55:03 - DEBUG - [volbot_1000TURBO_USDT_USDT:957] - Closed Bullish OB: BullOB_13 (Close 2.44720 < Bottom 2.51740)
2025-04-24 03:55:03 - DEBUG - [volbot_1000TURBO_USDT_USDT:918] - Created Bearish OB: BearOB_14 (Pivot: 2025-04-22 18:05:00, Candle: 2025-04-22 16:00:00, Range: [2.93890, 2.99340])
2025-04-24 03:55:03 - DEBUG - [volbot_1000TURBO_USDT_USDT:970] - Closed Bearish OB: BearOB_14 (Close 3.19100 > Top 2.99340)
2025-04-24 03:55:03 - DEBUG - [volbot_1000TURBO_USDT_USDT:947] - Created Bullish OB: BullOB_15 (Pivot: 2025-04-22 21:00:00, Candle: 2025-04-22 18:55:00, Range: [3.05360, 3.08470])
2025-04-24 03:55:03 - DEBUG - [volbot_1000TURBO_USDT_USDT:957] - Closed Bullish OB: BullOB_15 (Close 2.91290 < Bottom 3.05360)
2025-04-24 03:55:03 - DEBUG - [volbot_1000TURBO_USDT_USDT:918] - Created Bearish OB: BearOB_16 (Pivot: 2025-04-23 01:10:00, Candle: 2025-04-22 23:05:00, Range: [3.01910, 3.02640])
2025-04-24 03:55:03 - DEBUG - [volbot_1000TURBO_USDT_USDT:970] - Closed Bearish OB: BearOB_16 (Close 3.50350 > Top 3.02640)
2025-04-24 03:55:03 - DEBUG - [volbot_1000TURBO_USDT_USDT:918] - Created Bearish OB: BearOB_17 (Pivot: 2025-04-23 06:20:00, Candle: 2025-04-23 04:15:00, Range: [3.65830, 3.68870])
2025-04-24 03:55:03 - DEBUG - [volbot_1000TURBO_USDT_USDT:970] - Closed Bearish OB: BearOB_17 (Close 4.31560 > Top 3.68870)
2025-04-24 03:55:03 - DEBUG - [volbot_1000TURBO_USDT_USDT:918] - Created Bearish OB: BearOB_18 (Pivot: 2025-04-23 14:15:00, Candle: 2025-04-23 12:10:00, Range: [4.44960, 4.45030])
2025-04-24 03:55:03 - DEBUG - [volbot_1000TURBO_USDT_USDT:970] - Closed Bearish OB: BearOB_18 (Close 5.31980 > Top 4.45030)
2025-04-24 03:55:03 - DEBUG - [volbot_1000TURBO_USDT_USDT:947] - Created Bullish OB: BullOB_19 (Pivot: 2025-04-23 16:30:00, Candle: 2025-04-23 14:25:00, Range: [5.28560, 5.35900])
2025-04-24 03:55:03 - DEBUG - [volbot_1000TURBO_USDT_USDT:957] - Closed Bullish OB: BullOB_19 (Close 4.26500 < Bottom 5.28560)
2025-04-24 03:55:03 - DEBUG - [volbot_1000TURBO_USDT_USDT:918] - Created Bearish OB: BearOB_20 (Pivot: 2025-04-23 19:25:00, Candle: 2025-04-23 17:20:00, Range: [4.63450, 4.67090])
2025-04-24 03:55:03 - DEBUG - [volbot_1000TURBO_USDT_USDT:970] - Closed Bearish OB: BearOB_20 (Close 4.67370 > Top 4.67090)
2025-04-24 03:55:03 - DEBUG - [volbot_1000TURBO_USDT_USDT:947] - Created Bullish OB: BullOB_21 (Pivot: 2025-04-23 21:40:00, Candle: 2025-04-23 19:35:00, Range: [4.62130, 4.70410])
2025-04-24 03:55:03 - DEBUG - [volbot_1000TURBO_USDT_USDT:957] - Closed Bullish OB: BullOB_21 (Close 4.31460 < Bottom 4.62130)
2025-04-24 03:55:03 - DEBUG - [volbot_1000TURBO_USDT_USDT:918] - Created Bearish OB: BearOB_22 (Pivot: 2025-04-23 23:50:00, Candle: 2025-04-23 21:45:00, Range: [4.33750, 4.35920])
2025-04-24 03:55:03 - DEBUG - [volbot_1000TURBO_USDT_USDT:970] - Closed Bearish OB: BearOB_22 (Close 4.66290 > Top 4.35920)
2025-04-24 03:55:03 - DEBUG - [volbot_1000TURBO_USDT_USDT:947] - Created Bullish OB: BullOB_23 (Pivot: 2025-04-24 04:40:00, Candle: 2025-04-24 02:35:00, Range: [4.29870, 4.33630])
2025-04-24 03:55:03 - DEBUG - [volbot_1000TURBO_USDT_USDT:957] - Closed Bullish OB: BullOB_23 (Close 4.08030 < Bottom 4.29870)
2025-04-24 03:55:03 - DEBUG - [volbot_1000TURBO_USDT_USDT:918] - Created Bearish OB: BearOB_24 (Pivot: 2025-04-24 06:45:00, Candle: 2025-04-24 04:40:00, Range: [4.08030, 4.11490])
2025-04-24 03:55:03 - DEBUG - [volbot_1000TURBO_USDT_USDT:970] - Closed Bearish OB: BearOB_24 (Close 4.27000 > Top 4.11490)
2025-04-24 03:55:03 - INFO - [volbot_1000TURBO_USDT_USDT:994] - Order Block management complete. Total Bull OBs tracked: 12, Bear OBs: 12
2025-04-24 03:55:03 - DEBUG - [volbot_1000TURBO_USDT_USDT:1143] - Indicator calculations complete for 1000TURBO/USDT:USDT. Processed DF has 1000 rows.
2025-04-24 03:55:03 - DEBUG - [volbot_1000TURBO_USDT_USDT:1198] - Latest strategy state updated for 1000TURBO/USDT:USDT: {'open': '4.2041', 'high': '4.2080', 'low': '4.2041', 'close': '4.2057', 'volume': Decimal('105.0'), 'atr_risk': '0.0501'}
2025-04-24 03:55:03 - DEBUG - [volbot_1000TURBO_USDT_USDT:1872] - Fetching position for symbol: 1000TURBO/USDT:USDT
2025-04-24 03:55:03 - DEBUG - [volbot_1000TURBO_USDT_USDT:1881] - Using params for fetch_positions: {'category': 'linear'}
2025-04-24 03:55:04 - INFO - [volbot_1000TURBO_USDT_USDT:2024] - No active position found for 1000TURBO/USDT:USDT.
2025-04-24 03:55:04 - DEBUG - [volbot_1000TURBO_USDT_USDT:432] - Fetching ticker for 1000TURBO/USDT:USDT...
2025-04-24 03:55:04 - DEBUG - [volbot_1000TURBO_USDT_USDT:441] - Ticker data received for 1000TURBO/USDT:USDT: {'symbol': '1000TURBO/USDT:USDT', 'timestamp': None, 'datetime': None, 'high': 5.5239, 'low': 4.0367, 'bid': 4.1941, 'bidVolume': 2.0, 'ask': 4.1955, 'askVolume': 46.0, 'vwap': 4.635303266599905, 'open': 4.1146, 'close': 4.1951, 'last': 4.1951, 'previousClose': None, 'change': 0.0805, 'percentage': 1.9564, 'average': 4.1548, 'baseVolume': 36013685.0, 'quoteVolume': 166934351.7228, 'markPrice': 4.2029, 'indexPrice': 4.2081, 'info': {'symbol': '1000TURBOUSDT', 'lastPrice': '4.1951', 'indexPrice': '4.2081', 'markPrice': '4.2029', 'prevPrice24h': '4.1146', 'price24hPcnt': '0.019564', 'highPrice24h': '5.5239', 'lowPrice24h': '4.0367', 'prevPrice1h': '4.1689', 'openInterest': '1029464', 'openInterestValue': '4326734.25', 'turnover24h': '166934351.7228', 'volume24h': '36013685.0000', 'fundingRate': '0.00005', 'nextFundingTime': '1745496000000', 'predictedDeliveryPrice': '', 'basisRate': '', 'deliveryFeeRate': '', 'deliveryTime': '0', 'ask1Size': '46', 'bid1Price': '4.1941', 'ask1Price': '4.1955', 'bid1Size': '2', 'basis': '', 'preOpenPrice': '', 'preQty': '', 'curPreListingPhase': ''}}
2025-04-24 03:55:04 - DEBUG - [volbot_1000TURBO_USDT_USDT:447] - Using 'last' price: 4.1951
2025-04-24 03:55:04 - DEBUG - [volbot_1000TURBO_USDT_USDT:1232] - Volbot signal: HOLD (Trend state undetermined)
2025-04-24 03:55:04 - INFO - [volbot_1000TURBO_USDT_USDT:2611] - No open position for 1000TURBO/USDT:USDT. Checking for entry signals.
2025-04-24 03:55:04 - INFO - [volbot_1000TURBO_USDT_USDT:2700] - Signal is HOLD and no open position. No trading action.
2025-04-24 03:55:04 - INFO - [volbot_1000TURBO_USDT_USDT:2708] - --- Finished analysis cycle for 1000TURBO/USDT:USDT (2.76s) ---
