2025-04-24 03:54:29 - INFO - [volbot_1000BTT_USDT_USDT:2391] - --- Starting analysis cycle for 1000BTT/USDT:USDT ---
2025-04-24 03:54:29 - DEBUG - [volbot_1000BTT_USDT_USDT:1598] - Market Info 1000BTT/USDT:USDT: Type=swap, Contract=Linear, IsContract=True, PricePrec=1e-07, AmtPrec=100.0, MinAmt=100.0, MinCost=None, ContractSize=1.0
2025-04-24 03:54:29 - WARNING - [volbot_1000BTT_USDT_USDT:1045] - Could not determine price precision from tick size for 1000BTT/USDT:USDT: 'TradingAnalyzer' object has no attribute 'min_tick_size'. Using default.
2025-04-24 03:54:29 - WARNING - [volbot_1000BTT_USDT_USDT:1105] - [33mRaw DataFrame empty, cannot calculate indicators for 1000BTT/USDT:USDT.[0m
2025-04-24 03:54:29 - WARNING - [volbot_1000BTT_USDT_USDT:1156] - Cannot update state: Processed DataFrame is empty for 1000BTT/USDT:USDT.
2025-04-24 03:54:29 - DEBUG - [volbot_1000BTT_USDT_USDT:2426] - Fetching 1150 klines for 1000BTT/USDT:USDT 5m...
2025-04-24 03:54:29 - DEBUG - [volbot_1000BTT_USDT_USDT:509] - Fetching klines for 1000BTT/USDT:USDT, 5m, limit=1150 (Attempt 1/4)
2025-04-24 03:54:30 - DEBUG - [volbot_1000BTT_USDT_USDT:520] - Received 1000 klines from API.
2025-04-24 03:54:30 - INFO - [volbot_1000BTT_USDT_USDT:585] - Successfully fetched and processed 1000 klines for 1000BTT/USDT:USDT 5m
2025-04-24 03:54:30 - WARNING - [volbot_1000BTT_USDT_USDT:1045] - Could not determine price precision from tick size for 1000BTT/USDT:USDT: 'TradingAnalyzer' object has no attribute 'min_tick_size'. Using default.
2025-04-24 03:54:30 - WARNING - [volbot_1000BTT_USDT_USDT:1120] - [33mInsufficient data (1000 points) for 1000BTT/USDT:USDT. Need ~1100 for reliable calculations. Results may be inaccurate.[0m
2025-04-24 03:54:30 - DEBUG - [volbot_1000BTT_USDT_USDT:1132] - Calculated Risk Management ATR (Length: 14)
2025-04-24 03:54:30 - INFO - [volbot_1000BTT_USDT_USDT:651] - Calculating Volumatic Trend Levels...
2025-04-24 03:54:30 - WARNING - [volbot_1000BTT_USDT_USDT:659] - [33mInsufficient data (1000 rows) for Volumatic Trend calculation (min ~1060). Skipping.[0m
2025-04-24 03:54:30 - INFO - [volbot_1000BTT_USDT_USDT:786] - Calculating Pivot Points (Source: Wicks, Left/Right H: 25/25, L: 25/25)...
2025-04-24 03:54:31 - INFO - [volbot_1000BTT_USDT_USDT:842] - Pivot Point calculation complete.
2025-04-24 03:54:31 - INFO - [volbot_1000BTT_USDT_USDT:864] - Managing Order Block Boxes...
2025-04-24 03:54:31 - DEBUG - [volbot_1000BTT_USDT_USDT:918] - Created Bearish OB: BearOB_1 (Pivot: 2025-04-21 14:35:00, Candle: 2025-04-21 12:30:00, Range: [0.00061, 0.00061])
2025-04-24 03:54:31 - DEBUG - [volbot_1000BTT_USDT_USDT:970] - Closed Bearish OB: BearOB_1 (Close 0.00061 > Top 0.00061)
2025-04-24 03:54:31 - DEBUG - [volbot_1000BTT_USDT_USDT:947] - Created Bullish OB: BullOB_2 (Pivot: 2025-04-21 18:15:00, Candle: 2025-04-21 16:10:00, Range: [0.00061, 0.00061])
2025-04-24 03:54:31 - DEBUG - [volbot_1000BTT_USDT_USDT:957] - Closed Bullish OB: BullOB_2 (Close 0.00061 < Bottom 0.00061)
2025-04-24 03:54:31 - DEBUG - [volbot_1000BTT_USDT_USDT:918] - Created Bearish OB: BearOB_3 (Pivot: 2025-04-21 22:50:00, Candle: 2025-04-21 20:45:00, Range: [0.00061, 0.00061])
2025-04-24 03:54:31 - DEBUG - [volbot_1000BTT_USDT_USDT:970] - Closed Bearish OB: BearOB_3 (Close 0.00061 > Top 0.00061)
2025-04-24 03:54:31 - DEBUG - [volbot_1000BTT_USDT_USDT:947] - Created Bullish OB: BullOB_4 (Pivot: 2025-04-22 00:35:00, Candle: 2025-04-21 22:30:00, Range: [0.00061, 0.00061])
2025-04-24 03:54:31 - DEBUG - [volbot_1000BTT_USDT_USDT:957] - Closed Bullish OB: BullOB_4 (Close 0.00060 < Bottom 0.00061)
2025-04-24 03:54:31 - DEBUG - [volbot_1000BTT_USDT_USDT:918] - Created Bearish OB: BearOB_5 (Pivot: 2025-04-22 02:00:00, Candle: 2025-04-21 23:55:00, Range: [0.00061, 0.00061])
2025-04-24 03:54:31 - DEBUG - [volbot_1000BTT_USDT_USDT:970] - Closed Bearish OB: BearOB_5 (Close 0.00061 > Top 0.00061)
2025-04-24 03:54:31 - DEBUG - [volbot_1000BTT_USDT_USDT:947] - Created Bullish OB: BullOB_6 (Pivot: 2025-04-22 06:35:00, Candle: 2025-04-22 04:30:00, Range: [0.00060, 0.00061])
2025-04-24 03:54:31 - DEBUG - [volbot_1000BTT_USDT_USDT:957] - Closed Bullish OB: BullOB_6 (Close 0.00060 < Bottom 0.00060)
2025-04-24 03:54:31 - DEBUG - [volbot_1000BTT_USDT_USDT:918] - Created Bearish OB: BearOB_7 (Pivot: 2025-04-22 08:35:00, Candle: 2025-04-22 06:30:00, Range: [0.00060, 0.00060])
2025-04-24 03:54:31 - DEBUG - [volbot_1000BTT_USDT_USDT:970] - Closed Bearish OB: BearOB_7 (Close 0.00061 > Top 0.00060)
2025-04-24 03:54:31 - DEBUG - [volbot_1000BTT_USDT_USDT:947] - Created Bullish OB: BullOB_8 (Pivot: 2025-04-22 13:30:00, Candle: 2025-04-22 11:25:00, Range: [0.00061, 0.00061])
2025-04-24 03:54:31 - DEBUG - [volbot_1000BTT_USDT_USDT:918] - Created Bearish OB: BearOB_9 (Pivot: 2025-04-22 18:20:00, Candle: 2025-04-22 16:15:00, Range: [0.00062, 0.00062])
2025-04-24 03:54:31 - DEBUG - [volbot_1000BTT_USDT_USDT:970] - Closed Bearish OB: BearOB_9 (Close 0.00064 > Top 0.00062)
2025-04-24 03:54:31 - DEBUG - [volbot_1000BTT_USDT_USDT:947] - Created Bullish OB: BullOB_10 (Pivot: 2025-04-23 01:55:00, Candle: 2025-04-22 23:50:00, Range: [0.00064, 0.00064])
2025-04-24 03:54:31 - DEBUG - [volbot_1000BTT_USDT_USDT:957] - Closed Bullish OB: BullOB_10 (Close 0.00063 < Bottom 0.00064)
2025-04-24 03:54:31 - DEBUG - [volbot_1000BTT_USDT_USDT:918] - Created Bearish OB: BearOB_11 (Pivot: 2025-04-23 03:55:00, Candle: 2025-04-23 01:50:00, Range: [0.00063, 0.00064])
2025-04-24 03:54:31 - DEBUG - [volbot_1000BTT_USDT_USDT:970] - Closed Bearish OB: BearOB_11 (Close 0.00064 > Top 0.00064)
2025-04-24 03:54:31 - DEBUG - [volbot_1000BTT_USDT_USDT:947] - Created Bullish OB: BullOB_12 (Pivot: 2025-04-23 04:35:00, Candle: 2025-04-23 02:30:00, Range: [0.00064, 0.00064])
2025-04-24 03:54:31 - DEBUG - [volbot_1000BTT_USDT_USDT:957] - Closed Bullish OB: BullOB_12 (Close 0.00064 < Bottom 0.00064)
2025-04-24 03:54:31 - DEBUG - [volbot_1000BTT_USDT_USDT:918] - Created Bearish OB: BearOB_13 (Pivot: 2025-04-23 07:25:00, Candle: 2025-04-23 05:20:00, Range: [0.00064, 0.00064])
2025-04-24 03:54:31 - DEBUG - [volbot_1000BTT_USDT_USDT:970] - Closed Bearish OB: BearOB_13 (Close 0.00064 > Top 0.00064)
2025-04-24 03:54:31 - DEBUG - [volbot_1000BTT_USDT_USDT:918] - Created Bearish OB: BearOB_14 (Pivot: 2025-04-23 14:05:00, Candle: 2025-04-23 12:00:00, Range: [0.00064, 0.00064])
2025-04-24 03:54:31 - DEBUG - [volbot_1000BTT_USDT_USDT:970] - Closed Bearish OB: BearOB_14 (Close 0.00064 > Top 0.00064)
2025-04-24 03:54:31 - DEBUG - [volbot_1000BTT_USDT_USDT:947] - Created Bullish OB: BullOB_15 (Pivot: 2025-04-23 14:40:00, Candle: 2025-04-23 12:35:00, Range: [0.00064, 0.00064])
2025-04-24 03:54:31 - DEBUG - [volbot_1000BTT_USDT_USDT:957] - Closed Bullish OB: BullOB_15 (Close 0.00064 < Bottom 0.00064)
2025-04-24 03:54:31 - DEBUG - [volbot_1000BTT_USDT_USDT:918] - Created Bearish OB: BearOB_16 (Pivot: 2025-04-23 21:05:00, Candle: 2025-04-23 19:00:00, Range: [0.00064, 0.00064])
2025-04-24 03:54:31 - DEBUG - [volbot_1000BTT_USDT_USDT:970] - Closed Bearish OB: BearOB_16 (Close 0.00064 > Top 0.00064)
2025-04-24 03:54:31 - DEBUG - [volbot_1000BTT_USDT_USDT:947] - Created Bullish OB: BullOB_17 (Pivot: 2025-04-24 00:25:00, Candle: 2025-04-23 22:20:00, Range: [0.00064, 0.00064])
2025-04-24 03:54:31 - DEBUG - [volbot_1000BTT_USDT_USDT:957] - Closed Bullish OB: BullOB_17 (Close 0.00064 < Bottom 0.00064)
2025-04-24 03:54:31 - DEBUG - [volbot_1000BTT_USDT_USDT:947] - Created Bullish OB: BullOB_18 (Pivot: 2025-04-24 02:45:00, Candle: 2025-04-24 00:40:00, Range: [0.00064, 0.00064])
2025-04-24 03:54:31 - DEBUG - [volbot_1000BTT_USDT_USDT:957] - Closed Bullish OB: BullOB_18 (Close 0.00064 < Bottom 0.00064)
2025-04-24 03:54:31 - DEBUG - [volbot_1000BTT_USDT_USDT:918] - Created Bearish OB: BearOB_19 (Pivot: 2025-04-24 05:50:00, Candle: 2025-04-24 03:45:00, Range: [0.00064, 0.00064])
2025-04-24 03:54:31 - DEBUG - [volbot_1000BTT_USDT_USDT:970] - Closed Bearish OB: BearOB_19 (Close 0.00064 > Top 0.00064)
2025-04-24 03:54:31 - INFO - [volbot_1000BTT_USDT_USDT:994] - Order Block management complete. Total Bull OBs tracked: 9, Bear OBs: 10
2025-04-24 03:54:31 - DEBUG - [volbot_1000BTT_USDT_USDT:1143] - Indicator calculations complete for 1000BTT/USDT:USDT. Processed DF has 1000 rows.
2025-04-24 03:54:31 - DEBUG - [volbot_1000BTT_USDT_USDT:1198] - Latest strategy state updated for 1000BTT/USDT:USDT: {'open': '0.0006', 'high': '0.0006', 'low': '0.0006', 'close': '0.0006', 'volume': Decimal('1571900.0'), 'atr_risk': '0.0000'}
2025-04-24 03:54:31 - DEBUG - [volbot_1000BTT_USDT_USDT:1872] - Fetching position for symbol: 1000BTT/USDT:USDT
2025-04-24 03:54:31 - DEBUG - [volbot_1000BTT_USDT_USDT:1881] - Using params for fetch_positions: {'category': 'linear'}
2025-04-24 03:54:32 - INFO - [volbot_1000BTT_USDT_USDT:2024] - No active position found for 1000BTT/USDT:USDT.
2025-04-24 03:54:32 - DEBUG - [volbot_1000BTT_USDT_USDT:432] - Fetching ticker for 1000BTT/USDT:USDT...
2025-04-24 03:54:32 - DEBUG - [volbot_1000BTT_USDT_USDT:441] - Ticker data received for 1000BTT/USDT:USDT: {'symbol': '1000BTT/USDT:USDT', 'timestamp': None, 'datetime': None, 'high': 0.0006455, 'low': 0.0006295, 'bid': 0.000631, 'bidVolume': 27000.0, 'ask': 0.0006311, 'askVolume': 37200.0, 'vwap': 0.000639633866861308, 'open': 0.0006405, 'close': 0.000631, 'last': 0.000631, 'previousClose': None, 'change': -9.5e-06, 'percentage': -1.4832, 'average': 0.0006357, 'baseVolume': 1064380300.0, 'quoteVolume': 680813.6871, 'markPrice': 0.0006303, 'indexPrice': 0.0006308, 'info': {'symbol': '1000BTTUSDT', 'lastPrice': '0.0006310', 'indexPrice': '0.0006308', 'markPrice': '0.0006303', 'prevPrice24h': '0.0006405', 'price24hPcnt': '-0.014832', 'highPrice24h': '0.0006455', 'lowPrice24h': '0.0006295', 'prevPrice1h': '0.0006358', 'openInterest': '1988429400', 'openInterestValue': '1253307.05', 'turnover24h': '680813.6871', 'volume24h': '1064380300.0000', 'fundingRate': '-0.00108474', 'nextFundingTime': '1745510400000', 'predictedDeliveryPrice': '', 'basisRate': '', 'deliveryFeeRate': '', 'deliveryTime': '0', 'ask1Size': '37200', 'bid1Price': '0.0006310', 'ask1Price': '0.0006311', 'bid1Size': '27000', 'basis': '', 'preOpenPrice': '', 'preQty': '', 'curPreListingPhase': ''}}
2025-04-24 03:54:32 - DEBUG - [volbot_1000BTT_USDT_USDT:447] - Using 'last' price: 0.000631
2025-04-24 03:54:32 - DEBUG - [volbot_1000BTT_USDT_USDT:1232] - Volbot signal: HOLD (Trend state undetermined)
2025-04-24 03:54:32 - INFO - [volbot_1000BTT_USDT_USDT:2611] - No open position for 1000BTT/USDT:USDT. Checking for entry signals.
2025-04-24 03:54:32 - INFO - [volbot_1000BTT_USDT_USDT:2700] - Signal is HOLD and no open position. No trading action.
2025-04-24 03:54:32 - INFO - [volbot_1000BTT_USDT_USDT:2708] - --- Finished analysis cycle for 1000BTT/USDT:USDT (2.77s) ---
